[0.230s] DEBUG:colcon:Command line arguments: ['/usr/bin/colcon', 'build']
[0.230s] DEBUG:colcon:Parsed command line arguments: Namespace(log_base=None, log_level=None, verb_name='build', build_base='build', install_base='install', merge_install=False, symlink_install=False, test_result_base=None, continue_on_error=False, executor='parallel', parallel_workers=12, event_handlers=None, ignore_user_meta=False, metas=['./colcon.meta'], base_paths=['.'], packages_ignore=None, packages_ignore_regex=None, paths=None, packages_up_to=None, packages_up_to_regex=None, packages_above=None, packages_above_and_dependencies=None, packages_above_depth=None, packages_select_by_dep=None, packages_skip_by_dep=None, packages_skip_up_to=None, packages_select_build_failed=False, packages_skip_build_finished=False, packages_select_test_failures=False, packages_skip_test_passed=False, packages_select=None, packages_skip=None, packages_select_regex=None, packages_skip_regex=None, packages_start=None, packages_end=None, allow_overriding=[], cmake_args=None, cmake_target=None, cmake_target_skip_unavailable=False, cmake_clean_cache=False, cmake_clean_first=False, cmake_force_configure=False, ament_cmake_args=None, catkin_cmake_args=None, catkin_skip_building_tests=False, verb_parser=<colcon_defaults.argument_parser.defaults.DefaultArgumentsDecorator object at 0x7fe665ec9de0>, verb_extension=<colcon_core.verb.build.BuildVerb object at 0x7fe665ec9870>, main=<bound method BuildVerb.main of <colcon_core.verb.build.BuildVerb object at 0x7fe665ec9870>>)
[0.244s] Level 1:colcon.colcon_core.package_discovery:discover_packages(colcon_meta) check parameters
[0.244s] Level 1:colcon.colcon_core.package_discovery:discover_packages(recursive) check parameters
[0.244s] Level 1:colcon.colcon_core.package_discovery:discover_packages(ignore) check parameters
[0.244s] Level 1:colcon.colcon_core.package_discovery:discover_packages(path) check parameters
[0.244s] Level 1:colcon.colcon_core.package_discovery:discover_packages(colcon_meta) discover
[0.244s] Level 1:colcon.colcon_core.package_discovery:discover_packages(recursive) discover
[0.244s] INFO:colcon.colcon_core.package_discovery:Crawling recursively for packages in '/home/jinhemu/ROS2/town_ws'
[0.244s] Level 1:colcon.colcon_core.package_identification:_identify(.) by extensions ['ignore', 'ignore_ament_install']
[0.244s] Level 1:colcon.colcon_core.package_identification:_identify(.) by extension 'ignore'
[0.244s] Level 1:colcon.colcon_core.package_identification:_identify(.) by extension 'ignore_ament_install'
[0.245s] Level 1:colcon.colcon_core.package_identification:_identify(.) by extensions ['colcon_pkg']
[0.245s] Level 1:colcon.colcon_core.package_identification:_identify(.) by extension 'colcon_pkg'
[0.245s] Level 1:colcon.colcon_core.package_identification:_identify(.) by extensions ['colcon_meta']
[0.245s] Level 1:colcon.colcon_core.package_identification:_identify(.) by extension 'colcon_meta'
[0.245s] Level 1:colcon.colcon_core.package_identification:_identify(.) by extensions ['ros']
[0.245s] Level 1:colcon.colcon_core.package_identification:_identify(.) by extension 'ros'
[0.251s] Level 1:colcon.colcon_core.package_identification:_identify(.) by extensions ['cmake', 'python']
[0.251s] Level 1:colcon.colcon_core.package_identification:_identify(.) by extension 'cmake'
[0.252s] Level 1:colcon.colcon_core.package_identification:_identify(.) by extension 'python'
[0.252s] Level 1:colcon.colcon_core.package_identification:_identify(.) by extensions ['python_setup_py']
[0.252s] Level 1:colcon.colcon_core.package_identification:_identify(.) by extension 'python_setup_py'
[0.252s] Level 1:colcon.colcon_core.package_identification:_identify(build) by extensions ['ignore', 'ignore_ament_install']
[0.252s] Level 1:colcon.colcon_core.package_identification:_identify(build) by extension 'ignore'
[0.252s] Level 1:colcon.colcon_core.package_identification:_identify(build) ignored
[0.252s] Level 1:colcon.colcon_core.package_identification:_identify(install) by extensions ['ignore', 'ignore_ament_install']
[0.252s] Level 1:colcon.colcon_core.package_identification:_identify(install) by extension 'ignore'
[0.252s] Level 1:colcon.colcon_core.package_identification:_identify(install) ignored
[0.252s] Level 1:colcon.colcon_core.package_identification:_identify(log) by extensions ['ignore', 'ignore_ament_install']
[0.252s] Level 1:colcon.colcon_core.package_identification:_identify(log) by extension 'ignore'
[0.252s] Level 1:colcon.colcon_core.package_identification:_identify(log) ignored
[0.252s] Level 1:colcon.colcon_core.package_identification:_identify(src) by extensions ['ignore', 'ignore_ament_install']
[0.252s] Level 1:colcon.colcon_core.package_identification:_identify(src) by extension 'ignore'
[0.252s] Level 1:colcon.colcon_core.package_identification:_identify(src) by extension 'ignore_ament_install'
[0.252s] Level 1:colcon.colcon_core.package_identification:_identify(src) by extensions ['colcon_pkg']
[0.252s] Level 1:colcon.colcon_core.package_identification:_identify(src) by extension 'colcon_pkg'
[0.252s] Level 1:colcon.colcon_core.package_identification:_identify(src) by extensions ['colcon_meta']
[0.252s] Level 1:colcon.colcon_core.package_identification:_identify(src) by extension 'colcon_meta'
[0.252s] Level 1:colcon.colcon_core.package_identification:_identify(src) by extensions ['ros']
[0.252s] Level 1:colcon.colcon_core.package_identification:_identify(src) by extension 'ros'
[0.252s] Level 1:colcon.colcon_core.package_identification:_identify(src) by extensions ['cmake', 'python']
[0.252s] Level 1:colcon.colcon_core.package_identification:_identify(src) by extension 'cmake'
[0.252s] Level 1:colcon.colcon_core.package_identification:_identify(src) by extension 'python'
[0.252s] Level 1:colcon.colcon_core.package_identification:_identify(src) by extensions ['python_setup_py']
[0.252s] Level 1:colcon.colcon_core.package_identification:_identify(src) by extension 'python_setup_py'
[0.252s] Level 1:colcon.colcon_core.package_identification:_identify(src/build) by extensions ['ignore', 'ignore_ament_install']
[0.253s] Level 1:colcon.colcon_core.package_identification:_identify(src/build) by extension 'ignore'
[0.253s] Level 1:colcon.colcon_core.package_identification:_identify(src/build) ignored
[0.253s] Level 1:colcon.colcon_core.package_identification:_identify(src/install) by extensions ['ignore', 'ignore_ament_install']
[0.253s] Level 1:colcon.colcon_core.package_identification:_identify(src/install) by extension 'ignore'
[0.253s] Level 1:colcon.colcon_core.package_identification:_identify(src/install) ignored
[0.253s] Level 1:colcon.colcon_core.package_identification:_identify(src/log) by extensions ['ignore', 'ignore_ament_install']
[0.253s] Level 1:colcon.colcon_core.package_identification:_identify(src/log) by extension 'ignore'
[0.253s] Level 1:colcon.colcon_core.package_identification:_identify(src/log) ignored
[0.253s] Level 1:colcon.colcon_core.package_identification:_identify(src/village_interfaces) by extensions ['ignore', 'ignore_ament_install']
[0.253s] Level 1:colcon.colcon_core.package_identification:_identify(src/village_interfaces) by extension 'ignore'
[0.253s] Level 1:colcon.colcon_core.package_identification:_identify(src/village_interfaces) by extension 'ignore_ament_install'
[0.253s] Level 1:colcon.colcon_core.package_identification:_identify(src/village_interfaces) by extensions ['colcon_pkg']
[0.253s] Level 1:colcon.colcon_core.package_identification:_identify(src/village_interfaces) by extension 'colcon_pkg'
[0.253s] Level 1:colcon.colcon_core.package_identification:_identify(src/village_interfaces) by extensions ['colcon_meta']
[0.253s] Level 1:colcon.colcon_core.package_identification:_identify(src/village_interfaces) by extension 'colcon_meta'
[0.253s] Level 1:colcon.colcon_core.package_identification:_identify(src/village_interfaces) by extensions ['ros']
[0.253s] Level 1:colcon.colcon_core.package_identification:_identify(src/village_interfaces) by extension 'ros'
[0.255s] DEBUG:colcon.colcon_core.package_identification:Package 'src/village_interfaces' with type 'ros.ament_cmake' and name 'village_interfaces'
[0.255s] Level 1:colcon.colcon_core.package_identification:_identify(src/village_li) by extensions ['ignore', 'ignore_ament_install']
[0.255s] Level 1:colcon.colcon_core.package_identification:_identify(src/village_li) by extension 'ignore'
[0.255s] Level 1:colcon.colcon_core.package_identification:_identify(src/village_li) by extension 'ignore_ament_install'
[0.255s] Level 1:colcon.colcon_core.package_identification:_identify(src/village_li) by extensions ['colcon_pkg']
[0.255s] Level 1:colcon.colcon_core.package_identification:_identify(src/village_li) by extension 'colcon_pkg'
[0.255s] Level 1:colcon.colcon_core.package_identification:_identify(src/village_li) by extensions ['colcon_meta']
[0.255s] Level 1:colcon.colcon_core.package_identification:_identify(src/village_li) by extension 'colcon_meta'
[0.255s] Level 1:colcon.colcon_core.package_identification:_identify(src/village_li) by extensions ['ros']
[0.255s] Level 1:colcon.colcon_core.package_identification:_identify(src/village_li) by extension 'ros'
[0.255s] DEBUG:colcon.colcon_core.package_identification:Package 'src/village_li' with type 'ros.ament_python' and name 'village_li'
[0.255s] Level 1:colcon.colcon_core.package_identification:_identify(src/village_wang) by extensions ['ignore', 'ignore_ament_install']
[0.255s] Level 1:colcon.colcon_core.package_identification:_identify(src/village_wang) by extension 'ignore'
[0.255s] Level 1:colcon.colcon_core.package_identification:_identify(src/village_wang) by extension 'ignore_ament_install'
[0.255s] Level 1:colcon.colcon_core.package_identification:_identify(src/village_wang) by extensions ['colcon_pkg']
[0.256s] Level 1:colcon.colcon_core.package_identification:_identify(src/village_wang) by extension 'colcon_pkg'
[0.256s] Level 1:colcon.colcon_core.package_identification:_identify(src/village_wang) by extensions ['colcon_meta']
[0.256s] Level 1:colcon.colcon_core.package_identification:_identify(src/village_wang) by extension 'colcon_meta'
[0.256s] Level 1:colcon.colcon_core.package_identification:_identify(src/village_wang) by extensions ['ros']
[0.256s] Level 1:colcon.colcon_core.package_identification:_identify(src/village_wang) by extension 'ros'
[0.256s] DEBUG:colcon.colcon_core.package_identification:Package 'src/village_wang' with type 'ros.ament_cmake' and name 'village_wang'
[0.256s] Level 1:colcon.colcon_core.package_discovery:discover_packages(recursive) using defaults
[0.256s] Level 1:colcon.colcon_core.package_discovery:discover_packages(ignore) discover
[0.256s] Level 1:colcon.colcon_core.package_discovery:discover_packages(ignore) using defaults
[0.256s] Level 1:colcon.colcon_core.package_discovery:discover_packages(path) discover
[0.256s] Level 1:colcon.colcon_core.package_discovery:discover_packages(path) using defaults
[0.271s] Level 1:colcon.colcon_core.package_discovery:discover_packages(prefix_path) check parameters
[0.271s] Level 1:colcon.colcon_core.package_discovery:discover_packages(prefix_path) discover
[0.273s] DEBUG:colcon.colcon_installed_package_information.package_discovery:Found 270 installed packages in /opt/ros/humble
[0.274s] Level 1:colcon.colcon_core.package_discovery:discover_packages(prefix_path) using defaults
[0.308s] Level 5:colcon.colcon_core.verb:set package 'village_interfaces' build argument 'cmake_args' from command line to 'None'
[0.308s] Level 5:colcon.colcon_core.verb:set package 'village_interfaces' build argument 'cmake_target' from command line to 'None'
[0.308s] Level 5:colcon.colcon_core.verb:set package 'village_interfaces' build argument 'cmake_target_skip_unavailable' from command line to 'False'
[0.308s] Level 5:colcon.colcon_core.verb:set package 'village_interfaces' build argument 'cmake_clean_cache' from command line to 'False'
[0.308s] Level 5:colcon.colcon_core.verb:set package 'village_interfaces' build argument 'cmake_clean_first' from command line to 'False'
[0.308s] Level 5:colcon.colcon_core.verb:set package 'village_interfaces' build argument 'cmake_force_configure' from command line to 'False'
[0.308s] Level 5:colcon.colcon_core.verb:set package 'village_interfaces' build argument 'ament_cmake_args' from command line to 'None'
[0.308s] Level 5:colcon.colcon_core.verb:set package 'village_interfaces' build argument 'catkin_cmake_args' from command line to 'None'
[0.308s] Level 5:colcon.colcon_core.verb:set package 'village_interfaces' build argument 'catkin_skip_building_tests' from command line to 'False'
[0.308s] DEBUG:colcon.colcon_core.verb:Building package 'village_interfaces' with the following arguments: {'ament_cmake_args': None, 'build_base': '/home/jinhemu/ROS2/town_ws/build/village_interfaces', 'catkin_cmake_args': None, 'catkin_skip_building_tests': False, 'cmake_args': None, 'cmake_clean_cache': False, 'cmake_clean_first': False, 'cmake_force_configure': False, 'cmake_target': None, 'cmake_target_skip_unavailable': False, 'install_base': '/home/jinhemu/ROS2/town_ws/install/village_interfaces', 'merge_install': False, 'path': '/home/jinhemu/ROS2/town_ws/src/village_interfaces', 'symlink_install': False, 'test_result_base': None}
[0.309s] Level 5:colcon.colcon_core.verb:set package 'village_li' build argument 'cmake_args' from command line to 'None'
[0.309s] Level 5:colcon.colcon_core.verb:set package 'village_li' build argument 'cmake_target' from command line to 'None'
[0.309s] Level 5:colcon.colcon_core.verb:set package 'village_li' build argument 'cmake_target_skip_unavailable' from command line to 'False'
[0.309s] Level 5:colcon.colcon_core.verb:set package 'village_li' build argument 'cmake_clean_cache' from command line to 'False'
[0.309s] Level 5:colcon.colcon_core.verb:set package 'village_li' build argument 'cmake_clean_first' from command line to 'False'
[0.309s] Level 5:colcon.colcon_core.verb:set package 'village_li' build argument 'cmake_force_configure' from command line to 'False'
[0.309s] Level 5:colcon.colcon_core.verb:set package 'village_li' build argument 'ament_cmake_args' from command line to 'None'
[0.309s] Level 5:colcon.colcon_core.verb:set package 'village_li' build argument 'catkin_cmake_args' from command line to 'None'
[0.309s] Level 5:colcon.colcon_core.verb:set package 'village_li' build argument 'catkin_skip_building_tests' from command line to 'False'
[0.309s] DEBUG:colcon.colcon_core.verb:Building package 'village_li' with the following arguments: {'ament_cmake_args': None, 'build_base': '/home/jinhemu/ROS2/town_ws/build/village_li', 'catkin_cmake_args': None, 'catkin_skip_building_tests': False, 'cmake_args': None, 'cmake_clean_cache': False, 'cmake_clean_first': False, 'cmake_force_configure': False, 'cmake_target': None, 'cmake_target_skip_unavailable': False, 'install_base': '/home/jinhemu/ROS2/town_ws/install/village_li', 'merge_install': False, 'path': '/home/jinhemu/ROS2/town_ws/src/village_li', 'symlink_install': False, 'test_result_base': None}
[0.309s] Level 5:colcon.colcon_core.verb:set package 'village_wang' build argument 'cmake_args' from command line to 'None'
[0.309s] Level 5:colcon.colcon_core.verb:set package 'village_wang' build argument 'cmake_target' from command line to 'None'
[0.309s] Level 5:colcon.colcon_core.verb:set package 'village_wang' build argument 'cmake_target_skip_unavailable' from command line to 'False'
[0.309s] Level 5:colcon.colcon_core.verb:set package 'village_wang' build argument 'cmake_clean_cache' from command line to 'False'
[0.309s] Level 5:colcon.colcon_core.verb:set package 'village_wang' build argument 'cmake_clean_first' from command line to 'False'
[0.309s] Level 5:colcon.colcon_core.verb:set package 'village_wang' build argument 'cmake_force_configure' from command line to 'False'
[0.309s] Level 5:colcon.colcon_core.verb:set package 'village_wang' build argument 'ament_cmake_args' from command line to 'None'
[0.309s] Level 5:colcon.colcon_core.verb:set package 'village_wang' build argument 'catkin_cmake_args' from command line to 'None'
[0.309s] Level 5:colcon.colcon_core.verb:set package 'village_wang' build argument 'catkin_skip_building_tests' from command line to 'False'
[0.309s] DEBUG:colcon.colcon_core.verb:Building package 'village_wang' with the following arguments: {'ament_cmake_args': None, 'build_base': '/home/jinhemu/ROS2/town_ws/build/village_wang', 'catkin_cmake_args': None, 'catkin_skip_building_tests': False, 'cmake_args': None, 'cmake_clean_cache': False, 'cmake_clean_first': False, 'cmake_force_configure': False, 'cmake_target': None, 'cmake_target_skip_unavailable': False, 'install_base': '/home/jinhemu/ROS2/town_ws/install/village_wang', 'merge_install': False, 'path': '/home/jinhemu/ROS2/town_ws/src/village_wang', 'symlink_install': False, 'test_result_base': None}
[0.310s] INFO:colcon.colcon_core.executor:Executing jobs using 'parallel' executor
[0.312s] DEBUG:colcon.colcon_parallel_executor.executor.parallel:run_until_complete
[0.312s] INFO:colcon.colcon_ros.task.ament_cmake.build:Building ROS package in '/home/jinhemu/ROS2/town_ws/src/village_interfaces' with build type 'ament_cmake'
[0.312s] INFO:colcon.colcon_cmake.task.cmake.build:Building CMake package in '/home/jinhemu/ROS2/town_ws/src/village_interfaces'
[0.315s] INFO:colcon.colcon_core.plugin_system:Skipping extension 'colcon_core.shell.bat': Not used on non-Windows systems
[0.315s] INFO:colcon.colcon_core.shell:Skip shell extension 'powershell' for command environment: Not usable outside of PowerShell
[0.315s] DEBUG:colcon.colcon_core.shell:Skip shell extension 'dsv' for command environment
[0.321s] DEBUG:colcon.colcon_core.event_handler.log_command:Invoking command in '/home/jinhemu/ROS2/town_ws/build/village_interfaces': CMAKE_PREFIX_PATH=/opt/ros/humble /usr/bin/cmake --build /home/jinhemu/ROS2/town_ws/build/village_interfaces -- -j12 -l12
[0.723s] DEBUG:colcon.colcon_core.event_handler.log_command:Invoked command in '/home/jinhemu/ROS2/town_ws/build/village_interfaces' returned '0': CMAKE_PREFIX_PATH=/opt/ros/humble /usr/bin/cmake --build /home/jinhemu/ROS2/town_ws/build/village_interfaces -- -j12 -l12
[0.791s] DEBUG:colcon.colcon_core.event_handler.log_command:Invoking command in '/home/jinhemu/ROS2/town_ws/build/village_interfaces': CMAKE_PREFIX_PATH=/opt/ros/humble /usr/bin/cmake --install /home/jinhemu/ROS2/town_ws/build/village_interfaces
[0.835s] Level 1:colcon.colcon_core.environment:create_environment_scripts_only(village_interfaces)
[0.837s] DEBUG:colcon.colcon_core.event_handler.log_command:Invoked command in '/home/jinhemu/ROS2/town_ws/build/village_interfaces' returned '0': CMAKE_PREFIX_PATH=/opt/ros/humble /usr/bin/cmake --install /home/jinhemu/ROS2/town_ws/build/village_interfaces
[0.840s] Level 1:colcon.colcon_core.environment:checking '/home/jinhemu/ROS2/town_ws/install/village_interfaces' for CMake module files
[0.841s] Level 1:colcon.colcon_core.environment:checking '/home/jinhemu/ROS2/town_ws/install/village_interfaces' for CMake config files
[0.842s] Level 1:colcon.colcon_core.shell:create_environment_hook('village_interfaces', 'cmake_prefix_path')
[0.843s] INFO:colcon.colcon_core.shell:Creating environment hook '/home/jinhemu/ROS2/town_ws/install/village_interfaces/share/village_interfaces/hook/cmake_prefix_path.ps1'
[0.843s] INFO:colcon.colcon_core.shell:Creating environment descriptor '/home/jinhemu/ROS2/town_ws/install/village_interfaces/share/village_interfaces/hook/cmake_prefix_path.dsv'
[0.844s] INFO:colcon.colcon_core.shell:Creating environment hook '/home/jinhemu/ROS2/town_ws/install/village_interfaces/share/village_interfaces/hook/cmake_prefix_path.sh'
[0.844s] Level 1:colcon.colcon_core.environment:checking '/home/jinhemu/ROS2/town_ws/install/village_interfaces/lib'
[0.844s] Level 1:colcon.colcon_core.shell:create_environment_hook('village_interfaces', 'ld_library_path_lib')
[0.845s] INFO:colcon.colcon_core.shell:Creating environment hook '/home/jinhemu/ROS2/town_ws/install/village_interfaces/share/village_interfaces/hook/ld_library_path_lib.ps1'
[0.846s] INFO:colcon.colcon_core.shell:Creating environment descriptor '/home/jinhemu/ROS2/town_ws/install/village_interfaces/share/village_interfaces/hook/ld_library_path_lib.dsv'
[0.846s] INFO:colcon.colcon_core.shell:Creating environment hook '/home/jinhemu/ROS2/town_ws/install/village_interfaces/share/village_interfaces/hook/ld_library_path_lib.sh'
[0.846s] Level 1:colcon.colcon_core.environment:checking '/home/jinhemu/ROS2/town_ws/install/village_interfaces/bin'
[0.846s] Level 1:colcon.colcon_core.environment:checking '/home/jinhemu/ROS2/town_ws/install/village_interfaces/lib/pkgconfig/village_interfaces.pc'
[0.846s] Level 1:colcon.colcon_core.environment:checking '/home/jinhemu/ROS2/town_ws/install/village_interfaces/lib/python3.10/site-packages'
[0.846s] Level 1:colcon.colcon_core.environment:checking '/home/jinhemu/ROS2/town_ws/install/village_interfaces/bin'
[0.847s] INFO:colcon.colcon_core.shell:Creating package script '/home/jinhemu/ROS2/town_ws/install/village_interfaces/share/village_interfaces/package.ps1'
[0.848s] INFO:colcon.colcon_core.shell:Creating package descriptor '/home/jinhemu/ROS2/town_ws/install/village_interfaces/share/village_interfaces/package.dsv'
[0.848s] INFO:colcon.colcon_core.shell:Creating package script '/home/jinhemu/ROS2/town_ws/install/village_interfaces/share/village_interfaces/package.sh'
[0.849s] INFO:colcon.colcon_core.shell:Creating package script '/home/jinhemu/ROS2/town_ws/install/village_interfaces/share/village_interfaces/package.bash'
[0.850s] INFO:colcon.colcon_core.shell:Creating package script '/home/jinhemu/ROS2/town_ws/install/village_interfaces/share/village_interfaces/package.zsh'
[0.851s] Level 1:colcon.colcon_core.environment:create_file_with_runtime_dependencies(/home/jinhemu/ROS2/town_ws/install/village_interfaces/share/colcon-core/packages/village_interfaces)
[0.910s] Level 1:colcon.colcon_core.environment:create_environment_scripts_only(village_interfaces)
[0.911s] Level 1:colcon.colcon_core.environment:checking '/home/jinhemu/ROS2/town_ws/install/village_interfaces' for CMake module files
[0.912s] Level 1:colcon.colcon_core.environment:checking '/home/jinhemu/ROS2/town_ws/install/village_interfaces' for CMake config files
[0.912s] Level 1:colcon.colcon_core.shell:create_environment_hook('village_interfaces', 'cmake_prefix_path')
[0.913s] INFO:colcon.colcon_core.shell:Creating environment hook '/home/jinhemu/ROS2/town_ws/install/village_interfaces/share/village_interfaces/hook/cmake_prefix_path.ps1'
[0.914s] INFO:colcon.colcon_core.shell:Creating environment descriptor '/home/jinhemu/ROS2/town_ws/install/village_interfaces/share/village_interfaces/hook/cmake_prefix_path.dsv'
[0.914s] INFO:colcon.colcon_core.shell:Creating environment hook '/home/jinhemu/ROS2/town_ws/install/village_interfaces/share/village_interfaces/hook/cmake_prefix_path.sh'
[0.914s] Level 1:colcon.colcon_core.environment:checking '/home/jinhemu/ROS2/town_ws/install/village_interfaces/lib'
[0.914s] Level 1:colcon.colcon_core.shell:create_environment_hook('village_interfaces', 'ld_library_path_lib')
[0.915s] INFO:colcon.colcon_core.shell:Creating environment hook '/home/jinhemu/ROS2/town_ws/install/village_interfaces/share/village_interfaces/hook/ld_library_path_lib.ps1'
[0.915s] INFO:colcon.colcon_core.shell:Creating environment descriptor '/home/jinhemu/ROS2/town_ws/install/village_interfaces/share/village_interfaces/hook/ld_library_path_lib.dsv'
[0.915s] INFO:colcon.colcon_core.shell:Creating environment hook '/home/jinhemu/ROS2/town_ws/install/village_interfaces/share/village_interfaces/hook/ld_library_path_lib.sh'
[0.916s] Level 1:colcon.colcon_core.environment:checking '/home/jinhemu/ROS2/town_ws/install/village_interfaces/bin'
[0.916s] Level 1:colcon.colcon_core.environment:checking '/home/jinhemu/ROS2/town_ws/install/village_interfaces/lib/pkgconfig/village_interfaces.pc'
[0.916s] Level 1:colcon.colcon_core.environment:checking '/home/jinhemu/ROS2/town_ws/install/village_interfaces/lib/python3.10/site-packages'
[0.916s] Level 1:colcon.colcon_core.environment:checking '/home/jinhemu/ROS2/town_ws/install/village_interfaces/bin'
[0.917s] INFO:colcon.colcon_core.shell:Creating package script '/home/jinhemu/ROS2/town_ws/install/village_interfaces/share/village_interfaces/package.ps1'
[0.917s] INFO:colcon.colcon_core.shell:Creating package descriptor '/home/jinhemu/ROS2/town_ws/install/village_interfaces/share/village_interfaces/package.dsv'
[0.918s] INFO:colcon.colcon_core.shell:Creating package script '/home/jinhemu/ROS2/town_ws/install/village_interfaces/share/village_interfaces/package.sh'
[0.918s] INFO:colcon.colcon_core.shell:Creating package script '/home/jinhemu/ROS2/town_ws/install/village_interfaces/share/village_interfaces/package.bash'
[0.918s] INFO:colcon.colcon_core.shell:Creating package script '/home/jinhemu/ROS2/town_ws/install/village_interfaces/share/village_interfaces/package.zsh'
[0.918s] Level 1:colcon.colcon_core.environment:create_file_with_runtime_dependencies(/home/jinhemu/ROS2/town_ws/install/village_interfaces/share/colcon-core/packages/village_interfaces)
[0.919s] INFO:colcon.colcon_ros.task.ament_python.build:Building ROS package in '/home/jinhemu/ROS2/town_ws/src/village_li' with build type 'ament_python'
[0.919s] Level 1:colcon.colcon_core.shell:create_environment_hook('village_li', 'ament_prefix_path')
[0.920s] INFO:colcon.colcon_core.shell:Creating environment hook '/home/jinhemu/ROS2/town_ws/install/village_li/share/village_li/hook/ament_prefix_path.ps1'
[0.921s] INFO:colcon.colcon_core.shell:Creating environment descriptor '/home/jinhemu/ROS2/town_ws/install/village_li/share/village_li/hook/ament_prefix_path.dsv'
[0.921s] INFO:colcon.colcon_core.shell:Creating environment hook '/home/jinhemu/ROS2/town_ws/install/village_li/share/village_li/hook/ament_prefix_path.sh'
[0.922s] INFO:colcon.colcon_core.shell:Skip shell extension 'powershell' for command environment: Not usable outside of PowerShell
[0.922s] DEBUG:colcon.colcon_core.shell:Skip shell extension 'dsv' for command environment
[0.924s] INFO:colcon.colcon_ros.task.ament_cmake.build:Building ROS package in '/home/jinhemu/ROS2/town_ws/src/village_wang' with build type 'ament_cmake'
[0.924s] INFO:colcon.colcon_cmake.task.cmake.build:Building CMake package in '/home/jinhemu/ROS2/town_ws/src/village_wang'
[0.925s] INFO:colcon.colcon_core.shell:Skip shell extension 'powershell' for command environment: Not usable outside of PowerShell
[0.925s] DEBUG:colcon.colcon_core.shell:Skip shell extension 'dsv' for command environment
[1.115s] INFO:colcon.colcon_core.task.python.build:Building Python package in '/home/jinhemu/ROS2/town_ws/src/village_li'
[1.116s] INFO:colcon.colcon_core.shell:Skip shell extension 'powershell' for command environment: Not usable outside of PowerShell
[1.116s] DEBUG:colcon.colcon_core.shell:Skip shell extension 'dsv' for command environment
[1.121s] DEBUG:colcon.colcon_core.event_handler.log_command:Invoking command in '/home/jinhemu/ROS2/town_ws/build/village_wang': AMENT_PREFIX_PATH=/home/jinhemu/ROS2/town_ws/install/village_interfaces:${AMENT_PREFIX_PATH} CMAKE_PREFIX_PATH=/home/jinhemu/ROS2/town_ws/install/village_interfaces:/opt/ros/humble LD_LIBRARY_PATH=/home/jinhemu/ROS2/town_ws/install/village_interfaces/lib:${LD_LIBRARY_PATH} PYTHONPATH=/home/jinhemu/ROS2/town_ws/install/village_interfaces/local/lib/python3.10/dist-packages:${PYTHONPATH} /usr/bin/cmake --build /home/jinhemu/ROS2/town_ws/build/village_wang -- -j12 -l12
[1.355s] DEBUG:colcon.colcon_core.event_handler.log_command:Invoking command in '/home/jinhemu/ROS2/town_ws/src/village_li': AMENT_PREFIX_PATH=/home/jinhemu/ROS2/town_ws/install/village_interfaces:${AMENT_PREFIX_PATH} CMAKE_PREFIX_PATH=/home/jinhemu/ROS2/town_ws/install/village_interfaces LD_LIBRARY_PATH=/home/jinhemu/ROS2/town_ws/install/village_interfaces/lib:${LD_LIBRARY_PATH} PYTHONPATH=/home/jinhemu/ROS2/town_ws/build/village_li/prefix_override:/home/jinhemu/ROS2/town_ws/install/village_li/lib/python3.10/site-packages:/home/jinhemu/ROS2/town_ws/install/village_interfaces/local/lib/python3.10/dist-packages:${PYTHONPATH} /usr/bin/python3 setup.py egg_info --egg-base ../../build/village_li build --build-base /home/jinhemu/ROS2/town_ws/build/village_li/build install --record /home/jinhemu/ROS2/town_ws/build/village_li/install.log --single-version-externally-managed
[1.558s] Level 1:colcon.colcon_core.environment:checking '/home/jinhemu/ROS2/town_ws/install/village_li' for CMake module files
[1.559s] DEBUG:colcon.colcon_core.event_handler.log_command:Invoked command in '/home/jinhemu/ROS2/town_ws/src/village_li' returned '0': AMENT_PREFIX_PATH=/home/jinhemu/ROS2/town_ws/install/village_interfaces:${AMENT_PREFIX_PATH} CMAKE_PREFIX_PATH=/home/jinhemu/ROS2/town_ws/install/village_interfaces LD_LIBRARY_PATH=/home/jinhemu/ROS2/town_ws/install/village_interfaces/lib:${LD_LIBRARY_PATH} PYTHONPATH=/home/jinhemu/ROS2/town_ws/build/village_li/prefix_override:/home/jinhemu/ROS2/town_ws/install/village_li/lib/python3.10/site-packages:/home/jinhemu/ROS2/town_ws/install/village_interfaces/local/lib/python3.10/dist-packages:${PYTHONPATH} /usr/bin/python3 setup.py egg_info --egg-base ../../build/village_li build --build-base /home/jinhemu/ROS2/town_ws/build/village_li/build install --record /home/jinhemu/ROS2/town_ws/build/village_li/install.log --single-version-externally-managed
[1.559s] Level 1:colcon.colcon_core.environment:checking '/home/jinhemu/ROS2/town_ws/install/village_li' for CMake config files
[1.560s] Level 1:colcon.colcon_core.environment:checking '/home/jinhemu/ROS2/town_ws/install/village_li/lib'
[1.560s] Level 1:colcon.colcon_core.environment:checking '/home/jinhemu/ROS2/town_ws/install/village_li/bin'
[1.560s] Level 1:colcon.colcon_core.environment:checking '/home/jinhemu/ROS2/town_ws/install/village_li/lib/pkgconfig/village_li.pc'
[1.560s] Level 1:colcon.colcon_core.environment:checking '/home/jinhemu/ROS2/town_ws/install/village_li/lib/python3.10/site-packages'
[1.560s] Level 1:colcon.colcon_core.shell:create_environment_hook('village_li', 'pythonpath')
[1.561s] INFO:colcon.colcon_core.shell:Creating environment hook '/home/jinhemu/ROS2/town_ws/install/village_li/share/village_li/hook/pythonpath.ps1'
[1.561s] INFO:colcon.colcon_core.shell:Creating environment descriptor '/home/jinhemu/ROS2/town_ws/install/village_li/share/village_li/hook/pythonpath.dsv'
[1.561s] INFO:colcon.colcon_core.shell:Creating environment hook '/home/jinhemu/ROS2/town_ws/install/village_li/share/village_li/hook/pythonpath.sh'
[1.562s] Level 1:colcon.colcon_core.environment:checking '/home/jinhemu/ROS2/town_ws/install/village_li/bin'
[1.562s] Level 1:colcon.colcon_core.environment:create_environment_scripts_only(village_li)
[1.562s] INFO:colcon.colcon_core.shell:Creating package script '/home/jinhemu/ROS2/town_ws/install/village_li/share/village_li/package.ps1'
[1.563s] INFO:colcon.colcon_core.shell:Creating package descriptor '/home/jinhemu/ROS2/town_ws/install/village_li/share/village_li/package.dsv'
[1.563s] INFO:colcon.colcon_core.shell:Creating package script '/home/jinhemu/ROS2/town_ws/install/village_li/share/village_li/package.sh'
[1.563s] INFO:colcon.colcon_core.shell:Creating package script '/home/jinhemu/ROS2/town_ws/install/village_li/share/village_li/package.bash'
[1.563s] INFO:colcon.colcon_core.shell:Creating package script '/home/jinhemu/ROS2/town_ws/install/village_li/share/village_li/package.zsh'
[1.564s] Level 1:colcon.colcon_core.environment:create_file_with_runtime_dependencies(/home/jinhemu/ROS2/town_ws/install/village_li/share/colcon-core/packages/village_li)
[8.870s] DEBUG:colcon.colcon_core.event_handler.log_command:Invoked command in '/home/jinhemu/ROS2/town_ws/build/village_wang' returned '0': AMENT_PREFIX_PATH=/home/jinhemu/ROS2/town_ws/install/village_interfaces:${AMENT_PREFIX_PATH} CMAKE_PREFIX_PATH=/home/jinhemu/ROS2/town_ws/install/village_interfaces:/opt/ros/humble LD_LIBRARY_PATH=/home/jinhemu/ROS2/town_ws/install/village_interfaces/lib:${LD_LIBRARY_PATH} PYTHONPATH=/home/jinhemu/ROS2/town_ws/install/village_interfaces/local/lib/python3.10/dist-packages:${PYTHONPATH} /usr/bin/cmake --build /home/jinhemu/ROS2/town_ws/build/village_wang -- -j12 -l12
[8.888s] DEBUG:colcon.colcon_core.event_handler.log_command:Invoking command in '/home/jinhemu/ROS2/town_ws/build/village_wang': AMENT_PREFIX_PATH=/home/jinhemu/ROS2/town_ws/install/village_interfaces:${AMENT_PREFIX_PATH} CMAKE_PREFIX_PATH=/home/jinhemu/ROS2/town_ws/install/village_interfaces:/opt/ros/humble LD_LIBRARY_PATH=/home/jinhemu/ROS2/town_ws/install/village_interfaces/lib:${LD_LIBRARY_PATH} PYTHONPATH=/home/jinhemu/ROS2/town_ws/install/village_interfaces/local/lib/python3.10/dist-packages:${PYTHONPATH} /usr/bin/cmake --install /home/jinhemu/ROS2/town_ws/build/village_wang
[8.900s] Level 1:colcon.colcon_core.environment:create_environment_scripts_only(village_wang)
[8.901s] Level 1:colcon.colcon_core.environment:checking '/home/jinhemu/ROS2/town_ws/install/village_wang' for CMake module files
[8.902s] DEBUG:colcon.colcon_core.event_handler.log_command:Invoked command in '/home/jinhemu/ROS2/town_ws/build/village_wang' returned '0': AMENT_PREFIX_PATH=/home/jinhemu/ROS2/town_ws/install/village_interfaces:${AMENT_PREFIX_PATH} CMAKE_PREFIX_PATH=/home/jinhemu/ROS2/town_ws/install/village_interfaces:/opt/ros/humble LD_LIBRARY_PATH=/home/jinhemu/ROS2/town_ws/install/village_interfaces/lib:${LD_LIBRARY_PATH} PYTHONPATH=/home/jinhemu/ROS2/town_ws/install/village_interfaces/local/lib/python3.10/dist-packages:${PYTHONPATH} /usr/bin/cmake --install /home/jinhemu/ROS2/town_ws/build/village_wang
[8.902s] Level 1:colcon.colcon_core.environment:checking '/home/jinhemu/ROS2/town_ws/install/village_wang' for CMake config files
[8.902s] Level 1:colcon.colcon_core.shell:create_environment_hook('village_wang', 'cmake_prefix_path')
[8.903s] INFO:colcon.colcon_core.shell:Creating environment hook '/home/jinhemu/ROS2/town_ws/install/village_wang/share/village_wang/hook/cmake_prefix_path.ps1'
[8.903s] INFO:colcon.colcon_core.shell:Creating environment descriptor '/home/jinhemu/ROS2/town_ws/install/village_wang/share/village_wang/hook/cmake_prefix_path.dsv'
[8.904s] INFO:colcon.colcon_core.shell:Creating environment hook '/home/jinhemu/ROS2/town_ws/install/village_wang/share/village_wang/hook/cmake_prefix_path.sh'
[8.904s] Level 1:colcon.colcon_core.environment:checking '/home/jinhemu/ROS2/town_ws/install/village_wang/lib'
[8.904s] Level 1:colcon.colcon_core.environment:checking '/home/jinhemu/ROS2/town_ws/install/village_wang/bin'
[8.904s] Level 1:colcon.colcon_core.environment:checking '/home/jinhemu/ROS2/town_ws/install/village_wang/lib/pkgconfig/village_wang.pc'
[8.904s] Level 1:colcon.colcon_core.environment:checking '/home/jinhemu/ROS2/town_ws/install/village_wang/lib/python3.10/site-packages'
[8.904s] Level 1:colcon.colcon_core.environment:checking '/home/jinhemu/ROS2/town_ws/install/village_wang/bin'
[8.905s] INFO:colcon.colcon_core.shell:Creating package script '/home/jinhemu/ROS2/town_ws/install/village_wang/share/village_wang/package.ps1'
[8.905s] INFO:colcon.colcon_core.shell:Creating package descriptor '/home/jinhemu/ROS2/town_ws/install/village_wang/share/village_wang/package.dsv'
[8.906s] INFO:colcon.colcon_core.shell:Creating package script '/home/jinhemu/ROS2/town_ws/install/village_wang/share/village_wang/package.sh'
[8.906s] INFO:colcon.colcon_core.shell:Creating package script '/home/jinhemu/ROS2/town_ws/install/village_wang/share/village_wang/package.bash'
[8.906s] INFO:colcon.colcon_core.shell:Creating package script '/home/jinhemu/ROS2/town_ws/install/village_wang/share/village_wang/package.zsh'
[8.906s] Level 1:colcon.colcon_core.environment:create_file_with_runtime_dependencies(/home/jinhemu/ROS2/town_ws/install/village_wang/share/colcon-core/packages/village_wang)
[8.924s] Level 1:colcon.colcon_core.environment:create_environment_scripts_only(village_wang)
[8.925s] Level 1:colcon.colcon_core.environment:checking '/home/jinhemu/ROS2/town_ws/install/village_wang' for CMake module files
[8.925s] Level 1:colcon.colcon_core.environment:checking '/home/jinhemu/ROS2/town_ws/install/village_wang' for CMake config files
[8.926s] Level 1:colcon.colcon_core.shell:create_environment_hook('village_wang', 'cmake_prefix_path')
[8.927s] INFO:colcon.colcon_core.shell:Creating environment hook '/home/jinhemu/ROS2/town_ws/install/village_wang/share/village_wang/hook/cmake_prefix_path.ps1'
[8.927s] INFO:colcon.colcon_core.shell:Creating environment descriptor '/home/jinhemu/ROS2/town_ws/install/village_wang/share/village_wang/hook/cmake_prefix_path.dsv'
[8.927s] INFO:colcon.colcon_core.shell:Creating environment hook '/home/jinhemu/ROS2/town_ws/install/village_wang/share/village_wang/hook/cmake_prefix_path.sh'
[8.928s] Level 1:colcon.colcon_core.environment:checking '/home/jinhemu/ROS2/town_ws/install/village_wang/lib'
[8.928s] Level 1:colcon.colcon_core.environment:checking '/home/jinhemu/ROS2/town_ws/install/village_wang/bin'
[8.928s] Level 1:colcon.colcon_core.environment:checking '/home/jinhemu/ROS2/town_ws/install/village_wang/lib/pkgconfig/village_wang.pc'
[8.928s] Level 1:colcon.colcon_core.environment:checking '/home/jinhemu/ROS2/town_ws/install/village_wang/lib/python3.10/site-packages'
[8.928s] Level 1:colcon.colcon_core.environment:checking '/home/jinhemu/ROS2/town_ws/install/village_wang/bin'
[8.929s] INFO:colcon.colcon_core.shell:Creating package script '/home/jinhemu/ROS2/town_ws/install/village_wang/share/village_wang/package.ps1'
[8.929s] INFO:colcon.colcon_core.shell:Creating package descriptor '/home/jinhemu/ROS2/town_ws/install/village_wang/share/village_wang/package.dsv'
[8.929s] INFO:colcon.colcon_core.shell:Creating package script '/home/jinhemu/ROS2/town_ws/install/village_wang/share/village_wang/package.sh'
[8.930s] INFO:colcon.colcon_core.shell:Creating package script '/home/jinhemu/ROS2/town_ws/install/village_wang/share/village_wang/package.bash'
[8.930s] INFO:colcon.colcon_core.shell:Creating package script '/home/jinhemu/ROS2/town_ws/install/village_wang/share/village_wang/package.zsh'
[8.930s] Level 1:colcon.colcon_core.environment:create_file_with_runtime_dependencies(/home/jinhemu/ROS2/town_ws/install/village_wang/share/colcon-core/packages/village_wang)
[8.930s] DEBUG:colcon.colcon_parallel_executor.executor.parallel:closing loop
[8.931s] DEBUG:colcon.colcon_parallel_executor.executor.parallel:loop closed
[8.931s] DEBUG:colcon.colcon_parallel_executor.executor.parallel:run_until_complete finished with '0'
[8.931s] DEBUG:colcon.colcon_core.event_reactor:joining thread
[8.935s] INFO:colcon.colcon_core.plugin_system:Skipping extension 'colcon_notification.desktop_notification.terminal_notifier': Not used on non-Darwin systems
[8.935s] INFO:colcon.colcon_core.plugin_system:Skipping extension 'colcon_notification.desktop_notification.win32': Not used on non-Windows systems
[8.936s] INFO:colcon.colcon_notification.desktop_notification:Sending desktop notification using 'notify2'
[8.945s] DEBUG:colcon.colcon_core.event_reactor:joined thread
[8.946s] INFO:colcon.colcon_core.shell:Creating prefix script '/home/jinhemu/ROS2/town_ws/install/local_setup.ps1'
[8.947s] INFO:colcon.colcon_core.shell:Creating prefix util module '/home/jinhemu/ROS2/town_ws/install/_local_setup_util_ps1.py'
[8.948s] INFO:colcon.colcon_core.shell:Creating prefix chain script '/home/jinhemu/ROS2/town_ws/install/setup.ps1'
[8.949s] INFO:colcon.colcon_core.shell:Creating prefix script '/home/jinhemu/ROS2/town_ws/install/local_setup.sh'
[8.950s] INFO:colcon.colcon_core.shell:Creating prefix util module '/home/jinhemu/ROS2/town_ws/install/_local_setup_util_sh.py'
[8.950s] INFO:colcon.colcon_core.shell:Creating prefix chain script '/home/jinhemu/ROS2/town_ws/install/setup.sh'
[8.951s] INFO:colcon.colcon_core.shell:Creating prefix script '/home/jinhemu/ROS2/town_ws/install/local_setup.bash'
[8.952s] INFO:colcon.colcon_core.shell:Creating prefix chain script '/home/jinhemu/ROS2/town_ws/install/setup.bash'
[8.953s] INFO:colcon.colcon_core.shell:Creating prefix script '/home/jinhemu/ROS2/town_ws/install/local_setup.zsh'
[8.953s] INFO:colcon.colcon_core.shell:Creating prefix chain script '/home/jinhemu/ROS2/town_ws/install/setup.zsh'
