-- The C compiler identification is GNU 11.4.0
-- The CXX compiler identification is GNU 11.4.0
-- Detecting C compiler ABI info
-- Detecting C compiler ABI info - done
-- Check for working C compiler: /usr/bin/cc - skipped
-- Detecting C compile features
-- Detecting C compile features - done
-- Detecting CXX compiler ABI info
-- Detecting CXX compiler ABI info - done
-- Check for working CXX compiler: /usr/bin/c++ - skipped
-- Detecting CXX compile features
-- Detecting CXX compile features - done
-- Found ament_cmake: 1.3.5 (/opt/ros/humble/share/ament_cmake/cmake)
-- Found Python3: /usr/bin/python3.10 (found version "3.10.12") found components: Interpreter 
-- Found ament_lint_auto: 0.12.7 (/opt/ros/humble/share/ament_lint_auto/cmake)
-- Added test 'lint_cmake' to check CMake code style
-- Added test 'xmllint' to check XML markup files
-- Configuring done
-- Generating done
-- Build files have been written to: /home/jinhemu/ROS2/town_ws/build/village_interfaces
-- Install configuration: ""
-- Installing: /home/jinhemu/ROS2/town_ws/install/village_interfaces/share/ament_index/resource_index/package_run_dependencies/village_interfaces
-- Installing: /home/jinhemu/ROS2/town_ws/install/village_interfaces/share/ament_index/resource_index/parent_prefix_path/village_interfaces
-- Installing: /home/jinhemu/ROS2/town_ws/install/village_interfaces/share/village_interfaces/environment/ament_prefix_path.sh
-- Installing: /home/jinhemu/ROS2/town_ws/install/village_interfaces/share/village_interfaces/environment/ament_prefix_path.dsv
-- Installing: /home/jinhemu/ROS2/town_ws/install/village_interfaces/share/village_interfaces/environment/path.sh
-- Installing: /home/jinhemu/ROS2/town_ws/install/village_interfaces/share/village_interfaces/environment/path.dsv
-- Installing: /home/jinhemu/ROS2/town_ws/install/village_interfaces/share/village_interfaces/local_setup.bash
-- Installing: /home/jinhemu/ROS2/town_ws/install/village_interfaces/share/village_interfaces/local_setup.sh
-- Installing: /home/jinhemu/ROS2/town_ws/install/village_interfaces/share/village_interfaces/local_setup.zsh
-- Installing: /home/jinhemu/ROS2/town_ws/install/village_interfaces/share/village_interfaces/local_setup.dsv
-- Installing: /home/jinhemu/ROS2/town_ws/install/village_interfaces/share/village_interfaces/package.dsv
-- Installing: /home/jinhemu/ROS2/town_ws/install/village_interfaces/share/ament_index/resource_index/packages/village_interfaces
-- Installing: /home/jinhemu/ROS2/town_ws/install/village_interfaces/share/village_interfaces/cmake/village_interfacesConfig.cmake
-- Installing: /home/jinhemu/ROS2/town_ws/install/village_interfaces/share/village_interfaces/cmake/village_interfacesConfig-version.cmake
-- Installing: /home/jinhemu/ROS2/town_ws/install/village_interfaces/share/village_interfaces/package.xml
