[0.012s] Invoking command in '/home/jinhemu/ROS2/town_ws/build/village_interfaces': CMAKE_PREFIX_PATH=/opt/ros/humble /usr/bin/cmake /home/jinhemu/ROS2/town_ws/src/village_interfaces -DCMAKE_INSTALL_PREFIX=/home/jinhemu/ROS2/town_ws/install/village_interfaces
[0.092s] -- The C compiler identification is GNU 11.4.0
[0.152s] -- The CXX compiler identification is GNU 11.4.0
[0.160s] -- Detecting C compiler ABI info
[0.216s] -- Detecting C compiler ABI info - done
[0.223s] -- Check for working C compiler: /usr/bin/cc - skipped
[0.223s] -- Detecting C compile features
[0.224s] -- Detecting C compile features - done
[0.227s] -- Detecting CXX compiler ABI info
[0.288s] -- Detecting CXX compiler ABI info - done
[0.294s] -- Check for working CXX compiler: /usr/bin/c++ - skipped
[0.294s] -- Detecting CXX compile features
[0.294s] -- Detecting CXX compile features - done
[0.297s] -- Found ament_cmake: 1.3.5 (/opt/ros/humble/share/ament_cmake/cmake)
[0.770s] -- Found Python3: /usr/bin/python3.10 (found version "3.10.12") found components: Interpreter 
[0.845s] -- Found ament_lint_auto: 0.12.7 (/opt/ros/humble/share/ament_lint_auto/cmake)
[0.909s] -- Added test 'lint_cmake' to check CMake code style
[0.910s] -- Added test 'xmllint' to check XML markup files
[0.911s] -- Configuring done
[0.914s] -- Generating done
[0.915s] -- Build files have been written to: /home/jinhemu/ROS2/town_ws/build/village_interfaces
[0.920s] Invoked command in '/home/jinhemu/ROS2/town_ws/build/village_interfaces' returned '0': CMAKE_PREFIX_PATH=/opt/ros/humble /usr/bin/cmake /home/jinhemu/ROS2/town_ws/src/village_interfaces -DCMAKE_INSTALL_PREFIX=/home/jinhemu/ROS2/town_ws/install/village_interfaces
[0.921s] Invoking command in '/home/jinhemu/ROS2/town_ws/build/village_interfaces': CMAKE_PREFIX_PATH=/opt/ros/humble /usr/bin/cmake --build /home/jinhemu/ROS2/town_ws/build/village_interfaces -- -j12 -l12
[0.953s] Invoked command in '/home/jinhemu/ROS2/town_ws/build/village_interfaces' returned '0': CMAKE_PREFIX_PATH=/opt/ros/humble /usr/bin/cmake --build /home/jinhemu/ROS2/town_ws/build/village_interfaces -- -j12 -l12
[0.978s] Invoking command in '/home/jinhemu/ROS2/town_ws/build/village_interfaces': CMAKE_PREFIX_PATH=/opt/ros/humble /usr/bin/cmake --install /home/jinhemu/ROS2/town_ws/build/village_interfaces
[0.983s] -- Install configuration: ""
[0.984s] -- Installing: /home/jinhemu/ROS2/town_ws/install/village_interfaces/share/ament_index/resource_index/package_run_dependencies/village_interfaces
[0.984s] -- Installing: /home/jinhemu/ROS2/town_ws/install/village_interfaces/share/ament_index/resource_index/parent_prefix_path/village_interfaces
[0.984s] -- Installing: /home/jinhemu/ROS2/town_ws/install/village_interfaces/share/village_interfaces/environment/ament_prefix_path.sh
[0.984s] -- Installing: /home/jinhemu/ROS2/town_ws/install/village_interfaces/share/village_interfaces/environment/ament_prefix_path.dsv
[0.984s] -- Installing: /home/jinhemu/ROS2/town_ws/install/village_interfaces/share/village_interfaces/environment/path.sh
[0.984s] -- Installing: /home/jinhemu/ROS2/town_ws/install/village_interfaces/share/village_interfaces/environment/path.dsv
[0.984s] -- Installing: /home/jinhemu/ROS2/town_ws/install/village_interfaces/share/village_interfaces/local_setup.bash
[0.984s] -- Installing: /home/jinhemu/ROS2/town_ws/install/village_interfaces/share/village_interfaces/local_setup.sh
[0.984s] -- Installing: /home/jinhemu/ROS2/town_ws/install/village_interfaces/share/village_interfaces/local_setup.zsh
[0.984s] -- Installing: /home/jinhemu/ROS2/town_ws/install/village_interfaces/share/village_interfaces/local_setup.dsv
[0.984s] -- Installing: /home/jinhemu/ROS2/town_ws/install/village_interfaces/share/village_interfaces/package.dsv
[0.984s] -- Installing: /home/jinhemu/ROS2/town_ws/install/village_interfaces/share/ament_index/resource_index/packages/village_interfaces
[0.984s] -- Installing: /home/jinhemu/ROS2/town_ws/install/village_interfaces/share/village_interfaces/cmake/village_interfacesConfig.cmake
[0.985s] -- Installing: /home/jinhemu/ROS2/town_ws/install/village_interfaces/share/village_interfaces/cmake/village_interfacesConfig-version.cmake
[0.985s] -- Installing: /home/jinhemu/ROS2/town_ws/install/village_interfaces/share/village_interfaces/package.xml
[0.986s] Invoked command in '/home/jinhemu/ROS2/town_ws/build/village_interfaces' returned '0': CMAKE_PREFIX_PATH=/opt/ros/humble /usr/bin/cmake --install /home/jinhemu/ROS2/town_ws/build/village_interfaces
