[0.451s] Invoking command in '/home/jinhemu/ROS2/town_ws/src/village_li': PYTHONPATH=/home/jinhemu/ROS2/town_ws/build/village_li/prefix_override:/home/jinhemu/ROS2/town_ws/install/village_li/lib/python3.10/site-packages:${PYTHONPATH} /usr/bin/python3 setup.py egg_info --egg-base ../../build/village_li build --build-base /home/jinhemu/ROS2/town_ws/build/village_li/build install --record /home/jinhemu/ROS2/town_ws/build/village_li/install.log --single-version-externally-managed
[0.580s] running egg_info
[0.588s] writing ../../build/village_li/village_li.egg-info/PKG-INFO
[0.588s] writing dependency_links to ../../build/village_li/village_li.egg-info/dependency_links.txt
[0.588s] writing entry points to ../../build/village_li/village_li.egg-info/entry_points.txt
[0.588s] writing requirements to ../../build/village_li/village_li.egg-info/requires.txt
[0.588s] writing top-level names to ../../build/village_li/village_li.egg-info/top_level.txt
[0.604s] reading manifest file '../../build/village_li/village_li.egg-info/SOURCES.txt'
[0.605s] writing manifest file '../../build/village_li/village_li.egg-info/SOURCES.txt'
[0.605s] running build
[0.605s] running build_py
[0.605s] copying village_li/li4.py -> /home/jinhemu/ROS2/town_ws/build/village_li/build/lib/village_li
[0.605s] running install
[0.606s] /usr/local/lib/python3.10/dist-packages/setuptools/_distutils/cmd.py:66: SetuptoolsDeprecationWarning: setup.py install is deprecated.
[0.606s] !!
[0.606s] 
[0.606s]         ********************************************************************************
[0.606s]         Please avoid running ``setup.py`` directly.
[0.606s]         Instead, use pypa/build, pypa/installer or other
[0.606s]         standards-based tools.
[0.606s] 
[0.606s]         See https://blog.ganssle.io/articles/2021/10/setup-py-deprecated.html for details.
[0.606s]         ********************************************************************************
[0.606s] 
[0.606s] !!
[0.606s]   self.initialize_options()
[0.611s] running install_lib
[0.621s] copying /home/jinhemu/ROS2/town_ws/build/village_li/build/lib/village_li/li4.py -> /home/jinhemu/ROS2/town_ws/install/village_li/lib/python3.10/site-packages/village_li
[0.622s] byte-compiling /home/jinhemu/ROS2/town_ws/install/village_li/lib/python3.10/site-packages/village_li/li4.py to li4.cpython-310.pyc
[0.622s] running install_data
[0.633s] running install_egg_info
[0.642s] removing '/home/jinhemu/ROS2/town_ws/install/village_li/lib/python3.10/site-packages/village_li-0.0.0-py3.10.egg-info' (and everything under it)
[0.642s] Copying ../../build/village_li/village_li.egg-info to /home/jinhemu/ROS2/town_ws/install/village_li/lib/python3.10/site-packages/village_li-0.0.0-py3.10.egg-info
[0.642s] running install_scripts
[0.728s] Installing li4_node script to /home/jinhemu/ROS2/town_ws/install/village_li/lib/village_li
[0.728s] writing list of installed files to '/home/jinhemu/ROS2/town_ws/build/village_li/install.log'
[0.747s] Invoked command in '/home/jinhemu/ROS2/town_ws/src/village_li' returned '0': PYTHONPATH=/home/jinhemu/ROS2/town_ws/build/village_li/prefix_override:/home/jinhemu/ROS2/town_ws/install/village_li/lib/python3.10/site-packages:${PYTHONPATH} /usr/bin/python3 setup.py egg_info --egg-base ../../build/village_li build --build-base /home/jinhemu/ROS2/town_ws/build/village_li/build install --record /home/jinhemu/ROS2/town_ws/build/village_li/install.log --single-version-externally-managed
