[0.205s] Invoking command in '/home/jinhemu/ROS2/town_ws/build/village_wang': CMAKE_PREFIX_PATH=${CMAKE_PREFIX_PATH}:/home/jinhemu/ROS2/town_ws/install/village_li:/opt/ros/humble /usr/bin/cmake --build /home/jinhemu/ROS2/town_ws/build/village_wang -- -j12 -l12
[0.226s] -- Found ament_cmake: 1.3.5 (/opt/ros/humble/share/ament_cmake/cmake)
[0.332s] -- Found rclcpp: 16.0.5 (/opt/ros/humble/share/rclcpp/cmake)
[0.350s] -- Found rosidl_generator_c: 3.1.5 (/opt/ros/humble/share/rosidl_generator_c/cmake)
[0.352s] -- Found rosidl_adapter: 3.1.5 (/opt/ros/humble/share/rosidl_adapter/cmake)
[0.356s] -- Found rosidl_generator_cpp: 3.1.5 (/opt/ros/humble/share/rosidl_generator_cpp/cmake)
[0.363s] -- Using all available rosidl_typesupport_c: rosidl_typesupport_fastrtps_c;rosidl_typesupport_introspection_c
[0.372s] -- Using all available rosidl_typesupport_cpp: rosidl_typesupport_fastrtps_cpp;rosidl_typesupport_introspection_cpp
[0.413s] -- Found rmw_implementation_cmake: 6.1.1 (/opt/ros/humble/share/rmw_implementation_cmake/cmake)
[0.414s] -- Found rmw_fastrtps_cpp: 6.2.3 (/opt/ros/humble/share/rmw_fastrtps_cpp/cmake)
[0.495s] -- Using RMW implementation 'rmw_fastrtps_cpp' as default
[0.600s] -- Found ament_lint_auto: 0.12.7 (/opt/ros/humble/share/ament_lint_auto/cmake)
[0.656s] -- Added test 'cppcheck' to perform static code analysis on C / C++ code
[0.656s] -- Configured cppcheck include dirs: 
[0.656s] -- Configured cppcheck exclude dirs and/or files: 
[0.656s] -- Added test 'lint_cmake' to check CMake code style
[0.657s] -- Added test 'uncrustify' to check C / C++ code style
[0.657s] -- Configured uncrustify additional arguments: 
[0.657s] -- Added test 'xmllint' to check XML markup files
[0.659s] -- Configuring done
[0.666s] -- Generating done
[0.667s] -- Build files have been written to: /home/jinhemu/ROS2/town_ws/build/village_wang
[0.696s] [ 50%] [32mBuilding CXX object CMakeFiles/wang2_node.dir/src/wang2.cpp.o[0m
[2.600s] [100%] [32m[1mLinking CXX executable wang2_node[0m
[2.678s] [100%] Built target wang2_node
[2.684s] Invoked command in '/home/jinhemu/ROS2/town_ws/build/village_wang' returned '0': CMAKE_PREFIX_PATH=${CMAKE_PREFIX_PATH}:/home/jinhemu/ROS2/town_ws/install/village_li:/opt/ros/humble /usr/bin/cmake --build /home/jinhemu/ROS2/town_ws/build/village_wang -- -j12 -l12
[2.722s] Invoking command in '/home/jinhemu/ROS2/town_ws/build/village_wang': CMAKE_PREFIX_PATH=${CMAKE_PREFIX_PATH}:/home/jinhemu/ROS2/town_ws/install/village_li:/opt/ros/humble /usr/bin/cmake --install /home/jinhemu/ROS2/town_ws/build/village_wang
[2.728s] -- Install configuration: ""
[2.728s] -- Up-to-date: /home/jinhemu/ROS2/town_ws/install/village_wang/share/ament_index/resource_index/package_run_dependencies/village_wang
[2.728s] -- Installing: /home/jinhemu/ROS2/town_ws/install/village_wang/share/ament_index/resource_index/parent_prefix_path/village_wang
[2.728s] -- Up-to-date: /home/jinhemu/ROS2/town_ws/install/village_wang/share/village_wang/environment/ament_prefix_path.sh
[2.728s] -- Installing: /home/jinhemu/ROS2/town_ws/install/village_wang/share/village_wang/environment/ament_prefix_path.dsv
[2.728s] -- Up-to-date: /home/jinhemu/ROS2/town_ws/install/village_wang/share/village_wang/environment/path.sh
[2.728s] -- Installing: /home/jinhemu/ROS2/town_ws/install/village_wang/share/village_wang/environment/path.dsv
[2.728s] -- Up-to-date: /home/jinhemu/ROS2/town_ws/install/village_wang/share/village_wang/local_setup.bash
[2.729s] -- Up-to-date: /home/jinhemu/ROS2/town_ws/install/village_wang/share/village_wang/local_setup.sh
[2.729s] -- Up-to-date: /home/jinhemu/ROS2/town_ws/install/village_wang/share/village_wang/local_setup.zsh
[2.729s] -- Installing: /home/jinhemu/ROS2/town_ws/install/village_wang/share/village_wang/local_setup.dsv
[2.729s] -- Installing: /home/jinhemu/ROS2/town_ws/install/village_wang/share/village_wang/package.dsv
[2.729s] -- Up-to-date: /home/jinhemu/ROS2/town_ws/install/village_wang/share/ament_index/resource_index/packages/village_wang
[2.729s] -- Up-to-date: /home/jinhemu/ROS2/town_ws/install/village_wang/share/village_wang/cmake/village_wangConfig.cmake
[2.729s] -- Up-to-date: /home/jinhemu/ROS2/town_ws/install/village_wang/share/village_wang/cmake/village_wangConfig-version.cmake
[2.729s] -- Up-to-date: /home/jinhemu/ROS2/town_ws/install/village_wang/share/village_wang/package.xml
[2.729s] -- Installing: /home/jinhemu/ROS2/town_ws/install/village_wang/lib/village_wang/wang2_node
[2.729s] -- Set runtime path of "/home/jinhemu/ROS2/town_ws/install/village_wang/lib/village_wang/wang2_node" to ""
[2.732s] Invoked command in '/home/jinhemu/ROS2/town_ws/build/village_wang' returned '0': CMAKE_PREFIX_PATH=${CMAKE_PREFIX_PATH}:/home/jinhemu/ROS2/town_ws/install/village_li:/opt/ros/humble /usr/bin/cmake --install /home/jinhemu/ROS2/town_ws/build/village_wang
