[0.014s] Invoking command in '/home/jinhemu/ROS2/town_ws/build/village_interfaces': CMAKE_PREFIX_PATH=${CMAKE_PREFIX_PATH}:/home/jinhemu/ROS2/town_ws/install/village_li:/opt/ros/humble /usr/bin/cmake --build /home/jinhemu/ROS2/town_ws/build/village_interfaces -- -j12 -l12
[0.035s] -- Found ament_cmake: 1.3.5 (/opt/ros/humble/share/ament_cmake/cmake)
[0.158s] -- Found ament_lint_auto: 0.12.7 (/opt/ros/humble/share/ament_lint_auto/cmake)
[0.218s] -- Found sensor_msgs: 4.2.3 (/opt/ros/humble/share/sensor_msgs/cmake)
[0.237s] -- Found rosidl_generator_c: 3.1.5 (/opt/ros/humble/share/rosidl_generator_c/cmake)
[0.239s] -- Found rosidl_adapter: 3.1.5 (/opt/ros/humble/share/rosidl_adapter/cmake)
[0.243s] -- Found rosidl_generator_cpp: 3.1.5 (/opt/ros/humble/share/rosidl_generator_cpp/cmake)
[0.250s] -- Using all available rosidl_typesupport_c: rosidl_typesupport_fastrtps_c;rosidl_typesupport_introspection_c
[0.262s] -- Using all available rosidl_typesupport_cpp: rosidl_typesupport_fastrtps_cpp;rosidl_typesupport_introspection_cpp
[0.412s] -- Found rosidl_default_generators: 1.2.0 (/opt/ros/humble/share/rosidl_default_generators/cmake)
[0.630s] -- Found ament_cmake_ros: 0.10.0 (/opt/ros/humble/share/ament_cmake_ros/cmake)
[1.017s] -- Using all available rosidl_typesupport_c: rosidl_typesupport_fastrtps_c;rosidl_typesupport_introspection_c
[1.174s] -- Using all available rosidl_typesupport_cpp: rosidl_typesupport_fastrtps_cpp;rosidl_typesupport_introspection_cpp
[1.194s] -- Found python_cmake_module: 0.10.0 (/opt/ros/humble/share/python_cmake_module/cmake)
[1.217s] -- Using PYTHON_EXECUTABLE: /usr/bin/python3
[1.217s] -- Using PYTHON_INCLUDE_DIRS: /usr/include/python3.10
[1.217s] -- Using PYTHON_LIBRARIES: /usr/lib/x86_64-linux-gnu/libpython3.10.so
[1.261s] -- Added test 'lint_cmake' to check CMake code style
[1.262s] -- Added test 'xmllint' to check XML markup files
[1.266s] -- Configuring done
[1.308s] -- Generating done
[1.311s] -- Build files have been written to: /home/jinhemu/ROS2/town_ws/build/village_interfaces
[1.339s] [  2%] [34m[1mGenerating C code for ROS interfaces[0m
[1.347s] [  4%] [34m[1mGenerating C++ code for ROS interfaces[0m
[1.356s] [  4%] Built target ament_cmake_python_copy_village_interfaces
[1.619s] running egg_info
[1.622s] writing manifest file 'village_interfaces.egg-info/SOURCES.txt'
[1.652s] [  4%] Built target ament_cmake_python_build_village_interfaces_egg
[1.698s] [35m[1mConsolidate compiler generated dependencies of target village_interfaces__rosidl_generator_c[0m
[1.712s] [  6%] [32mBuilding C object CMakeFiles/village_interfaces__rosidl_generator_c.dir/rosidl_generator_c/village_interfaces/msg/detail/novel__functions.c.o[0m
[1.717s] [  8%] [32mBuilding C object CMakeFiles/village_interfaces__rosidl_generator_c.dir/rosidl_generator_c/village_interfaces/srv/detail/sell_novel__functions.c.o[0m
[1.717s] [ 10%] [32mBuilding C object CMakeFiles/village_interfaces__rosidl_generator_c.dir/rosidl_generator_c/village_interfaces/srv/detail/borrow_money__functions.c.o[0m
[1.722s] [ 10%] Built target village_interfaces__cpp
[1.733s] [ 12%] [34m[1mGenerating C++ type support for eProsima Fast-RTPS[0m
[1.734s] [ 14%] [34m[1mGenerating C++ introspection for ROS interfaces[0m
[1.734s] [ 17%] [34m[1mGenerating C++ type support dispatch for ROS interfaces[0m
[1.785s] [ 19%] [32m[1mLinking C shared library libvillage_interfaces__rosidl_generator_c.so[0m
[1.821s] [ 19%] Built target village_interfaces__rosidl_generator_c
[1.831s] [ 25%] [34m[1mGenerating C introspection for ROS interfaces[0m
[1.831s] [ 25%] [34m[1mGenerating C type support for eProsima Fast-RTPS[0m
[1.831s] [ 25%] [34m[1mGenerating C type support dispatch for ROS interfaces[0m
[2.090s] [35m[1mConsolidate compiler generated dependencies of target village_interfaces__rosidl_typesupport_fastrtps_cpp[0m
[2.093s] [35m[1mConsolidate compiler generated dependencies of target village_interfaces__rosidl_typesupport_introspection_cpp[0m
[2.110s] [ 29%] [32mBuilding CXX object CMakeFiles/village_interfaces__rosidl_typesupport_fastrtps_cpp.dir/rosidl_typesupport_fastrtps_cpp/village_interfaces/srv/detail/dds_fastrtps/borrow_money__type_support.cpp.o[0m
[2.111s] [ 31%] [32mBuilding CXX object CMakeFiles/village_interfaces__rosidl_typesupport_fastrtps_cpp.dir/rosidl_typesupport_fastrtps_cpp/village_interfaces/srv/detail/dds_fastrtps/sell_novel__type_support.cpp.o[0m
[2.113s] [ 36%] [32mBuilding CXX object CMakeFiles/village_interfaces__rosidl_typesupport_introspection_cpp.dir/rosidl_typesupport_introspection_cpp/village_interfaces/msg/detail/novel__type_support.cpp.o[0m
[2.114s] [ 29%] [32mBuilding CXX object CMakeFiles/village_interfaces__rosidl_typesupport_introspection_cpp.dir/rosidl_typesupport_introspection_cpp/village_interfaces/srv/detail/sell_novel__type_support.cpp.o[0m
[2.115s] [ 38%] [32mBuilding CXX object CMakeFiles/village_interfaces__rosidl_typesupport_fastrtps_cpp.dir/rosidl_typesupport_fastrtps_cpp/village_interfaces/msg/detail/dds_fastrtps/novel__type_support.cpp.o[0m
[2.115s] [ 38%] [32mBuilding CXX object CMakeFiles/village_interfaces__rosidl_typesupport_introspection_cpp.dir/rosidl_typesupport_introspection_cpp/village_interfaces/srv/detail/borrow_money__type_support.cpp.o[0m
[2.143s] [35m[1mConsolidate compiler generated dependencies of target village_interfaces__rosidl_typesupport_cpp[0m
[2.156s] [35m[1mConsolidate compiler generated dependencies of target village_interfaces__rosidl_typesupport_c[0m
[2.174s] [ 40%] [32mBuilding CXX object CMakeFiles/village_interfaces__rosidl_typesupport_c.dir/rosidl_typesupport_c/village_interfaces/msg/novel__type_support.cpp.o[0m
[2.180s] [ 42%] [32mBuilding CXX object CMakeFiles/village_interfaces__rosidl_typesupport_cpp.dir/rosidl_typesupport_cpp/village_interfaces/msg/novel__type_support.cpp.o[0m
[2.185s] [ 44%] [32mBuilding CXX object CMakeFiles/village_interfaces__rosidl_typesupport_cpp.dir/rosidl_typesupport_cpp/village_interfaces/srv/borrow_money__type_support.cpp.o[0m
[2.188s] [ 46%] [32mBuilding CXX object CMakeFiles/village_interfaces__rosidl_typesupport_c.dir/rosidl_typesupport_c/village_interfaces/srv/borrow_money__type_support.cpp.o[0m
[2.192s] [35m[1mConsolidate compiler generated dependencies of target village_interfaces__rosidl_typesupport_introspection_c[0m
[2.209s] [ 48%] [32mBuilding C object CMakeFiles/village_interfaces__rosidl_typesupport_introspection_c.dir/rosidl_typesupport_introspection_c/village_interfaces/msg/detail/novel__type_support.c.o[0m
[2.264s] [ 51%] [32mBuilding C object CMakeFiles/village_interfaces__rosidl_typesupport_introspection_c.dir/rosidl_typesupport_introspection_c/village_interfaces/srv/detail/borrow_money__type_support.c.o[0m
[2.271s] [ 53%] [32mBuilding CXX object CMakeFiles/village_interfaces__rosidl_typesupport_c.dir/rosidl_typesupport_c/village_interfaces/srv/sell_novel__type_support.cpp.o[0m
[2.293s] [ 55%] [32mBuilding C object CMakeFiles/village_interfaces__rosidl_typesupport_introspection_c.dir/rosidl_typesupport_introspection_c/village_interfaces/srv/detail/sell_novel__type_support.c.o[0m
[2.338s] [ 57%] [32mBuilding CXX object CMakeFiles/village_interfaces__rosidl_typesupport_cpp.dir/rosidl_typesupport_cpp/village_interfaces/srv/sell_novel__type_support.cpp.o[0m
[2.380s] [ 59%] [32m[1mLinking CXX shared library libvillage_interfaces__rosidl_typesupport_c.so[0m
[2.401s] [ 61%] [32m[1mLinking C shared library libvillage_interfaces__rosidl_typesupport_introspection_c.so[0m
[2.513s] [ 61%] Built target village_interfaces__rosidl_typesupport_introspection_c
[2.547s] [35m[1mConsolidate compiler generated dependencies of target village_interfaces__rosidl_typesupport_fastrtps_c[0m
[2.573s] [ 61%] Built target village_interfaces__rosidl_typesupport_c
[2.574s] [ 63%] [32mBuilding CXX object CMakeFiles/village_interfaces__rosidl_typesupport_fastrtps_c.dir/rosidl_typesupport_fastrtps_c/village_interfaces/srv/detail/borrow_money__type_support_c.cpp.o[0m
[2.576s] [ 65%] [32mBuilding CXX object CMakeFiles/village_interfaces__rosidl_typesupport_fastrtps_c.dir/rosidl_typesupport_fastrtps_c/village_interfaces/srv/detail/sell_novel__type_support_c.cpp.o[0m
[2.578s] [ 68%] [32mBuilding CXX object CMakeFiles/village_interfaces__rosidl_typesupport_fastrtps_c.dir/rosidl_typesupport_fastrtps_c/village_interfaces/msg/detail/novel__type_support_c.cpp.o[0m
[2.704s] [ 70%] [32m[1mLinking CXX shared library libvillage_interfaces__rosidl_typesupport_cpp.so[0m
[2.768s] [ 70%] Built target village_interfaces__rosidl_typesupport_cpp
[2.771s] [ 72%] [32m[1mLinking CXX shared library libvillage_interfaces__rosidl_typesupport_fastrtps_cpp.so[0m
[2.774s] [ 74%] [32m[1mLinking CXX shared library libvillage_interfaces__rosidl_typesupport_introspection_cpp.so[0m
[2.868s] [ 74%] Built target village_interfaces__rosidl_typesupport_fastrtps_cpp
[2.891s] [ 74%] Built target village_interfaces__rosidl_typesupport_introspection_cpp
[2.957s] [ 76%] [32m[1mLinking CXX shared library libvillage_interfaces__rosidl_typesupport_fastrtps_c.so[0m
[3.021s] [ 76%] Built target village_interfaces__rosidl_typesupport_fastrtps_c
[3.040s] [ 76%] Built target village_interfaces
[3.057s] [ 78%] [34m[1mGenerating Python code for ROS interfaces[0m
[3.566s] [ 78%] Built target village_interfaces__py
[3.576s] [35m[1mConsolidate compiler generated dependencies of target village_interfaces__rosidl_generator_py[0m
[3.586s] [ 85%] [32mBuilding C object CMakeFiles/village_interfaces__rosidl_generator_py.dir/rosidl_generator_py/village_interfaces/msg/_novel_s.c.o[0m
[3.587s] [ 85%] [32mBuilding C object CMakeFiles/village_interfaces__rosidl_generator_py.dir/rosidl_generator_py/village_interfaces/srv/_borrow_money_s.c.o[0m
[3.587s] [ 85%] [32mBuilding C object CMakeFiles/village_interfaces__rosidl_generator_py.dir/rosidl_generator_py/village_interfaces/srv/_sell_novel_s.c.o[0m
[3.677s] [ 87%] [32m[1mLinking C shared library rosidl_generator_py/village_interfaces/libvillage_interfaces__rosidl_generator_py.so[0m
[3.711s] [ 87%] Built target village_interfaces__rosidl_generator_py
[3.721s] [35m[1mConsolidate compiler generated dependencies of target village_interfaces__rosidl_typesupport_introspection_c__pyext[0m
[3.721s] [35m[1mConsolidate compiler generated dependencies of target village_interfaces__rosidl_typesupport_fastrtps_c__pyext[0m
[3.721s] [35m[1mConsolidate compiler generated dependencies of target village_interfaces__rosidl_typesupport_c__pyext[0m
[3.733s] [ 93%] [32mBuilding C object CMakeFiles/village_interfaces__rosidl_typesupport_c__pyext.dir/rosidl_generator_py/village_interfaces/_village_interfaces_s.ep.rosidl_typesupport_c.c.o[0m
[3.733s] [ 93%] [32mBuilding C object CMakeFiles/village_interfaces__rosidl_typesupport_fastrtps_c__pyext.dir/rosidl_generator_py/village_interfaces/_village_interfaces_s.ep.rosidl_typesupport_fastrtps_c.c.o[0m
[3.733s] [ 93%] [32mBuilding C object CMakeFiles/village_interfaces__rosidl_typesupport_introspection_c__pyext.dir/rosidl_generator_py/village_interfaces/_village_interfaces_s.ep.rosidl_typesupport_introspection_c.c.o[0m
[3.835s] [100%] [32m[1mLinking C shared library rosidl_generator_py/village_interfaces/village_interfaces_s__rosidl_typesupport_fastrtps_c.cpython-310-x86_64-linux-gnu.so[0m
[3.835s] [100%] [32m[1mLinking C shared library rosidl_generator_py/village_interfaces/village_interfaces_s__rosidl_typesupport_c.cpython-310-x86_64-linux-gnu.so[0m
[3.835s] [100%] [32m[1mLinking C shared library rosidl_generator_py/village_interfaces/village_interfaces_s__rosidl_typesupport_introspection_c.cpython-310-x86_64-linux-gnu.so[0m
[3.872s] [100%] Built target village_interfaces__rosidl_typesupport_fastrtps_c__pyext
[3.879s] [100%] Built target village_interfaces__rosidl_typesupport_c__pyext
[3.879s] [100%] Built target village_interfaces__rosidl_typesupport_introspection_c__pyext
[3.889s] Invoked command in '/home/jinhemu/ROS2/town_ws/build/village_interfaces' returned '0': CMAKE_PREFIX_PATH=${CMAKE_PREFIX_PATH}:/home/jinhemu/ROS2/town_ws/install/village_li:/opt/ros/humble /usr/bin/cmake --build /home/jinhemu/ROS2/town_ws/build/village_interfaces -- -j12 -l12
[3.967s] Invoking command in '/home/jinhemu/ROS2/town_ws/build/village_interfaces': CMAKE_PREFIX_PATH=${CMAKE_PREFIX_PATH}:/home/jinhemu/ROS2/town_ws/install/village_li:/opt/ros/humble /usr/bin/cmake --install /home/jinhemu/ROS2/town_ws/build/village_interfaces
[3.974s] -- Install configuration: ""
[3.974s] -- Installing: /home/jinhemu/ROS2/town_ws/install/village_interfaces/share/ament_index/resource_index/rosidl_interfaces/village_interfaces
[3.974s] -- Up-to-date: /home/jinhemu/ROS2/town_ws/install/village_interfaces/include/village_interfaces/village_interfaces
[3.974s] -- Up-to-date: /home/jinhemu/ROS2/town_ws/install/village_interfaces/include/village_interfaces/village_interfaces/srv
[3.974s] -- Installing: /home/jinhemu/ROS2/town_ws/install/village_interfaces/include/village_interfaces/village_interfaces/srv/borrow_money.h
[3.974s] -- Up-to-date: /home/jinhemu/ROS2/town_ws/install/village_interfaces/include/village_interfaces/village_interfaces/srv/detail
[3.974s] -- Installing: /home/jinhemu/ROS2/town_ws/install/village_interfaces/include/village_interfaces/village_interfaces/srv/detail/borrow_money__type_support.h
[3.974s] -- Installing: /home/jinhemu/ROS2/town_ws/install/village_interfaces/include/village_interfaces/village_interfaces/srv/detail/sell_novel__functions.h
[3.974s] -- Installing: /home/jinhemu/ROS2/town_ws/install/village_interfaces/include/village_interfaces/village_interfaces/srv/detail/borrow_money__functions.c
[3.975s] -- Installing: /home/jinhemu/ROS2/town_ws/install/village_interfaces/include/village_interfaces/village_interfaces/srv/detail/sell_novel__type_support.h
[3.975s] -- Installing: /home/jinhemu/ROS2/town_ws/install/village_interfaces/include/village_interfaces/village_interfaces/srv/detail/sell_novel__functions.c
[3.975s] -- Installing: /home/jinhemu/ROS2/town_ws/install/village_interfaces/include/village_interfaces/village_interfaces/srv/detail/borrow_money__functions.h
[3.975s] -- Installing: /home/jinhemu/ROS2/town_ws/install/village_interfaces/include/village_interfaces/village_interfaces/srv/detail/sell_novel__struct.h
[3.975s] -- Installing: /home/jinhemu/ROS2/town_ws/install/village_interfaces/include/village_interfaces/village_interfaces/srv/detail/borrow_money__struct.h
[3.975s] -- Installing: /home/jinhemu/ROS2/town_ws/install/village_interfaces/include/village_interfaces/village_interfaces/srv/sell_novel.h
[3.975s] -- Up-to-date: /home/jinhemu/ROS2/town_ws/install/village_interfaces/include/village_interfaces/village_interfaces/msg
[3.975s] -- Installing: /home/jinhemu/ROS2/town_ws/install/village_interfaces/include/village_interfaces/village_interfaces/msg/novel.h
[3.975s] -- Up-to-date: /home/jinhemu/ROS2/town_ws/install/village_interfaces/include/village_interfaces/village_interfaces/msg/detail
[3.975s] -- Installing: /home/jinhemu/ROS2/town_ws/install/village_interfaces/include/village_interfaces/village_interfaces/msg/detail/novel__type_support.h
[3.975s] -- Installing: /home/jinhemu/ROS2/town_ws/install/village_interfaces/include/village_interfaces/village_interfaces/msg/detail/novel__functions.c
[3.975s] -- Installing: /home/jinhemu/ROS2/town_ws/install/village_interfaces/include/village_interfaces/village_interfaces/msg/detail/novel__functions.h
[3.975s] -- Installing: /home/jinhemu/ROS2/town_ws/install/village_interfaces/include/village_interfaces/village_interfaces/msg/detail/novel__struct.h
[3.976s] -- Up-to-date: /home/jinhemu/ROS2/town_ws/install/village_interfaces/include/village_interfaces/village_interfaces/msg/rosidl_generator_c__visibility_control.h
[3.976s] -- Up-to-date: /home/jinhemu/ROS2/town_ws/install/village_interfaces/share/village_interfaces/environment/library_path.sh
[3.976s] -- Installing: /home/jinhemu/ROS2/town_ws/install/village_interfaces/share/village_interfaces/environment/library_path.dsv
[3.976s] -- Installing: /home/jinhemu/ROS2/town_ws/install/village_interfaces/lib/libvillage_interfaces__rosidl_generator_c.so
[3.976s] -- Set runtime path of "/home/jinhemu/ROS2/town_ws/install/village_interfaces/lib/libvillage_interfaces__rosidl_generator_c.so" to ""
[3.976s] -- Up-to-date: /home/jinhemu/ROS2/town_ws/install/village_interfaces/include/village_interfaces/village_interfaces
[3.976s] -- Up-to-date: /home/jinhemu/ROS2/town_ws/install/village_interfaces/include/village_interfaces/village_interfaces/srv
[3.976s] -- Up-to-date: /home/jinhemu/ROS2/town_ws/install/village_interfaces/include/village_interfaces/village_interfaces/srv/detail
[3.976s] -- Installing: /home/jinhemu/ROS2/town_ws/install/village_interfaces/include/village_interfaces/village_interfaces/srv/detail/sell_novel__rosidl_typesupport_fastrtps_c.h
[3.976s] -- Installing: /home/jinhemu/ROS2/town_ws/install/village_interfaces/include/village_interfaces/village_interfaces/srv/detail/borrow_money__rosidl_typesupport_fastrtps_c.h
[3.977s] -- Up-to-date: /home/jinhemu/ROS2/town_ws/install/village_interfaces/include/village_interfaces/village_interfaces/msg
[3.977s] -- Up-to-date: /home/jinhemu/ROS2/town_ws/install/village_interfaces/include/village_interfaces/village_interfaces/msg/detail
[3.977s] -- Installing: /home/jinhemu/ROS2/town_ws/install/village_interfaces/include/village_interfaces/village_interfaces/msg/detail/novel__rosidl_typesupport_fastrtps_c.h
[3.977s] -- Up-to-date: /home/jinhemu/ROS2/town_ws/install/village_interfaces/include/village_interfaces/village_interfaces/msg/rosidl_typesupport_fastrtps_c__visibility_control.h
[3.977s] -- Installing: /home/jinhemu/ROS2/town_ws/install/village_interfaces/lib/libvillage_interfaces__rosidl_typesupport_fastrtps_c.so
[3.977s] -- Set runtime path of "/home/jinhemu/ROS2/town_ws/install/village_interfaces/lib/libvillage_interfaces__rosidl_typesupport_fastrtps_c.so" to ""
[3.977s] -- Up-to-date: /home/jinhemu/ROS2/town_ws/install/village_interfaces/include/village_interfaces/village_interfaces
[3.977s] -- Up-to-date: /home/jinhemu/ROS2/town_ws/install/village_interfaces/include/village_interfaces/village_interfaces/srv
[3.977s] -- Installing: /home/jinhemu/ROS2/town_ws/install/village_interfaces/include/village_interfaces/village_interfaces/srv/borrow_money.hpp
[3.977s] -- Installing: /home/jinhemu/ROS2/town_ws/install/village_interfaces/include/village_interfaces/village_interfaces/srv/sell_novel.hpp
[3.977s] -- Up-to-date: /home/jinhemu/ROS2/town_ws/install/village_interfaces/include/village_interfaces/village_interfaces/srv/detail
[3.977s] -- Installing: /home/jinhemu/ROS2/town_ws/install/village_interfaces/include/village_interfaces/village_interfaces/srv/detail/sell_novel__traits.hpp
[3.977s] -- Installing: /home/jinhemu/ROS2/town_ws/install/village_interfaces/include/village_interfaces/village_interfaces/srv/detail/sell_novel__builder.hpp
[3.977s] -- Installing: /home/jinhemu/ROS2/town_ws/install/village_interfaces/include/village_interfaces/village_interfaces/srv/detail/borrow_money__traits.hpp
[3.977s] -- Installing: /home/jinhemu/ROS2/town_ws/install/village_interfaces/include/village_interfaces/village_interfaces/srv/detail/borrow_money__builder.hpp
[3.977s] -- Installing: /home/jinhemu/ROS2/town_ws/install/village_interfaces/include/village_interfaces/village_interfaces/srv/detail/borrow_money__struct.hpp
[3.978s] -- Installing: /home/jinhemu/ROS2/town_ws/install/village_interfaces/include/village_interfaces/village_interfaces/srv/detail/sell_novel__struct.hpp
[3.978s] -- Up-to-date: /home/jinhemu/ROS2/town_ws/install/village_interfaces/include/village_interfaces/village_interfaces/msg
[3.978s] -- Installing: /home/jinhemu/ROS2/town_ws/install/village_interfaces/include/village_interfaces/village_interfaces/msg/novel.hpp
[3.978s] -- Up-to-date: /home/jinhemu/ROS2/town_ws/install/village_interfaces/include/village_interfaces/village_interfaces/msg/detail
[3.978s] -- Installing: /home/jinhemu/ROS2/town_ws/install/village_interfaces/include/village_interfaces/village_interfaces/msg/detail/novel__builder.hpp
[3.978s] -- Installing: /home/jinhemu/ROS2/town_ws/install/village_interfaces/include/village_interfaces/village_interfaces/msg/detail/novel__struct.hpp
[3.978s] -- Installing: /home/jinhemu/ROS2/town_ws/install/village_interfaces/include/village_interfaces/village_interfaces/msg/detail/novel__traits.hpp
[3.978s] -- Up-to-date: /home/jinhemu/ROS2/town_ws/install/village_interfaces/include/village_interfaces/village_interfaces
[3.978s] -- Up-to-date: /home/jinhemu/ROS2/town_ws/install/village_interfaces/include/village_interfaces/village_interfaces/srv
[3.978s] -- Up-to-date: /home/jinhemu/ROS2/town_ws/install/village_interfaces/include/village_interfaces/village_interfaces/srv/detail
[3.978s] -- Installing: /home/jinhemu/ROS2/town_ws/install/village_interfaces/include/village_interfaces/village_interfaces/srv/detail/borrow_money__rosidl_typesupport_fastrtps_cpp.hpp
[3.978s] -- Up-to-date: /home/jinhemu/ROS2/town_ws/install/village_interfaces/include/village_interfaces/village_interfaces/srv/detail/dds_fastrtps
[3.978s] -- Installing: /home/jinhemu/ROS2/town_ws/install/village_interfaces/include/village_interfaces/village_interfaces/srv/detail/sell_novel__rosidl_typesupport_fastrtps_cpp.hpp
[3.978s] -- Up-to-date: /home/jinhemu/ROS2/town_ws/install/village_interfaces/include/village_interfaces/village_interfaces/msg
[3.979s] -- Up-to-date: /home/jinhemu/ROS2/town_ws/install/village_interfaces/include/village_interfaces/village_interfaces/msg/rosidl_typesupport_fastrtps_cpp__visibility_control.h
[3.979s] -- Up-to-date: /home/jinhemu/ROS2/town_ws/install/village_interfaces/include/village_interfaces/village_interfaces/msg/detail
[3.979s] -- Up-to-date: /home/jinhemu/ROS2/town_ws/install/village_interfaces/include/village_interfaces/village_interfaces/msg/detail/dds_fastrtps
[3.979s] -- Installing: /home/jinhemu/ROS2/town_ws/install/village_interfaces/include/village_interfaces/village_interfaces/msg/detail/novel__rosidl_typesupport_fastrtps_cpp.hpp
[3.979s] -- Installing: /home/jinhemu/ROS2/town_ws/install/village_interfaces/lib/libvillage_interfaces__rosidl_typesupport_fastrtps_cpp.so
[3.979s] -- Set runtime path of "/home/jinhemu/ROS2/town_ws/install/village_interfaces/lib/libvillage_interfaces__rosidl_typesupport_fastrtps_cpp.so" to ""
[3.979s] -- Up-to-date: /home/jinhemu/ROS2/town_ws/install/village_interfaces/include/village_interfaces/village_interfaces
[3.979s] -- Up-to-date: /home/jinhemu/ROS2/town_ws/install/village_interfaces/include/village_interfaces/village_interfaces/srv
[3.979s] -- Up-to-date: /home/jinhemu/ROS2/town_ws/install/village_interfaces/include/village_interfaces/village_interfaces/srv/detail
[3.979s] -- Installing: /home/jinhemu/ROS2/town_ws/install/village_interfaces/include/village_interfaces/village_interfaces/srv/detail/sell_novel__rosidl_typesupport_introspection_c.h
[3.979s] -- Installing: /home/jinhemu/ROS2/town_ws/install/village_interfaces/include/village_interfaces/village_interfaces/srv/detail/sell_novel__type_support.c
[3.979s] -- Installing: /home/jinhemu/ROS2/town_ws/install/village_interfaces/include/village_interfaces/village_interfaces/srv/detail/borrow_money__type_support.c
[3.979s] -- Installing: /home/jinhemu/ROS2/town_ws/install/village_interfaces/include/village_interfaces/village_interfaces/srv/detail/borrow_money__rosidl_typesupport_introspection_c.h
[3.979s] -- Up-to-date: /home/jinhemu/ROS2/town_ws/install/village_interfaces/include/village_interfaces/village_interfaces/msg
[3.979s] -- Up-to-date: /home/jinhemu/ROS2/town_ws/install/village_interfaces/include/village_interfaces/village_interfaces/msg/rosidl_typesupport_introspection_c__visibility_control.h
[3.979s] -- Up-to-date: /home/jinhemu/ROS2/town_ws/install/village_interfaces/include/village_interfaces/village_interfaces/msg/detail
[3.979s] -- Installing: /home/jinhemu/ROS2/town_ws/install/village_interfaces/include/village_interfaces/village_interfaces/msg/detail/novel__type_support.c
[3.979s] -- Installing: /home/jinhemu/ROS2/town_ws/install/village_interfaces/include/village_interfaces/village_interfaces/msg/detail/novel__rosidl_typesupport_introspection_c.h
[3.980s] -- Installing: /home/jinhemu/ROS2/town_ws/install/village_interfaces/lib/libvillage_interfaces__rosidl_typesupport_introspection_c.so
[3.980s] -- Set runtime path of "/home/jinhemu/ROS2/town_ws/install/village_interfaces/lib/libvillage_interfaces__rosidl_typesupport_introspection_c.so" to ""
[3.980s] -- Installing: /home/jinhemu/ROS2/town_ws/install/village_interfaces/lib/libvillage_interfaces__rosidl_typesupport_c.so
[3.980s] -- Set runtime path of "/home/jinhemu/ROS2/town_ws/install/village_interfaces/lib/libvillage_interfaces__rosidl_typesupport_c.so" to ""
[3.980s] -- Up-to-date: /home/jinhemu/ROS2/town_ws/install/village_interfaces/include/village_interfaces/village_interfaces
[3.980s] -- Up-to-date: /home/jinhemu/ROS2/town_ws/install/village_interfaces/include/village_interfaces/village_interfaces/srv
[3.980s] -- Up-to-date: /home/jinhemu/ROS2/town_ws/install/village_interfaces/include/village_interfaces/village_interfaces/srv/detail
[3.980s] -- Installing: /home/jinhemu/ROS2/town_ws/install/village_interfaces/include/village_interfaces/village_interfaces/srv/detail/sell_novel__type_support.cpp
[3.980s] -- Installing: /home/jinhemu/ROS2/town_ws/install/village_interfaces/include/village_interfaces/village_interfaces/srv/detail/sell_novel__rosidl_typesupport_introspection_cpp.hpp
[3.981s] -- Installing: /home/jinhemu/ROS2/town_ws/install/village_interfaces/include/village_interfaces/village_interfaces/srv/detail/borrow_money__rosidl_typesupport_introspection_cpp.hpp
[3.981s] -- Installing: /home/jinhemu/ROS2/town_ws/install/village_interfaces/include/village_interfaces/village_interfaces/srv/detail/borrow_money__type_support.cpp
[3.981s] -- Up-to-date: /home/jinhemu/ROS2/town_ws/install/village_interfaces/include/village_interfaces/village_interfaces/msg
[3.981s] -- Up-to-date: /home/jinhemu/ROS2/town_ws/install/village_interfaces/include/village_interfaces/village_interfaces/msg/detail
[3.981s] -- Installing: /home/jinhemu/ROS2/town_ws/install/village_interfaces/include/village_interfaces/village_interfaces/msg/detail/novel__type_support.cpp
[3.981s] -- Installing: /home/jinhemu/ROS2/town_ws/install/village_interfaces/include/village_interfaces/village_interfaces/msg/detail/novel__rosidl_typesupport_introspection_cpp.hpp
[3.981s] -- Installing: /home/jinhemu/ROS2/town_ws/install/village_interfaces/lib/libvillage_interfaces__rosidl_typesupport_introspection_cpp.so
[3.981s] -- Set runtime path of "/home/jinhemu/ROS2/town_ws/install/village_interfaces/lib/libvillage_interfaces__rosidl_typesupport_introspection_cpp.so" to ""
[3.981s] -- Installing: /home/jinhemu/ROS2/town_ws/install/village_interfaces/lib/libvillage_interfaces__rosidl_typesupport_cpp.so
[3.981s] -- Set runtime path of "/home/jinhemu/ROS2/town_ws/install/village_interfaces/lib/libvillage_interfaces__rosidl_typesupport_cpp.so" to ""
[3.981s] -- Up-to-date: /home/jinhemu/ROS2/town_ws/install/village_interfaces/share/village_interfaces/environment/pythonpath.sh
[3.981s] -- Installing: /home/jinhemu/ROS2/town_ws/install/village_interfaces/share/village_interfaces/environment/pythonpath.dsv
[3.982s] -- Up-to-date: /home/jinhemu/ROS2/town_ws/install/village_interfaces/local/lib/python3.10/dist-packages/village_interfaces-0.0.0-py3.10.egg-info
[3.982s] -- Installing: /home/jinhemu/ROS2/town_ws/install/village_interfaces/local/lib/python3.10/dist-packages/village_interfaces-0.0.0-py3.10.egg-info/PKG-INFO
[3.982s] -- Installing: /home/jinhemu/ROS2/town_ws/install/village_interfaces/local/lib/python3.10/dist-packages/village_interfaces-0.0.0-py3.10.egg-info/top_level.txt
[3.982s] -- Installing: /home/jinhemu/ROS2/town_ws/install/village_interfaces/local/lib/python3.10/dist-packages/village_interfaces-0.0.0-py3.10.egg-info/SOURCES.txt
[3.982s] -- Installing: /home/jinhemu/ROS2/town_ws/install/village_interfaces/local/lib/python3.10/dist-packages/village_interfaces-0.0.0-py3.10.egg-info/dependency_links.txt
[3.982s] -- Up-to-date: /home/jinhemu/ROS2/town_ws/install/village_interfaces/local/lib/python3.10/dist-packages/village_interfaces
[3.982s] -- Up-to-date: /home/jinhemu/ROS2/town_ws/install/village_interfaces/local/lib/python3.10/dist-packages/village_interfaces/srv
[3.982s] -- Installing: /home/jinhemu/ROS2/town_ws/install/village_interfaces/local/lib/python3.10/dist-packages/village_interfaces/srv/__init__.py
[3.982s] -- Installing: /home/jinhemu/ROS2/town_ws/install/village_interfaces/local/lib/python3.10/dist-packages/village_interfaces/srv/_borrow_money.py
[3.982s] -- Installing: /home/jinhemu/ROS2/town_ws/install/village_interfaces/local/lib/python3.10/dist-packages/village_interfaces/srv/_sell_novel_s.c
[3.982s] -- Installing: /home/jinhemu/ROS2/town_ws/install/village_interfaces/local/lib/python3.10/dist-packages/village_interfaces/srv/_borrow_money_s.c
[3.982s] -- Installing: /home/jinhemu/ROS2/town_ws/install/village_interfaces/local/lib/python3.10/dist-packages/village_interfaces/srv/_sell_novel.py
[3.982s] -- Installing: /home/jinhemu/ROS2/town_ws/install/village_interfaces/local/lib/python3.10/dist-packages/village_interfaces/__init__.py
[3.982s] -- Installing: /home/jinhemu/ROS2/town_ws/install/village_interfaces/local/lib/python3.10/dist-packages/village_interfaces/_village_interfaces_s.ep.rosidl_typesupport_c.c
[3.982s] -- Installing: /home/jinhemu/ROS2/town_ws/install/village_interfaces/local/lib/python3.10/dist-packages/village_interfaces/village_interfaces_s__rosidl_typesupport_c.cpython-310-x86_64-linux-gnu.so
[3.983s] -- Installing: /home/jinhemu/ROS2/town_ws/install/village_interfaces/local/lib/python3.10/dist-packages/village_interfaces/village_interfaces_s__rosidl_typesupport_fastrtps_c.cpython-310-x86_64-linux-gnu.so
[3.983s] -- Installing: /home/jinhemu/ROS2/town_ws/install/village_interfaces/local/lib/python3.10/dist-packages/village_interfaces/village_interfaces_s__rosidl_typesupport_introspection_c.cpython-310-x86_64-linux-gnu.so
[3.983s] -- Installing: /home/jinhemu/ROS2/town_ws/install/village_interfaces/local/lib/python3.10/dist-packages/village_interfaces/_village_interfaces_s.ep.rosidl_typesupport_fastrtps_c.c
[3.983s] -- Installing: /home/jinhemu/ROS2/town_ws/install/village_interfaces/local/lib/python3.10/dist-packages/village_interfaces/_village_interfaces_s.ep.rosidl_typesupport_introspection_c.c
[3.983s] -- Installing: /home/jinhemu/ROS2/town_ws/install/village_interfaces/local/lib/python3.10/dist-packages/village_interfaces/libvillage_interfaces__rosidl_generator_py.so
[3.983s] -- Up-to-date: /home/jinhemu/ROS2/town_ws/install/village_interfaces/local/lib/python3.10/dist-packages/village_interfaces/msg
[3.983s] -- Installing: /home/jinhemu/ROS2/town_ws/install/village_interfaces/local/lib/python3.10/dist-packages/village_interfaces/msg/__init__.py
[3.983s] -- Installing: /home/jinhemu/ROS2/town_ws/install/village_interfaces/local/lib/python3.10/dist-packages/village_interfaces/msg/_novel.py
[3.983s] -- Installing: /home/jinhemu/ROS2/town_ws/install/village_interfaces/local/lib/python3.10/dist-packages/village_interfaces/msg/_novel_s.c
[4.014s] Listing '/home/jinhemu/ROS2/town_ws/install/village_interfaces/local/lib/python3.10/dist-packages/village_interfaces'...
[4.014s] Compiling '/home/jinhemu/ROS2/town_ws/install/village_interfaces/local/lib/python3.10/dist-packages/village_interfaces/__init__.py'...
[4.014s] Listing '/home/jinhemu/ROS2/town_ws/install/village_interfaces/local/lib/python3.10/dist-packages/village_interfaces/msg'...
[4.014s] Compiling '/home/jinhemu/ROS2/town_ws/install/village_interfaces/local/lib/python3.10/dist-packages/village_interfaces/msg/__init__.py'...
[4.015s] Compiling '/home/jinhemu/ROS2/town_ws/install/village_interfaces/local/lib/python3.10/dist-packages/village_interfaces/msg/_novel.py'...
[4.015s] Listing '/home/jinhemu/ROS2/town_ws/install/village_interfaces/local/lib/python3.10/dist-packages/village_interfaces/srv'...
[4.015s] Compiling '/home/jinhemu/ROS2/town_ws/install/village_interfaces/local/lib/python3.10/dist-packages/village_interfaces/srv/__init__.py'...
[4.015s] Compiling '/home/jinhemu/ROS2/town_ws/install/village_interfaces/local/lib/python3.10/dist-packages/village_interfaces/srv/_borrow_money.py'...
[4.015s] Compiling '/home/jinhemu/ROS2/town_ws/install/village_interfaces/local/lib/python3.10/dist-packages/village_interfaces/srv/_sell_novel.py'...
[4.020s] -- Installing: /home/jinhemu/ROS2/town_ws/install/village_interfaces/local/lib/python3.10/dist-packages/village_interfaces/village_interfaces_s__rosidl_typesupport_fastrtps_c.cpython-310-x86_64-linux-gnu.so
[4.020s] -- Set runtime path of "/home/jinhemu/ROS2/town_ws/install/village_interfaces/local/lib/python3.10/dist-packages/village_interfaces/village_interfaces_s__rosidl_typesupport_fastrtps_c.cpython-310-x86_64-linux-gnu.so" to ""
[4.020s] -- Installing: /home/jinhemu/ROS2/town_ws/install/village_interfaces/local/lib/python3.10/dist-packages/village_interfaces/village_interfaces_s__rosidl_typesupport_introspection_c.cpython-310-x86_64-linux-gnu.so
[4.021s] -- Set runtime path of "/home/jinhemu/ROS2/town_ws/install/village_interfaces/local/lib/python3.10/dist-packages/village_interfaces/village_interfaces_s__rosidl_typesupport_introspection_c.cpython-310-x86_64-linux-gnu.so" to ""
[4.021s] -- Installing: /home/jinhemu/ROS2/town_ws/install/village_interfaces/local/lib/python3.10/dist-packages/village_interfaces/village_interfaces_s__rosidl_typesupport_c.cpython-310-x86_64-linux-gnu.so
[4.021s] -- Set runtime path of "/home/jinhemu/ROS2/town_ws/install/village_interfaces/local/lib/python3.10/dist-packages/village_interfaces/village_interfaces_s__rosidl_typesupport_c.cpython-310-x86_64-linux-gnu.so" to ""
[4.021s] -- Installing: /home/jinhemu/ROS2/town_ws/install/village_interfaces/lib/libvillage_interfaces__rosidl_generator_py.so
[4.022s] -- Set runtime path of "/home/jinhemu/ROS2/town_ws/install/village_interfaces/lib/libvillage_interfaces__rosidl_generator_py.so" to ""
[4.022s] -- Up-to-date: /home/jinhemu/ROS2/town_ws/install/village_interfaces/share/village_interfaces/msg/Novel.idl
[4.022s] -- Up-to-date: /home/jinhemu/ROS2/town_ws/install/village_interfaces/share/village_interfaces/srv/BorrowMoney.idl
[4.023s] -- Installing: /home/jinhemu/ROS2/town_ws/install/village_interfaces/share/village_interfaces/srv/SellNovel.idl
[4.023s] -- Up-to-date: /home/jinhemu/ROS2/town_ws/install/village_interfaces/share/village_interfaces/msg/Novel.msg
[4.023s] -- Up-to-date: /home/jinhemu/ROS2/town_ws/install/village_interfaces/share/village_interfaces/srv/BorrowMoney.srv
[4.023s] -- Up-to-date: /home/jinhemu/ROS2/town_ws/install/village_interfaces/share/village_interfaces/srv/BorrowMoney_Request.msg
[4.023s] -- Up-to-date: /home/jinhemu/ROS2/town_ws/install/village_interfaces/share/village_interfaces/srv/BorrowMoney_Response.msg
[4.023s] -- Installing: /home/jinhemu/ROS2/town_ws/install/village_interfaces/share/village_interfaces/srv/SellNovel.srv
[4.023s] -- Installing: /home/jinhemu/ROS2/town_ws/install/village_interfaces/share/village_interfaces/srv/SellNovel_Request.msg
[4.023s] -- Installing: /home/jinhemu/ROS2/town_ws/install/village_interfaces/share/village_interfaces/srv/SellNovel_Response.msg
[4.024s] -- Up-to-date: /home/jinhemu/ROS2/town_ws/install/village_interfaces/share/ament_index/resource_index/package_run_dependencies/village_interfaces
[4.024s] -- Up-to-date: /home/jinhemu/ROS2/town_ws/install/village_interfaces/share/ament_index/resource_index/parent_prefix_path/village_interfaces
[4.024s] -- Up-to-date: /home/jinhemu/ROS2/town_ws/install/village_interfaces/share/village_interfaces/environment/ament_prefix_path.sh
[4.024s] -- Installing: /home/jinhemu/ROS2/town_ws/install/village_interfaces/share/village_interfaces/environment/ament_prefix_path.dsv
[4.024s] -- Up-to-date: /home/jinhemu/ROS2/town_ws/install/village_interfaces/share/village_interfaces/environment/path.sh
[4.024s] -- Installing: /home/jinhemu/ROS2/town_ws/install/village_interfaces/share/village_interfaces/environment/path.dsv
[4.024s] -- Up-to-date: /home/jinhemu/ROS2/town_ws/install/village_interfaces/share/village_interfaces/local_setup.bash
[4.024s] -- Up-to-date: /home/jinhemu/ROS2/town_ws/install/village_interfaces/share/village_interfaces/local_setup.sh
[4.024s] -- Up-to-date: /home/jinhemu/ROS2/town_ws/install/village_interfaces/share/village_interfaces/local_setup.zsh
[4.024s] -- Installing: /home/jinhemu/ROS2/town_ws/install/village_interfaces/share/village_interfaces/local_setup.dsv
[4.024s] -- Installing: /home/jinhemu/ROS2/town_ws/install/village_interfaces/share/village_interfaces/package.dsv
[4.024s] -- Up-to-date: /home/jinhemu/ROS2/town_ws/install/village_interfaces/share/ament_index/resource_index/packages/village_interfaces
[4.024s] -- Up-to-date: /home/jinhemu/ROS2/town_ws/install/village_interfaces/share/village_interfaces/cmake/export_village_interfaces__rosidl_generator_cExport.cmake
[4.024s] -- Up-to-date: /home/jinhemu/ROS2/town_ws/install/village_interfaces/share/village_interfaces/cmake/export_village_interfaces__rosidl_generator_cExport-noconfig.cmake
[4.024s] -- Up-to-date: /home/jinhemu/ROS2/town_ws/install/village_interfaces/share/village_interfaces/cmake/export_village_interfaces__rosidl_typesupport_fastrtps_cExport.cmake
[4.024s] -- Up-to-date: /home/jinhemu/ROS2/town_ws/install/village_interfaces/share/village_interfaces/cmake/export_village_interfaces__rosidl_typesupport_fastrtps_cExport-noconfig.cmake
[4.025s] -- Up-to-date: /home/jinhemu/ROS2/town_ws/install/village_interfaces/share/village_interfaces/cmake/export_village_interfaces__rosidl_generator_cppExport.cmake
[4.025s] -- Up-to-date: /home/jinhemu/ROS2/town_ws/install/village_interfaces/share/village_interfaces/cmake/export_village_interfaces__rosidl_typesupport_fastrtps_cppExport.cmake
[4.025s] -- Up-to-date: /home/jinhemu/ROS2/town_ws/install/village_interfaces/share/village_interfaces/cmake/export_village_interfaces__rosidl_typesupport_fastrtps_cppExport-noconfig.cmake
[4.025s] -- Up-to-date: /home/jinhemu/ROS2/town_ws/install/village_interfaces/share/village_interfaces/cmake/village_interfaces__rosidl_typesupport_introspection_cExport.cmake
[4.025s] -- Up-to-date: /home/jinhemu/ROS2/town_ws/install/village_interfaces/share/village_interfaces/cmake/village_interfaces__rosidl_typesupport_introspection_cExport-noconfig.cmake
[4.025s] -- Up-to-date: /home/jinhemu/ROS2/town_ws/install/village_interfaces/share/village_interfaces/cmake/village_interfaces__rosidl_typesupport_cExport.cmake
[4.025s] -- Up-to-date: /home/jinhemu/ROS2/town_ws/install/village_interfaces/share/village_interfaces/cmake/village_interfaces__rosidl_typesupport_cExport-noconfig.cmake
[4.025s] -- Up-to-date: /home/jinhemu/ROS2/town_ws/install/village_interfaces/share/village_interfaces/cmake/village_interfaces__rosidl_typesupport_introspection_cppExport.cmake
[4.025s] -- Up-to-date: /home/jinhemu/ROS2/town_ws/install/village_interfaces/share/village_interfaces/cmake/village_interfaces__rosidl_typesupport_introspection_cppExport-noconfig.cmake
[4.025s] -- Up-to-date: /home/jinhemu/ROS2/town_ws/install/village_interfaces/share/village_interfaces/cmake/village_interfaces__rosidl_typesupport_cppExport.cmake
[4.025s] -- Up-to-date: /home/jinhemu/ROS2/town_ws/install/village_interfaces/share/village_interfaces/cmake/village_interfaces__rosidl_typesupport_cppExport-noconfig.cmake
[4.025s] -- Up-to-date: /home/jinhemu/ROS2/town_ws/install/village_interfaces/share/village_interfaces/cmake/export_village_interfaces__rosidl_generator_pyExport.cmake
[4.025s] -- Up-to-date: /home/jinhemu/ROS2/town_ws/install/village_interfaces/share/village_interfaces/cmake/export_village_interfaces__rosidl_generator_pyExport-noconfig.cmake
[4.025s] -- Installing: /home/jinhemu/ROS2/town_ws/install/village_interfaces/share/village_interfaces/cmake/rosidl_cmake-extras.cmake
[4.025s] -- Up-to-date: /home/jinhemu/ROS2/town_ws/install/village_interfaces/share/village_interfaces/cmake/ament_cmake_export_dependencies-extras.cmake
[4.025s] -- Up-to-date: /home/jinhemu/ROS2/town_ws/install/village_interfaces/share/village_interfaces/cmake/ament_cmake_export_include_directories-extras.cmake
[4.025s] -- Up-to-date: /home/jinhemu/ROS2/town_ws/install/village_interfaces/share/village_interfaces/cmake/ament_cmake_export_libraries-extras.cmake
[4.026s] -- Up-to-date: /home/jinhemu/ROS2/town_ws/install/village_interfaces/share/village_interfaces/cmake/ament_cmake_export_targets-extras.cmake
[4.026s] -- Up-to-date: /home/jinhemu/ROS2/town_ws/install/village_interfaces/share/village_interfaces/cmake/rosidl_cmake_export_typesupport_targets-extras.cmake
[4.026s] -- Up-to-date: /home/jinhemu/ROS2/town_ws/install/village_interfaces/share/village_interfaces/cmake/rosidl_cmake_export_typesupport_libraries-extras.cmake
[4.026s] -- Up-to-date: /home/jinhemu/ROS2/town_ws/install/village_interfaces/share/village_interfaces/cmake/village_interfacesConfig.cmake
[4.026s] -- Up-to-date: /home/jinhemu/ROS2/town_ws/install/village_interfaces/share/village_interfaces/cmake/village_interfacesConfig-version.cmake
[4.026s] -- Up-to-date: /home/jinhemu/ROS2/town_ws/install/village_interfaces/share/village_interfaces/package.xml
[4.027s] Invoked command in '/home/jinhemu/ROS2/town_ws/build/village_interfaces' returned '0': CMAKE_PREFIX_PATH=${CMAKE_PREFIX_PATH}:/home/jinhemu/ROS2/town_ws/install/village_li:/opt/ros/humble /usr/bin/cmake --install /home/jinhemu/ROS2/town_ws/build/village_interfaces
