[0.059s] Invoking command in '/home/jinhemu/ROS2/build/examples_rclcpp_minimal_composition': CMAKE_PREFIX_PATH=/opt/ros/humble /usr/bin/cmake /home/jinhemu/ROS2/colcon_test_ws/src/examples/rclcpp/composition/minimal_composition -DCMAKE_INSTALL_PREFIX=/home/jinhemu/ROS2/install/examples_rclcpp_minimal_composition
[0.147s] -- The C compiler identification is GNU 11.4.0
[0.219s] -- The CXX compiler identification is GNU 11.4.0
[0.226s] -- Detecting C compiler ABI info
[0.305s] -- Detecting C compiler ABI info - done
[0.306s] -- Check for working C compiler: /usr/bin/cc - skipped
[0.307s] -- Detecting C compile features
[0.308s] -- Detecting C compile features - done
[0.310s] -- Detecting CXX compiler ABI info
[0.418s] -- Detecting CXX compiler ABI info - done
[0.423s] -- Check for working CXX compiler: /usr/bin/c++ - skipped
[0.423s] -- Detecting CXX compile features
[0.424s] -- Detecting CXX compile features - done
[0.430s] -- Found ament_cmake: 1.3.5 (/opt/ros/humble/share/ament_cmake/cmake)
[1.262s] -- Found Python3: /usr/bin/python3.10 (found version "3.10.12") found components: Interpreter 
[1.383s] -- Found rclcpp: 16.0.5 (/opt/ros/humble/share/rclcpp/cmake)
[1.435s] -- Found rosidl_generator_c: 3.1.5 (/opt/ros/humble/share/rosidl_generator_c/cmake)
[1.439s] -- Found rosidl_adapter: 3.1.5 (/opt/ros/humble/share/rosidl_adapter/cmake)
[1.447s] -- Found rosidl_generator_cpp: 3.1.5 (/opt/ros/humble/share/rosidl_generator_cpp/cmake)
[1.461s] -- Using all available rosidl_typesupport_c: rosidl_typesupport_fastrtps_c;rosidl_typesupport_introspection_c
[1.488s] -- Using all available rosidl_typesupport_cpp: rosidl_typesupport_fastrtps_cpp;rosidl_typesupport_introspection_cpp
[1.599s] -- Found rmw_implementation_cmake: 6.1.1 (/opt/ros/humble/share/rmw_implementation_cmake/cmake)
[1.605s] -- Found rmw_fastrtps_cpp: 6.2.3 (/opt/ros/humble/share/rmw_fastrtps_cpp/cmake)
[1.748s] -- Found OpenSSL: /usr/lib/x86_64-linux-gnu/libcrypto.so (found version "3.0.2")  
[1.780s] -- Found FastRTPS: /opt/ros/humble/include  
[1.835s] -- Using RMW implementation 'rmw_fastrtps_cpp' as default
[1.844s] -- Looking for pthread.h
[1.919s] -- Looking for pthread.h - found
[1.920s] -- Performing Test CMAKE_HAVE_LIBC_PTHREAD
[2.003s] -- Performing Test CMAKE_HAVE_LIBC_PTHREAD - Success
[2.004s] -- Found Threads: TRUE  
[2.221s] -- Found rclcpp_components: 16.0.5 (/opt/ros/humble/share/rclcpp_components/cmake)
[2.370s] -- Found ament_lint_auto: 0.12.7 (/opt/ros/humble/share/ament_lint_auto/cmake)
[2.512s] -- Added test 'copyright' to check source files copyright and LICENSE
[2.514s] -- Added test 'cppcheck' to perform static code analysis on C / C++ code
[2.514s] -- Configured cppcheck include dirs: /home/jinhemu/ROS2/colcon_test_ws/src/examples/rclcpp/composition/minimal_composition/include
[2.514s] -- Configured cppcheck exclude dirs and/or files: 
[2.516s] -- Added test 'cpplint' to check C / C++ code against the Google style
[2.516s] -- Configured cpplint exclude dirs and/or files: 
[2.520s] -- Added test 'lint_cmake' to check CMake code style
[2.523s] -- Added test 'uncrustify' to check C / C++ code style
[2.523s] -- Configured uncrustify additional arguments: 
[2.523s] -- Added test 'xmllint' to check XML markup files
[2.524s] -- Configuring done
[2.544s] -- Generating done
[2.544s] -- Build files have been written to: /home/jinhemu/ROS2/build/examples_rclcpp_minimal_composition
[2.562s] Invoked command in '/home/jinhemu/ROS2/build/examples_rclcpp_minimal_composition' returned '0': CMAKE_PREFIX_PATH=/opt/ros/humble /usr/bin/cmake /home/jinhemu/ROS2/colcon_test_ws/src/examples/rclcpp/composition/minimal_composition -DCMAKE_INSTALL_PREFIX=/home/jinhemu/ROS2/install/examples_rclcpp_minimal_composition
[2.562s] Invoking command in '/home/jinhemu/ROS2/build/examples_rclcpp_minimal_composition': CMAKE_PREFIX_PATH=/opt/ros/humble /usr/bin/cmake --build /home/jinhemu/ROS2/build/examples_rclcpp_minimal_composition -- -j12 -l12
[2.703s] [ 11%] [32mBuilding CXX object CMakeFiles/composition_nodes.dir/src/subscriber_node.cpp.o[0m
[2.703s] [ 22%] [32mBuilding CXX object CMakeFiles/composition_nodes.dir/src/publisher_node.cpp.o[0m
