[0.211s] Invoking command in '/home/jinhemu/ROS2/town_ws/build/village_wang': CMAKE_PREFIX_PATH=${CMAKE_PREFIX_PATH}:/home/jinhemu/ROS2/town_ws/install/village_li:/opt/ros/humble /usr/bin/cmake --build /home/jinhemu/ROS2/town_ws/build/village_wang -- -j12 -l12
[0.231s] -- Found ament_cmake: 1.3.5 (/opt/ros/humble/share/ament_cmake/cmake)
[0.343s] -- Found rclcpp: 16.0.5 (/opt/ros/humble/share/rclcpp/cmake)
[0.360s] -- Found rosidl_generator_c: 3.1.5 (/opt/ros/humble/share/rosidl_generator_c/cmake)
[0.362s] -- Found rosidl_adapter: 3.1.5 (/opt/ros/humble/share/rosidl_adapter/cmake)
[0.366s] -- Found rosidl_generator_cpp: 3.1.5 (/opt/ros/humble/share/rosidl_generator_cpp/cmake)
[0.373s] -- Using all available rosidl_typesupport_c: rosidl_typesupport_fastrtps_c;rosidl_typesupport_introspection_c
[0.383s] -- Using all available rosidl_typesupport_cpp: rosidl_typesupport_fastrtps_cpp;rosidl_typesupport_introspection_cpp
[0.427s] -- Found rmw_implementation_cmake: 6.1.1 (/opt/ros/humble/share/rmw_implementation_cmake/cmake)
[0.427s] -- Found rmw_fastrtps_cpp: 6.2.3 (/opt/ros/humble/share/rmw_fastrtps_cpp/cmake)
[0.505s] -- Using RMW implementation 'rmw_fastrtps_cpp' as default
[0.612s] -- Found ament_lint_auto: 0.12.7 (/opt/ros/humble/share/ament_lint_auto/cmake)
[0.669s] -- Added test 'cppcheck' to perform static code analysis on C / C++ code
[0.669s] -- Configured cppcheck include dirs: 
[0.669s] -- Configured cppcheck exclude dirs and/or files: 
[0.670s] -- Added test 'lint_cmake' to check CMake code style
[0.670s] -- Added test 'uncrustify' to check C / C++ code style
[0.670s] -- Configured uncrustify additional arguments: 
[0.670s] -- Added test 'xmllint' to check XML markup files
[0.672s] -- Configuring done
[0.679s] -- Generating done
[0.679s] -- Build files have been written to: /home/jinhemu/ROS2/town_ws/build/village_wang
[0.700s] [35m[1mConsolidate compiler generated dependencies of target wang2_node[0m
[0.717s] [ 50%] [32mBuilding CXX object CMakeFiles/wang2_node.dir/src/wang2.cpp.o[0m
[6.266s] [100%] [32m[1mLinking CXX executable wang2_node[0m
[6.537s] [100%] Built target wang2_node
[6.546s] Invoked command in '/home/jinhemu/ROS2/town_ws/build/village_wang' returned '0': CMAKE_PREFIX_PATH=${CMAKE_PREFIX_PATH}:/home/jinhemu/ROS2/town_ws/install/village_li:/opt/ros/humble /usr/bin/cmake --build /home/jinhemu/ROS2/town_ws/build/village_wang -- -j12 -l12
[6.568s] Invoking command in '/home/jinhemu/ROS2/town_ws/build/village_wang': CMAKE_PREFIX_PATH=${CMAKE_PREFIX_PATH}:/home/jinhemu/ROS2/town_ws/install/village_li:/opt/ros/humble /usr/bin/cmake --install /home/jinhemu/ROS2/town_ws/build/village_wang
[6.574s] -- Install configuration: ""
[6.574s] -- Up-to-date: /home/jinhemu/ROS2/town_ws/install/village_wang/share/ament_index/resource_index/package_run_dependencies/village_wang
[6.574s] -- Up-to-date: /home/jinhemu/ROS2/town_ws/install/village_wang/share/ament_index/resource_index/parent_prefix_path/village_wang
[6.574s] -- Up-to-date: /home/jinhemu/ROS2/town_ws/install/village_wang/share/village_wang/environment/ament_prefix_path.sh
[6.574s] -- Installing: /home/jinhemu/ROS2/town_ws/install/village_wang/share/village_wang/environment/ament_prefix_path.dsv
[6.574s] -- Up-to-date: /home/jinhemu/ROS2/town_ws/install/village_wang/share/village_wang/environment/path.sh
[6.575s] -- Installing: /home/jinhemu/ROS2/town_ws/install/village_wang/share/village_wang/environment/path.dsv
[6.575s] -- Up-to-date: /home/jinhemu/ROS2/town_ws/install/village_wang/share/village_wang/local_setup.bash
[6.575s] -- Up-to-date: /home/jinhemu/ROS2/town_ws/install/village_wang/share/village_wang/local_setup.sh
[6.575s] -- Up-to-date: /home/jinhemu/ROS2/town_ws/install/village_wang/share/village_wang/local_setup.zsh
[6.575s] -- Installing: /home/jinhemu/ROS2/town_ws/install/village_wang/share/village_wang/local_setup.dsv
[6.575s] -- Installing: /home/jinhemu/ROS2/town_ws/install/village_wang/share/village_wang/package.dsv
[6.575s] -- Up-to-date: /home/jinhemu/ROS2/town_ws/install/village_wang/share/ament_index/resource_index/packages/village_wang
[6.575s] -- Up-to-date: /home/jinhemu/ROS2/town_ws/install/village_wang/share/village_wang/cmake/village_wangConfig.cmake
[6.575s] -- Up-to-date: /home/jinhemu/ROS2/town_ws/install/village_wang/share/village_wang/cmake/village_wangConfig-version.cmake
[6.575s] -- Up-to-date: /home/jinhemu/ROS2/town_ws/install/village_wang/share/village_wang/package.xml
[6.575s] -- Installing: /home/jinhemu/ROS2/town_ws/install/village_wang/lib/village_wang/wang2_node
[6.577s] -- Set runtime path of "/home/jinhemu/ROS2/town_ws/install/village_wang/lib/village_wang/wang2_node" to ""
[6.580s] Invoked command in '/home/jinhemu/ROS2/town_ws/build/village_wang' returned '0': CMAKE_PREFIX_PATH=${CMAKE_PREFIX_PATH}:/home/jinhemu/ROS2/town_ws/install/village_li:/opt/ros/humble /usr/bin/cmake --install /home/jinhemu/ROS2/town_ws/build/village_wang
