[0.224s] Invoking command in '/home/jinhemu/ROS2/town_ws/build/village_zhang': CMAKE_PREFIX_PATH=/home/jinhemu/ROS2/town_ws/install/village_interfaces:/home/jinhemu/ROS2/town_ws/install/village_zhang:/home/jinhemu/ROS2/town_ws/install/village_wang:/home/jinhemu/ROS2/town_ws/install/village_li:/opt/ros/humble /usr/bin/cmake --build /home/jinhemu/ROS2/town_ws/build/village_zhang -- -j12 -l12
[0.241s] -- Found ament_cmake: 1.3.5 (/opt/ros/humble/share/ament_cmake/cmake)
[0.360s] -- Found rclcpp: 16.0.5 (/opt/ros/humble/share/rclcpp/cmake)
[0.385s] -- Found rosidl_generator_c: 3.1.5 (/opt/ros/humble/share/rosidl_generator_c/cmake)
[0.386s] -- Found rosidl_adapter: 3.1.5 (/opt/ros/humble/share/rosidl_adapter/cmake)
[0.391s] -- Found rosidl_generator_cpp: 3.1.5 (/opt/ros/humble/share/rosidl_generator_cpp/cmake)
[0.399s] -- Using all available rosidl_typesupport_c: rosidl_typesupport_fastrtps_c;rosidl_typesupport_introspection_c
[0.409s] -- Using all available rosidl_typesupport_cpp: rosidl_typesupport_fastrtps_cpp;rosidl_typesupport_introspection_cpp
[0.452s] -- Found rmw_implementation_cmake: 6.1.1 (/opt/ros/humble/share/rmw_implementation_cmake/cmake)
[0.453s] -- Found rmw_fastrtps_cpp: 6.2.3 (/opt/ros/humble/share/rmw_fastrtps_cpp/cmake)
[0.542s] -- Using RMW implementation 'rmw_fastrtps_cpp' as default
[0.669s] -- Found village_interfaces: 0.0.0 (/home/jinhemu/ROS2/town_ws/install/village_interfaces/share/village_interfaces/cmake)
[0.836s] -- Found ament_lint_auto: 0.12.7 (/opt/ros/humble/share/ament_lint_auto/cmake)
[0.893s] -- Added test 'cppcheck' to perform static code analysis on C / C++ code
[0.893s] -- Configured cppcheck include dirs: 
[0.893s] -- Configured cppcheck exclude dirs and/or files: 
[0.893s] -- Added test 'lint_cmake' to check CMake code style
[0.894s] -- Added test 'uncrustify' to check C / C++ code style
[0.894s] -- Configured uncrustify additional arguments: 
[0.894s] -- Added test 'xmllint' to check XML markup files
[0.897s] [31mCMake Error at /opt/ros/humble/share/ament_cmake_core/cmake/environment_hooks/ament_environment_hooks.cmake:29 (message):
[0.897s]   ament_environment_hooks() must be called before
[0.897s]   ament_generate_package_environment() (which is invoked by ament_package())
[0.897s] Call Stack (most recent call first):
[0.897s]   /opt/ros/humble/share/ament_cmake_core/cmake/environment_hooks/ament_cmake_environment_hooks_package_hook.cmake:20 (ament_environment_hooks)
[0.897s]   /opt/ros/humble/share/ament_cmake_core/cmake/core/ament_execute_extensions.cmake:48 (include)
[0.897s]   /opt/ros/humble/share/ament_cmake_core/cmake/core/ament_package.cmake:66 (ament_execute_extensions)
[0.897s]   CMakeLists.txt:37 (ament_package)
[0.897s] 
[0.897s] [0m
[0.897s] -- Configuring incomplete, errors occurred!
[0.897s] See also "/home/jinhemu/ROS2/town_ws/build/village_zhang/CMakeFiles/CMakeOutput.log".
[0.906s] gmake: *** [Makefile:267：cmake_check_build_system] 错误 1
[0.907s] Invoked command in '/home/jinhemu/ROS2/town_ws/build/village_zhang' returned '2': CMAKE_PREFIX_PATH=/home/jinhemu/ROS2/town_ws/install/village_interfaces:/home/jinhemu/ROS2/town_ws/install/village_zhang:/home/jinhemu/ROS2/town_ws/install/village_wang:/home/jinhemu/ROS2/town_ws/install/village_li:/opt/ros/humble /usr/bin/cmake --build /home/jinhemu/ROS2/town_ws/build/village_zhang -- -j12 -l12
