[0.011s] Invoking command in '/home/jinhemu/ROS2/town_ws/build/village_interfaces': CMAKE_PREFIX_PATH=${CMAKE_PREFIX_PATH}:/home/jinhemu/ROS2/town_ws/install/village_li:/opt/ros/humble /usr/bin/cmake --build /home/jinhemu/ROS2/town_ws/build/village_interfaces -- -j12 -l12
[0.028s] [31mCMake Error at CMakeLists.txt:39:
[0.028s]   Parse error.  Function missing ending ")".  Instead found unterminated
[0.028s]   string with text "
[0.029s] 
[0.029s]      DEPENDENCIES sensor_msgs
[0.029s]    )
[0.029s] 
[0.029s]   
[0.029s] 
[0.029s]   
[0.029s] 
[0.029s]   ament_package()
[0.029s] 
[0.029s]   ".
[0.029s] 
[0.029s] [0m
[0.029s] -- Configuring incomplete, errors occurred!
[0.029s] See also "/home/jinhemu/ROS2/town_ws/build/village_interfaces/CMakeFiles/CMakeOutput.log".
[0.030s] gmake: *** [Makefile:747：cmake_check_build_system] 错误 1
[0.034s] Invoked command in '/home/jinhemu/ROS2/town_ws/build/village_interfaces' returned '2': CMAKE_PREFIX_PATH=${CMAKE_PREFIX_PATH}:/home/jinhemu/ROS2/town_ws/install/village_li:/opt/ros/humble /usr/bin/cmake --build /home/jinhemu/ROS2/town_ws/build/village_interfaces -- -j12 -l12
