[0.050s] Invoking command in '/home/jinhemu/ROS2/build/examples_rclcpp_minimal_timer': CMAKE_PREFIX_PATH=/opt/ros/humble /usr/bin/cmake /home/jinhemu/ROS2/colcon_test_ws/src/examples/rclcpp/timers/minimal_timer -DCMAKE_INSTALL_PREFIX=/home/jinhemu/ROS2/install/examples_rclcpp_minimal_timer
[2.499s] -- The C compiler identification is GNU 11.4.0
[2.499s] -- The CXX compiler identification is GNU 11.4.0
[2.499s] -- Detecting C compiler ABI info
[2.499s] -- Detecting C compiler ABI info - done
[2.499s] -- Check for working C compiler: /usr/bin/cc - skipped
[2.499s] -- Detecting C compile features
[2.499s] -- Detecting C compile features - done
[2.499s] -- Detecting CXX compiler ABI info
[2.499s] -- Detecting CXX compiler ABI info - done
[2.499s] -- Check for working CXX compiler: /usr/bin/c++ - skipped
[2.499s] -- Detecting CXX compile features
[2.499s] -- Detecting CXX compile features - done
[2.499s] -- Found ament_cmake: 1.3.5 (/opt/ros/humble/share/ament_cmake/cmake)
[2.499s] -- Found Python3: /usr/bin/python3.10 (found version "3.10.12") found components: Interpreter 
[2.500s] -- Found rclcpp: 16.0.5 (/opt/ros/humble/share/rclcpp/cmake)
[2.500s] -- Found rosidl_generator_c: 3.1.5 (/opt/ros/humble/share/rosidl_generator_c/cmake)
[2.500s] -- Found rosidl_adapter: 3.1.5 (/opt/ros/humble/share/rosidl_adapter/cmake)
[2.500s] -- Found rosidl_generator_cpp: 3.1.5 (/opt/ros/humble/share/rosidl_generator_cpp/cmake)
[2.500s] -- Using all available rosidl_typesupport_c: rosidl_typesupport_fastrtps_c;rosidl_typesupport_introspection_c
[2.500s] -- Using all available rosidl_typesupport_cpp: rosidl_typesupport_fastrtps_cpp;rosidl_typesupport_introspection_cpp
[2.500s] -- Found rmw_implementation_cmake: 6.1.1 (/opt/ros/humble/share/rmw_implementation_cmake/cmake)
[2.500s] -- Found rmw_fastrtps_cpp: 6.2.3 (/opt/ros/humble/share/rmw_fastrtps_cpp/cmake)
[2.500s] -- Found OpenSSL: /usr/lib/x86_64-linux-gnu/libcrypto.so (found version "3.0.2")  
[2.500s] -- Found FastRTPS: /opt/ros/humble/include  
[2.500s] -- Using RMW implementation 'rmw_fastrtps_cpp' as default
[2.500s] -- Looking for pthread.h
[2.500s] -- Looking for pthread.h - found
[2.500s] -- Performing Test CMAKE_HAVE_LIBC_PTHREAD
[2.500s] -- Performing Test CMAKE_HAVE_LIBC_PTHREAD - Success
[2.500s] -- Found Threads: TRUE  
[2.501s] -- Found ament_lint_auto: 0.12.7 (/opt/ros/humble/share/ament_lint_auto/cmake)
[2.501s] -- Added test 'copyright' to check source files copyright and LICENSE
[2.501s] -- Added test 'cppcheck' to perform static code analysis on C / C++ code
[2.501s] -- Configured cppcheck include dirs: 
[2.501s] -- Configured cppcheck exclude dirs and/or files: 
[2.501s] -- Added test 'cpplint' to check C / C++ code against the Google style
[2.501s] -- Configured cpplint exclude dirs and/or files: 
[2.501s] -- Added test 'lint_cmake' to check CMake code style
[2.501s] -- Added test 'uncrustify' to check C / C++ code style
[2.501s] -- Configured uncrustify additional arguments: 
[2.501s] -- Added test 'xmllint' to check XML markup files
[2.501s] -- Configuring done
[2.501s] -- Generating done
[2.501s] -- Build files have been written to: /home/jinhemu/ROS2/build/examples_rclcpp_minimal_timer
[2.516s] Invoked command in '/home/jinhemu/ROS2/build/examples_rclcpp_minimal_timer' returned '0': CMAKE_PREFIX_PATH=/opt/ros/humble /usr/bin/cmake /home/jinhemu/ROS2/colcon_test_ws/src/examples/rclcpp/timers/minimal_timer -DCMAKE_INSTALL_PREFIX=/home/jinhemu/ROS2/install/examples_rclcpp_minimal_timer
[2.517s] Invoking command in '/home/jinhemu/ROS2/build/examples_rclcpp_minimal_timer': CMAKE_PREFIX_PATH=/opt/ros/humble /usr/bin/cmake --build /home/jinhemu/ROS2/build/examples_rclcpp_minimal_timer -- -j12 -l12
[2.597s] [ 25%] [32mBuilding CXX object CMakeFiles/timer_member_function.dir/member_function.cpp.o[0m
[2.646s] [ 50%] [32mBuilding CXX object CMakeFiles/timer_lambda.dir/lambda.cpp.o[0m
