[0.010s] Invoking command in '/home/jinhemu/ROS2/build/village_interfaces': CMAKE_PREFIX_PATH=${CMAKE_PREFIX_PATH}:/home/jinhemu/ROS2/town_ws/install/village_li:/opt/ros/humble /usr/bin/cmake /home/jinhemu/ROS2/town_ws/src/village_interfaces -DCMAKE_INSTALL_PREFIX=/home/jinhemu/ROS2/install/village_interfaces
[0.050s] -- The C compiler identification is GNU 11.4.0
[0.088s] -- The CXX compiler identification is GNU 11.4.0
[0.094s] -- Detecting C compiler ABI info
[0.145s] -- Detecting C compiler ABI info - done
[0.150s] -- Check for working C compiler: /usr/bin/cc - skipped
[0.150s] -- Detecting C compile features
[0.151s] -- Detecting C compile features - done
[0.153s] -- Detecting CXX compiler ABI info
[0.209s] -- Detecting CXX compiler ABI info - done
[0.214s] -- Check for working CXX compiler: /usr/bin/c++ - skipped
[0.214s] -- Detecting CXX compile features
[0.214s] -- Detecting CXX compile features - done
[0.216s] -- Found ament_cmake: 1.3.5 (/opt/ros/humble/share/ament_cmake/cmake)
[0.655s] -- Found Python3: /usr/bin/python3.10 (found version "3.10.12") found components: Interpreter 
[0.719s] -- Found sensor_msgs: 4.2.3 (/opt/ros/humble/share/sensor_msgs/cmake)
[0.745s] -- Found rosidl_generator_c: 3.1.5 (/opt/ros/humble/share/rosidl_generator_c/cmake)
[0.750s] -- Found rosidl_adapter: 3.1.5 (/opt/ros/humble/share/rosidl_adapter/cmake)
[0.756s] -- Found rosidl_generator_cpp: 3.1.5 (/opt/ros/humble/share/rosidl_generator_cpp/cmake)
[0.766s] -- Using all available rosidl_typesupport_c: rosidl_typesupport_fastrtps_c;rosidl_typesupport_introspection_c
[0.780s] -- Using all available rosidl_typesupport_cpp: rosidl_typesupport_fastrtps_cpp;rosidl_typesupport_introspection_cpp
[0.938s] -- Found rosidl_default_generators: 1.2.0 (/opt/ros/humble/share/rosidl_default_generators/cmake)
[0.945s] -- Found ament_lint_auto: 0.12.7 (/opt/ros/humble/share/ament_lint_auto/cmake)
[1.149s] [31mCMake Error at /opt/ros/humble/share/rosidl_adapter/cmake/rosidl_adapt_interfaces.cmake:59 (message):
[1.150s]   execute_process(/usr/bin/python3.10 -m rosidl_adapter --package-name
[1.150s]   village_interfaces --arguments-file
[1.150s]   /home/jinhemu/ROS2/build/village_interfaces/rosidl_adapter__arguments__village_interfaces.json
[1.150s]   --output-dir
[1.150s]   /home/jinhemu/ROS2/build/village_interfaces/rosidl_adapter/village_interfaces
[1.150s]   --output-file
[1.150s]   /home/jinhemu/ROS2/build/village_interfaces/rosidl_adapter/village_interfaces.idls)
[1.150s]   returned error code 1:
[1.150s] 
[1.150s]   Error processing 'sring content' of 'village_interfaces/Novel': ''sring' is
[1.150s]   an invalid message name.  It should have the pattern '^[A-Z][A-Za-z0-9]*$''
[1.150s] 
[1.150s]   Traceback (most recent call last):
[1.150s] 
[1.150s]     File "/usr/lib/python3.10/runpy.py", line 196, in _run_module_as_main
[1.150s]       return _run_code(code, main_globals, None,
[1.150s]     File "/usr/lib/python3.10/runpy.py", line 86, in _run_code
[1.150s]       exec(code, run_globals)
[1.150s]     File "/opt/ros/humble/local/lib/python3.10/dist-packages/rosidl_adapter/__main__.py", line 19, in <module>
[1.150s]       sys.exit(main())
[1.150s]     File "/opt/ros/humble/local/lib/python3.10/dist-packages/rosidl_adapter/main.py", line 53, in main
[1.150s]       abs_idl_file = convert_to_idl(
[1.150s]     File "/opt/ros/humble/local/lib/python3.10/dist-packages/rosidl_adapter/__init__.py", line 19, in convert_to_idl
[1.150s]       return convert_msg_to_idl(
[1.150s]     File "/opt/ros/humble/local/lib/python3.10/dist-packages/rosidl_adapter/msg/__init__.py", line 28, in convert_msg_to_idl
[1.150s]       msg = parse_message_string(package_name, input_file.stem, content)
[1.151s]     File "/opt/ros/humble/local/lib/python3.10/dist-packages/rosidl_adapter/parser.py", line 520, in parse_message_string
[1.151s]       Type(type_string, context_package_name=pkg_name),
[1.151s]     File "/opt/ros/humble/local/lib/python3.10/dist-packages/rosidl_adapter/parser.py", line 277, in __init__
[1.151s]       super(Type, self).__init__(
[1.151s]     File "/opt/ros/humble/local/lib/python3.10/dist-packages/rosidl_adapter/parser.py", line 205, in __init__
[1.151s]       raise InvalidResourceName(
[1.151s] 
[1.151s]   rosidl_adapter.parser.InvalidResourceName: 'sring' is an invalid message
[1.151s]   name.  It should have the pattern '^[A-Z][A-Za-z0-9]*$'
[1.151s] 
[1.151s] Call Stack (most recent call first):
[1.151s]   /opt/ros/humble/share/rosidl_cmake/cmake/rosidl_generate_interfaces.cmake:130 (rosidl_adapt_interfaces)
[1.151s]   CMakeLists.txt:28 (rosidl_generate_interfaces)
[1.151s] 
[1.151s] [0m
[1.151s] -- Configuring incomplete, errors occurred!
[1.151s] See also "/home/jinhemu/ROS2/build/village_interfaces/CMakeFiles/CMakeOutput.log".
[1.156s] Invoked command in '/home/jinhemu/ROS2/build/village_interfaces' returned '1': CMAKE_PREFIX_PATH=${CMAKE_PREFIX_PATH}:/home/jinhemu/ROS2/town_ws/install/village_li:/opt/ros/humble /usr/bin/cmake /home/jinhemu/ROS2/town_ws/src/village_interfaces -DCMAKE_INSTALL_PREFIX=/home/jinhemu/ROS2/install/village_interfaces
