[0.227s] Invoking command in '/home/jinhemu/ROS2/town_ws/build/village_zhang': CMAKE_PREFIX_PATH=/home/jinhemu/ROS2/town_ws/install/village_interfaces:/home/jinhemu/ROS2/town_ws/install/village_zhang:/home/jinhemu/ROS2/town_ws/install/village_wang:/home/jinhemu/ROS2/town_ws/install/village_li:/opt/ros/humble /usr/bin/cmake --build /home/jinhemu/ROS2/town_ws/build/village_zhang -- -j12 -l12
[0.254s] [35m[1mConsolidate compiler generated dependencies of target zhang3_node[0m
[0.267s] [100%] Built target zhang3_node
[0.277s] Invoked command in '/home/jinhemu/ROS2/town_ws/build/village_zhang' returned '0': CMAKE_PREFIX_PATH=/home/jinhemu/ROS2/town_ws/install/village_interfaces:/home/jinhemu/ROS2/town_ws/install/village_zhang:/home/jinhemu/ROS2/town_ws/install/village_wang:/home/jinhemu/ROS2/town_ws/install/village_li:/opt/ros/humble /usr/bin/cmake --build /home/jinhemu/ROS2/town_ws/build/village_zhang -- -j12 -l12
[0.299s] Invoking command in '/home/jinhemu/ROS2/town_ws/build/village_zhang': CMAKE_PREFIX_PATH=/home/jinhemu/ROS2/town_ws/install/village_interfaces:/home/jinhemu/ROS2/town_ws/install/village_zhang:/home/jinhemu/ROS2/town_ws/install/village_wang:/home/jinhemu/ROS2/town_ws/install/village_li:/opt/ros/humble /usr/bin/cmake --install /home/jinhemu/ROS2/town_ws/build/village_zhang
[0.306s] -- Install configuration: ""
[0.306s] -- Up-to-date: /home/jinhemu/ROS2/town_ws/install/village_zhang/share/ament_index/resource_index/package_run_dependencies/village_zhang
[0.306s] -- Up-to-date: /home/jinhemu/ROS2/town_ws/install/village_zhang/share/ament_index/resource_index/parent_prefix_path/village_zhang
[0.306s] -- Up-to-date: /home/jinhemu/ROS2/town_ws/install/village_zhang/share/village_zhang/environment/ament_prefix_path.sh
[0.307s] -- Up-to-date: /home/jinhemu/ROS2/town_ws/install/village_zhang/share/village_zhang/environment/ament_prefix_path.dsv
[0.307s] -- Up-to-date: /home/jinhemu/ROS2/town_ws/install/village_zhang/share/village_zhang/environment/path.sh
[0.307s] -- Up-to-date: /home/jinhemu/ROS2/town_ws/install/village_zhang/share/village_zhang/environment/path.dsv
[0.307s] -- Up-to-date: /home/jinhemu/ROS2/town_ws/install/village_zhang/share/village_zhang/local_setup.bash
[0.307s] -- Up-to-date: /home/jinhemu/ROS2/town_ws/install/village_zhang/share/village_zhang/local_setup.sh
[0.307s] -- Up-to-date: /home/jinhemu/ROS2/town_ws/install/village_zhang/share/village_zhang/local_setup.zsh
[0.307s] -- Up-to-date: /home/jinhemu/ROS2/town_ws/install/village_zhang/share/village_zhang/local_setup.dsv
[0.307s] -- Installing: /home/jinhemu/ROS2/town_ws/install/village_zhang/share/village_zhang/package.dsv
[0.307s] -- Up-to-date: /home/jinhemu/ROS2/town_ws/install/village_zhang/share/ament_index/resource_index/packages/village_zhang
[0.308s] -- Up-to-date: /home/jinhemu/ROS2/town_ws/install/village_zhang/share/village_zhang/cmake/village_zhangConfig.cmake
[0.308s] -- Up-to-date: /home/jinhemu/ROS2/town_ws/install/village_zhang/share/village_zhang/cmake/village_zhangConfig-version.cmake
[0.308s] -- Up-to-date: /home/jinhemu/ROS2/town_ws/install/village_zhang/share/village_zhang/package.xml
[0.317s] Invoked command in '/home/jinhemu/ROS2/town_ws/build/village_zhang' returned '0': CMAKE_PREFIX_PATH=/home/jinhemu/ROS2/town_ws/install/village_interfaces:/home/jinhemu/ROS2/town_ws/install/village_zhang:/home/jinhemu/ROS2/town_ws/install/village_wang:/home/jinhemu/ROS2/town_ws/install/village_li:/opt/ros/humble /usr/bin/cmake --install /home/jinhemu/ROS2/town_ws/build/village_zhang
