[0.011s] Invoking command in '/home/jinhemu/ROS2/town_ws/build/village_interfaces': CMAKE_PREFIX_PATH=${CMAKE_PREFIX_PATH}:/home/jinhemu/ROS2/town_ws/install/village_li:/opt/ros/humble /usr/bin/cmake --build /home/jinhemu/ROS2/town_ws/build/village_interfaces -- -j12 -l12
[0.057s] [  2%] Built target village_interfaces__cpp
[0.057s] [ 12%] Built target village_interfaces__rosidl_generator_c
[0.065s] [ 12%] Built target ament_cmake_python_copy_village_interfaces
[0.075s] [ 38%] Built target village_interfaces__rosidl_typesupport_introspection_c
[0.075s] [ 42%] Built target village_interfaces__rosidl_typesupport_cpp
[0.075s] [ 44%] Built target village_interfaces__rosidl_typesupport_c
[0.076s] [ 55%] Built target village_interfaces__rosidl_typesupport_introspection_cpp
[0.077s] [ 65%] Built target village_interfaces__rosidl_typesupport_fastrtps_cpp
[0.085s] [ 76%] Built target village_interfaces__rosidl_typesupport_fastrtps_c
[0.100s] [ 76%] Built target village_interfaces
[0.117s] [ 78%] Built target village_interfaces__py
[0.134s] [ 87%] Built target village_interfaces__rosidl_generator_py
[0.151s] [100%] Built target village_interfaces__rosidl_typesupport_c__pyext
[0.151s] [100%] Built target village_interfaces__rosidl_typesupport_introspection_c__pyext
[0.151s] [100%] Built target village_interfaces__rosidl_typesupport_fastrtps_c__pyext
[0.248s] running egg_info
[0.251s] writing manifest file 'village_interfaces.egg-info/SOURCES.txt'
[0.271s] [100%] Built target ament_cmake_python_build_village_interfaces_egg
[0.281s] Invoked command in '/home/jinhemu/ROS2/town_ws/build/village_interfaces' returned '0': CMAKE_PREFIX_PATH=${CMAKE_PREFIX_PATH}:/home/jinhemu/ROS2/town_ws/install/village_li:/opt/ros/humble /usr/bin/cmake --build /home/jinhemu/ROS2/town_ws/build/village_interfaces -- -j12 -l12
[0.351s] Invoking command in '/home/jinhemu/ROS2/town_ws/build/village_interfaces': CMAKE_PREFIX_PATH=${CMAKE_PREFIX_PATH}:/home/jinhemu/ROS2/town_ws/install/village_li:/opt/ros/humble /usr/bin/cmake --install /home/jinhemu/ROS2/town_ws/build/village_interfaces
[0.356s] -- Install configuration: ""
[0.356s] -- Up-to-date: /home/jinhemu/ROS2/town_ws/install/village_interfaces/share/ament_index/resource_index/rosidl_interfaces/village_interfaces
[0.356s] -- Up-to-date: /home/jinhemu/ROS2/town_ws/install/village_interfaces/include/village_interfaces/village_interfaces
[0.357s] -- Up-to-date: /home/jinhemu/ROS2/town_ws/install/village_interfaces/include/village_interfaces/village_interfaces/srv
[0.357s] -- Up-to-date: /home/jinhemu/ROS2/town_ws/install/village_interfaces/include/village_interfaces/village_interfaces/srv/borrow_money.h
[0.357s] -- Up-to-date: /home/jinhemu/ROS2/town_ws/install/village_interfaces/include/village_interfaces/village_interfaces/srv/detail
[0.357s] -- Up-to-date: /home/jinhemu/ROS2/town_ws/install/village_interfaces/include/village_interfaces/village_interfaces/srv/detail/borrow_money__type_support.h
[0.357s] -- Up-to-date: /home/jinhemu/ROS2/town_ws/install/village_interfaces/include/village_interfaces/village_interfaces/srv/detail/sell_novel__functions.h
[0.357s] -- Up-to-date: /home/jinhemu/ROS2/town_ws/install/village_interfaces/include/village_interfaces/village_interfaces/srv/detail/borrow_money__functions.c
[0.357s] -- Up-to-date: /home/jinhemu/ROS2/town_ws/install/village_interfaces/include/village_interfaces/village_interfaces/srv/detail/sell_novel__type_support.h
[0.357s] -- Up-to-date: /home/jinhemu/ROS2/town_ws/install/village_interfaces/include/village_interfaces/village_interfaces/srv/detail/sell_novel__functions.c
[0.357s] -- Up-to-date: /home/jinhemu/ROS2/town_ws/install/village_interfaces/include/village_interfaces/village_interfaces/srv/detail/borrow_money__functions.h
[0.357s] -- Up-to-date: /home/jinhemu/ROS2/town_ws/install/village_interfaces/include/village_interfaces/village_interfaces/srv/detail/sell_novel__struct.h
[0.357s] -- Up-to-date: /home/jinhemu/ROS2/town_ws/install/village_interfaces/include/village_interfaces/village_interfaces/srv/detail/borrow_money__struct.h
[0.357s] -- Up-to-date: /home/jinhemu/ROS2/town_ws/install/village_interfaces/include/village_interfaces/village_interfaces/srv/sell_novel.h
[0.357s] -- Up-to-date: /home/jinhemu/ROS2/town_ws/install/village_interfaces/include/village_interfaces/village_interfaces/msg
[0.357s] -- Up-to-date: /home/jinhemu/ROS2/town_ws/install/village_interfaces/include/village_interfaces/village_interfaces/msg/novel.h
[0.357s] -- Up-to-date: /home/jinhemu/ROS2/town_ws/install/village_interfaces/include/village_interfaces/village_interfaces/msg/detail
[0.357s] -- Up-to-date: /home/jinhemu/ROS2/town_ws/install/village_interfaces/include/village_interfaces/village_interfaces/msg/detail/novel__type_support.h
[0.357s] -- Up-to-date: /home/jinhemu/ROS2/town_ws/install/village_interfaces/include/village_interfaces/village_interfaces/msg/detail/novel__functions.c
[0.358s] -- Up-to-date: /home/jinhemu/ROS2/town_ws/install/village_interfaces/include/village_interfaces/village_interfaces/msg/detail/novel__functions.h
[0.358s] -- Up-to-date: /home/jinhemu/ROS2/town_ws/install/village_interfaces/include/village_interfaces/village_interfaces/msg/detail/novel__struct.h
[0.358s] -- Up-to-date: /home/jinhemu/ROS2/town_ws/install/village_interfaces/include/village_interfaces/village_interfaces/msg/rosidl_generator_c__visibility_control.h
[0.358s] -- Up-to-date: /home/jinhemu/ROS2/town_ws/install/village_interfaces/share/village_interfaces/environment/library_path.sh
[0.358s] -- Up-to-date: /home/jinhemu/ROS2/town_ws/install/village_interfaces/share/village_interfaces/environment/library_path.dsv
[0.358s] -- Up-to-date: /home/jinhemu/ROS2/town_ws/install/village_interfaces/lib/libvillage_interfaces__rosidl_generator_c.so
[0.358s] -- Up-to-date: /home/jinhemu/ROS2/town_ws/install/village_interfaces/include/village_interfaces/village_interfaces
[0.358s] -- Up-to-date: /home/jinhemu/ROS2/town_ws/install/village_interfaces/include/village_interfaces/village_interfaces/srv
[0.358s] -- Up-to-date: /home/jinhemu/ROS2/town_ws/install/village_interfaces/include/village_interfaces/village_interfaces/srv/detail
[0.358s] -- Up-to-date: /home/jinhemu/ROS2/town_ws/install/village_interfaces/include/village_interfaces/village_interfaces/srv/detail/sell_novel__rosidl_typesupport_fastrtps_c.h
[0.358s] -- Up-to-date: /home/jinhemu/ROS2/town_ws/install/village_interfaces/include/village_interfaces/village_interfaces/srv/detail/borrow_money__rosidl_typesupport_fastrtps_c.h
[0.358s] -- Up-to-date: /home/jinhemu/ROS2/town_ws/install/village_interfaces/include/village_interfaces/village_interfaces/msg
[0.358s] -- Up-to-date: /home/jinhemu/ROS2/town_ws/install/village_interfaces/include/village_interfaces/village_interfaces/msg/detail
[0.358s] -- Up-to-date: /home/jinhemu/ROS2/town_ws/install/village_interfaces/include/village_interfaces/village_interfaces/msg/detail/novel__rosidl_typesupport_fastrtps_c.h
[0.358s] -- Up-to-date: /home/jinhemu/ROS2/town_ws/install/village_interfaces/include/village_interfaces/village_interfaces/msg/rosidl_typesupport_fastrtps_c__visibility_control.h
[0.358s] -- Up-to-date: /home/jinhemu/ROS2/town_ws/install/village_interfaces/lib/libvillage_interfaces__rosidl_typesupport_fastrtps_c.so
[0.358s] -- Up-to-date: /home/jinhemu/ROS2/town_ws/install/village_interfaces/include/village_interfaces/village_interfaces
[0.358s] -- Up-to-date: /home/jinhemu/ROS2/town_ws/install/village_interfaces/include/village_interfaces/village_interfaces/srv
[0.359s] -- Up-to-date: /home/jinhemu/ROS2/town_ws/install/village_interfaces/include/village_interfaces/village_interfaces/srv/borrow_money.hpp
[0.359s] -- Up-to-date: /home/jinhemu/ROS2/town_ws/install/village_interfaces/include/village_interfaces/village_interfaces/srv/sell_novel.hpp
[0.359s] -- Up-to-date: /home/jinhemu/ROS2/town_ws/install/village_interfaces/include/village_interfaces/village_interfaces/srv/detail
[0.359s] -- Up-to-date: /home/jinhemu/ROS2/town_ws/install/village_interfaces/include/village_interfaces/village_interfaces/srv/detail/sell_novel__traits.hpp
[0.359s] -- Up-to-date: /home/jinhemu/ROS2/town_ws/install/village_interfaces/include/village_interfaces/village_interfaces/srv/detail/sell_novel__builder.hpp
[0.359s] -- Up-to-date: /home/jinhemu/ROS2/town_ws/install/village_interfaces/include/village_interfaces/village_interfaces/srv/detail/borrow_money__traits.hpp
[0.359s] -- Up-to-date: /home/jinhemu/ROS2/town_ws/install/village_interfaces/include/village_interfaces/village_interfaces/srv/detail/borrow_money__builder.hpp
[0.359s] -- Up-to-date: /home/jinhemu/ROS2/town_ws/install/village_interfaces/include/village_interfaces/village_interfaces/srv/detail/borrow_money__struct.hpp
[0.359s] -- Up-to-date: /home/jinhemu/ROS2/town_ws/install/village_interfaces/include/village_interfaces/village_interfaces/srv/detail/sell_novel__struct.hpp
[0.359s] -- Up-to-date: /home/jinhemu/ROS2/town_ws/install/village_interfaces/include/village_interfaces/village_interfaces/msg
[0.359s] -- Up-to-date: /home/jinhemu/ROS2/town_ws/install/village_interfaces/include/village_interfaces/village_interfaces/msg/novel.hpp
[0.359s] -- Up-to-date: /home/jinhemu/ROS2/town_ws/install/village_interfaces/include/village_interfaces/village_interfaces/msg/detail
[0.359s] -- Up-to-date: /home/jinhemu/ROS2/town_ws/install/village_interfaces/include/village_interfaces/village_interfaces/msg/detail/novel__builder.hpp
[0.359s] -- Up-to-date: /home/jinhemu/ROS2/town_ws/install/village_interfaces/include/village_interfaces/village_interfaces/msg/detail/novel__struct.hpp
[0.359s] -- Up-to-date: /home/jinhemu/ROS2/town_ws/install/village_interfaces/include/village_interfaces/village_interfaces/msg/detail/novel__traits.hpp
[0.359s] -- Up-to-date: /home/jinhemu/ROS2/town_ws/install/village_interfaces/include/village_interfaces/village_interfaces
[0.359s] -- Up-to-date: /home/jinhemu/ROS2/town_ws/install/village_interfaces/include/village_interfaces/village_interfaces/srv
[0.359s] -- Up-to-date: /home/jinhemu/ROS2/town_ws/install/village_interfaces/include/village_interfaces/village_interfaces/srv/detail
[0.359s] -- Up-to-date: /home/jinhemu/ROS2/town_ws/install/village_interfaces/include/village_interfaces/village_interfaces/srv/detail/borrow_money__rosidl_typesupport_fastrtps_cpp.hpp
[0.359s] -- Up-to-date: /home/jinhemu/ROS2/town_ws/install/village_interfaces/include/village_interfaces/village_interfaces/srv/detail/dds_fastrtps
[0.359s] -- Up-to-date: /home/jinhemu/ROS2/town_ws/install/village_interfaces/include/village_interfaces/village_interfaces/srv/detail/sell_novel__rosidl_typesupport_fastrtps_cpp.hpp
[0.359s] -- Up-to-date: /home/jinhemu/ROS2/town_ws/install/village_interfaces/include/village_interfaces/village_interfaces/msg
[0.359s] -- Up-to-date: /home/jinhemu/ROS2/town_ws/install/village_interfaces/include/village_interfaces/village_interfaces/msg/rosidl_typesupport_fastrtps_cpp__visibility_control.h
[0.360s] -- Up-to-date: /home/jinhemu/ROS2/town_ws/install/village_interfaces/include/village_interfaces/village_interfaces/msg/detail
[0.360s] -- Up-to-date: /home/jinhemu/ROS2/town_ws/install/village_interfaces/include/village_interfaces/village_interfaces/msg/detail/dds_fastrtps
[0.360s] -- Up-to-date: /home/jinhemu/ROS2/town_ws/install/village_interfaces/include/village_interfaces/village_interfaces/msg/detail/novel__rosidl_typesupport_fastrtps_cpp.hpp
[0.360s] -- Up-to-date: /home/jinhemu/ROS2/town_ws/install/village_interfaces/lib/libvillage_interfaces__rosidl_typesupport_fastrtps_cpp.so
[0.360s] -- Up-to-date: /home/jinhemu/ROS2/town_ws/install/village_interfaces/include/village_interfaces/village_interfaces
[0.360s] -- Up-to-date: /home/jinhemu/ROS2/town_ws/install/village_interfaces/include/village_interfaces/village_interfaces/srv
[0.360s] -- Up-to-date: /home/jinhemu/ROS2/town_ws/install/village_interfaces/include/village_interfaces/village_interfaces/srv/detail
[0.360s] -- Up-to-date: /home/jinhemu/ROS2/town_ws/install/village_interfaces/include/village_interfaces/village_interfaces/srv/detail/sell_novel__rosidl_typesupport_introspection_c.h
[0.360s] -- Up-to-date: /home/jinhemu/ROS2/town_ws/install/village_interfaces/include/village_interfaces/village_interfaces/srv/detail/sell_novel__type_support.c
[0.360s] -- Up-to-date: /home/jinhemu/ROS2/town_ws/install/village_interfaces/include/village_interfaces/village_interfaces/srv/detail/borrow_money__type_support.c
[0.360s] -- Up-to-date: /home/jinhemu/ROS2/town_ws/install/village_interfaces/include/village_interfaces/village_interfaces/srv/detail/borrow_money__rosidl_typesupport_introspection_c.h
[0.360s] -- Up-to-date: /home/jinhemu/ROS2/town_ws/install/village_interfaces/include/village_interfaces/village_interfaces/msg
[0.360s] -- Up-to-date: /home/jinhemu/ROS2/town_ws/install/village_interfaces/include/village_interfaces/village_interfaces/msg/rosidl_typesupport_introspection_c__visibility_control.h
[0.360s] -- Up-to-date: /home/jinhemu/ROS2/town_ws/install/village_interfaces/include/village_interfaces/village_interfaces/msg/detail
[0.360s] -- Up-to-date: /home/jinhemu/ROS2/town_ws/install/village_interfaces/include/village_interfaces/village_interfaces/msg/detail/novel__type_support.c
[0.360s] -- Up-to-date: /home/jinhemu/ROS2/town_ws/install/village_interfaces/include/village_interfaces/village_interfaces/msg/detail/novel__rosidl_typesupport_introspection_c.h
[0.360s] -- Up-to-date: /home/jinhemu/ROS2/town_ws/install/village_interfaces/lib/libvillage_interfaces__rosidl_typesupport_introspection_c.so
[0.360s] -- Up-to-date: /home/jinhemu/ROS2/town_ws/install/village_interfaces/lib/libvillage_interfaces__rosidl_typesupport_c.so
[0.360s] -- Up-to-date: /home/jinhemu/ROS2/town_ws/install/village_interfaces/include/village_interfaces/village_interfaces
[0.360s] -- Up-to-date: /home/jinhemu/ROS2/town_ws/install/village_interfaces/include/village_interfaces/village_interfaces/srv
[0.360s] -- Up-to-date: /home/jinhemu/ROS2/town_ws/install/village_interfaces/include/village_interfaces/village_interfaces/srv/detail
[0.360s] -- Up-to-date: /home/jinhemu/ROS2/town_ws/install/village_interfaces/include/village_interfaces/village_interfaces/srv/detail/sell_novel__type_support.cpp
[0.361s] -- Up-to-date: /home/jinhemu/ROS2/town_ws/install/village_interfaces/include/village_interfaces/village_interfaces/srv/detail/sell_novel__rosidl_typesupport_introspection_cpp.hpp
[0.361s] -- Up-to-date: /home/jinhemu/ROS2/town_ws/install/village_interfaces/include/village_interfaces/village_interfaces/srv/detail/borrow_money__rosidl_typesupport_introspection_cpp.hpp
[0.361s] -- Up-to-date: /home/jinhemu/ROS2/town_ws/install/village_interfaces/include/village_interfaces/village_interfaces/srv/detail/borrow_money__type_support.cpp
[0.361s] -- Up-to-date: /home/jinhemu/ROS2/town_ws/install/village_interfaces/include/village_interfaces/village_interfaces/msg
[0.361s] -- Up-to-date: /home/jinhemu/ROS2/town_ws/install/village_interfaces/include/village_interfaces/village_interfaces/msg/detail
[0.361s] -- Up-to-date: /home/jinhemu/ROS2/town_ws/install/village_interfaces/include/village_interfaces/village_interfaces/msg/detail/novel__type_support.cpp
[0.361s] -- Up-to-date: /home/jinhemu/ROS2/town_ws/install/village_interfaces/include/village_interfaces/village_interfaces/msg/detail/novel__rosidl_typesupport_introspection_cpp.hpp
[0.361s] -- Up-to-date: /home/jinhemu/ROS2/town_ws/install/village_interfaces/lib/libvillage_interfaces__rosidl_typesupport_introspection_cpp.so
[0.361s] -- Up-to-date: /home/jinhemu/ROS2/town_ws/install/village_interfaces/lib/libvillage_interfaces__rosidl_typesupport_cpp.so
[0.361s] -- Up-to-date: /home/jinhemu/ROS2/town_ws/install/village_interfaces/share/village_interfaces/environment/pythonpath.sh
[0.361s] -- Up-to-date: /home/jinhemu/ROS2/town_ws/install/village_interfaces/share/village_interfaces/environment/pythonpath.dsv
[0.361s] -- Up-to-date: /home/jinhemu/ROS2/town_ws/install/village_interfaces/local/lib/python3.10/dist-packages/village_interfaces-0.0.0-py3.10.egg-info
[0.361s] -- Installing: /home/jinhemu/ROS2/town_ws/install/village_interfaces/local/lib/python3.10/dist-packages/village_interfaces-0.0.0-py3.10.egg-info/PKG-INFO
[0.361s] -- Installing: /home/jinhemu/ROS2/town_ws/install/village_interfaces/local/lib/python3.10/dist-packages/village_interfaces-0.0.0-py3.10.egg-info/top_level.txt
[0.361s] -- Installing: /home/jinhemu/ROS2/town_ws/install/village_interfaces/local/lib/python3.10/dist-packages/village_interfaces-0.0.0-py3.10.egg-info/SOURCES.txt
[0.361s] -- Installing: /home/jinhemu/ROS2/town_ws/install/village_interfaces/local/lib/python3.10/dist-packages/village_interfaces-0.0.0-py3.10.egg-info/dependency_links.txt
[0.361s] -- Up-to-date: /home/jinhemu/ROS2/town_ws/install/village_interfaces/local/lib/python3.10/dist-packages/village_interfaces
[0.361s] -- Up-to-date: /home/jinhemu/ROS2/town_ws/install/village_interfaces/local/lib/python3.10/dist-packages/village_interfaces/srv
[0.361s] -- Up-to-date: /home/jinhemu/ROS2/town_ws/install/village_interfaces/local/lib/python3.10/dist-packages/village_interfaces/srv/__init__.py
[0.361s] -- Up-to-date: /home/jinhemu/ROS2/town_ws/install/village_interfaces/local/lib/python3.10/dist-packages/village_interfaces/srv/_borrow_money.py
[0.361s] -- Up-to-date: /home/jinhemu/ROS2/town_ws/install/village_interfaces/local/lib/python3.10/dist-packages/village_interfaces/srv/_sell_novel_s.c
[0.361s] -- Up-to-date: /home/jinhemu/ROS2/town_ws/install/village_interfaces/local/lib/python3.10/dist-packages/village_interfaces/srv/_borrow_money_s.c
[0.361s] -- Up-to-date: /home/jinhemu/ROS2/town_ws/install/village_interfaces/local/lib/python3.10/dist-packages/village_interfaces/srv/_sell_novel.py
[0.362s] -- Up-to-date: /home/jinhemu/ROS2/town_ws/install/village_interfaces/local/lib/python3.10/dist-packages/village_interfaces/__init__.py
[0.362s] -- Up-to-date: /home/jinhemu/ROS2/town_ws/install/village_interfaces/local/lib/python3.10/dist-packages/village_interfaces/_village_interfaces_s.ep.rosidl_typesupport_c.c
[0.362s] -- Up-to-date: /home/jinhemu/ROS2/town_ws/install/village_interfaces/local/lib/python3.10/dist-packages/village_interfaces/village_interfaces_s__rosidl_typesupport_c.cpython-310-x86_64-linux-gnu.so
[0.362s] -- Up-to-date: /home/jinhemu/ROS2/town_ws/install/village_interfaces/local/lib/python3.10/dist-packages/village_interfaces/village_interfaces_s__rosidl_typesupport_fastrtps_c.cpython-310-x86_64-linux-gnu.so
[0.362s] -- Up-to-date: /home/jinhemu/ROS2/town_ws/install/village_interfaces/local/lib/python3.10/dist-packages/village_interfaces/village_interfaces_s__rosidl_typesupport_introspection_c.cpython-310-x86_64-linux-gnu.so
[0.362s] -- Up-to-date: /home/jinhemu/ROS2/town_ws/install/village_interfaces/local/lib/python3.10/dist-packages/village_interfaces/_village_interfaces_s.ep.rosidl_typesupport_fastrtps_c.c
[0.362s] -- Up-to-date: /home/jinhemu/ROS2/town_ws/install/village_interfaces/local/lib/python3.10/dist-packages/village_interfaces/_village_interfaces_s.ep.rosidl_typesupport_introspection_c.c
[0.362s] -- Up-to-date: /home/jinhemu/ROS2/town_ws/install/village_interfaces/local/lib/python3.10/dist-packages/village_interfaces/libvillage_interfaces__rosidl_generator_py.so
[0.362s] -- Up-to-date: /home/jinhemu/ROS2/town_ws/install/village_interfaces/local/lib/python3.10/dist-packages/village_interfaces/msg
[0.362s] -- Up-to-date: /home/jinhemu/ROS2/town_ws/install/village_interfaces/local/lib/python3.10/dist-packages/village_interfaces/msg/__init__.py
[0.362s] -- Up-to-date: /home/jinhemu/ROS2/town_ws/install/village_interfaces/local/lib/python3.10/dist-packages/village_interfaces/msg/_novel.py
[0.362s] -- Up-to-date: /home/jinhemu/ROS2/town_ws/install/village_interfaces/local/lib/python3.10/dist-packages/village_interfaces/msg/_novel_s.c
[0.392s] Listing '/home/jinhemu/ROS2/town_ws/install/village_interfaces/local/lib/python3.10/dist-packages/village_interfaces'...
[0.392s] Listing '/home/jinhemu/ROS2/town_ws/install/village_interfaces/local/lib/python3.10/dist-packages/village_interfaces/msg'...
[0.392s] Listing '/home/jinhemu/ROS2/town_ws/install/village_interfaces/local/lib/python3.10/dist-packages/village_interfaces/srv'...
[0.396s] -- Up-to-date: /home/jinhemu/ROS2/town_ws/install/village_interfaces/local/lib/python3.10/dist-packages/village_interfaces/village_interfaces_s__rosidl_typesupport_fastrtps_c.cpython-310-x86_64-linux-gnu.so
[0.396s] -- Up-to-date: /home/jinhemu/ROS2/town_ws/install/village_interfaces/local/lib/python3.10/dist-packages/village_interfaces/village_interfaces_s__rosidl_typesupport_introspection_c.cpython-310-x86_64-linux-gnu.so
[0.396s] -- Up-to-date: /home/jinhemu/ROS2/town_ws/install/village_interfaces/local/lib/python3.10/dist-packages/village_interfaces/village_interfaces_s__rosidl_typesupport_c.cpython-310-x86_64-linux-gnu.so
[0.396s] -- Up-to-date: /home/jinhemu/ROS2/town_ws/install/village_interfaces/lib/libvillage_interfaces__rosidl_generator_py.so
[0.397s] -- Up-to-date: /home/jinhemu/ROS2/town_ws/install/village_interfaces/share/village_interfaces/msg/Novel.idl
[0.397s] -- Up-to-date: /home/jinhemu/ROS2/town_ws/install/village_interfaces/share/village_interfaces/srv/BorrowMoney.idl
[0.397s] -- Up-to-date: /home/jinhemu/ROS2/town_ws/install/village_interfaces/share/village_interfaces/srv/SellNovel.idl
[0.397s] -- Up-to-date: /home/jinhemu/ROS2/town_ws/install/village_interfaces/share/village_interfaces/msg/Novel.msg
[0.397s] -- Up-to-date: /home/jinhemu/ROS2/town_ws/install/village_interfaces/share/village_interfaces/srv/BorrowMoney.srv
[0.397s] -- Up-to-date: /home/jinhemu/ROS2/town_ws/install/village_interfaces/share/village_interfaces/srv/BorrowMoney_Request.msg
[0.397s] -- Up-to-date: /home/jinhemu/ROS2/town_ws/install/village_interfaces/share/village_interfaces/srv/BorrowMoney_Response.msg
[0.397s] -- Up-to-date: /home/jinhemu/ROS2/town_ws/install/village_interfaces/share/village_interfaces/srv/SellNovel.srv
[0.397s] -- Up-to-date: /home/jinhemu/ROS2/town_ws/install/village_interfaces/share/village_interfaces/srv/SellNovel_Request.msg
[0.397s] -- Up-to-date: /home/jinhemu/ROS2/town_ws/install/village_interfaces/share/village_interfaces/srv/SellNovel_Response.msg
[0.397s] -- Up-to-date: /home/jinhemu/ROS2/town_ws/install/village_interfaces/share/ament_index/resource_index/package_run_dependencies/village_interfaces
[0.397s] -- Up-to-date: /home/jinhemu/ROS2/town_ws/install/village_interfaces/share/ament_index/resource_index/parent_prefix_path/village_interfaces
[0.397s] -- Up-to-date: /home/jinhemu/ROS2/town_ws/install/village_interfaces/share/village_interfaces/environment/ament_prefix_path.sh
[0.397s] -- Up-to-date: /home/jinhemu/ROS2/town_ws/install/village_interfaces/share/village_interfaces/environment/ament_prefix_path.dsv
[0.397s] -- Up-to-date: /home/jinhemu/ROS2/town_ws/install/village_interfaces/share/village_interfaces/environment/path.sh
[0.397s] -- Up-to-date: /home/jinhemu/ROS2/town_ws/install/village_interfaces/share/village_interfaces/environment/path.dsv
[0.397s] -- Up-to-date: /home/jinhemu/ROS2/town_ws/install/village_interfaces/share/village_interfaces/local_setup.bash
[0.397s] -- Up-to-date: /home/jinhemu/ROS2/town_ws/install/village_interfaces/share/village_interfaces/local_setup.sh
[0.397s] -- Up-to-date: /home/jinhemu/ROS2/town_ws/install/village_interfaces/share/village_interfaces/local_setup.zsh
[0.397s] -- Up-to-date: /home/jinhemu/ROS2/town_ws/install/village_interfaces/share/village_interfaces/local_setup.dsv
[0.398s] -- Installing: /home/jinhemu/ROS2/town_ws/install/village_interfaces/share/village_interfaces/package.dsv
[0.398s] -- Up-to-date: /home/jinhemu/ROS2/town_ws/install/village_interfaces/share/ament_index/resource_index/packages/village_interfaces
[0.398s] -- Up-to-date: /home/jinhemu/ROS2/town_ws/install/village_interfaces/share/village_interfaces/cmake/export_village_interfaces__rosidl_generator_cExport.cmake
[0.398s] -- Up-to-date: /home/jinhemu/ROS2/town_ws/install/village_interfaces/share/village_interfaces/cmake/export_village_interfaces__rosidl_generator_cExport-noconfig.cmake
[0.398s] -- Up-to-date: /home/jinhemu/ROS2/town_ws/install/village_interfaces/share/village_interfaces/cmake/export_village_interfaces__rosidl_typesupport_fastrtps_cExport.cmake
[0.398s] -- Up-to-date: /home/jinhemu/ROS2/town_ws/install/village_interfaces/share/village_interfaces/cmake/export_village_interfaces__rosidl_typesupport_fastrtps_cExport-noconfig.cmake
[0.398s] -- Up-to-date: /home/jinhemu/ROS2/town_ws/install/village_interfaces/share/village_interfaces/cmake/export_village_interfaces__rosidl_generator_cppExport.cmake
[0.398s] -- Up-to-date: /home/jinhemu/ROS2/town_ws/install/village_interfaces/share/village_interfaces/cmake/export_village_interfaces__rosidl_typesupport_fastrtps_cppExport.cmake
[0.398s] -- Up-to-date: /home/jinhemu/ROS2/town_ws/install/village_interfaces/share/village_interfaces/cmake/export_village_interfaces__rosidl_typesupport_fastrtps_cppExport-noconfig.cmake
[0.398s] -- Up-to-date: /home/jinhemu/ROS2/town_ws/install/village_interfaces/share/village_interfaces/cmake/village_interfaces__rosidl_typesupport_introspection_cExport.cmake
[0.398s] -- Up-to-date: /home/jinhemu/ROS2/town_ws/install/village_interfaces/share/village_interfaces/cmake/village_interfaces__rosidl_typesupport_introspection_cExport-noconfig.cmake
[0.398s] -- Up-to-date: /home/jinhemu/ROS2/town_ws/install/village_interfaces/share/village_interfaces/cmake/village_interfaces__rosidl_typesupport_cExport.cmake
[0.398s] -- Up-to-date: /home/jinhemu/ROS2/town_ws/install/village_interfaces/share/village_interfaces/cmake/village_interfaces__rosidl_typesupport_cExport-noconfig.cmake
[0.398s] -- Up-to-date: /home/jinhemu/ROS2/town_ws/install/village_interfaces/share/village_interfaces/cmake/village_interfaces__rosidl_typesupport_introspection_cppExport.cmake
[0.398s] -- Up-to-date: /home/jinhemu/ROS2/town_ws/install/village_interfaces/share/village_interfaces/cmake/village_interfaces__rosidl_typesupport_introspection_cppExport-noconfig.cmake
[0.398s] -- Up-to-date: /home/jinhemu/ROS2/town_ws/install/village_interfaces/share/village_interfaces/cmake/village_interfaces__rosidl_typesupport_cppExport.cmake
[0.398s] -- Up-to-date: /home/jinhemu/ROS2/town_ws/install/village_interfaces/share/village_interfaces/cmake/village_interfaces__rosidl_typesupport_cppExport-noconfig.cmake
[0.398s] -- Up-to-date: /home/jinhemu/ROS2/town_ws/install/village_interfaces/share/village_interfaces/cmake/export_village_interfaces__rosidl_generator_pyExport.cmake
[0.398s] -- Up-to-date: /home/jinhemu/ROS2/town_ws/install/village_interfaces/share/village_interfaces/cmake/export_village_interfaces__rosidl_generator_pyExport-noconfig.cmake
[0.398s] -- Up-to-date: /home/jinhemu/ROS2/town_ws/install/village_interfaces/share/village_interfaces/cmake/rosidl_cmake-extras.cmake
[0.398s] -- Up-to-date: /home/jinhemu/ROS2/town_ws/install/village_interfaces/share/village_interfaces/cmake/ament_cmake_export_dependencies-extras.cmake
[0.399s] -- Up-to-date: /home/jinhemu/ROS2/town_ws/install/village_interfaces/share/village_interfaces/cmake/ament_cmake_export_include_directories-extras.cmake
[0.399s] -- Up-to-date: /home/jinhemu/ROS2/town_ws/install/village_interfaces/share/village_interfaces/cmake/ament_cmake_export_libraries-extras.cmake
[0.399s] -- Up-to-date: /home/jinhemu/ROS2/town_ws/install/village_interfaces/share/village_interfaces/cmake/ament_cmake_export_targets-extras.cmake
[0.399s] -- Up-to-date: /home/jinhemu/ROS2/town_ws/install/village_interfaces/share/village_interfaces/cmake/rosidl_cmake_export_typesupport_targets-extras.cmake
[0.399s] -- Up-to-date: /home/jinhemu/ROS2/town_ws/install/village_interfaces/share/village_interfaces/cmake/rosidl_cmake_export_typesupport_libraries-extras.cmake
[0.399s] -- Up-to-date: /home/jinhemu/ROS2/town_ws/install/village_interfaces/share/village_interfaces/cmake/village_interfacesConfig.cmake
[0.399s] -- Up-to-date: /home/jinhemu/ROS2/town_ws/install/village_interfaces/share/village_interfaces/cmake/village_interfacesConfig-version.cmake
[0.399s] -- Up-to-date: /home/jinhemu/ROS2/town_ws/install/village_interfaces/share/village_interfaces/package.xml
[0.401s] Invoked command in '/home/jinhemu/ROS2/town_ws/build/village_interfaces' returned '0': CMAKE_PREFIX_PATH=${CMAKE_PREFIX_PATH}:/home/jinhemu/ROS2/town_ws/install/village_li:/opt/ros/humble /usr/bin/cmake --install /home/jinhemu/ROS2/town_ws/build/village_interfaces
