[0.057s] Invoking command in '/home/jinhemu/ROS2/build/examples_rclcpp_wait_set': CMAKE_PREFIX_PATH=/opt/ros/humble /usr/bin/cmake /home/jinhemu/ROS2/colcon_test_ws/src/examples/rclcpp/wait_set -DCMAKE_INSTALL_PREFIX=/home/jinhemu/ROS2/install/examples_rclcpp_wait_set
[2.499s] -- The C compiler identification is GNU 11.4.0
[2.499s] -- The CXX compiler identification is GNU 11.4.0
[2.499s] -- Detecting C compiler ABI info
[2.499s] -- Detecting C compiler ABI info - done
[2.499s] -- Check for working C compiler: /usr/bin/cc - skipped
[2.499s] -- Detecting C compile features
[2.500s] -- Detecting C compile features - done
[2.500s] -- Detecting CXX compiler ABI info
[2.500s] -- Detecting CXX compiler ABI info - done
[2.500s] -- Check for working CXX compiler: /usr/bin/c++ - skipped
[2.500s] -- Detecting CXX compile features
[2.500s] -- Detecting CXX compile features - done
[2.500s] -- Found ament_cmake: 1.3.5 (/opt/ros/humble/share/ament_cmake/cmake)
[2.500s] -- Found Python3: /usr/bin/python3.10 (found version "3.10.12") found components: Interpreter 
[2.500s] -- Found example_interfaces: 0.9.3 (/opt/ros/humble/share/example_interfaces/cmake)
[2.500s] -- Found rosidl_generator_c: 3.1.5 (/opt/ros/humble/share/rosidl_generator_c/cmake)
[2.500s] -- Found rosidl_adapter: 3.1.5 (/opt/ros/humble/share/rosidl_adapter/cmake)
[2.500s] -- Found rosidl_generator_cpp: 3.1.5 (/opt/ros/humble/share/rosidl_generator_cpp/cmake)
[2.502s] -- Using all available rosidl_typesupport_c: rosidl_typesupport_fastrtps_c;rosidl_typesupport_introspection_c
[2.503s] -- Using all available rosidl_typesupport_cpp: rosidl_typesupport_fastrtps_cpp;rosidl_typesupport_introspection_cpp
[2.503s] -- Found rclcpp: 16.0.5 (/opt/ros/humble/share/rclcpp/cmake)
[2.503s] -- Found rmw_implementation_cmake: 6.1.1 (/opt/ros/humble/share/rmw_implementation_cmake/cmake)
[2.503s] -- Found rmw_fastrtps_cpp: 6.2.3 (/opt/ros/humble/share/rmw_fastrtps_cpp/cmake)
[2.503s] -- Found OpenSSL: /usr/lib/x86_64-linux-gnu/libcrypto.so (found version "3.0.2")  
[2.503s] -- Found FastRTPS: /opt/ros/humble/include  
[2.503s] -- Using RMW implementation 'rmw_fastrtps_cpp' as default
[2.503s] -- Looking for pthread.h
[2.503s] -- Looking for pthread.h - found
[2.503s] -- Performing Test CMAKE_HAVE_LIBC_PTHREAD
[2.503s] -- Performing Test CMAKE_HAVE_LIBC_PTHREAD - Success
[2.503s] -- Found Threads: TRUE  
[2.907s] -- Found rclcpp_components: 16.0.5 (/opt/ros/humble/share/rclcpp_components/cmake)
[3.221s] -- Found ament_lint_auto: 0.12.7 (/opt/ros/humble/share/ament_lint_auto/cmake)
[3.637s] -- Added test 'copyright' to check source files copyright and LICENSE
[3.642s] -- Added test 'cppcheck' to perform static code analysis on C / C++ code
[3.647s] -- Configured cppcheck include dirs: /home/jinhemu/ROS2/colcon_test_ws/src/examples/rclcpp/wait_set/include
[3.647s] -- Configured cppcheck exclude dirs and/or files: 
[3.666s] -- Added test 'cpplint' to check C / C++ code against the Google style
[3.666s] -- Configured cpplint exclude dirs and/or files: 
[3.669s] -- Added test 'lint_cmake' to check CMake code style
[3.690s] -- Added test 'uncrustify' to check C / C++ code style
[3.690s] -- Configured uncrustify additional arguments: 
[3.692s] -- Added test 'xmllint' to check XML markup files
[3.696s] -- Configuring done
[3.964s] -- Generating done
[3.991s] -- Build files have been written to: /home/jinhemu/ROS2/build/examples_rclcpp_wait_set
[4.057s] Invoked command in '/home/jinhemu/ROS2/build/examples_rclcpp_wait_set' returned '0': CMAKE_PREFIX_PATH=/opt/ros/humble /usr/bin/cmake /home/jinhemu/ROS2/colcon_test_ws/src/examples/rclcpp/wait_set -DCMAKE_INSTALL_PREFIX=/home/jinhemu/ROS2/install/examples_rclcpp_wait_set
[4.058s] Invoking command in '/home/jinhemu/ROS2/build/examples_rclcpp_wait_set': CMAKE_PREFIX_PATH=/opt/ros/humble /usr/bin/cmake --build /home/jinhemu/ROS2/build/examples_rclcpp_wait_set -- -j12 -l12
