[0.380s] Invoking command in '/home/jinhemu/ROS2/turtle_ws/src/turtle_battle': PYTHONPATH=/home/jinhemu/ROS2/turtle_ws/build/turtle_battle/prefix_override:/home/jinhemu/ROS2/turtle_ws/install/turtle_battle/lib/python3.10/site-packages:${PYTHONPATH} /usr/bin/python3 setup.py egg_info --egg-base ../../build/turtle_battle build --build-base /home/jinhemu/ROS2/turtle_ws/build/turtle_battle/build install --record /home/jinhemu/ROS2/turtle_ws/build/turtle_battle/install.log --install-scripts $base/lib/turtle_battle --single-version-externally-managed
[0.516s] /usr/lib/python3/dist-packages/setuptools/dist.py:723: UserWarning: Usage of dash-separated 'script-dir' will not be supported in future versions. Please use the underscore name 'script_dir' instead
[0.516s]   warnings.warn(
[0.520s] running egg_info
[0.521s] creating ../../build/turtle_battle/turtle_battle.egg-info
[0.521s] writing ../../build/turtle_battle/turtle_battle.egg-info/PKG-INFO
[0.521s] writing dependency_links to ../../build/turtle_battle/turtle_battle.egg-info/dependency_links.txt
[0.521s] writing entry points to ../../build/turtle_battle/turtle_battle.egg-info/entry_points.txt
[0.521s] writing requirements to ../../build/turtle_battle/turtle_battle.egg-info/requires.txt
[0.521s] writing top-level names to ../../build/turtle_battle/turtle_battle.egg-info/top_level.txt
[0.521s] writing manifest file '../../build/turtle_battle/turtle_battle.egg-info/SOURCES.txt'
[0.522s] reading manifest file '../../build/turtle_battle/turtle_battle.egg-info/SOURCES.txt'
[0.523s] writing manifest file '../../build/turtle_battle/turtle_battle.egg-info/SOURCES.txt'
[0.523s] running build
[0.523s] running build_py
[0.523s] creating /home/jinhemu/ROS2/turtle_ws/build/turtle_battle/build
[0.523s] creating /home/jinhemu/ROS2/turtle_ws/build/turtle_battle/build/lib
[0.523s] creating /home/jinhemu/ROS2/turtle_ws/build/turtle_battle/build/lib/turtle_battle
[0.523s] copying turtle_battle/__init__.py -> /home/jinhemu/ROS2/turtle_ws/build/turtle_battle/build/lib/turtle_battle
[0.523s] copying turtle_battle/battle.py -> /home/jinhemu/ROS2/turtle_ws/build/turtle_battle/build/lib/turtle_battle
[0.523s] copying turtle_battle/turtle_spawner.py -> /home/jinhemu/ROS2/turtle_ws/build/turtle_battle/build/lib/turtle_battle
[0.523s] running install
[0.523s] /usr/lib/python3/dist-packages/setuptools/command/install.py:34: SetuptoolsDeprecationWarning: setup.py install is deprecated. Use build and pip and other standards-based tools.
[0.523s]   warnings.warn(
[0.523s] running install_lib
[0.524s] creating /home/jinhemu/ROS2/turtle_ws/install/turtle_battle/lib/python3.10/site-packages/turtle_battle
[0.524s] copying /home/jinhemu/ROS2/turtle_ws/build/turtle_battle/build/lib/turtle_battle/__init__.py -> /home/jinhemu/ROS2/turtle_ws/install/turtle_battle/lib/python3.10/site-packages/turtle_battle
[0.524s] copying /home/jinhemu/ROS2/turtle_ws/build/turtle_battle/build/lib/turtle_battle/battle.py -> /home/jinhemu/ROS2/turtle_ws/install/turtle_battle/lib/python3.10/site-packages/turtle_battle
[0.524s] copying /home/jinhemu/ROS2/turtle_ws/build/turtle_battle/build/lib/turtle_battle/turtle_spawner.py -> /home/jinhemu/ROS2/turtle_ws/install/turtle_battle/lib/python3.10/site-packages/turtle_battle
[0.524s] byte-compiling /home/jinhemu/ROS2/turtle_ws/install/turtle_battle/lib/python3.10/site-packages/turtle_battle/__init__.py to __init__.cpython-310.pyc
[0.524s] byte-compiling /home/jinhemu/ROS2/turtle_ws/install/turtle_battle/lib/python3.10/site-packages/turtle_battle/battle.py to battle.cpython-310.pyc
[0.524s] byte-compiling /home/jinhemu/ROS2/turtle_ws/install/turtle_battle/lib/python3.10/site-packages/turtle_battle/turtle_spawner.py to turtle_spawner.cpython-310.pyc
[0.525s] running install_data
[0.525s] creating /home/jinhemu/ROS2/turtle_ws/install/turtle_battle/share/ament_index
[0.525s] creating /home/jinhemu/ROS2/turtle_ws/install/turtle_battle/share/ament_index/resource_index
[0.525s] creating /home/jinhemu/ROS2/turtle_ws/install/turtle_battle/share/ament_index/resource_index/packages
[0.525s] copying resource/turtle_battle -> /home/jinhemu/ROS2/turtle_ws/install/turtle_battle/share/ament_index/resource_index/packages
[0.525s] copying package.xml -> /home/jinhemu/ROS2/turtle_ws/install/turtle_battle/share/turtle_battle
[0.525s] running install_egg_info
[0.527s] Copying ../../build/turtle_battle/turtle_battle.egg-info to /home/jinhemu/ROS2/turtle_ws/install/turtle_battle/lib/python3.10/site-packages/turtle_battle-0.0.0-py3.10.egg-info
[0.527s] running install_scripts
[0.542s] Installing turtle_spawner script to /home/jinhemu/ROS2/turtle_ws/install/turtle_battle/lib/turtle_battle
[0.542s] writing list of installed files to '/home/jinhemu/ROS2/turtle_ws/build/turtle_battle/install.log'
[0.559s] Invoked command in '/home/jinhemu/ROS2/turtle_ws/src/turtle_battle' returned '0': PYTHONPATH=/home/jinhemu/ROS2/turtle_ws/build/turtle_battle/prefix_override:/home/jinhemu/ROS2/turtle_ws/install/turtle_battle/lib/python3.10/site-packages:${PYTHONPATH} /usr/bin/python3 setup.py egg_info --egg-base ../../build/turtle_battle build --build-base /home/jinhemu/ROS2/turtle_ws/build/turtle_battle/build install --record /home/jinhemu/ROS2/turtle_ws/build/turtle_battle/install.log --install-scripts $base/lib/turtle_battle --single-version-externally-managed
