[0.455s] Invoking command in '/home/jinhemu/ROS2/town_ws/src/village_li': PYTHONPATH=/home/jinhemu/ROS2/town_ws/build/village_li/prefix_override:/home/jinhemu/ROS2/town_ws/install/village_li/lib/python3.10/site-packages:${PYTHONPATH} /usr/bin/python3 setup.py egg_info --egg-base ../../build/village_li build --build-base /home/jinhemu/ROS2/town_ws/build/village_li/build install --record /home/jinhemu/ROS2/town_ws/build/village_li/install.log --single-version-externally-managed
[0.588s] running egg_info
[0.596s] writing ../../build/village_li/village_li.egg-info/PKG-INFO
[0.596s] writing dependency_links to ../../build/village_li/village_li.egg-info/dependency_links.txt
[0.596s] writing entry points to ../../build/village_li/village_li.egg-info/entry_points.txt
[0.596s] writing requirements to ../../build/village_li/village_li.egg-info/requires.txt
[0.596s] writing top-level names to ../../build/village_li/village_li.egg-info/top_level.txt
[0.615s] reading manifest file '../../build/village_li/village_li.egg-info/SOURCES.txt'
[0.616s] writing manifest file '../../build/village_li/village_li.egg-info/SOURCES.txt'
[0.617s] running build
[0.617s] running build_py
[0.617s] /usr/local/lib/python3.10/dist-packages/setuptools/_distutils/cmd.py:66: SetuptoolsDeprecationWarning: setup.py install is deprecated.
[0.617s] !!
[0.617s] 
[0.617s]         ********************************************************************************
[0.617s]         Please avoid running ``setup.py`` directly.
[0.617s]         Instead, use pypa/build, pypa/installer or other
[0.617s]         standards-based tools.
[0.617s] 
[0.617s]         See https://blog.ganssle.io/articles/2021/10/setup-py-deprecated.html for details.
[0.617s]         ********************************************************************************
[0.618s] 
[0.618s] !!
[0.618s]   self.initialize_options()
[0.618s] running install
[0.624s] running install_lib
[0.634s] running install_data
[0.643s] running install_egg_info
[0.651s] removing '/home/jinhemu/ROS2/town_ws/install/village_li/lib/python3.10/site-packages/village_li-0.0.0-py3.10.egg-info' (and everything under it)
[0.651s] Copying ../../build/village_li/village_li.egg-info to /home/jinhemu/ROS2/town_ws/install/village_li/lib/python3.10/site-packages/village_li-0.0.0-py3.10.egg-info
[0.652s] running install_scripts
[0.737s] Installing li4_node script to /home/jinhemu/ROS2/town_ws/install/village_li/lib/village_li
[0.737s] writing list of installed files to '/home/jinhemu/ROS2/town_ws/build/village_li/install.log'
[0.755s] Invoked command in '/home/jinhemu/ROS2/town_ws/src/village_li' returned '0': PYTHONPATH=/home/jinhemu/ROS2/town_ws/build/village_li/prefix_override:/home/jinhemu/ROS2/town_ws/install/village_li/lib/python3.10/site-packages:${PYTHONPATH} /usr/bin/python3 setup.py egg_info --egg-base ../../build/village_li build --build-base /home/jinhemu/ROS2/town_ws/build/village_li/build install --record /home/jinhemu/ROS2/town_ws/build/village_li/install.log --single-version-externally-managed
