gmake[2]: *** [CMakeFiles/village_interfaces__cpp.dir/build.make:190: rosidl_generator_cpp/village_interfaces/msg/novel.hpp] 中断
gmake[1]: *** [CMakeFiles/Makefile2:265: CMakeFiles/village_interfaces__cpp.dir/all] 中断
Fatal Python error: init_import_site: Failed to import the site module
Python runtime state: initialized
Traceback (most recent call last):
  File "/usr/lib/python3.10/site.py", line 636, in <module>
gmake[1]: *** [CMakeFiles/Makefile2:422: CMakeFiles/ament_cmake_python_copy_village_interfaces.dir/all] 中断
    main()
  File "/usr/lib/python3.10/site.py", line 623, in main
    known_paths = addsitepackages(known_paths)
  File "/usr/lib/python3.10/site.py", line 406, in addsitepackages
    addsitedir(sitedir, known_paths)
  File "/usr/lib/python3.10/site.py", line 232, in addsitedir
    addpackage(sitedir, name, known_paths)
  File "/usr/lib/python3.10/site.py", line 192, in addpackage
    exec(line)
  File "<string>", line 1, in <module>
  File "/home/jinhemu/.local/lib/python3.10/site-packages/_distutils_hack/__init__.py", line 3, in <module>
    import re
  File "/usr/lib/python3.10/re.py", line 127, in <module>
    import functools
  File "/usr/lib/python3.10/functools.py", line 18, in <module>
    from collections import namedtuple
  File "/usr/lib/python3.10/collections/__init__.py", line 36, in <module>
    from operator import eq as _eq
  File "<frozen importlib._bootstrap>", line 1027, in _find_and_load
  File "<frozen importlib._bootstrap>", line 1006, in _find_and_load_unlocked
  File "<frozen importlib._bootstrap>", line 688, in _load_unlocked
  File "<frozen importlib._bootstrap_external>", line 879, in exec_module
  File "<frozen importlib._bootstrap_external>", line 975, in get_code
  File "<frozen importlib._bootstrap_external>", line 1074, in get_data
KeyboardInterrupt
gmake[2]: *** [CMakeFiles/village_interfaces__rosidl_generator_c.dir/build.make:178：rosidl_generator_c/village_interfaces/msg/novel.h] 错误 1
gmake[1]: *** [CMakeFiles/Makefile2:212: CMakeFiles/village_interfaces__rosidl_generator_c.dir/all] 中断
gmake: *** [Makefile:146: all] 中断
