[0.064s] Invoking command in '/home/jinhemu/ROS2/build/village_interfaces': CMAKE_PREFIX_PATH=/opt/ros/humble /usr/bin/cmake /home/jinhemu/ROS2/town_ws/src/village_interfaces -DCMAKE_INSTALL_PREFIX=/home/jinhemu/ROS2/install/village_interfaces
[0.149s] -- Found ament_cmake: 1.3.5 (/opt/ros/humble/share/ament_cmake/cmake)
[0.457s] -- Found ament_lint_auto: 0.12.7 (/opt/ros/humble/share/ament_lint_auto/cmake)
[0.770s] -- Found sensor_msgs: 4.2.3 (/opt/ros/humble/share/sensor_msgs/cmake)
[0.850s] -- Found rosidl_generator_c: 3.1.5 (/opt/ros/humble/share/rosidl_generator_c/cmake)
[0.862s] -- Found rosidl_adapter: 3.1.5 (/opt/ros/humble/share/rosidl_adapter/cmake)
[0.886s] -- Found rosidl_generator_cpp: 3.1.5 (/opt/ros/humble/share/rosidl_generator_cpp/cmake)
[0.922s] -- Using all available rosidl_typesupport_c: rosidl_typesupport_fastrtps_c;rosidl_typesupport_introspection_c
[0.994s] -- Using all available rosidl_typesupport_cpp: rosidl_typesupport_fastrtps_cpp;rosidl_typesupport_introspection_cpp
[2.027s] -- Found rosidl_default_generators: 1.2.0 (/opt/ros/humble/share/rosidl_default_generators/cmake)
[3.228s] -- Found ament_cmake_ros: 0.10.0 (/opt/ros/humble/share/ament_cmake_ros/cmake)
[4.772s] -- Using all available rosidl_typesupport_c: rosidl_typesupport_fastrtps_c;rosidl_typesupport_introspection_c
[5.216s] -- Using all available rosidl_typesupport_cpp: rosidl_typesupport_fastrtps_cpp;rosidl_typesupport_introspection_cpp
[5.322s] -- Found PythonInterp: /usr/bin/python3 (found suitable version "3.10.12", minimum required is "3.6") 
[5.326s] -- Found python_cmake_module: 0.10.0 (/opt/ros/humble/share/python_cmake_module/cmake)
[5.467s] -- Found PythonLibs: /usr/lib/x86_64-linux-gnu/libpython3.10.so (found suitable version "3.10.12", minimum required is "3.5") 
[5.468s] -- Using PYTHON_EXECUTABLE: /usr/bin/python3
[5.468s] -- Using PYTHON_INCLUDE_DIRS: /usr/include/python3.10
[5.468s] -- Using PYTHON_LIBRARIES: /usr/lib/x86_64-linux-gnu/libpython3.10.so
[5.601s] -- Found PythonExtra: .so  
[6.008s] -- Added test 'lint_cmake' to check CMake code style
[6.026s] -- Added test 'xmllint' to check XML markup files
[6.062s] -- Configuring done
[6.280s] -- Generating done
[6.315s] -- Build files have been written to: /home/jinhemu/ROS2/build/village_interfaces
[6.427s] Invoked command in '/home/jinhemu/ROS2/build/village_interfaces' returned '0': CMAKE_PREFIX_PATH=/opt/ros/humble /usr/bin/cmake /home/jinhemu/ROS2/town_ws/src/village_interfaces -DCMAKE_INSTALL_PREFIX=/home/jinhemu/ROS2/install/village_interfaces
[6.430s] Invoking command in '/home/jinhemu/ROS2/build/village_interfaces': CMAKE_PREFIX_PATH=/opt/ros/humble /usr/bin/cmake --build /home/jinhemu/ROS2/build/village_interfaces -- -j12 -l12
[7.203s] gmake[2]: *** [CMakeFiles/village_interfaces__cpp.dir/build.make:190: rosidl_generator_cpp/village_interfaces/msg/novel.hpp] 中断
[7.203s] gmake[1]: *** [CMakeFiles/Makefile2:265: CMakeFiles/village_interfaces__cpp.dir/all] 中断
[7.204s] Fatal Python error: init_import_site: Failed to import the site module
[7.204s] Python runtime state: initialized
[7.204s] Traceback (most recent call last):
[7.204s]   File "/usr/lib/python3.10/site.py", line 636, in <module>
[7.204s] gmake[1]: *** [CMakeFiles/Makefile2:422: CMakeFiles/ament_cmake_python_copy_village_interfaces.dir/all] 中断
[7.204s]     main()
[7.204s]   File "/usr/lib/python3.10/site.py", line 623, in main
[7.204s]     known_paths = addsitepackages(known_paths)
[7.204s]   File "/usr/lib/python3.10/site.py", line 406, in addsitepackages
[7.204s]     addsitedir(sitedir, known_paths)
[7.205s]   File "/usr/lib/python3.10/site.py", line 232, in addsitedir
[7.205s]     addpackage(sitedir, name, known_paths)
[7.205s]   File "/usr/lib/python3.10/site.py", line 192, in addpackage
[7.205s]     exec(line)
[7.205s]   File "<string>", line 1, in <module>
[7.205s]   File "/home/jinhemu/.local/lib/python3.10/site-packages/_distutils_hack/__init__.py", line 3, in <module>
[7.205s]     import re
[7.205s]   File "/usr/lib/python3.10/re.py", line 127, in <module>
[7.205s]     import functools
[7.205s]   File "/usr/lib/python3.10/functools.py", line 18, in <module>
[7.205s]     from collections import namedtuple
[7.205s]   File "/usr/lib/python3.10/collections/__init__.py", line 36, in <module>
[7.205s]     from operator import eq as _eq
[7.205s]   File "<frozen importlib._bootstrap>", line 1027, in _find_and_load
[7.205s]   File "<frozen importlib._bootstrap>", line 1006, in _find_and_load_unlocked
[7.205s]   File "<frozen importlib._bootstrap>", line 688, in _load_unlocked
[7.206s]   File "<frozen importlib._bootstrap_external>", line 879, in exec_module
[7.206s]   File "<frozen importlib._bootstrap_external>", line 975, in get_code
[7.206s]   File "<frozen importlib._bootstrap_external>", line 1074, in get_data
[7.206s] KeyboardInterrupt
[7.206s] gmake[2]: *** [CMakeFiles/village_interfaces__rosidl_generator_c.dir/build.make:178：rosidl_generator_c/village_interfaces/msg/novel.h] 错误 1
[7.206s] gmake[1]: *** [CMakeFiles/Makefile2:212: CMakeFiles/village_interfaces__rosidl_generator_c.dir/all] 中断
[7.206s] gmake: *** [Makefile:146: all] 中断
[7.206s] [  2%] [34m[1mGenerating C code for ROS interfaces[0m
[7.207s] [  4%] [34m[1mGenerating C++ code for ROS interfaces[0m
[7.210s] Invoked command in '/home/jinhemu/ROS2/build/village_interfaces' returned '-2': CMAKE_PREFIX_PATH=/opt/ros/humble /usr/bin/cmake --build /home/jinhemu/ROS2/build/village_interfaces -- -j12 -l12
