[0.220s] Invoking command in '/home/jinhemu/ROS2/town_ws/build/village_zhang': CMAKE_PREFIX_PATH=/home/jinhemu/ROS2/town_ws/install/village_interfaces:/home/jinhemu/ROS2/town_ws/install/village_zhang:/home/jinhemu/ROS2/town_ws/install/village_wang:/home/jinhemu/ROS2/town_ws/install/village_li:/opt/ros/humble /usr/bin/cmake --build /home/jinhemu/ROS2/town_ws/build/village_zhang -- -j12 -l12
[0.237s] -- Found ament_cmake: 1.3.5 (/opt/ros/humble/share/ament_cmake/cmake)
[0.354s] -- Found rclcpp: 16.0.5 (/opt/ros/humble/share/rclcpp/cmake)
[0.377s] -- Found rosidl_generator_c: 3.1.5 (/opt/ros/humble/share/rosidl_generator_c/cmake)
[0.380s] -- Found rosidl_adapter: 3.1.5 (/opt/ros/humble/share/rosidl_adapter/cmake)
[0.386s] -- Found rosidl_generator_cpp: 3.1.5 (/opt/ros/humble/share/rosidl_generator_cpp/cmake)
[0.399s] -- Using all available rosidl_typesupport_c: rosidl_typesupport_fastrtps_c;rosidl_typesupport_introspection_c
[0.414s] -- Using all available rosidl_typesupport_cpp: rosidl_typesupport_fastrtps_cpp;rosidl_typesupport_introspection_cpp
[0.453s] -- Found rmw_implementation_cmake: 6.1.1 (/opt/ros/humble/share/rmw_implementation_cmake/cmake)
[0.454s] -- Found rmw_fastrtps_cpp: 6.2.3 (/opt/ros/humble/share/rmw_fastrtps_cpp/cmake)
[0.538s] -- Using RMW implementation 'rmw_fastrtps_cpp' as default
[0.680s] -- Found village_interfaces: 0.0.0 (/home/jinhemu/ROS2/town_ws/install/village_interfaces/share/village_interfaces/cmake)
[0.868s] -- Found ament_lint_auto: 0.12.7 (/opt/ros/humble/share/ament_lint_auto/cmake)
[0.918s] -- Added test 'cppcheck' to perform static code analysis on C / C++ code
[0.918s] -- Configured cppcheck include dirs: 
[0.918s] -- Configured cppcheck exclude dirs and/or files: 
[0.919s] -- Added test 'lint_cmake' to check CMake code style
[0.919s] -- Added test 'uncrustify' to check C / C++ code style
[0.919s] -- Configured uncrustify additional arguments: 
[0.919s] -- Added test 'xmllint' to check XML markup files
[0.920s] [31mCMake Error at CMakeLists.txt:39 (install):
[0.920s]   install TARGETS given target "wang2_node" which does not exist.
[0.920s] 
[0.920s] [0m
[0.920s] -- Configuring incomplete, errors occurred!
[0.920s] See also "/home/jinhemu/ROS2/town_ws/build/village_zhang/CMakeFiles/CMakeOutput.log".
[0.926s] gmake: *** [Makefile:267：cmake_check_build_system] 错误 1
[0.928s] Invoked command in '/home/jinhemu/ROS2/town_ws/build/village_zhang' returned '2': CMAKE_PREFIX_PATH=/home/jinhemu/ROS2/town_ws/install/village_interfaces:/home/jinhemu/ROS2/town_ws/install/village_zhang:/home/jinhemu/ROS2/town_ws/install/village_wang:/home/jinhemu/ROS2/town_ws/install/village_li:/opt/ros/humble /usr/bin/cmake --build /home/jinhemu/ROS2/town_ws/build/village_zhang -- -j12 -l12
