[0.012s] Invoking command in '/home/jinhemu/ROS2/town_ws/build/village_interfaces': CMAKE_PREFIX_PATH=${CMAKE_PREFIX_PATH}:/home/jinhemu/ROS2/town_ws/install/village_li:/opt/ros/humble /usr/bin/cmake --build /home/jinhemu/ROS2/town_ws/build/village_interfaces -- -j12 -l12
[0.029s] -- Found ament_cmake: 1.3.5 (/opt/ros/humble/share/ament_cmake/cmake)
[0.149s] -- Found ament_lint_auto: 0.12.7 (/opt/ros/humble/share/ament_lint_auto/cmake)
[0.213s] -- Found sensor_msgs: 4.2.3 (/opt/ros/humble/share/sensor_msgs/cmake)
[0.233s] -- Found rosidl_generator_c: 3.1.5 (/opt/ros/humble/share/rosidl_generator_c/cmake)
[0.235s] -- Found rosidl_adapter: 3.1.5 (/opt/ros/humble/share/rosidl_adapter/cmake)
[0.239s] -- Found rosidl_generator_cpp: 3.1.5 (/opt/ros/humble/share/rosidl_generator_cpp/cmake)
[0.247s] -- Using all available rosidl_typesupport_c: rosidl_typesupport_fastrtps_c;rosidl_typesupport_introspection_c
[0.258s] -- Using all available rosidl_typesupport_cpp: rosidl_typesupport_fastrtps_cpp;rosidl_typesupport_introspection_cpp
[0.402s] -- Found rosidl_default_generators: 1.2.0 (/opt/ros/humble/share/rosidl_default_generators/cmake)
[0.593s] -- Found ament_cmake_ros: 0.10.0 (/opt/ros/humble/share/ament_cmake_ros/cmake)
[0.962s] -- Using all available rosidl_typesupport_c: rosidl_typesupport_fastrtps_c;rosidl_typesupport_introspection_c
[1.111s] -- Using all available rosidl_typesupport_cpp: rosidl_typesupport_fastrtps_cpp;rosidl_typesupport_introspection_cpp
[1.134s] -- Found PythonInterp: /usr/bin/python3 (found suitable version "3.10.12", minimum required is "3.6") 
[1.135s] -- Found python_cmake_module: 0.10.0 (/opt/ros/humble/share/python_cmake_module/cmake)
[1.159s] -- Found PythonLibs: /usr/lib/x86_64-linux-gnu/libpython3.10.so (found suitable version "3.10.12", minimum required is "3.5") 
[1.159s] -- Using PYTHON_EXECUTABLE: /usr/bin/python3
[1.159s] -- Using PYTHON_INCLUDE_DIRS: /usr/include/python3.10
[1.159s] -- Using PYTHON_LIBRARIES: /usr/lib/x86_64-linux-gnu/libpython3.10.so
[1.178s] -- Found PythonExtra: .so  
[1.237s] -- Added test 'lint_cmake' to check CMake code style
[1.237s] -- Added test 'xmllint' to check XML markup files
[1.242s] -- Configuring done
[1.268s] -- Generating done
[1.270s] -- Build files have been written to: /home/jinhemu/ROS2/town_ws/build/village_interfaces
[1.290s] [  3%] [34m[1mGenerating C code for ROS interfaces[0m
[1.298s] [  6%] [34m[1mGenerating C++ code for ROS interfaces[0m
[1.304s] [  6%] Built target ament_cmake_python_copy_village_interfaces
[1.519s] [  6%] Built target village_interfaces__cpp
[1.524s] running egg_info
[1.524s] creating village_interfaces.egg-info
[1.525s] writing manifest file 'village_interfaces.egg-info/SOURCES.txt'
[1.528s] [ 16%] [34m[1mGenerating C++ type support dispatch for ROS interfaces[0m
[1.528s] [ 16%] [34m[1mGenerating C++ introspection for ROS interfaces[0m
[1.528s] [ 16%] [32mBuilding C object CMakeFiles/village_interfaces__rosidl_generator_c.dir/rosidl_generator_c/village_interfaces/msg/detail/novel__functions.c.o[0m
[1.528s] [ 19%] [34m[1mGenerating C++ type support for eProsima Fast-RTPS[0m
[1.528s] writing manifest file 'village_interfaces.egg-info/SOURCES.txt'
[1.562s] [ 19%] Built target ament_cmake_python_build_village_interfaces_egg
[1.578s] [ 22%] [32m[1mLinking C shared library libvillage_interfaces__rosidl_generator_c.so[0m
[1.609s] [ 22%] Built target village_interfaces__rosidl_generator_c
[1.619s] [ 29%] [34m[1mGenerating C type support dispatch for ROS interfaces[0m
[1.619s] [ 29%] [34m[1mGenerating C type support for eProsima Fast-RTPS[0m
[1.620s] [ 32%] [34m[1mGenerating C introspection for ROS interfaces[0m
[1.740s] [ 35%] [32mBuilding CXX object CMakeFiles/village_interfaces__rosidl_typesupport_cpp.dir/rosidl_typesupport_cpp/village_interfaces/msg/novel__type_support.cpp.o[0m
[1.749s] [ 38%] [32mBuilding CXX object CMakeFiles/village_interfaces__rosidl_typesupport_introspection_cpp.dir/rosidl_typesupport_introspection_cpp/village_interfaces/msg/detail/novel__type_support.cpp.o[0m
[1.757s] [ 41%] [32mBuilding CXX object CMakeFiles/village_interfaces__rosidl_typesupport_fastrtps_cpp.dir/rosidl_typesupport_fastrtps_cpp/village_interfaces/msg/detail/dds_fastrtps/novel__type_support.cpp.o[0m
[1.836s] [ 45%] [32mBuilding CXX object CMakeFiles/village_interfaces__rosidl_typesupport_c.dir/rosidl_typesupport_c/village_interfaces/msg/novel__type_support.cpp.o[0m
[1.862s] [ 48%] [32m[1mLinking CXX shared library libvillage_interfaces__rosidl_typesupport_c.so[0m
[1.878s] [ 54%] [32mBuilding C object CMakeFiles/village_interfaces__rosidl_typesupport_introspection_c.dir/rosidl_typesupport_introspection_c/village_interfaces/msg/detail/novel__type_support.c.o[0m
[1.878s] [ 54%] [32mBuilding CXX object CMakeFiles/village_interfaces__rosidl_typesupport_fastrtps_c.dir/rosidl_typesupport_fastrtps_c/village_interfaces/msg/detail/novel__type_support_c.cpp.o[0m
[1.896s] [ 54%] Built target village_interfaces__rosidl_typesupport_c
[1.907s] [ 58%] [32m[1mLinking C shared library libvillage_interfaces__rosidl_typesupport_introspection_c.so[0m
[1.937s] [ 58%] Built target village_interfaces__rosidl_typesupport_introspection_c
[2.033s] [ 61%] [32m[1mLinking CXX shared library libvillage_interfaces__rosidl_typesupport_cpp.so[0m
[2.070s] [ 61%] Built target village_interfaces__rosidl_typesupport_cpp
[2.086s] [ 64%] [32m[1mLinking CXX shared library libvillage_interfaces__rosidl_typesupport_fastrtps_cpp.so[0m
[2.155s] [ 67%] [32m[1mLinking CXX shared library libvillage_interfaces__rosidl_typesupport_introspection_cpp.so[0m
[2.156s] [ 70%] [32m[1mLinking CXX shared library libvillage_interfaces__rosidl_typesupport_fastrtps_c.so[0m
[2.156s] [ 70%] Built target village_interfaces__rosidl_typesupport_fastrtps_cpp
[2.229s] [ 70%] Built target village_interfaces__rosidl_typesupport_introspection_cpp
[2.241s] [ 70%] Built target village_interfaces__rosidl_typesupport_fastrtps_c
[2.257s] [ 70%] Built target village_interfaces
[2.274s] [ 74%] [34m[1mGenerating Python code for ROS interfaces[0m
[2.523s] [ 74%] Built target village_interfaces__py
[2.540s] [ 77%] [32mBuilding C object CMakeFiles/village_interfaces__rosidl_generator_py.dir/rosidl_generator_py/village_interfaces/msg/_novel_s.c.o[0m
[2.627s] [ 80%] [32m[1mLinking C shared library rosidl_generator_py/village_interfaces/libvillage_interfaces__rosidl_generator_py.so[0m
[2.660s] [ 80%] Built target village_interfaces__rosidl_generator_py
[2.676s] [ 87%] [32mBuilding C object CMakeFiles/village_interfaces__rosidl_typesupport_fastrtps_c__pyext.dir/rosidl_generator_py/village_interfaces/_village_interfaces_s.ep.rosidl_typesupport_fastrtps_c.c.o[0m
[2.676s] [ 87%] [32mBuilding C object CMakeFiles/village_interfaces__rosidl_typesupport_c__pyext.dir/rosidl_generator_py/village_interfaces/_village_interfaces_s.ep.rosidl_typesupport_c.c.o[0m
[2.676s] [ 90%] [32mBuilding C object CMakeFiles/village_interfaces__rosidl_typesupport_introspection_c__pyext.dir/rosidl_generator_py/village_interfaces/_village_interfaces_s.ep.rosidl_typesupport_introspection_c.c.o[0m
[2.751s] [ 96%] [32m[1mLinking C shared library rosidl_generator_py/village_interfaces/village_interfaces_s__rosidl_typesupport_c.cpython-310-x86_64-linux-gnu.so[0m
[2.751s] [ 96%] [32m[1mLinking C shared library rosidl_generator_py/village_interfaces/village_interfaces_s__rosidl_typesupport_fastrtps_c.cpython-310-x86_64-linux-gnu.so[0m
[2.762s] [100%] [32m[1mLinking C shared library rosidl_generator_py/village_interfaces/village_interfaces_s__rosidl_typesupport_introspection_c.cpython-310-x86_64-linux-gnu.so[0m
[2.782s] [100%] Built target village_interfaces__rosidl_typesupport_c__pyext
[2.783s] [100%] Built target village_interfaces__rosidl_typesupport_fastrtps_c__pyext
[2.794s] [100%] Built target village_interfaces__rosidl_typesupport_introspection_c__pyext
[2.803s] Invoked command in '/home/jinhemu/ROS2/town_ws/build/village_interfaces' returned '0': CMAKE_PREFIX_PATH=${CMAKE_PREFIX_PATH}:/home/jinhemu/ROS2/town_ws/install/village_li:/opt/ros/humble /usr/bin/cmake --build /home/jinhemu/ROS2/town_ws/build/village_interfaces -- -j12 -l12
[2.850s] Invoking command in '/home/jinhemu/ROS2/town_ws/build/village_interfaces': CMAKE_PREFIX_PATH=${CMAKE_PREFIX_PATH}:/home/jinhemu/ROS2/town_ws/install/village_li:/opt/ros/humble /usr/bin/cmake --install /home/jinhemu/ROS2/town_ws/build/village_interfaces
[2.856s] -- Install configuration: ""
[2.856s] -- Installing: /home/jinhemu/ROS2/town_ws/install/village_interfaces/share/ament_index/resource_index/rosidl_interfaces/village_interfaces
[2.856s] -- Installing: /home/jinhemu/ROS2/town_ws/install/village_interfaces/include/village_interfaces/village_interfaces
[2.856s] -- Installing: /home/jinhemu/ROS2/town_ws/install/village_interfaces/include/village_interfaces/village_interfaces/msg
[2.856s] -- Installing: /home/jinhemu/ROS2/town_ws/install/village_interfaces/include/village_interfaces/village_interfaces/msg/novel.h
[2.856s] -- Installing: /home/jinhemu/ROS2/town_ws/install/village_interfaces/include/village_interfaces/village_interfaces/msg/detail
[2.856s] -- Installing: /home/jinhemu/ROS2/town_ws/install/village_interfaces/include/village_interfaces/village_interfaces/msg/detail/novel__type_support.h
[2.856s] -- Installing: /home/jinhemu/ROS2/town_ws/install/village_interfaces/include/village_interfaces/village_interfaces/msg/detail/novel__functions.c
[2.857s] -- Installing: /home/jinhemu/ROS2/town_ws/install/village_interfaces/include/village_interfaces/village_interfaces/msg/detail/novel__functions.h
[2.857s] -- Installing: /home/jinhemu/ROS2/town_ws/install/village_interfaces/include/village_interfaces/village_interfaces/msg/detail/novel__struct.h
[2.857s] -- Installing: /home/jinhemu/ROS2/town_ws/install/village_interfaces/include/village_interfaces/village_interfaces/msg/rosidl_generator_c__visibility_control.h
[2.857s] -- Installing: /home/jinhemu/ROS2/town_ws/install/village_interfaces/share/village_interfaces/environment/library_path.sh
[2.857s] -- Installing: /home/jinhemu/ROS2/town_ws/install/village_interfaces/share/village_interfaces/environment/library_path.dsv
[2.857s] -- Installing: /home/jinhemu/ROS2/town_ws/install/village_interfaces/lib/libvillage_interfaces__rosidl_generator_c.so
[2.857s] -- Set runtime path of "/home/jinhemu/ROS2/town_ws/install/village_interfaces/lib/libvillage_interfaces__rosidl_generator_c.so" to ""
[2.857s] -- Up-to-date: /home/jinhemu/ROS2/town_ws/install/village_interfaces/include/village_interfaces/village_interfaces
[2.857s] -- Up-to-date: /home/jinhemu/ROS2/town_ws/install/village_interfaces/include/village_interfaces/village_interfaces/msg
[2.857s] -- Up-to-date: /home/jinhemu/ROS2/town_ws/install/village_interfaces/include/village_interfaces/village_interfaces/msg/detail
[2.858s] -- Installing: /home/jinhemu/ROS2/town_ws/install/village_interfaces/include/village_interfaces/village_interfaces/msg/detail/novel__rosidl_typesupport_fastrtps_c.h
[2.858s] -- Installing: /home/jinhemu/ROS2/town_ws/install/village_interfaces/include/village_interfaces/village_interfaces/msg/rosidl_typesupport_fastrtps_c__visibility_control.h
[2.858s] -- Installing: /home/jinhemu/ROS2/town_ws/install/village_interfaces/lib/libvillage_interfaces__rosidl_typesupport_fastrtps_c.so
[2.858s] -- Set runtime path of "/home/jinhemu/ROS2/town_ws/install/village_interfaces/lib/libvillage_interfaces__rosidl_typesupport_fastrtps_c.so" to ""
[2.858s] -- Up-to-date: /home/jinhemu/ROS2/town_ws/install/village_interfaces/include/village_interfaces/village_interfaces
[2.858s] -- Up-to-date: /home/jinhemu/ROS2/town_ws/install/village_interfaces/include/village_interfaces/village_interfaces/msg
[2.858s] -- Installing: /home/jinhemu/ROS2/town_ws/install/village_interfaces/include/village_interfaces/village_interfaces/msg/novel.hpp
[2.858s] -- Up-to-date: /home/jinhemu/ROS2/town_ws/install/village_interfaces/include/village_interfaces/village_interfaces/msg/detail
[2.858s] -- Installing: /home/jinhemu/ROS2/town_ws/install/village_interfaces/include/village_interfaces/village_interfaces/msg/detail/novel__builder.hpp
[2.858s] -- Installing: /home/jinhemu/ROS2/town_ws/install/village_interfaces/include/village_interfaces/village_interfaces/msg/detail/novel__struct.hpp
[2.858s] -- Installing: /home/jinhemu/ROS2/town_ws/install/village_interfaces/include/village_interfaces/village_interfaces/msg/detail/novel__traits.hpp
[2.858s] -- Up-to-date: /home/jinhemu/ROS2/town_ws/install/village_interfaces/include/village_interfaces/village_interfaces
[2.858s] -- Up-to-date: /home/jinhemu/ROS2/town_ws/install/village_interfaces/include/village_interfaces/village_interfaces/msg
[2.858s] -- Installing: /home/jinhemu/ROS2/town_ws/install/village_interfaces/include/village_interfaces/village_interfaces/msg/rosidl_typesupport_fastrtps_cpp__visibility_control.h
[2.859s] -- Up-to-date: /home/jinhemu/ROS2/town_ws/install/village_interfaces/include/village_interfaces/village_interfaces/msg/detail
[2.859s] -- Installing: /home/jinhemu/ROS2/town_ws/install/village_interfaces/include/village_interfaces/village_interfaces/msg/detail/dds_fastrtps
[2.859s] -- Installing: /home/jinhemu/ROS2/town_ws/install/village_interfaces/include/village_interfaces/village_interfaces/msg/detail/novel__rosidl_typesupport_fastrtps_cpp.hpp
[2.859s] -- Installing: /home/jinhemu/ROS2/town_ws/install/village_interfaces/lib/libvillage_interfaces__rosidl_typesupport_fastrtps_cpp.so
[2.859s] -- Set runtime path of "/home/jinhemu/ROS2/town_ws/install/village_interfaces/lib/libvillage_interfaces__rosidl_typesupport_fastrtps_cpp.so" to ""
[2.859s] -- Up-to-date: /home/jinhemu/ROS2/town_ws/install/village_interfaces/include/village_interfaces/village_interfaces
[2.859s] -- Up-to-date: /home/jinhemu/ROS2/town_ws/install/village_interfaces/include/village_interfaces/village_interfaces/msg
[2.859s] -- Installing: /home/jinhemu/ROS2/town_ws/install/village_interfaces/include/village_interfaces/village_interfaces/msg/rosidl_typesupport_introspection_c__visibility_control.h
[2.859s] -- Up-to-date: /home/jinhemu/ROS2/town_ws/install/village_interfaces/include/village_interfaces/village_interfaces/msg/detail
[2.859s] -- Installing: /home/jinhemu/ROS2/town_ws/install/village_interfaces/include/village_interfaces/village_interfaces/msg/detail/novel__type_support.c
[2.859s] -- Installing: /home/jinhemu/ROS2/town_ws/install/village_interfaces/include/village_interfaces/village_interfaces/msg/detail/novel__rosidl_typesupport_introspection_c.h
[2.859s] -- Installing: /home/jinhemu/ROS2/town_ws/install/village_interfaces/lib/libvillage_interfaces__rosidl_typesupport_introspection_c.so
[2.860s] -- Set runtime path of "/home/jinhemu/ROS2/town_ws/install/village_interfaces/lib/libvillage_interfaces__rosidl_typesupport_introspection_c.so" to ""
[2.860s] -- Installing: /home/jinhemu/ROS2/town_ws/install/village_interfaces/lib/libvillage_interfaces__rosidl_typesupport_c.so
[2.860s] -- Set runtime path of "/home/jinhemu/ROS2/town_ws/install/village_interfaces/lib/libvillage_interfaces__rosidl_typesupport_c.so" to ""
[2.860s] -- Up-to-date: /home/jinhemu/ROS2/town_ws/install/village_interfaces/include/village_interfaces/village_interfaces
[2.860s] -- Up-to-date: /home/jinhemu/ROS2/town_ws/install/village_interfaces/include/village_interfaces/village_interfaces/msg
[2.860s] -- Up-to-date: /home/jinhemu/ROS2/town_ws/install/village_interfaces/include/village_interfaces/village_interfaces/msg/detail
[2.860s] -- Installing: /home/jinhemu/ROS2/town_ws/install/village_interfaces/include/village_interfaces/village_interfaces/msg/detail/novel__type_support.cpp
[2.860s] -- Installing: /home/jinhemu/ROS2/town_ws/install/village_interfaces/include/village_interfaces/village_interfaces/msg/detail/novel__rosidl_typesupport_introspection_cpp.hpp
[2.860s] -- Installing: /home/jinhemu/ROS2/town_ws/install/village_interfaces/lib/libvillage_interfaces__rosidl_typesupport_introspection_cpp.so
[2.860s] -- Set runtime path of "/home/jinhemu/ROS2/town_ws/install/village_interfaces/lib/libvillage_interfaces__rosidl_typesupport_introspection_cpp.so" to ""
[2.860s] -- Installing: /home/jinhemu/ROS2/town_ws/install/village_interfaces/lib/libvillage_interfaces__rosidl_typesupport_cpp.so
[2.860s] -- Set runtime path of "/home/jinhemu/ROS2/town_ws/install/village_interfaces/lib/libvillage_interfaces__rosidl_typesupport_cpp.so" to ""
[2.860s] -- Installing: /home/jinhemu/ROS2/town_ws/install/village_interfaces/share/village_interfaces/environment/pythonpath.sh
[2.861s] -- Installing: /home/jinhemu/ROS2/town_ws/install/village_interfaces/share/village_interfaces/environment/pythonpath.dsv
[2.861s] -- Installing: /home/jinhemu/ROS2/town_ws/install/village_interfaces/local/lib/python3.10/dist-packages/village_interfaces-0.0.0-py3.10.egg-info
[2.861s] -- Installing: /home/jinhemu/ROS2/town_ws/install/village_interfaces/local/lib/python3.10/dist-packages/village_interfaces-0.0.0-py3.10.egg-info/PKG-INFO
[2.861s] -- Installing: /home/jinhemu/ROS2/town_ws/install/village_interfaces/local/lib/python3.10/dist-packages/village_interfaces-0.0.0-py3.10.egg-info/top_level.txt
[2.861s] -- Installing: /home/jinhemu/ROS2/town_ws/install/village_interfaces/local/lib/python3.10/dist-packages/village_interfaces-0.0.0-py3.10.egg-info/SOURCES.txt
[2.861s] -- Installing: /home/jinhemu/ROS2/town_ws/install/village_interfaces/local/lib/python3.10/dist-packages/village_interfaces-0.0.0-py3.10.egg-info/dependency_links.txt
[2.861s] -- Installing: /home/jinhemu/ROS2/town_ws/install/village_interfaces/local/lib/python3.10/dist-packages/village_interfaces
[2.861s] -- Installing: /home/jinhemu/ROS2/town_ws/install/village_interfaces/local/lib/python3.10/dist-packages/village_interfaces/__init__.py
[2.861s] -- Installing: /home/jinhemu/ROS2/town_ws/install/village_interfaces/local/lib/python3.10/dist-packages/village_interfaces/_village_interfaces_s.ep.rosidl_typesupport_c.c
[2.861s] -- Installing: /home/jinhemu/ROS2/town_ws/install/village_interfaces/local/lib/python3.10/dist-packages/village_interfaces/village_interfaces_s__rosidl_typesupport_c.cpython-310-x86_64-linux-gnu.so
[2.861s] -- Installing: /home/jinhemu/ROS2/town_ws/install/village_interfaces/local/lib/python3.10/dist-packages/village_interfaces/village_interfaces_s__rosidl_typesupport_fastrtps_c.cpython-310-x86_64-linux-gnu.so
[2.861s] -- Installing: /home/jinhemu/ROS2/town_ws/install/village_interfaces/local/lib/python3.10/dist-packages/village_interfaces/village_interfaces_s__rosidl_typesupport_introspection_c.cpython-310-x86_64-linux-gnu.so
[2.861s] -- Installing: /home/jinhemu/ROS2/town_ws/install/village_interfaces/local/lib/python3.10/dist-packages/village_interfaces/_village_interfaces_s.ep.rosidl_typesupport_fastrtps_c.c
[2.861s] -- Installing: /home/jinhemu/ROS2/town_ws/install/village_interfaces/local/lib/python3.10/dist-packages/village_interfaces/_village_interfaces_s.ep.rosidl_typesupport_introspection_c.c
[2.861s] -- Installing: /home/jinhemu/ROS2/town_ws/install/village_interfaces/local/lib/python3.10/dist-packages/village_interfaces/libvillage_interfaces__rosidl_generator_py.so
[2.862s] -- Installing: /home/jinhemu/ROS2/town_ws/install/village_interfaces/local/lib/python3.10/dist-packages/village_interfaces/msg
[2.862s] -- Installing: /home/jinhemu/ROS2/town_ws/install/village_interfaces/local/lib/python3.10/dist-packages/village_interfaces/msg/__init__.py
[2.862s] -- Installing: /home/jinhemu/ROS2/town_ws/install/village_interfaces/local/lib/python3.10/dist-packages/village_interfaces/msg/_novel.py
[2.862s] -- Installing: /home/jinhemu/ROS2/town_ws/install/village_interfaces/local/lib/python3.10/dist-packages/village_interfaces/msg/_novel_s.c
[2.888s] Listing '/home/jinhemu/ROS2/town_ws/install/village_interfaces/local/lib/python3.10/dist-packages/village_interfaces'...
[2.889s] Compiling '/home/jinhemu/ROS2/town_ws/install/village_interfaces/local/lib/python3.10/dist-packages/village_interfaces/__init__.py'...
[2.889s] Listing '/home/jinhemu/ROS2/town_ws/install/village_interfaces/local/lib/python3.10/dist-packages/village_interfaces/msg'...
[2.889s] Compiling '/home/jinhemu/ROS2/town_ws/install/village_interfaces/local/lib/python3.10/dist-packages/village_interfaces/msg/__init__.py'...
[2.889s] Compiling '/home/jinhemu/ROS2/town_ws/install/village_interfaces/local/lib/python3.10/dist-packages/village_interfaces/msg/_novel.py'...
[2.892s] -- Installing: /home/jinhemu/ROS2/town_ws/install/village_interfaces/local/lib/python3.10/dist-packages/village_interfaces/village_interfaces_s__rosidl_typesupport_fastrtps_c.cpython-310-x86_64-linux-gnu.so
[2.892s] -- Set runtime path of "/home/jinhemu/ROS2/town_ws/install/village_interfaces/local/lib/python3.10/dist-packages/village_interfaces/village_interfaces_s__rosidl_typesupport_fastrtps_c.cpython-310-x86_64-linux-gnu.so" to ""
[2.893s] -- Installing: /home/jinhemu/ROS2/town_ws/install/village_interfaces/local/lib/python3.10/dist-packages/village_interfaces/village_interfaces_s__rosidl_typesupport_introspection_c.cpython-310-x86_64-linux-gnu.so
[2.893s] -- Set runtime path of "/home/jinhemu/ROS2/town_ws/install/village_interfaces/local/lib/python3.10/dist-packages/village_interfaces/village_interfaces_s__rosidl_typesupport_introspection_c.cpython-310-x86_64-linux-gnu.so" to ""
[2.893s] -- Installing: /home/jinhemu/ROS2/town_ws/install/village_interfaces/local/lib/python3.10/dist-packages/village_interfaces/village_interfaces_s__rosidl_typesupport_c.cpython-310-x86_64-linux-gnu.so
[2.893s] -- Set runtime path of "/home/jinhemu/ROS2/town_ws/install/village_interfaces/local/lib/python3.10/dist-packages/village_interfaces/village_interfaces_s__rosidl_typesupport_c.cpython-310-x86_64-linux-gnu.so" to ""
[2.893s] -- Installing: /home/jinhemu/ROS2/town_ws/install/village_interfaces/lib/libvillage_interfaces__rosidl_generator_py.so
[2.893s] -- Set runtime path of "/home/jinhemu/ROS2/town_ws/install/village_interfaces/lib/libvillage_interfaces__rosidl_generator_py.so" to ""
[2.893s] -- Installing: /home/jinhemu/ROS2/town_ws/install/village_interfaces/share/village_interfaces/msg/Novel.idl
[2.893s] -- Installing: /home/jinhemu/ROS2/town_ws/install/village_interfaces/share/village_interfaces/msg/Novel.msg
[2.893s] -- Installing: /home/jinhemu/ROS2/town_ws/install/village_interfaces/share/ament_index/resource_index/package_run_dependencies/village_interfaces
[2.894s] -- Installing: /home/jinhemu/ROS2/town_ws/install/village_interfaces/share/ament_index/resource_index/parent_prefix_path/village_interfaces
[2.894s] -- Up-to-date: /home/jinhemu/ROS2/town_ws/install/village_interfaces/share/village_interfaces/environment/ament_prefix_path.sh
[2.894s] -- Installing: /home/jinhemu/ROS2/town_ws/install/village_interfaces/share/village_interfaces/environment/ament_prefix_path.dsv
[2.894s] -- Up-to-date: /home/jinhemu/ROS2/town_ws/install/village_interfaces/share/village_interfaces/environment/path.sh
[2.894s] -- Installing: /home/jinhemu/ROS2/town_ws/install/village_interfaces/share/village_interfaces/environment/path.dsv
[2.894s] -- Up-to-date: /home/jinhemu/ROS2/town_ws/install/village_interfaces/share/village_interfaces/local_setup.bash
[2.894s] -- Installing: /home/jinhemu/ROS2/town_ws/install/village_interfaces/share/village_interfaces/local_setup.sh
[2.894s] -- Up-to-date: /home/jinhemu/ROS2/town_ws/install/village_interfaces/share/village_interfaces/local_setup.zsh
[2.894s] -- Installing: /home/jinhemu/ROS2/town_ws/install/village_interfaces/share/village_interfaces/local_setup.dsv
[2.894s] -- Installing: /home/jinhemu/ROS2/town_ws/install/village_interfaces/share/village_interfaces/package.dsv
[2.894s] -- Up-to-date: /home/jinhemu/ROS2/town_ws/install/village_interfaces/share/ament_index/resource_index/packages/village_interfaces
[2.894s] -- Installing: /home/jinhemu/ROS2/town_ws/install/village_interfaces/share/village_interfaces/cmake/export_village_interfaces__rosidl_generator_cExport.cmake
[2.894s] -- Installing: /home/jinhemu/ROS2/town_ws/install/village_interfaces/share/village_interfaces/cmake/export_village_interfaces__rosidl_generator_cExport-noconfig.cmake
[2.895s] -- Installing: /home/jinhemu/ROS2/town_ws/install/village_interfaces/share/village_interfaces/cmake/export_village_interfaces__rosidl_typesupport_fastrtps_cExport.cmake
[2.895s] -- Installing: /home/jinhemu/ROS2/town_ws/install/village_interfaces/share/village_interfaces/cmake/export_village_interfaces__rosidl_typesupport_fastrtps_cExport-noconfig.cmake
[2.895s] -- Installing: /home/jinhemu/ROS2/town_ws/install/village_interfaces/share/village_interfaces/cmake/export_village_interfaces__rosidl_generator_cppExport.cmake
[2.895s] -- Installing: /home/jinhemu/ROS2/town_ws/install/village_interfaces/share/village_interfaces/cmake/export_village_interfaces__rosidl_typesupport_fastrtps_cppExport.cmake
[2.895s] -- Installing: /home/jinhemu/ROS2/town_ws/install/village_interfaces/share/village_interfaces/cmake/export_village_interfaces__rosidl_typesupport_fastrtps_cppExport-noconfig.cmake
[2.895s] -- Installing: /home/jinhemu/ROS2/town_ws/install/village_interfaces/share/village_interfaces/cmake/village_interfaces__rosidl_typesupport_introspection_cExport.cmake
[2.895s] -- Installing: /home/jinhemu/ROS2/town_ws/install/village_interfaces/share/village_interfaces/cmake/village_interfaces__rosidl_typesupport_introspection_cExport-noconfig.cmake
[2.895s] -- Installing: /home/jinhemu/ROS2/town_ws/install/village_interfaces/share/village_interfaces/cmake/village_interfaces__rosidl_typesupport_cExport.cmake
[2.895s] -- Installing: /home/jinhemu/ROS2/town_ws/install/village_interfaces/share/village_interfaces/cmake/village_interfaces__rosidl_typesupport_cExport-noconfig.cmake
[2.895s] -- Installing: /home/jinhemu/ROS2/town_ws/install/village_interfaces/share/village_interfaces/cmake/village_interfaces__rosidl_typesupport_introspection_cppExport.cmake
[2.895s] -- Installing: /home/jinhemu/ROS2/town_ws/install/village_interfaces/share/village_interfaces/cmake/village_interfaces__rosidl_typesupport_introspection_cppExport-noconfig.cmake
[2.896s] -- Installing: /home/jinhemu/ROS2/town_ws/install/village_interfaces/share/village_interfaces/cmake/village_interfaces__rosidl_typesupport_cppExport.cmake
[2.896s] -- Installing: /home/jinhemu/ROS2/town_ws/install/village_interfaces/share/village_interfaces/cmake/village_interfaces__rosidl_typesupport_cppExport-noconfig.cmake
[2.896s] -- Installing: /home/jinhemu/ROS2/town_ws/install/village_interfaces/share/village_interfaces/cmake/export_village_interfaces__rosidl_generator_pyExport.cmake
[2.896s] -- Installing: /home/jinhemu/ROS2/town_ws/install/village_interfaces/share/village_interfaces/cmake/export_village_interfaces__rosidl_generator_pyExport-noconfig.cmake
[2.896s] -- Installing: /home/jinhemu/ROS2/town_ws/install/village_interfaces/share/village_interfaces/cmake/rosidl_cmake-extras.cmake
[2.896s] -- Installing: /home/jinhemu/ROS2/town_ws/install/village_interfaces/share/village_interfaces/cmake/ament_cmake_export_dependencies-extras.cmake
[2.896s] -- Installing: /home/jinhemu/ROS2/town_ws/install/village_interfaces/share/village_interfaces/cmake/ament_cmake_export_include_directories-extras.cmake
[2.896s] -- Installing: /home/jinhemu/ROS2/town_ws/install/village_interfaces/share/village_interfaces/cmake/ament_cmake_export_libraries-extras.cmake
[2.896s] -- Installing: /home/jinhemu/ROS2/town_ws/install/village_interfaces/share/village_interfaces/cmake/ament_cmake_export_targets-extras.cmake
[2.896s] -- Installing: /home/jinhemu/ROS2/town_ws/install/village_interfaces/share/village_interfaces/cmake/rosidl_cmake_export_typesupport_targets-extras.cmake
[2.896s] -- Installing: /home/jinhemu/ROS2/town_ws/install/village_interfaces/share/village_interfaces/cmake/rosidl_cmake_export_typesupport_libraries-extras.cmake
[2.896s] -- Installing: /home/jinhemu/ROS2/town_ws/install/village_interfaces/share/village_interfaces/cmake/village_interfacesConfig.cmake
[2.897s] -- Up-to-date: /home/jinhemu/ROS2/town_ws/install/village_interfaces/share/village_interfaces/cmake/village_interfacesConfig-version.cmake
[2.897s] -- Installing: /home/jinhemu/ROS2/town_ws/install/village_interfaces/share/village_interfaces/package.xml
[2.899s] Invoked command in '/home/jinhemu/ROS2/town_ws/build/village_interfaces' returned '0': CMAKE_PREFIX_PATH=${CMAKE_PREFIX_PATH}:/home/jinhemu/ROS2/town_ws/install/village_li:/opt/ros/humble /usr/bin/cmake --install /home/jinhemu/ROS2/town_ws/build/village_interfaces
