[0.015s] Invoking command in '/home/jinhemu/ROS2/town_ws/build/village_interfaces': CMAKE_PREFIX_PATH=${CMAKE_PREFIX_PATH}:/home/jinhemu/ROS2/town_ws/install/village_li:/opt/ros/humble /usr/bin/cmake --build /home/jinhemu/ROS2/town_ws/build/village_interfaces -- -j12 -l12
[0.040s] -- Found ament_cmake: 1.3.5 (/opt/ros/humble/share/ament_cmake/cmake)
[0.187s] -- Found sensor_msgs: 4.2.3 (/opt/ros/humble/share/sensor_msgs/cmake)
[0.206s] -- Found rosidl_generator_c: 3.1.5 (/opt/ros/humble/share/rosidl_generator_c/cmake)
[0.207s] -- Found rosidl_adapter: 3.1.5 (/opt/ros/humble/share/rosidl_adapter/cmake)
[0.213s] -- Found rosidl_generator_cpp: 3.1.5 (/opt/ros/humble/share/rosidl_generator_cpp/cmake)
[0.224s] -- Using all available rosidl_typesupport_c: rosidl_typesupport_fastrtps_c;rosidl_typesupport_introspection_c
[0.237s] -- Using all available rosidl_typesupport_cpp: rosidl_typesupport_fastrtps_cpp;rosidl_typesupport_introspection_cpp
[0.430s] -- Found rosidl_default_generators: 1.2.0 (/opt/ros/humble/share/rosidl_default_generators/cmake)
[0.435s] -- Found ament_lint_auto: 0.12.7 (/opt/ros/humble/share/ament_lint_auto/cmake)
[0.683s] [31mCMake Error at /opt/ros/humble/share/rosidl_adapter/cmake/rosidl_adapt_interfaces.cmake:59 (message):
[0.683s]   execute_process(/usr/bin/python3.10 -m rosidl_adapter --package-name
[0.683s]   village_interfaces --arguments-file
[0.684s]   /home/jinhemu/ROS2/town_ws/build/village_interfaces/rosidl_adapter__arguments__village_interfaces.json
[0.684s]   --output-dir
[0.684s]   /home/jinhemu/ROS2/town_ws/build/village_interfaces/rosidl_adapter/village_interfaces
[0.684s]   --output-file
[0.684s]   /home/jinhemu/ROS2/town_ws/build/village_interfaces/rosidl_adapter/village_interfaces.idls)
[0.684s]   returned error code 1:
[0.684s] 
[0.684s]   Error processing 'sring content' of 'village_interfaces/Novel': ''sring' is
[0.684s]   an invalid message name.  It should have the pattern '^[A-Z][A-Za-z0-9]*$''
[0.684s] 
[0.684s]   Traceback (most recent call last):
[0.684s] 
[0.684s]     File "/usr/lib/python3.10/runpy.py", line 196, in _run_module_as_main
[0.684s]       return _run_code(code, main_globals, None,
[0.684s]     File "/usr/lib/python3.10/runpy.py", line 86, in _run_code
[0.684s]       exec(code, run_globals)
[0.684s]     File "/opt/ros/humble/local/lib/python3.10/dist-packages/rosidl_adapter/__main__.py", line 19, in <module>
[0.684s]       sys.exit(main())
[0.684s]     File "/opt/ros/humble/local/lib/python3.10/dist-packages/rosidl_adapter/main.py", line 53, in main
[0.684s]       abs_idl_file = convert_to_idl(
[0.684s]     File "/opt/ros/humble/local/lib/python3.10/dist-packages/rosidl_adapter/__init__.py", line 19, in convert_to_idl
[0.684s]       return convert_msg_to_idl(
[0.684s]     File "/opt/ros/humble/local/lib/python3.10/dist-packages/rosidl_adapter/msg/__init__.py", line 28, in convert_msg_to_idl
[0.684s]       msg = parse_message_string(package_name, input_file.stem, content)
[0.685s]     File "/opt/ros/humble/local/lib/python3.10/dist-packages/rosidl_adapter/parser.py", line 520, in parse_message_string
[0.685s]       Type(type_string, context_package_name=pkg_name),
[0.685s]     File "/opt/ros/humble/local/lib/python3.10/dist-packages/rosidl_adapter/parser.py", line 277, in __init__
[0.685s]       super(Type, self).__init__(
[0.685s]     File "/opt/ros/humble/local/lib/python3.10/dist-packages/rosidl_adapter/parser.py", line 205, in __init__
[0.685s]       raise InvalidResourceName(
[0.685s] 
[0.685s]   rosidl_adapter.parser.InvalidResourceName: 'sring' is an invalid message
[0.685s]   name.  It should have the pattern '^[A-Z][A-Za-z0-9]*$'
[0.685s] 
[0.685s] Call Stack (most recent call first):
[0.685s]   /opt/ros/humble/share/rosidl_cmake/cmake/rosidl_generate_interfaces.cmake:130 (rosidl_adapt_interfaces)
[0.685s]   CMakeLists.txt:28 (rosidl_generate_interfaces)
[0.685s] 
[0.685s] [0m
[0.685s] -- Configuring incomplete, errors occurred!
[0.685s] See also "/home/jinhemu/ROS2/town_ws/build/village_interfaces/CMakeFiles/CMakeOutput.log".
[0.689s] gmake: *** [Makefile:226：cmake_check_build_system] 错误 1
[0.691s] Invoked command in '/home/jinhemu/ROS2/town_ws/build/village_interfaces' returned '2': CMAKE_PREFIX_PATH=${CMAKE_PREFIX_PATH}:/home/jinhemu/ROS2/town_ws/install/village_li:/opt/ros/humble /usr/bin/cmake --build /home/jinhemu/ROS2/town_ws/build/village_interfaces -- -j12 -l12
