[ 10%] [32mBuilding CXX object CMakeFiles/ping.dir/src/ping.cpp.o[0m
[ 20%] [32mBuilding CXX object CMakeFiles/ping.dir/src/examples_rclcpp_cbg_executor/ping_node.cpp.o[0m
[ 30%] [32mBuilding CXX object CMakeFiles/pong.dir/src/examples_rclcpp_cbg_executor/pong_node.cpp.o[0m
[ 40%] [32mBuilding CXX object CMakeFiles/ping_pong.dir/src/ping_pong.cpp.o[0m
[ 50%] [32mBuilding CXX object CMakeFiles/ping_pong.dir/src/examples_rclcpp_cbg_executor/pong_node.cpp.o[0m
[ 60%] [32mBuilding CXX object CMakeFiles/ping_pong.dir/src/examples_rclcpp_cbg_executor/ping_node.cpp.o[0m
[ 70%] [32mBuilding CXX object CMakeFiles/pong.dir/src/pong.cpp.o[0m
gmake[2]: *** [CMakeFiles/ping.dir/build.make:76: CMakeFiles/ping.dir/src/ping.cpp.o] ä¸­æ–­
gmake[2]: *** [CMakeFiles/pong.dir/build.make:76: CMakeFiles/pong.dir/src/pong.cpp.o] ä¸­æ–­
gmake[2]: *** [CMakeFiles/ping.dir/build.make:90: CMakeFiles/ping.dir/src/examples_rclcpp_cbg_executor/ping_node.cpp.o] ä¸­æ–­
gmake[1]: *** [CMakeFiles/Makefile2:141: CMakeFiles/ping.dir/all] ä¸­æ–­
gmake[2]: *** wait: æ²¡æœ‰å­è¿›ç¨‹ã€‚ åœæ­¢ã€‚
gmake[2]: *** æ­£åœ¨ç­‰å¾…æœªå®Œæˆçš„ä»»åŠ¡....
gmake[2]: *** wait: æ²¡æœ‰å­è¿›ç¨‹ã€‚ åœæ­¢ã€‚
gmake[2]: *** [CMakeFiles/ping_pong.dir/build.make:104: CMakeFiles/ping_pong.dir/src/examples_rclcpp_cbg_executor/pong_node.cpp.o] ä¸­æ–­
gmake[2]: *** [CMakeFiles/ping_pong.dir/build.make:76: CMakeFiles/ping_pong.dir/src/ping_pong.cpp.o] ä¸­æ–­
gmake[2]: *** wait: æ²¡æœ‰å­è¿›ç¨‹ã€‚ åœæ­¢ã€‚
gmake[2]: *** æ­£åœ¨ç­‰å¾…æœªå®Œæˆçš„ä»»åŠ¡....
gmake[2]: *** wait: æ²¡æœ‰å­è¿›ç¨‹ã€‚ åœæ­¢ã€‚
gmake[1]: *** [CMakeFiles/Makefile2:167ï¼šCMakeFiles/pong.dir/all] é”™è¯¯ 2
gmake[1]: *** [CMakeFiles/Makefile2:193ï¼šCMakeFiles/ping_pong.dir/all] é”™è¯¯ 2
gmake: *** [Makefile:146: all] ä¸­æ–­
