[0.426s] Invoking command in '/home/jinhemu/ROS2/town_ws/src/village_li': PYTHONPATH=/home/jinhemu/ROS2/town_ws/build/village_li/prefix_override:/home/jinhemu/ROS2/town_ws/install/village_li/lib/python3.10/site-packages:${PYTHONPATH} /usr/bin/python3 setup.py egg_info --egg-base ../../build/village_li build --build-base /home/jinhemu/ROS2/town_ws/build/village_li/build install --record /home/jinhemu/ROS2/town_ws/build/village_li/install.log --single-version-externally-managed
[0.551s] running egg_info
[0.551s] creating ../../build/village_li/village_li.egg-info
[0.559s] writing ../../build/village_li/village_li.egg-info/PKG-INFO
[0.559s] writing dependency_links to ../../build/village_li/village_li.egg-info/dependency_links.txt
[0.559s] writing entry points to ../../build/village_li/village_li.egg-info/entry_points.txt
[0.559s] writing requirements to ../../build/village_li/village_li.egg-info/requires.txt
[0.559s] writing top-level names to ../../build/village_li/village_li.egg-info/top_level.txt
[0.560s] writing manifest file '../../build/village_li/village_li.egg-info/SOURCES.txt'
[0.576s] reading manifest file '../../build/village_li/village_li.egg-info/SOURCES.txt'
[0.577s] writing manifest file '../../build/village_li/village_li.egg-info/SOURCES.txt'
[0.577s] running build
[0.577s] running build_py
[0.577s] creating /home/jinhemu/ROS2/town_ws/build/village_li/build
[0.577s] creating /home/jinhemu/ROS2/town_ws/build/village_li/build/lib
[0.577s] creating /home/jinhemu/ROS2/town_ws/build/village_li/build/lib/village_li
[0.577s] copying village_li/__init__.py -> /home/jinhemu/ROS2/town_ws/build/village_li/build/lib/village_li
[0.577s] copying village_li/li4.py -> /home/jinhemu/ROS2/town_ws/build/village_li/build/lib/village_li
[0.577s] running install
[0.577s] /usr/local/lib/python3.10/dist-packages/setuptools/_distutils/cmd.py:66: SetuptoolsDeprecationWarning: setup.py install is deprecated.
[0.578s] !!
[0.578s] 
[0.578s]         ********************************************************************************
[0.578s]         Please avoid running ``setup.py`` directly.
[0.578s]         Instead, use pypa/build, pypa/installer or other
[0.578s]         standards-based tools.
[0.578s] 
[0.578s]         See https://blog.ganssle.io/articles/2021/10/setup-py-deprecated.html for details.
[0.578s]         ********************************************************************************
[0.578s] 
[0.578s] !!
[0.578s]   self.initialize_options()
[0.581s] running install_lib
[0.590s] creating /home/jinhemu/ROS2/town_ws/install/village_li/lib/python3.10/site-packages/village_li
[0.590s] copying /home/jinhemu/ROS2/town_ws/build/village_li/build/lib/village_li/__init__.py -> /home/jinhemu/ROS2/town_ws/install/village_li/lib/python3.10/site-packages/village_li
[0.590s] copying /home/jinhemu/ROS2/town_ws/build/village_li/build/lib/village_li/li4.py -> /home/jinhemu/ROS2/town_ws/install/village_li/lib/python3.10/site-packages/village_li
[0.590s] byte-compiling /home/jinhemu/ROS2/town_ws/install/village_li/lib/python3.10/site-packages/village_li/__init__.py to __init__.cpython-310.pyc
[0.590s] byte-compiling /home/jinhemu/ROS2/town_ws/install/village_li/lib/python3.10/site-packages/village_li/li4.py to li4.cpython-310.pyc
[0.590s] running install_data
[0.599s] creating /home/jinhemu/ROS2/town_ws/install/village_li/share/ament_index
[0.599s] creating /home/jinhemu/ROS2/town_ws/install/village_li/share/ament_index/resource_index
[0.599s] creating /home/jinhemu/ROS2/town_ws/install/village_li/share/ament_index/resource_index/packages
[0.599s] copying resource/village_li -> /home/jinhemu/ROS2/town_ws/install/village_li/share/ament_index/resource_index/packages
[0.599s] copying package.xml -> /home/jinhemu/ROS2/town_ws/install/village_li/share/village_li
[0.599s] running install_egg_info
[0.608s] Copying ../../build/village_li/village_li.egg-info to /home/jinhemu/ROS2/town_ws/install/village_li/lib/python3.10/site-packages/village_li-0.0.0-py3.10.egg-info
[0.608s] running install_scripts
[0.690s] Installing li4_node script to /home/jinhemu/ROS2/town_ws/install/village_li/lib/village_li
[0.690s] writing list of installed files to '/home/jinhemu/ROS2/town_ws/build/village_li/install.log'
[0.707s] Invoked command in '/home/jinhemu/ROS2/town_ws/src/village_li' returned '0': PYTHONPATH=/home/jinhemu/ROS2/town_ws/build/village_li/prefix_override:/home/jinhemu/ROS2/town_ws/install/village_li/lib/python3.10/site-packages:${PYTHONPATH} /usr/bin/python3 setup.py egg_info --egg-base ../../build/village_li build --build-base /home/jinhemu/ROS2/town_ws/build/village_li/build install --record /home/jinhemu/ROS2/town_ws/build/village_li/install.log --single-version-externally-managed
