[0.218s] DEBUG:colcon:Command line arguments: ['/usr/bin/colcon', 'build']
[0.218s] DEBUG:colcon:Parsed command line arguments: Namespace(log_base=None, log_level=None, verb_name='build', build_base='build', install_base='install', merge_install=False, symlink_install=False, test_result_base=None, continue_on_error=False, executor='parallel', parallel_workers=12, event_handlers=None, ignore_user_meta=False, metas=['./colcon.meta'], base_paths=['.'], packages_ignore=None, packages_ignore_regex=None, paths=None, packages_up_to=None, packages_up_to_regex=None, packages_above=None, packages_above_and_dependencies=None, packages_above_depth=None, packages_select_by_dep=None, packages_skip_by_dep=None, packages_skip_up_to=None, packages_select_build_failed=False, packages_skip_build_finished=False, packages_select_test_failures=False, packages_skip_test_passed=False, packages_select=None, packages_skip=None, packages_select_regex=None, packages_skip_regex=None, packages_start=None, packages_end=None, allow_overriding=[], cmake_args=None, cmake_target=None, cmake_target_skip_unavailable=False, cmake_clean_cache=False, cmake_clean_first=False, cmake_force_configure=False, ament_cmake_args=None, catkin_cmake_args=None, catkin_skip_building_tests=False, verb_parser=<colcon_defaults.argument_parser.defaults.DefaultArgumentsDecorator object at 0x7f2aeb4cead0>, verb_extension=<colcon_core.verb.build.BuildVerb object at 0x7f2aeb4ce560>, main=<bound method BuildVerb.main of <colcon_core.verb.build.BuildVerb object at 0x7f2aeb4ce560>>)
[0.234s] Level 1:colcon.colcon_core.package_discovery:discover_packages(colcon_meta) check parameters
[0.234s] Level 1:colcon.colcon_core.package_discovery:discover_packages(recursive) check parameters
[0.234s] Level 1:colcon.colcon_core.package_discovery:discover_packages(ignore) check parameters
[0.234s] Level 1:colcon.colcon_core.package_discovery:discover_packages(path) check parameters
[0.234s] Level 1:colcon.colcon_core.package_discovery:discover_packages(colcon_meta) discover
[0.234s] Level 1:colcon.colcon_core.package_discovery:discover_packages(recursive) discover
[0.234s] INFO:colcon.colcon_core.package_discovery:Crawling recursively for packages in '/home/jinhemu/ROS2/town_ws'
[0.234s] Level 1:colcon.colcon_core.package_identification:_identify(.) by extensions ['ignore', 'ignore_ament_install']
[0.234s] Level 1:colcon.colcon_core.package_identification:_identify(.) by extension 'ignore'
[0.234s] Level 1:colcon.colcon_core.package_identification:_identify(.) by extension 'ignore_ament_install'
[0.234s] Level 1:colcon.colcon_core.package_identification:_identify(.) by extensions ['colcon_pkg']
[0.234s] Level 1:colcon.colcon_core.package_identification:_identify(.) by extension 'colcon_pkg'
[0.234s] Level 1:colcon.colcon_core.package_identification:_identify(.) by extensions ['colcon_meta']
[0.234s] Level 1:colcon.colcon_core.package_identification:_identify(.) by extension 'colcon_meta'
[0.234s] Level 1:colcon.colcon_core.package_identification:_identify(.) by extensions ['ros']
[0.234s] Level 1:colcon.colcon_core.package_identification:_identify(.) by extension 'ros'
[0.242s] Level 1:colcon.colcon_core.package_identification:_identify(.) by extensions ['cmake', 'python']
[0.242s] Level 1:colcon.colcon_core.package_identification:_identify(.) by extension 'cmake'
[0.242s] Level 1:colcon.colcon_core.package_identification:_identify(.) by extension 'python'
[0.242s] Level 1:colcon.colcon_core.package_identification:_identify(.) by extensions ['python_setup_py']
[0.242s] Level 1:colcon.colcon_core.package_identification:_identify(.) by extension 'python_setup_py'
[0.242s] Level 1:colcon.colcon_core.package_identification:_identify(build) by extensions ['ignore', 'ignore_ament_install']
[0.242s] Level 1:colcon.colcon_core.package_identification:_identify(build) by extension 'ignore'
[0.242s] Level 1:colcon.colcon_core.package_identification:_identify(build) ignored
[0.242s] Level 1:colcon.colcon_core.package_identification:_identify(install) by extensions ['ignore', 'ignore_ament_install']
[0.242s] Level 1:colcon.colcon_core.package_identification:_identify(install) by extension 'ignore'
[0.242s] Level 1:colcon.colcon_core.package_identification:_identify(install) ignored
[0.243s] Level 1:colcon.colcon_core.package_identification:_identify(log) by extensions ['ignore', 'ignore_ament_install']
[0.243s] Level 1:colcon.colcon_core.package_identification:_identify(log) by extension 'ignore'
[0.243s] Level 1:colcon.colcon_core.package_identification:_identify(log) ignored
[0.243s] Level 1:colcon.colcon_core.package_identification:_identify(src) by extensions ['ignore', 'ignore_ament_install']
[0.243s] Level 1:colcon.colcon_core.package_identification:_identify(src) by extension 'ignore'
[0.243s] Level 1:colcon.colcon_core.package_identification:_identify(src) by extension 'ignore_ament_install'
[0.243s] Level 1:colcon.colcon_core.package_identification:_identify(src) by extensions ['colcon_pkg']
[0.243s] Level 1:colcon.colcon_core.package_identification:_identify(src) by extension 'colcon_pkg'
[0.243s] Level 1:colcon.colcon_core.package_identification:_identify(src) by extensions ['colcon_meta']
[0.243s] Level 1:colcon.colcon_core.package_identification:_identify(src) by extension 'colcon_meta'
[0.243s] Level 1:colcon.colcon_core.package_identification:_identify(src) by extensions ['ros']
[0.243s] Level 1:colcon.colcon_core.package_identification:_identify(src) by extension 'ros'
[0.243s] Level 1:colcon.colcon_core.package_identification:_identify(src) by extensions ['cmake', 'python']
[0.243s] Level 1:colcon.colcon_core.package_identification:_identify(src) by extension 'cmake'
[0.243s] Level 1:colcon.colcon_core.package_identification:_identify(src) by extension 'python'
[0.243s] Level 1:colcon.colcon_core.package_identification:_identify(src) by extensions ['python_setup_py']
[0.243s] Level 1:colcon.colcon_core.package_identification:_identify(src) by extension 'python_setup_py'
[0.243s] Level 1:colcon.colcon_core.package_identification:_identify(src/build) by extensions ['ignore', 'ignore_ament_install']
[0.243s] Level 1:colcon.colcon_core.package_identification:_identify(src/build) by extension 'ignore'
[0.243s] Level 1:colcon.colcon_core.package_identification:_identify(src/build) ignored
[0.243s] Level 1:colcon.colcon_core.package_identification:_identify(src/install) by extensions ['ignore', 'ignore_ament_install']
[0.243s] Level 1:colcon.colcon_core.package_identification:_identify(src/install) by extension 'ignore'
[0.243s] Level 1:colcon.colcon_core.package_identification:_identify(src/install) ignored
[0.243s] Level 1:colcon.colcon_core.package_identification:_identify(src/log) by extensions ['ignore', 'ignore_ament_install']
[0.243s] Level 1:colcon.colcon_core.package_identification:_identify(src/log) by extension 'ignore'
[0.243s] Level 1:colcon.colcon_core.package_identification:_identify(src/log) ignored
[0.243s] Level 1:colcon.colcon_core.package_identification:_identify(src/village_interfaces) by extensions ['ignore', 'ignore_ament_install']
[0.243s] Level 1:colcon.colcon_core.package_identification:_identify(src/village_interfaces) by extension 'ignore'
[0.243s] Level 1:colcon.colcon_core.package_identification:_identify(src/village_interfaces) by extension 'ignore_ament_install'
[0.243s] Level 1:colcon.colcon_core.package_identification:_identify(src/village_interfaces) by extensions ['colcon_pkg']
[0.244s] Level 1:colcon.colcon_core.package_identification:_identify(src/village_interfaces) by extension 'colcon_pkg'
[0.244s] Level 1:colcon.colcon_core.package_identification:_identify(src/village_interfaces) by extensions ['colcon_meta']
[0.244s] Level 1:colcon.colcon_core.package_identification:_identify(src/village_interfaces) by extension 'colcon_meta'
[0.244s] Level 1:colcon.colcon_core.package_identification:_identify(src/village_interfaces) by extensions ['ros']
[0.244s] Level 1:colcon.colcon_core.package_identification:_identify(src/village_interfaces) by extension 'ros'
[0.246s] DEBUG:colcon.colcon_core.package_identification:Package 'src/village_interfaces' with type 'ros.ament_cmake' and name 'village_interfaces'
[0.246s] Level 1:colcon.colcon_core.package_identification:_identify(src/village_li) by extensions ['ignore', 'ignore_ament_install']
[0.246s] Level 1:colcon.colcon_core.package_identification:_identify(src/village_li) by extension 'ignore'
[0.246s] Level 1:colcon.colcon_core.package_identification:_identify(src/village_li) by extension 'ignore_ament_install'
[0.246s] Level 1:colcon.colcon_core.package_identification:_identify(src/village_li) by extensions ['colcon_pkg']
[0.246s] Level 1:colcon.colcon_core.package_identification:_identify(src/village_li) by extension 'colcon_pkg'
[0.246s] Level 1:colcon.colcon_core.package_identification:_identify(src/village_li) by extensions ['colcon_meta']
[0.246s] Level 1:colcon.colcon_core.package_identification:_identify(src/village_li) by extension 'colcon_meta'
[0.246s] Level 1:colcon.colcon_core.package_identification:_identify(src/village_li) by extensions ['ros']
[0.246s] Level 1:colcon.colcon_core.package_identification:_identify(src/village_li) by extension 'ros'
[0.246s] DEBUG:colcon.colcon_core.package_identification:Package 'src/village_li' with type 'ros.ament_python' and name 'village_li'
[0.246s] Level 1:colcon.colcon_core.package_identification:_identify(src/village_wang) by extensions ['ignore', 'ignore_ament_install']
[0.246s] Level 1:colcon.colcon_core.package_identification:_identify(src/village_wang) by extension 'ignore'
[0.246s] Level 1:colcon.colcon_core.package_identification:_identify(src/village_wang) by extension 'ignore_ament_install'
[0.246s] Level 1:colcon.colcon_core.package_identification:_identify(src/village_wang) by extensions ['colcon_pkg']
[0.247s] Level 1:colcon.colcon_core.package_identification:_identify(src/village_wang) by extension 'colcon_pkg'
[0.247s] Level 1:colcon.colcon_core.package_identification:_identify(src/village_wang) by extensions ['colcon_meta']
[0.247s] Level 1:colcon.colcon_core.package_identification:_identify(src/village_wang) by extension 'colcon_meta'
[0.247s] Level 1:colcon.colcon_core.package_identification:_identify(src/village_wang) by extensions ['ros']
[0.247s] Level 1:colcon.colcon_core.package_identification:_identify(src/village_wang) by extension 'ros'
[0.247s] DEBUG:colcon.colcon_core.package_identification:Package 'src/village_wang' with type 'ros.ament_cmake' and name 'village_wang'
[0.247s] Level 1:colcon.colcon_core.package_identification:_identify(src/village_zhang) by extensions ['ignore', 'ignore_ament_install']
[0.247s] Level 1:colcon.colcon_core.package_identification:_identify(src/village_zhang) by extension 'ignore'
[0.247s] Level 1:colcon.colcon_core.package_identification:_identify(src/village_zhang) by extension 'ignore_ament_install'
[0.247s] Level 1:colcon.colcon_core.package_identification:_identify(src/village_zhang) by extensions ['colcon_pkg']
[0.247s] Level 1:colcon.colcon_core.package_identification:_identify(src/village_zhang) by extension 'colcon_pkg'
[0.247s] Level 1:colcon.colcon_core.package_identification:_identify(src/village_zhang) by extensions ['colcon_meta']
[0.247s] Level 1:colcon.colcon_core.package_identification:_identify(src/village_zhang) by extension 'colcon_meta'
[0.247s] Level 1:colcon.colcon_core.package_identification:_identify(src/village_zhang) by extensions ['ros']
[0.247s] Level 1:colcon.colcon_core.package_identification:_identify(src/village_zhang) by extension 'ros'
[0.248s] DEBUG:colcon.colcon_core.package_identification:Package 'src/village_zhang' with type 'ros.ament_cmake' and name 'village_zhang'
[0.248s] Level 1:colcon.colcon_core.package_discovery:discover_packages(recursive) using defaults
[0.248s] Level 1:colcon.colcon_core.package_discovery:discover_packages(ignore) discover
[0.248s] Level 1:colcon.colcon_core.package_discovery:discover_packages(ignore) using defaults
[0.248s] Level 1:colcon.colcon_core.package_discovery:discover_packages(path) discover
[0.248s] Level 1:colcon.colcon_core.package_discovery:discover_packages(path) using defaults
[0.264s] Level 1:colcon.colcon_core.package_discovery:discover_packages(prefix_path) check parameters
[0.264s] Level 1:colcon.colcon_core.package_discovery:discover_packages(prefix_path) discover
[0.266s] DEBUG:colcon.colcon_installed_package_information.package_discovery:Found 4 installed packages in /home/jinhemu/ROS2/town_ws/install
[0.267s] DEBUG:colcon.colcon_installed_package_information.package_discovery:Found 270 installed packages in /opt/ros/humble
[0.268s] Level 1:colcon.colcon_core.package_discovery:discover_packages(prefix_path) using defaults
[0.305s] Level 5:colcon.colcon_core.verb:set package 'village_interfaces' build argument 'cmake_args' from command line to 'None'
[0.305s] Level 5:colcon.colcon_core.verb:set package 'village_interfaces' build argument 'cmake_target' from command line to 'None'
[0.305s] Level 5:colcon.colcon_core.verb:set package 'village_interfaces' build argument 'cmake_target_skip_unavailable' from command line to 'False'
[0.305s] Level 5:colcon.colcon_core.verb:set package 'village_interfaces' build argument 'cmake_clean_cache' from command line to 'False'
[0.305s] Level 5:colcon.colcon_core.verb:set package 'village_interfaces' build argument 'cmake_clean_first' from command line to 'False'
[0.305s] Level 5:colcon.colcon_core.verb:set package 'village_interfaces' build argument 'cmake_force_configure' from command line to 'False'
[0.305s] Level 5:colcon.colcon_core.verb:set package 'village_interfaces' build argument 'ament_cmake_args' from command line to 'None'
[0.305s] Level 5:colcon.colcon_core.verb:set package 'village_interfaces' build argument 'catkin_cmake_args' from command line to 'None'
[0.305s] Level 5:colcon.colcon_core.verb:set package 'village_interfaces' build argument 'catkin_skip_building_tests' from command line to 'False'
[0.305s] DEBUG:colcon.colcon_core.verb:Building package 'village_interfaces' with the following arguments: {'ament_cmake_args': None, 'build_base': '/home/jinhemu/ROS2/town_ws/build/village_interfaces', 'catkin_cmake_args': None, 'catkin_skip_building_tests': False, 'cmake_args': None, 'cmake_clean_cache': False, 'cmake_clean_first': False, 'cmake_force_configure': False, 'cmake_target': None, 'cmake_target_skip_unavailable': False, 'install_base': '/home/jinhemu/ROS2/town_ws/install/village_interfaces', 'merge_install': False, 'path': '/home/jinhemu/ROS2/town_ws/src/village_interfaces', 'symlink_install': False, 'test_result_base': None}
[0.306s] Level 5:colcon.colcon_core.verb:set package 'village_li' build argument 'cmake_args' from command line to 'None'
[0.306s] Level 5:colcon.colcon_core.verb:set package 'village_li' build argument 'cmake_target' from command line to 'None'
[0.306s] Level 5:colcon.colcon_core.verb:set package 'village_li' build argument 'cmake_target_skip_unavailable' from command line to 'False'
[0.306s] Level 5:colcon.colcon_core.verb:set package 'village_li' build argument 'cmake_clean_cache' from command line to 'False'
[0.306s] Level 5:colcon.colcon_core.verb:set package 'village_li' build argument 'cmake_clean_first' from command line to 'False'
[0.306s] Level 5:colcon.colcon_core.verb:set package 'village_li' build argument 'cmake_force_configure' from command line to 'False'
[0.306s] Level 5:colcon.colcon_core.verb:set package 'village_li' build argument 'ament_cmake_args' from command line to 'None'
[0.306s] Level 5:colcon.colcon_core.verb:set package 'village_li' build argument 'catkin_cmake_args' from command line to 'None'
[0.306s] Level 5:colcon.colcon_core.verb:set package 'village_li' build argument 'catkin_skip_building_tests' from command line to 'False'
[0.306s] DEBUG:colcon.colcon_core.verb:Building package 'village_li' with the following arguments: {'ament_cmake_args': None, 'build_base': '/home/jinhemu/ROS2/town_ws/build/village_li', 'catkin_cmake_args': None, 'catkin_skip_building_tests': False, 'cmake_args': None, 'cmake_clean_cache': False, 'cmake_clean_first': False, 'cmake_force_configure': False, 'cmake_target': None, 'cmake_target_skip_unavailable': False, 'install_base': '/home/jinhemu/ROS2/town_ws/install/village_li', 'merge_install': False, 'path': '/home/jinhemu/ROS2/town_ws/src/village_li', 'symlink_install': False, 'test_result_base': None}
[0.307s] Level 5:colcon.colcon_core.verb:set package 'village_wang' build argument 'cmake_args' from command line to 'None'
[0.307s] Level 5:colcon.colcon_core.verb:set package 'village_wang' build argument 'cmake_target' from command line to 'None'
[0.307s] Level 5:colcon.colcon_core.verb:set package 'village_wang' build argument 'cmake_target_skip_unavailable' from command line to 'False'
[0.307s] Level 5:colcon.colcon_core.verb:set package 'village_wang' build argument 'cmake_clean_cache' from command line to 'False'
[0.307s] Level 5:colcon.colcon_core.verb:set package 'village_wang' build argument 'cmake_clean_first' from command line to 'False'
[0.307s] Level 5:colcon.colcon_core.verb:set package 'village_wang' build argument 'cmake_force_configure' from command line to 'False'
[0.307s] Level 5:colcon.colcon_core.verb:set package 'village_wang' build argument 'ament_cmake_args' from command line to 'None'
[0.307s] Level 5:colcon.colcon_core.verb:set package 'village_wang' build argument 'catkin_cmake_args' from command line to 'None'
[0.307s] Level 5:colcon.colcon_core.verb:set package 'village_wang' build argument 'catkin_skip_building_tests' from command line to 'False'
[0.307s] DEBUG:colcon.colcon_core.verb:Building package 'village_wang' with the following arguments: {'ament_cmake_args': None, 'build_base': '/home/jinhemu/ROS2/town_ws/build/village_wang', 'catkin_cmake_args': None, 'catkin_skip_building_tests': False, 'cmake_args': None, 'cmake_clean_cache': False, 'cmake_clean_first': False, 'cmake_force_configure': False, 'cmake_target': None, 'cmake_target_skip_unavailable': False, 'install_base': '/home/jinhemu/ROS2/town_ws/install/village_wang', 'merge_install': False, 'path': '/home/jinhemu/ROS2/town_ws/src/village_wang', 'symlink_install': False, 'test_result_base': None}
[0.307s] Level 5:colcon.colcon_core.verb:set package 'village_zhang' build argument 'cmake_args' from command line to 'None'
[0.307s] Level 5:colcon.colcon_core.verb:set package 'village_zhang' build argument 'cmake_target' from command line to 'None'
[0.307s] Level 5:colcon.colcon_core.verb:set package 'village_zhang' build argument 'cmake_target_skip_unavailable' from command line to 'False'
[0.307s] Level 5:colcon.colcon_core.verb:set package 'village_zhang' build argument 'cmake_clean_cache' from command line to 'False'
[0.307s] Level 5:colcon.colcon_core.verb:set package 'village_zhang' build argument 'cmake_clean_first' from command line to 'False'
[0.307s] Level 5:colcon.colcon_core.verb:set package 'village_zhang' build argument 'cmake_force_configure' from command line to 'False'
[0.307s] Level 5:colcon.colcon_core.verb:set package 'village_zhang' build argument 'ament_cmake_args' from command line to 'None'
[0.307s] Level 5:colcon.colcon_core.verb:set package 'village_zhang' build argument 'catkin_cmake_args' from command line to 'None'
[0.307s] Level 5:colcon.colcon_core.verb:set package 'village_zhang' build argument 'catkin_skip_building_tests' from command line to 'False'
[0.307s] DEBUG:colcon.colcon_core.verb:Building package 'village_zhang' with the following arguments: {'ament_cmake_args': None, 'build_base': '/home/jinhemu/ROS2/town_ws/build/village_zhang', 'catkin_cmake_args': None, 'catkin_skip_building_tests': False, 'cmake_args': None, 'cmake_clean_cache': False, 'cmake_clean_first': False, 'cmake_force_configure': False, 'cmake_target': None, 'cmake_target_skip_unavailable': False, 'install_base': '/home/jinhemu/ROS2/town_ws/install/village_zhang', 'merge_install': False, 'path': '/home/jinhemu/ROS2/town_ws/src/village_zhang', 'symlink_install': False, 'test_result_base': None}
[0.308s] INFO:colcon.colcon_core.executor:Executing jobs using 'parallel' executor
[0.310s] DEBUG:colcon.colcon_parallel_executor.executor.parallel:run_until_complete
[0.310s] INFO:colcon.colcon_ros.task.ament_cmake.build:Building ROS package in '/home/jinhemu/ROS2/town_ws/src/village_interfaces' with build type 'ament_cmake'
[0.310s] INFO:colcon.colcon_cmake.task.cmake.build:Building CMake package in '/home/jinhemu/ROS2/town_ws/src/village_interfaces'
[0.313s] INFO:colcon.colcon_core.plugin_system:Skipping extension 'colcon_core.shell.bat': Not used on non-Windows systems
[0.313s] INFO:colcon.colcon_core.shell:Skip shell extension 'powershell' for command environment: Not usable outside of PowerShell
[0.313s] DEBUG:colcon.colcon_core.shell:Skip shell extension 'dsv' for command environment
[0.320s] DEBUG:colcon.colcon_core.event_handler.log_command:Invoking command in '/home/jinhemu/ROS2/town_ws/build/village_interfaces': CMAKE_PREFIX_PATH=${CMAKE_PREFIX_PATH}:/home/jinhemu/ROS2/town_ws/install/village_li:/opt/ros/humble /usr/bin/cmake --build /home/jinhemu/ROS2/town_ws/build/village_interfaces -- -j12 -l12
[0.699s] DEBUG:colcon.colcon_core.event_handler.log_command:Invoked command in '/home/jinhemu/ROS2/town_ws/build/village_interfaces' returned '0': CMAKE_PREFIX_PATH=${CMAKE_PREFIX_PATH}:/home/jinhemu/ROS2/town_ws/install/village_li:/opt/ros/humble /usr/bin/cmake --build /home/jinhemu/ROS2/town_ws/build/village_interfaces -- -j12 -l12
[0.772s] DEBUG:colcon.colcon_core.event_handler.log_command:Invoking command in '/home/jinhemu/ROS2/town_ws/build/village_interfaces': CMAKE_PREFIX_PATH=${CMAKE_PREFIX_PATH}:/home/jinhemu/ROS2/town_ws/install/village_li:/opt/ros/humble /usr/bin/cmake --install /home/jinhemu/ROS2/town_ws/build/village_interfaces
[0.812s] Level 1:colcon.colcon_core.environment:create_environment_scripts_only(village_interfaces)
[0.813s] DEBUG:colcon.colcon_core.event_handler.log_command:Invoked command in '/home/jinhemu/ROS2/town_ws/build/village_interfaces' returned '0': CMAKE_PREFIX_PATH=${CMAKE_PREFIX_PATH}:/home/jinhemu/ROS2/town_ws/install/village_li:/opt/ros/humble /usr/bin/cmake --install /home/jinhemu/ROS2/town_ws/build/village_interfaces
[0.818s] Level 1:colcon.colcon_core.environment:checking '/home/jinhemu/ROS2/town_ws/install/village_interfaces' for CMake module files
[0.818s] Level 1:colcon.colcon_core.environment:checking '/home/jinhemu/ROS2/town_ws/install/village_interfaces' for CMake config files
[0.819s] Level 1:colcon.colcon_core.shell:create_environment_hook('village_interfaces', 'cmake_prefix_path')
[0.821s] INFO:colcon.colcon_core.shell:Creating environment hook '/home/jinhemu/ROS2/town_ws/install/village_interfaces/share/village_interfaces/hook/cmake_prefix_path.ps1'
[0.822s] INFO:colcon.colcon_core.shell:Creating environment descriptor '/home/jinhemu/ROS2/town_ws/install/village_interfaces/share/village_interfaces/hook/cmake_prefix_path.dsv'
[0.823s] INFO:colcon.colcon_core.shell:Creating environment hook '/home/jinhemu/ROS2/town_ws/install/village_interfaces/share/village_interfaces/hook/cmake_prefix_path.sh'
[0.824s] Level 1:colcon.colcon_core.environment:checking '/home/jinhemu/ROS2/town_ws/install/village_interfaces/lib'
[0.824s] Level 1:colcon.colcon_core.shell:create_environment_hook('village_interfaces', 'ld_library_path_lib')
[0.825s] INFO:colcon.colcon_core.shell:Creating environment hook '/home/jinhemu/ROS2/town_ws/install/village_interfaces/share/village_interfaces/hook/ld_library_path_lib.ps1'
[0.826s] INFO:colcon.colcon_core.shell:Creating environment descriptor '/home/jinhemu/ROS2/town_ws/install/village_interfaces/share/village_interfaces/hook/ld_library_path_lib.dsv'
[0.826s] INFO:colcon.colcon_core.shell:Creating environment hook '/home/jinhemu/ROS2/town_ws/install/village_interfaces/share/village_interfaces/hook/ld_library_path_lib.sh'
[0.827s] Level 1:colcon.colcon_core.environment:checking '/home/jinhemu/ROS2/town_ws/install/village_interfaces/bin'
[0.827s] Level 1:colcon.colcon_core.environment:checking '/home/jinhemu/ROS2/town_ws/install/village_interfaces/lib/pkgconfig/village_interfaces.pc'
[0.827s] Level 1:colcon.colcon_core.environment:checking '/home/jinhemu/ROS2/town_ws/install/village_interfaces/lib/python3.10/site-packages'
[0.827s] Level 1:colcon.colcon_core.environment:checking '/home/jinhemu/ROS2/town_ws/install/village_interfaces/bin'
[0.829s] INFO:colcon.colcon_core.shell:Creating package script '/home/jinhemu/ROS2/town_ws/install/village_interfaces/share/village_interfaces/package.ps1'
[0.830s] INFO:colcon.colcon_core.shell:Creating package descriptor '/home/jinhemu/ROS2/town_ws/install/village_interfaces/share/village_interfaces/package.dsv'
[0.830s] INFO:colcon.colcon_core.shell:Creating package script '/home/jinhemu/ROS2/town_ws/install/village_interfaces/share/village_interfaces/package.sh'
[0.831s] INFO:colcon.colcon_core.shell:Creating package script '/home/jinhemu/ROS2/town_ws/install/village_interfaces/share/village_interfaces/package.bash'
[0.832s] INFO:colcon.colcon_core.shell:Creating package script '/home/jinhemu/ROS2/town_ws/install/village_interfaces/share/village_interfaces/package.zsh'
[0.833s] Level 1:colcon.colcon_core.environment:create_file_with_runtime_dependencies(/home/jinhemu/ROS2/town_ws/install/village_interfaces/share/colcon-core/packages/village_interfaces)
[0.894s] Level 1:colcon.colcon_core.environment:create_environment_scripts_only(village_interfaces)
[0.896s] Level 1:colcon.colcon_core.environment:checking '/home/jinhemu/ROS2/town_ws/install/village_interfaces' for CMake module files
[0.896s] Level 1:colcon.colcon_core.environment:checking '/home/jinhemu/ROS2/town_ws/install/village_interfaces' for CMake config files
[0.897s] Level 1:colcon.colcon_core.shell:create_environment_hook('village_interfaces', 'cmake_prefix_path')
[0.898s] INFO:colcon.colcon_core.shell:Creating environment hook '/home/jinhemu/ROS2/town_ws/install/village_interfaces/share/village_interfaces/hook/cmake_prefix_path.ps1'
[0.898s] INFO:colcon.colcon_core.shell:Creating environment descriptor '/home/jinhemu/ROS2/town_ws/install/village_interfaces/share/village_interfaces/hook/cmake_prefix_path.dsv'
[0.898s] INFO:colcon.colcon_core.shell:Creating environment hook '/home/jinhemu/ROS2/town_ws/install/village_interfaces/share/village_interfaces/hook/cmake_prefix_path.sh'
[0.899s] Level 1:colcon.colcon_core.environment:checking '/home/jinhemu/ROS2/town_ws/install/village_interfaces/lib'
[0.899s] Level 1:colcon.colcon_core.shell:create_environment_hook('village_interfaces', 'ld_library_path_lib')
[0.900s] INFO:colcon.colcon_core.shell:Creating environment hook '/home/jinhemu/ROS2/town_ws/install/village_interfaces/share/village_interfaces/hook/ld_library_path_lib.ps1'
[0.900s] INFO:colcon.colcon_core.shell:Creating environment descriptor '/home/jinhemu/ROS2/town_ws/install/village_interfaces/share/village_interfaces/hook/ld_library_path_lib.dsv'
[0.900s] INFO:colcon.colcon_core.shell:Creating environment hook '/home/jinhemu/ROS2/town_ws/install/village_interfaces/share/village_interfaces/hook/ld_library_path_lib.sh'
[0.900s] Level 1:colcon.colcon_core.environment:checking '/home/jinhemu/ROS2/town_ws/install/village_interfaces/bin'
[0.900s] Level 1:colcon.colcon_core.environment:checking '/home/jinhemu/ROS2/town_ws/install/village_interfaces/lib/pkgconfig/village_interfaces.pc'
[0.901s] Level 1:colcon.colcon_core.environment:checking '/home/jinhemu/ROS2/town_ws/install/village_interfaces/lib/python3.10/site-packages'
[0.901s] Level 1:colcon.colcon_core.environment:checking '/home/jinhemu/ROS2/town_ws/install/village_interfaces/bin'
[0.902s] INFO:colcon.colcon_core.shell:Creating package script '/home/jinhemu/ROS2/town_ws/install/village_interfaces/share/village_interfaces/package.ps1'
[0.902s] INFO:colcon.colcon_core.shell:Creating package descriptor '/home/jinhemu/ROS2/town_ws/install/village_interfaces/share/village_interfaces/package.dsv'
[0.902s] INFO:colcon.colcon_core.shell:Creating package script '/home/jinhemu/ROS2/town_ws/install/village_interfaces/share/village_interfaces/package.sh'
[0.903s] INFO:colcon.colcon_core.shell:Creating package script '/home/jinhemu/ROS2/town_ws/install/village_interfaces/share/village_interfaces/package.bash'
[0.903s] INFO:colcon.colcon_core.shell:Creating package script '/home/jinhemu/ROS2/town_ws/install/village_interfaces/share/village_interfaces/package.zsh'
[0.903s] Level 1:colcon.colcon_core.environment:create_file_with_runtime_dependencies(/home/jinhemu/ROS2/town_ws/install/village_interfaces/share/colcon-core/packages/village_interfaces)
[0.903s] INFO:colcon.colcon_ros.task.ament_python.build:Building ROS package in '/home/jinhemu/ROS2/town_ws/src/village_li' with build type 'ament_python'
[0.903s] Level 1:colcon.colcon_core.shell:create_environment_hook('village_li', 'ament_prefix_path')
[0.905s] INFO:colcon.colcon_core.shell:Creating environment hook '/home/jinhemu/ROS2/town_ws/install/village_li/share/village_li/hook/ament_prefix_path.ps1'
[0.905s] INFO:colcon.colcon_core.shell:Creating environment descriptor '/home/jinhemu/ROS2/town_ws/install/village_li/share/village_li/hook/ament_prefix_path.dsv'
[0.906s] INFO:colcon.colcon_core.shell:Creating environment hook '/home/jinhemu/ROS2/town_ws/install/village_li/share/village_li/hook/ament_prefix_path.sh'
[0.907s] INFO:colcon.colcon_core.shell:Skip shell extension 'powershell' for command environment: Not usable outside of PowerShell
[0.907s] DEBUG:colcon.colcon_core.shell:Skip shell extension 'dsv' for command environment
[0.910s] INFO:colcon.colcon_ros.task.ament_cmake.build:Building ROS package in '/home/jinhemu/ROS2/town_ws/src/village_wang' with build type 'ament_cmake'
[0.910s] INFO:colcon.colcon_cmake.task.cmake.build:Building CMake package in '/home/jinhemu/ROS2/town_ws/src/village_wang'
[0.911s] INFO:colcon.colcon_core.shell:Skip shell extension 'powershell' for command environment: Not usable outside of PowerShell
[0.911s] DEBUG:colcon.colcon_core.shell:Skip shell extension 'dsv' for command environment
[0.914s] INFO:colcon.colcon_ros.task.ament_cmake.build:Building ROS package in '/home/jinhemu/ROS2/town_ws/src/village_zhang' with build type 'ament_cmake'
[0.915s] INFO:colcon.colcon_cmake.task.cmake.build:Building CMake package in '/home/jinhemu/ROS2/town_ws/src/village_zhang'
[0.915s] INFO:colcon.colcon_core.shell:Skip shell extension 'powershell' for command environment: Not usable outside of PowerShell
[0.915s] DEBUG:colcon.colcon_core.shell:Skip shell extension 'dsv' for command environment
[1.112s] INFO:colcon.colcon_core.task.python.build:Building Python package in '/home/jinhemu/ROS2/town_ws/src/village_li'
[1.113s] INFO:colcon.colcon_core.shell:Skip shell extension 'powershell' for command environment: Not usable outside of PowerShell
[1.113s] DEBUG:colcon.colcon_core.shell:Skip shell extension 'dsv' for command environment
[1.120s] DEBUG:colcon.colcon_core.event_handler.log_command:Invoking command in '/home/jinhemu/ROS2/town_ws/build/village_wang': CMAKE_PREFIX_PATH=/home/jinhemu/ROS2/town_ws/install/village_interfaces:/home/jinhemu/ROS2/town_ws/install/village_zhang:/home/jinhemu/ROS2/town_ws/install/village_wang:/home/jinhemu/ROS2/town_ws/install/village_li:/opt/ros/humble /usr/bin/cmake --build /home/jinhemu/ROS2/town_ws/build/village_wang -- -j12 -l12
[1.122s] DEBUG:colcon.colcon_core.event_handler.log_command:Invoking command in '/home/jinhemu/ROS2/town_ws/build/village_zhang': CMAKE_PREFIX_PATH=/home/jinhemu/ROS2/town_ws/install/village_interfaces:/home/jinhemu/ROS2/town_ws/install/village_zhang:/home/jinhemu/ROS2/town_ws/install/village_wang:/home/jinhemu/ROS2/town_ws/install/village_li:/opt/ros/humble /usr/bin/cmake --build /home/jinhemu/ROS2/town_ws/build/village_zhang -- -j12 -l12
[1.174s] DEBUG:colcon.colcon_core.event_handler.log_command:Invoked command in '/home/jinhemu/ROS2/town_ws/build/village_wang' returned '0': CMAKE_PREFIX_PATH=/home/jinhemu/ROS2/town_ws/install/village_interfaces:/home/jinhemu/ROS2/town_ws/install/village_zhang:/home/jinhemu/ROS2/town_ws/install/village_wang:/home/jinhemu/ROS2/town_ws/install/village_li:/opt/ros/humble /usr/bin/cmake --build /home/jinhemu/ROS2/town_ws/build/village_wang -- -j12 -l12
[1.192s] DEBUG:colcon.colcon_core.event_handler.log_command:Invoking command in '/home/jinhemu/ROS2/town_ws/build/village_wang': CMAKE_PREFIX_PATH=/home/jinhemu/ROS2/town_ws/install/village_interfaces:/home/jinhemu/ROS2/town_ws/install/village_zhang:/home/jinhemu/ROS2/town_ws/install/village_wang:/home/jinhemu/ROS2/town_ws/install/village_li:/opt/ros/humble /usr/bin/cmake --install /home/jinhemu/ROS2/town_ws/build/village_wang
[1.200s] Level 1:colcon.colcon_core.environment:create_environment_scripts_only(village_wang)
[1.201s] Level 1:colcon.colcon_core.environment:checking '/home/jinhemu/ROS2/town_ws/install/village_wang' for CMake module files
[1.202s] DEBUG:colcon.colcon_core.event_handler.log_command:Invoked command in '/home/jinhemu/ROS2/town_ws/build/village_wang' returned '0': CMAKE_PREFIX_PATH=/home/jinhemu/ROS2/town_ws/install/village_interfaces:/home/jinhemu/ROS2/town_ws/install/village_zhang:/home/jinhemu/ROS2/town_ws/install/village_wang:/home/jinhemu/ROS2/town_ws/install/village_li:/opt/ros/humble /usr/bin/cmake --install /home/jinhemu/ROS2/town_ws/build/village_wang
[1.202s] Level 1:colcon.colcon_core.environment:checking '/home/jinhemu/ROS2/town_ws/install/village_wang' for CMake config files
[1.202s] Level 1:colcon.colcon_core.shell:create_environment_hook('village_wang', 'cmake_prefix_path')
[1.203s] INFO:colcon.colcon_core.shell:Creating environment hook '/home/jinhemu/ROS2/town_ws/install/village_wang/share/village_wang/hook/cmake_prefix_path.ps1'
[1.203s] INFO:colcon.colcon_core.shell:Creating environment descriptor '/home/jinhemu/ROS2/town_ws/install/village_wang/share/village_wang/hook/cmake_prefix_path.dsv'
[1.203s] INFO:colcon.colcon_core.shell:Creating environment hook '/home/jinhemu/ROS2/town_ws/install/village_wang/share/village_wang/hook/cmake_prefix_path.sh'
[1.204s] Level 1:colcon.colcon_core.environment:checking '/home/jinhemu/ROS2/town_ws/install/village_wang/lib'
[1.204s] Level 1:colcon.colcon_core.environment:checking '/home/jinhemu/ROS2/town_ws/install/village_wang/bin'
[1.204s] Level 1:colcon.colcon_core.environment:checking '/home/jinhemu/ROS2/town_ws/install/village_wang/lib/pkgconfig/village_wang.pc'
[1.204s] Level 1:colcon.colcon_core.environment:checking '/home/jinhemu/ROS2/town_ws/install/village_wang/lib/python3.10/site-packages'
[1.204s] Level 1:colcon.colcon_core.environment:checking '/home/jinhemu/ROS2/town_ws/install/village_wang/bin'
[1.205s] INFO:colcon.colcon_core.shell:Creating package script '/home/jinhemu/ROS2/town_ws/install/village_wang/share/village_wang/package.ps1'
[1.205s] INFO:colcon.colcon_core.shell:Creating package descriptor '/home/jinhemu/ROS2/town_ws/install/village_wang/share/village_wang/package.dsv'
[1.206s] INFO:colcon.colcon_core.shell:Creating package script '/home/jinhemu/ROS2/town_ws/install/village_wang/share/village_wang/package.sh'
[1.206s] INFO:colcon.colcon_core.shell:Creating package script '/home/jinhemu/ROS2/town_ws/install/village_wang/share/village_wang/package.bash'
[1.206s] INFO:colcon.colcon_core.shell:Creating package script '/home/jinhemu/ROS2/town_ws/install/village_wang/share/village_wang/package.zsh'
[1.206s] Level 1:colcon.colcon_core.environment:create_file_with_runtime_dependencies(/home/jinhemu/ROS2/town_ws/install/village_wang/share/colcon-core/packages/village_wang)
[1.225s] Level 1:colcon.colcon_core.environment:create_environment_scripts_only(village_wang)
[1.227s] Level 1:colcon.colcon_core.environment:checking '/home/jinhemu/ROS2/town_ws/install/village_wang' for CMake module files
[1.227s] Level 1:colcon.colcon_core.environment:checking '/home/jinhemu/ROS2/town_ws/install/village_wang' for CMake config files
[1.227s] Level 1:colcon.colcon_core.shell:create_environment_hook('village_wang', 'cmake_prefix_path')
[1.228s] INFO:colcon.colcon_core.shell:Creating environment hook '/home/jinhemu/ROS2/town_ws/install/village_wang/share/village_wang/hook/cmake_prefix_path.ps1'
[1.229s] INFO:colcon.colcon_core.shell:Creating environment descriptor '/home/jinhemu/ROS2/town_ws/install/village_wang/share/village_wang/hook/cmake_prefix_path.dsv'
[1.229s] INFO:colcon.colcon_core.shell:Creating environment hook '/home/jinhemu/ROS2/town_ws/install/village_wang/share/village_wang/hook/cmake_prefix_path.sh'
[1.229s] Level 1:colcon.colcon_core.environment:checking '/home/jinhemu/ROS2/town_ws/install/village_wang/lib'
[1.229s] Level 1:colcon.colcon_core.environment:checking '/home/jinhemu/ROS2/town_ws/install/village_wang/bin'
[1.230s] Level 1:colcon.colcon_core.environment:checking '/home/jinhemu/ROS2/town_ws/install/village_wang/lib/pkgconfig/village_wang.pc'
[1.230s] Level 1:colcon.colcon_core.environment:checking '/home/jinhemu/ROS2/town_ws/install/village_wang/lib/python3.10/site-packages'
[1.230s] Level 1:colcon.colcon_core.environment:checking '/home/jinhemu/ROS2/town_ws/install/village_wang/bin'
[1.231s] INFO:colcon.colcon_core.shell:Creating package script '/home/jinhemu/ROS2/town_ws/install/village_wang/share/village_wang/package.ps1'
[1.231s] INFO:colcon.colcon_core.shell:Creating package descriptor '/home/jinhemu/ROS2/town_ws/install/village_wang/share/village_wang/package.dsv'
[1.232s] INFO:colcon.colcon_core.shell:Creating package script '/home/jinhemu/ROS2/town_ws/install/village_wang/share/village_wang/package.sh'
[1.232s] INFO:colcon.colcon_core.shell:Creating package script '/home/jinhemu/ROS2/town_ws/install/village_wang/share/village_wang/package.bash'
[1.232s] INFO:colcon.colcon_core.shell:Creating package script '/home/jinhemu/ROS2/town_ws/install/village_wang/share/village_wang/package.zsh'
[1.232s] Level 1:colcon.colcon_core.environment:create_file_with_runtime_dependencies(/home/jinhemu/ROS2/town_ws/install/village_wang/share/colcon-core/packages/village_wang)
[1.389s] DEBUG:colcon.colcon_core.event_handler.log_command:Invoking command in '/home/jinhemu/ROS2/town_ws/src/village_li': CMAKE_PREFIX_PATH=/home/jinhemu/ROS2/town_ws/install/village_interfaces:/home/jinhemu/ROS2/town_ws/install/village_zhang:/home/jinhemu/ROS2/town_ws/install/village_wang PYTHONPATH=/home/jinhemu/ROS2/town_ws/build/village_li/prefix_override:/home/jinhemu/ROS2/town_ws/install/village_li/lib/python3.10/site-packages:${PYTHONPATH} /usr/bin/python3 setup.py egg_info --egg-base ../../build/village_li build --build-base /home/jinhemu/ROS2/town_ws/build/village_li/build install --record /home/jinhemu/ROS2/town_ws/build/village_li/install.log --single-version-externally-managed
[1.664s] Level 1:colcon.colcon_core.environment:checking '/home/jinhemu/ROS2/town_ws/install/village_li' for CMake module files
[1.665s] DEBUG:colcon.colcon_core.event_handler.log_command:Invoked command in '/home/jinhemu/ROS2/town_ws/src/village_li' returned '0': CMAKE_PREFIX_PATH=/home/jinhemu/ROS2/town_ws/install/village_interfaces:/home/jinhemu/ROS2/town_ws/install/village_zhang:/home/jinhemu/ROS2/town_ws/install/village_wang PYTHONPATH=/home/jinhemu/ROS2/town_ws/build/village_li/prefix_override:/home/jinhemu/ROS2/town_ws/install/village_li/lib/python3.10/site-packages:${PYTHONPATH} /usr/bin/python3 setup.py egg_info --egg-base ../../build/village_li build --build-base /home/jinhemu/ROS2/town_ws/build/village_li/build install --record /home/jinhemu/ROS2/town_ws/build/village_li/install.log --single-version-externally-managed
[1.665s] Level 1:colcon.colcon_core.environment:checking '/home/jinhemu/ROS2/town_ws/install/village_li' for CMake config files
[1.666s] Level 1:colcon.colcon_core.environment:checking '/home/jinhemu/ROS2/town_ws/install/village_li/lib'
[1.666s] Level 1:colcon.colcon_core.environment:checking '/home/jinhemu/ROS2/town_ws/install/village_li/bin'
[1.666s] Level 1:colcon.colcon_core.environment:checking '/home/jinhemu/ROS2/town_ws/install/village_li/lib/pkgconfig/village_li.pc'
[1.666s] Level 1:colcon.colcon_core.environment:checking '/home/jinhemu/ROS2/town_ws/install/village_li/lib/python3.10/site-packages'
[1.666s] Level 1:colcon.colcon_core.shell:create_environment_hook('village_li', 'pythonpath')
[1.668s] INFO:colcon.colcon_core.shell:Creating environment hook '/home/jinhemu/ROS2/town_ws/install/village_li/share/village_li/hook/pythonpath.ps1'
[1.668s] INFO:colcon.colcon_core.shell:Creating environment descriptor '/home/jinhemu/ROS2/town_ws/install/village_li/share/village_li/hook/pythonpath.dsv'
[1.669s] INFO:colcon.colcon_core.shell:Creating environment hook '/home/jinhemu/ROS2/town_ws/install/village_li/share/village_li/hook/pythonpath.sh'
[1.669s] Level 1:colcon.colcon_core.environment:checking '/home/jinhemu/ROS2/town_ws/install/village_li/bin'
[1.669s] Level 1:colcon.colcon_core.environment:create_environment_scripts_only(village_li)
[1.671s] INFO:colcon.colcon_core.shell:Creating package script '/home/jinhemu/ROS2/town_ws/install/village_li/share/village_li/package.ps1'
[1.672s] INFO:colcon.colcon_core.shell:Creating package descriptor '/home/jinhemu/ROS2/town_ws/install/village_li/share/village_li/package.dsv'
[1.672s] INFO:colcon.colcon_core.shell:Creating package script '/home/jinhemu/ROS2/town_ws/install/village_li/share/village_li/package.sh'
[1.672s] INFO:colcon.colcon_core.shell:Creating package script '/home/jinhemu/ROS2/town_ws/install/village_li/share/village_li/package.bash'
[1.673s] INFO:colcon.colcon_core.shell:Creating package script '/home/jinhemu/ROS2/town_ws/install/village_li/share/village_li/package.zsh'
[1.673s] Level 1:colcon.colcon_core.environment:create_file_with_runtime_dependencies(/home/jinhemu/ROS2/town_ws/install/village_li/share/colcon-core/packages/village_li)
[1.994s] DEBUG:colcon.colcon_core.event_handler.log_command:Invoked command in '/home/jinhemu/ROS2/town_ws/build/village_zhang' returned '0': CMAKE_PREFIX_PATH=/home/jinhemu/ROS2/town_ws/install/village_interfaces:/home/jinhemu/ROS2/town_ws/install/village_zhang:/home/jinhemu/ROS2/town_ws/install/village_wang:/home/jinhemu/ROS2/town_ws/install/village_li:/opt/ros/humble /usr/bin/cmake --build /home/jinhemu/ROS2/town_ws/build/village_zhang -- -j12 -l12
[2.012s] DEBUG:colcon.colcon_core.event_handler.log_command:Invoking command in '/home/jinhemu/ROS2/town_ws/build/village_zhang': CMAKE_PREFIX_PATH=/home/jinhemu/ROS2/town_ws/install/village_interfaces:/home/jinhemu/ROS2/town_ws/install/village_zhang:/home/jinhemu/ROS2/town_ws/install/village_wang:/home/jinhemu/ROS2/town_ws/install/village_li:/opt/ros/humble /usr/bin/cmake --install /home/jinhemu/ROS2/town_ws/build/village_zhang
[2.020s] Level 1:colcon.colcon_core.environment:create_environment_scripts_only(village_zhang)
[2.021s] Level 1:colcon.colcon_core.environment:checking '/home/jinhemu/ROS2/town_ws/install/village_zhang' for CMake module files
[2.022s] DEBUG:colcon.colcon_core.event_handler.log_command:Invoked command in '/home/jinhemu/ROS2/town_ws/build/village_zhang' returned '0': CMAKE_PREFIX_PATH=/home/jinhemu/ROS2/town_ws/install/village_interfaces:/home/jinhemu/ROS2/town_ws/install/village_zhang:/home/jinhemu/ROS2/town_ws/install/village_wang:/home/jinhemu/ROS2/town_ws/install/village_li:/opt/ros/humble /usr/bin/cmake --install /home/jinhemu/ROS2/town_ws/build/village_zhang
[2.022s] Level 1:colcon.colcon_core.environment:checking '/home/jinhemu/ROS2/town_ws/install/village_zhang' for CMake config files
[2.022s] Level 1:colcon.colcon_core.shell:create_environment_hook('village_zhang', 'cmake_prefix_path')
[2.023s] INFO:colcon.colcon_core.shell:Creating environment hook '/home/jinhemu/ROS2/town_ws/install/village_zhang/share/village_zhang/hook/cmake_prefix_path.ps1'
[2.023s] INFO:colcon.colcon_core.shell:Creating environment descriptor '/home/jinhemu/ROS2/town_ws/install/village_zhang/share/village_zhang/hook/cmake_prefix_path.dsv'
[2.024s] INFO:colcon.colcon_core.shell:Creating environment hook '/home/jinhemu/ROS2/town_ws/install/village_zhang/share/village_zhang/hook/cmake_prefix_path.sh'
[2.024s] Level 1:colcon.colcon_core.environment:checking '/home/jinhemu/ROS2/town_ws/install/village_zhang/lib'
[2.024s] Level 1:colcon.colcon_core.environment:checking '/home/jinhemu/ROS2/town_ws/install/village_zhang/bin'
[2.024s] Level 1:colcon.colcon_core.environment:checking '/home/jinhemu/ROS2/town_ws/install/village_zhang/lib/pkgconfig/village_zhang.pc'
[2.024s] Level 1:colcon.colcon_core.environment:checking '/home/jinhemu/ROS2/town_ws/install/village_zhang/lib/python3.10/site-packages'
[2.025s] Level 1:colcon.colcon_core.environment:checking '/home/jinhemu/ROS2/town_ws/install/village_zhang/bin'
[2.026s] INFO:colcon.colcon_core.shell:Creating package script '/home/jinhemu/ROS2/town_ws/install/village_zhang/share/village_zhang/package.ps1'
[2.026s] INFO:colcon.colcon_core.shell:Creating package descriptor '/home/jinhemu/ROS2/town_ws/install/village_zhang/share/village_zhang/package.dsv'
[2.027s] INFO:colcon.colcon_core.shell:Creating package script '/home/jinhemu/ROS2/town_ws/install/village_zhang/share/village_zhang/package.sh'
[2.027s] INFO:colcon.colcon_core.shell:Creating package script '/home/jinhemu/ROS2/town_ws/install/village_zhang/share/village_zhang/package.bash'
[2.027s] INFO:colcon.colcon_core.shell:Creating package script '/home/jinhemu/ROS2/town_ws/install/village_zhang/share/village_zhang/package.zsh'
[2.028s] Level 1:colcon.colcon_core.environment:create_file_with_runtime_dependencies(/home/jinhemu/ROS2/town_ws/install/village_zhang/share/colcon-core/packages/village_zhang)
[2.047s] Level 1:colcon.colcon_core.environment:create_environment_scripts_only(village_zhang)
[2.049s] Level 1:colcon.colcon_core.environment:checking '/home/jinhemu/ROS2/town_ws/install/village_zhang' for CMake module files
[2.050s] Level 1:colcon.colcon_core.environment:checking '/home/jinhemu/ROS2/town_ws/install/village_zhang' for CMake config files
[2.050s] Level 1:colcon.colcon_core.shell:create_environment_hook('village_zhang', 'cmake_prefix_path')
[2.051s] INFO:colcon.colcon_core.shell:Creating environment hook '/home/jinhemu/ROS2/town_ws/install/village_zhang/share/village_zhang/hook/cmake_prefix_path.ps1'
[2.052s] INFO:colcon.colcon_core.shell:Creating environment descriptor '/home/jinhemu/ROS2/town_ws/install/village_zhang/share/village_zhang/hook/cmake_prefix_path.dsv'
[2.052s] INFO:colcon.colcon_core.shell:Creating environment hook '/home/jinhemu/ROS2/town_ws/install/village_zhang/share/village_zhang/hook/cmake_prefix_path.sh'
[2.053s] Level 1:colcon.colcon_core.environment:checking '/home/jinhemu/ROS2/town_ws/install/village_zhang/lib'
[2.053s] Level 1:colcon.colcon_core.environment:checking '/home/jinhemu/ROS2/town_ws/install/village_zhang/bin'
[2.053s] Level 1:colcon.colcon_core.environment:checking '/home/jinhemu/ROS2/town_ws/install/village_zhang/lib/pkgconfig/village_zhang.pc'
[2.053s] Level 1:colcon.colcon_core.environment:checking '/home/jinhemu/ROS2/town_ws/install/village_zhang/lib/python3.10/site-packages'
[2.053s] Level 1:colcon.colcon_core.environment:checking '/home/jinhemu/ROS2/town_ws/install/village_zhang/bin'
[2.055s] INFO:colcon.colcon_core.shell:Creating package script '/home/jinhemu/ROS2/town_ws/install/village_zhang/share/village_zhang/package.ps1'
[2.055s] INFO:colcon.colcon_core.shell:Creating package descriptor '/home/jinhemu/ROS2/town_ws/install/village_zhang/share/village_zhang/package.dsv'
[2.056s] INFO:colcon.colcon_core.shell:Creating package script '/home/jinhemu/ROS2/town_ws/install/village_zhang/share/village_zhang/package.sh'
[2.056s] INFO:colcon.colcon_core.shell:Creating package script '/home/jinhemu/ROS2/town_ws/install/village_zhang/share/village_zhang/package.bash'
[2.057s] INFO:colcon.colcon_core.shell:Creating package script '/home/jinhemu/ROS2/town_ws/install/village_zhang/share/village_zhang/package.zsh'
[2.057s] Level 1:colcon.colcon_core.environment:create_file_with_runtime_dependencies(/home/jinhemu/ROS2/town_ws/install/village_zhang/share/colcon-core/packages/village_zhang)
[2.057s] DEBUG:colcon.colcon_parallel_executor.executor.parallel:closing loop
[2.057s] DEBUG:colcon.colcon_parallel_executor.executor.parallel:loop closed
[2.058s] DEBUG:colcon.colcon_parallel_executor.executor.parallel:run_until_complete finished with '0'
[2.058s] DEBUG:colcon.colcon_core.event_reactor:joining thread
[2.062s] INFO:colcon.colcon_core.plugin_system:Skipping extension 'colcon_notification.desktop_notification.terminal_notifier': Not used on non-Darwin systems
[2.062s] INFO:colcon.colcon_core.plugin_system:Skipping extension 'colcon_notification.desktop_notification.win32': Not used on non-Windows systems
[2.062s] INFO:colcon.colcon_notification.desktop_notification:Sending desktop notification using 'notify2'
[2.074s] DEBUG:colcon.colcon_core.event_reactor:joined thread
[2.075s] INFO:colcon.colcon_core.shell:Creating prefix script '/home/jinhemu/ROS2/town_ws/install/local_setup.ps1'
[2.077s] INFO:colcon.colcon_core.shell:Creating prefix util module '/home/jinhemu/ROS2/town_ws/install/_local_setup_util_ps1.py'
[2.078s] INFO:colcon.colcon_core.shell:Creating prefix chain script '/home/jinhemu/ROS2/town_ws/install/setup.ps1'
[2.080s] INFO:colcon.colcon_core.shell:Creating prefix script '/home/jinhemu/ROS2/town_ws/install/local_setup.sh'
[2.081s] INFO:colcon.colcon_core.shell:Creating prefix util module '/home/jinhemu/ROS2/town_ws/install/_local_setup_util_sh.py'
[2.081s] INFO:colcon.colcon_core.shell:Creating prefix chain script '/home/jinhemu/ROS2/town_ws/install/setup.sh'
[2.083s] INFO:colcon.colcon_core.shell:Creating prefix script '/home/jinhemu/ROS2/town_ws/install/local_setup.bash'
[2.084s] INFO:colcon.colcon_core.shell:Creating prefix chain script '/home/jinhemu/ROS2/town_ws/install/setup.bash'
[2.086s] INFO:colcon.colcon_core.shell:Creating prefix script '/home/jinhemu/ROS2/town_ws/install/local_setup.zsh'
[2.087s] INFO:colcon.colcon_core.shell:Creating prefix chain script '/home/jinhemu/ROS2/town_ws/install/setup.zsh'
