[0.202s] DEBUG:colcon:Command line arguments: ['/usr/bin/colcon', 'build']
[0.202s] DEBUG:colcon:Parsed command line arguments: Namespace(log_base=None, log_level=None, verb_name='build', build_base='build', install_base='install', merge_install=False, symlink_install=False, test_result_base=None, continue_on_error=False, executor='parallel', parallel_workers=12, event_handlers=None, ignore_user_meta=False, metas=['./colcon.meta'], base_paths=['.'], packages_ignore=None, packages_ignore_regex=None, paths=None, packages_up_to=None, packages_up_to_regex=None, packages_above=None, packages_above_and_dependencies=None, packages_above_depth=None, packages_select_by_dep=None, packages_skip_by_dep=None, packages_skip_up_to=None, packages_select_build_failed=False, packages_skip_build_finished=False, packages_select_test_failures=False, packages_skip_test_passed=False, packages_select=None, packages_skip=None, packages_select_regex=None, packages_skip_regex=None, packages_start=None, packages_end=None, allow_overriding=[], cmake_args=None, cmake_target=None, cmake_target_skip_unavailable=False, cmake_clean_cache=False, cmake_clean_first=False, cmake_force_configure=False, ament_cmake_args=None, catkin_cmake_args=None, catkin_skip_building_tests=False, verb_parser=<colcon_defaults.argument_parser.defaults.DefaultArgumentsDecorator object at 0x7faa699b2a70>, verb_extension=<colcon_core.verb.build.BuildVerb object at 0x7faa699b2500>, main=<bound method BuildVerb.main of <colcon_core.verb.build.BuildVerb object at 0x7faa699b2500>>)
[0.216s] Level 1:colcon.colcon_core.package_discovery:discover_packages(colcon_meta) check parameters
[0.216s] Level 1:colcon.colcon_core.package_discovery:discover_packages(recursive) check parameters
[0.216s] Level 1:colcon.colcon_core.package_discovery:discover_packages(ignore) check parameters
[0.216s] Level 1:colcon.colcon_core.package_discovery:discover_packages(path) check parameters
[0.216s] Level 1:colcon.colcon_core.package_discovery:discover_packages(colcon_meta) discover
[0.216s] Level 1:colcon.colcon_core.package_discovery:discover_packages(recursive) discover
[0.216s] INFO:colcon.colcon_core.package_discovery:Crawling recursively for packages in '/home/jinhemu/ROS2/town_ws'
[0.216s] Level 1:colcon.colcon_core.package_identification:_identify(.) by extensions ['ignore', 'ignore_ament_install']
[0.216s] Level 1:colcon.colcon_core.package_identification:_identify(.) by extension 'ignore'
[0.216s] Level 1:colcon.colcon_core.package_identification:_identify(.) by extension 'ignore_ament_install'
[0.216s] Level 1:colcon.colcon_core.package_identification:_identify(.) by extensions ['colcon_pkg']
[0.216s] Level 1:colcon.colcon_core.package_identification:_identify(.) by extension 'colcon_pkg'
[0.216s] Level 1:colcon.colcon_core.package_identification:_identify(.) by extensions ['colcon_meta']
[0.216s] Level 1:colcon.colcon_core.package_identification:_identify(.) by extension 'colcon_meta'
[0.216s] Level 1:colcon.colcon_core.package_identification:_identify(.) by extensions ['ros']
[0.217s] Level 1:colcon.colcon_core.package_identification:_identify(.) by extension 'ros'
[0.223s] Level 1:colcon.colcon_core.package_identification:_identify(.) by extensions ['cmake', 'python']
[0.223s] Level 1:colcon.colcon_core.package_identification:_identify(.) by extension 'cmake'
[0.223s] Level 1:colcon.colcon_core.package_identification:_identify(.) by extension 'python'
[0.223s] Level 1:colcon.colcon_core.package_identification:_identify(.) by extensions ['python_setup_py']
[0.223s] Level 1:colcon.colcon_core.package_identification:_identify(.) by extension 'python_setup_py'
[0.223s] Level 1:colcon.colcon_core.package_identification:_identify(build) by extensions ['ignore', 'ignore_ament_install']
[0.223s] Level 1:colcon.colcon_core.package_identification:_identify(build) by extension 'ignore'
[0.223s] Level 1:colcon.colcon_core.package_identification:_identify(build) ignored
[0.224s] Level 1:colcon.colcon_core.package_identification:_identify(install) by extensions ['ignore', 'ignore_ament_install']
[0.224s] Level 1:colcon.colcon_core.package_identification:_identify(install) by extension 'ignore'
[0.224s] Level 1:colcon.colcon_core.package_identification:_identify(install) ignored
[0.224s] Level 1:colcon.colcon_core.package_identification:_identify(log) by extensions ['ignore', 'ignore_ament_install']
[0.224s] Level 1:colcon.colcon_core.package_identification:_identify(log) by extension 'ignore'
[0.224s] Level 1:colcon.colcon_core.package_identification:_identify(log) ignored
[0.224s] Level 1:colcon.colcon_core.package_identification:_identify(src) by extensions ['ignore', 'ignore_ament_install']
[0.224s] Level 1:colcon.colcon_core.package_identification:_identify(src) by extension 'ignore'
[0.224s] Level 1:colcon.colcon_core.package_identification:_identify(src) by extension 'ignore_ament_install'
[0.224s] Level 1:colcon.colcon_core.package_identification:_identify(src) by extensions ['colcon_pkg']
[0.224s] Level 1:colcon.colcon_core.package_identification:_identify(src) by extension 'colcon_pkg'
[0.224s] Level 1:colcon.colcon_core.package_identification:_identify(src) by extensions ['colcon_meta']
[0.224s] Level 1:colcon.colcon_core.package_identification:_identify(src) by extension 'colcon_meta'
[0.224s] Level 1:colcon.colcon_core.package_identification:_identify(src) by extensions ['ros']
[0.224s] Level 1:colcon.colcon_core.package_identification:_identify(src) by extension 'ros'
[0.224s] Level 1:colcon.colcon_core.package_identification:_identify(src) by extensions ['cmake', 'python']
[0.224s] Level 1:colcon.colcon_core.package_identification:_identify(src) by extension 'cmake'
[0.224s] Level 1:colcon.colcon_core.package_identification:_identify(src) by extension 'python'
[0.224s] Level 1:colcon.colcon_core.package_identification:_identify(src) by extensions ['python_setup_py']
[0.224s] Level 1:colcon.colcon_core.package_identification:_identify(src) by extension 'python_setup_py'
[0.224s] Level 1:colcon.colcon_core.package_identification:_identify(src/build) by extensions ['ignore', 'ignore_ament_install']
[0.224s] Level 1:colcon.colcon_core.package_identification:_identify(src/build) by extension 'ignore'
[0.224s] Level 1:colcon.colcon_core.package_identification:_identify(src/build) ignored
[0.224s] Level 1:colcon.colcon_core.package_identification:_identify(src/install) by extensions ['ignore', 'ignore_ament_install']
[0.224s] Level 1:colcon.colcon_core.package_identification:_identify(src/install) by extension 'ignore'
[0.224s] Level 1:colcon.colcon_core.package_identification:_identify(src/install) ignored
[0.224s] Level 1:colcon.colcon_core.package_identification:_identify(src/log) by extensions ['ignore', 'ignore_ament_install']
[0.225s] Level 1:colcon.colcon_core.package_identification:_identify(src/log) by extension 'ignore'
[0.225s] Level 1:colcon.colcon_core.package_identification:_identify(src/log) ignored
[0.225s] Level 1:colcon.colcon_core.package_identification:_identify(src/village_interfaces) by extensions ['ignore', 'ignore_ament_install']
[0.225s] Level 1:colcon.colcon_core.package_identification:_identify(src/village_interfaces) by extension 'ignore'
[0.225s] Level 1:colcon.colcon_core.package_identification:_identify(src/village_interfaces) by extension 'ignore_ament_install'
[0.225s] Level 1:colcon.colcon_core.package_identification:_identify(src/village_interfaces) by extensions ['colcon_pkg']
[0.225s] Level 1:colcon.colcon_core.package_identification:_identify(src/village_interfaces) by extension 'colcon_pkg'
[0.225s] Level 1:colcon.colcon_core.package_identification:_identify(src/village_interfaces) by extensions ['colcon_meta']
[0.225s] Level 1:colcon.colcon_core.package_identification:_identify(src/village_interfaces) by extension 'colcon_meta'
[0.225s] Level 1:colcon.colcon_core.package_identification:_identify(src/village_interfaces) by extensions ['ros']
[0.225s] Level 1:colcon.colcon_core.package_identification:_identify(src/village_interfaces) by extension 'ros'
[0.226s] DEBUG:colcon.colcon_core.package_identification:Package 'src/village_interfaces' with type 'ros.ament_cmake' and name 'village_interfaces'
[0.226s] Level 1:colcon.colcon_core.package_identification:_identify(src/village_li) by extensions ['ignore', 'ignore_ament_install']
[0.226s] Level 1:colcon.colcon_core.package_identification:_identify(src/village_li) by extension 'ignore'
[0.226s] Level 1:colcon.colcon_core.package_identification:_identify(src/village_li) by extension 'ignore_ament_install'
[0.227s] Level 1:colcon.colcon_core.package_identification:_identify(src/village_li) by extensions ['colcon_pkg']
[0.227s] Level 1:colcon.colcon_core.package_identification:_identify(src/village_li) by extension 'colcon_pkg'
[0.227s] Level 1:colcon.colcon_core.package_identification:_identify(src/village_li) by extensions ['colcon_meta']
[0.227s] Level 1:colcon.colcon_core.package_identification:_identify(src/village_li) by extension 'colcon_meta'
[0.227s] Level 1:colcon.colcon_core.package_identification:_identify(src/village_li) by extensions ['ros']
[0.227s] Level 1:colcon.colcon_core.package_identification:_identify(src/village_li) by extension 'ros'
[0.227s] DEBUG:colcon.colcon_core.package_identification:Package 'src/village_li' with type 'ros.ament_python' and name 'village_li'
[0.227s] Level 1:colcon.colcon_core.package_identification:_identify(src/village_wang) by extensions ['ignore', 'ignore_ament_install']
[0.227s] Level 1:colcon.colcon_core.package_identification:_identify(src/village_wang) by extension 'ignore'
[0.227s] Level 1:colcon.colcon_core.package_identification:_identify(src/village_wang) by extension 'ignore_ament_install'
[0.227s] Level 1:colcon.colcon_core.package_identification:_identify(src/village_wang) by extensions ['colcon_pkg']
[0.227s] Level 1:colcon.colcon_core.package_identification:_identify(src/village_wang) by extension 'colcon_pkg'
[0.227s] Level 1:colcon.colcon_core.package_identification:_identify(src/village_wang) by extensions ['colcon_meta']
[0.227s] Level 1:colcon.colcon_core.package_identification:_identify(src/village_wang) by extension 'colcon_meta'
[0.227s] Level 1:colcon.colcon_core.package_identification:_identify(src/village_wang) by extensions ['ros']
[0.227s] Level 1:colcon.colcon_core.package_identification:_identify(src/village_wang) by extension 'ros'
[0.228s] DEBUG:colcon.colcon_core.package_identification:Package 'src/village_wang' with type 'ros.ament_cmake' and name 'village_wang'
[0.228s] Level 1:colcon.colcon_core.package_identification:_identify(src/village_zhang) by extensions ['ignore', 'ignore_ament_install']
[0.228s] Level 1:colcon.colcon_core.package_identification:_identify(src/village_zhang) by extension 'ignore'
[0.228s] Level 1:colcon.colcon_core.package_identification:_identify(src/village_zhang) by extension 'ignore_ament_install'
[0.228s] Level 1:colcon.colcon_core.package_identification:_identify(src/village_zhang) by extensions ['colcon_pkg']
[0.228s] Level 1:colcon.colcon_core.package_identification:_identify(src/village_zhang) by extension 'colcon_pkg'
[0.228s] Level 1:colcon.colcon_core.package_identification:_identify(src/village_zhang) by extensions ['colcon_meta']
[0.228s] Level 1:colcon.colcon_core.package_identification:_identify(src/village_zhang) by extension 'colcon_meta'
[0.228s] Level 1:colcon.colcon_core.package_identification:_identify(src/village_zhang) by extensions ['ros']
[0.228s] Level 1:colcon.colcon_core.package_identification:_identify(src/village_zhang) by extension 'ros'
[0.228s] DEBUG:colcon.colcon_core.package_identification:Package 'src/village_zhang' with type 'ros.ament_cmake' and name 'village_zhang'
[0.228s] Level 1:colcon.colcon_core.package_discovery:discover_packages(recursive) using defaults
[0.229s] Level 1:colcon.colcon_core.package_discovery:discover_packages(ignore) discover
[0.229s] Level 1:colcon.colcon_core.package_discovery:discover_packages(ignore) using defaults
[0.229s] Level 1:colcon.colcon_core.package_discovery:discover_packages(path) discover
[0.229s] Level 1:colcon.colcon_core.package_discovery:discover_packages(path) using defaults
[0.243s] Level 1:colcon.colcon_core.package_discovery:discover_packages(prefix_path) check parameters
[0.243s] Level 1:colcon.colcon_core.package_discovery:discover_packages(prefix_path) discover
[0.245s] DEBUG:colcon.colcon_installed_package_information.package_discovery:Found 4 installed packages in /home/jinhemu/ROS2/town_ws/install
[0.246s] DEBUG:colcon.colcon_installed_package_information.package_discovery:Found 270 installed packages in /opt/ros/humble
[0.246s] Level 1:colcon.colcon_core.package_discovery:discover_packages(prefix_path) using defaults
[0.281s] Level 5:colcon.colcon_core.verb:set package 'village_interfaces' build argument 'cmake_args' from command line to 'None'
[0.281s] Level 5:colcon.colcon_core.verb:set package 'village_interfaces' build argument 'cmake_target' from command line to 'None'
[0.281s] Level 5:colcon.colcon_core.verb:set package 'village_interfaces' build argument 'cmake_target_skip_unavailable' from command line to 'False'
[0.281s] Level 5:colcon.colcon_core.verb:set package 'village_interfaces' build argument 'cmake_clean_cache' from command line to 'False'
[0.281s] Level 5:colcon.colcon_core.verb:set package 'village_interfaces' build argument 'cmake_clean_first' from command line to 'False'
[0.281s] Level 5:colcon.colcon_core.verb:set package 'village_interfaces' build argument 'cmake_force_configure' from command line to 'False'
[0.281s] Level 5:colcon.colcon_core.verb:set package 'village_interfaces' build argument 'ament_cmake_args' from command line to 'None'
[0.281s] Level 5:colcon.colcon_core.verb:set package 'village_interfaces' build argument 'catkin_cmake_args' from command line to 'None'
[0.281s] Level 5:colcon.colcon_core.verb:set package 'village_interfaces' build argument 'catkin_skip_building_tests' from command line to 'False'
[0.281s] DEBUG:colcon.colcon_core.verb:Building package 'village_interfaces' with the following arguments: {'ament_cmake_args': None, 'build_base': '/home/jinhemu/ROS2/town_ws/build/village_interfaces', 'catkin_cmake_args': None, 'catkin_skip_building_tests': False, 'cmake_args': None, 'cmake_clean_cache': False, 'cmake_clean_first': False, 'cmake_force_configure': False, 'cmake_target': None, 'cmake_target_skip_unavailable': False, 'install_base': '/home/jinhemu/ROS2/town_ws/install/village_interfaces', 'merge_install': False, 'path': '/home/jinhemu/ROS2/town_ws/src/village_interfaces', 'symlink_install': False, 'test_result_base': None}
[0.282s] Level 5:colcon.colcon_core.verb:set package 'village_li' build argument 'cmake_args' from command line to 'None'
[0.282s] Level 5:colcon.colcon_core.verb:set package 'village_li' build argument 'cmake_target' from command line to 'None'
[0.282s] Level 5:colcon.colcon_core.verb:set package 'village_li' build argument 'cmake_target_skip_unavailable' from command line to 'False'
[0.282s] Level 5:colcon.colcon_core.verb:set package 'village_li' build argument 'cmake_clean_cache' from command line to 'False'
[0.282s] Level 5:colcon.colcon_core.verb:set package 'village_li' build argument 'cmake_clean_first' from command line to 'False'
[0.282s] Level 5:colcon.colcon_core.verb:set package 'village_li' build argument 'cmake_force_configure' from command line to 'False'
[0.282s] Level 5:colcon.colcon_core.verb:set package 'village_li' build argument 'ament_cmake_args' from command line to 'None'
[0.282s] Level 5:colcon.colcon_core.verb:set package 'village_li' build argument 'catkin_cmake_args' from command line to 'None'
[0.282s] Level 5:colcon.colcon_core.verb:set package 'village_li' build argument 'catkin_skip_building_tests' from command line to 'False'
[0.282s] DEBUG:colcon.colcon_core.verb:Building package 'village_li' with the following arguments: {'ament_cmake_args': None, 'build_base': '/home/jinhemu/ROS2/town_ws/build/village_li', 'catkin_cmake_args': None, 'catkin_skip_building_tests': False, 'cmake_args': None, 'cmake_clean_cache': False, 'cmake_clean_first': False, 'cmake_force_configure': False, 'cmake_target': None, 'cmake_target_skip_unavailable': False, 'install_base': '/home/jinhemu/ROS2/town_ws/install/village_li', 'merge_install': False, 'path': '/home/jinhemu/ROS2/town_ws/src/village_li', 'symlink_install': False, 'test_result_base': None}
[0.283s] Level 5:colcon.colcon_core.verb:set package 'village_wang' build argument 'cmake_args' from command line to 'None'
[0.283s] Level 5:colcon.colcon_core.verb:set package 'village_wang' build argument 'cmake_target' from command line to 'None'
[0.283s] Level 5:colcon.colcon_core.verb:set package 'village_wang' build argument 'cmake_target_skip_unavailable' from command line to 'False'
[0.283s] Level 5:colcon.colcon_core.verb:set package 'village_wang' build argument 'cmake_clean_cache' from command line to 'False'
[0.283s] Level 5:colcon.colcon_core.verb:set package 'village_wang' build argument 'cmake_clean_first' from command line to 'False'
[0.283s] Level 5:colcon.colcon_core.verb:set package 'village_wang' build argument 'cmake_force_configure' from command line to 'False'
[0.283s] Level 5:colcon.colcon_core.verb:set package 'village_wang' build argument 'ament_cmake_args' from command line to 'None'
[0.283s] Level 5:colcon.colcon_core.verb:set package 'village_wang' build argument 'catkin_cmake_args' from command line to 'None'
[0.283s] Level 5:colcon.colcon_core.verb:set package 'village_wang' build argument 'catkin_skip_building_tests' from command line to 'False'
[0.283s] DEBUG:colcon.colcon_core.verb:Building package 'village_wang' with the following arguments: {'ament_cmake_args': None, 'build_base': '/home/jinhemu/ROS2/town_ws/build/village_wang', 'catkin_cmake_args': None, 'catkin_skip_building_tests': False, 'cmake_args': None, 'cmake_clean_cache': False, 'cmake_clean_first': False, 'cmake_force_configure': False, 'cmake_target': None, 'cmake_target_skip_unavailable': False, 'install_base': '/home/jinhemu/ROS2/town_ws/install/village_wang', 'merge_install': False, 'path': '/home/jinhemu/ROS2/town_ws/src/village_wang', 'symlink_install': False, 'test_result_base': None}
[0.283s] Level 5:colcon.colcon_core.verb:set package 'village_zhang' build argument 'cmake_args' from command line to 'None'
[0.283s] Level 5:colcon.colcon_core.verb:set package 'village_zhang' build argument 'cmake_target' from command line to 'None'
[0.283s] Level 5:colcon.colcon_core.verb:set package 'village_zhang' build argument 'cmake_target_skip_unavailable' from command line to 'False'
[0.283s] Level 5:colcon.colcon_core.verb:set package 'village_zhang' build argument 'cmake_clean_cache' from command line to 'False'
[0.283s] Level 5:colcon.colcon_core.verb:set package 'village_zhang' build argument 'cmake_clean_first' from command line to 'False'
[0.283s] Level 5:colcon.colcon_core.verb:set package 'village_zhang' build argument 'cmake_force_configure' from command line to 'False'
[0.283s] Level 5:colcon.colcon_core.verb:set package 'village_zhang' build argument 'ament_cmake_args' from command line to 'None'
[0.283s] Level 5:colcon.colcon_core.verb:set package 'village_zhang' build argument 'catkin_cmake_args' from command line to 'None'
[0.283s] Level 5:colcon.colcon_core.verb:set package 'village_zhang' build argument 'catkin_skip_building_tests' from command line to 'False'
[0.283s] DEBUG:colcon.colcon_core.verb:Building package 'village_zhang' with the following arguments: {'ament_cmake_args': None, 'build_base': '/home/jinhemu/ROS2/town_ws/build/village_zhang', 'catkin_cmake_args': None, 'catkin_skip_building_tests': False, 'cmake_args': None, 'cmake_clean_cache': False, 'cmake_clean_first': False, 'cmake_force_configure': False, 'cmake_target': None, 'cmake_target_skip_unavailable': False, 'install_base': '/home/jinhemu/ROS2/town_ws/install/village_zhang', 'merge_install': False, 'path': '/home/jinhemu/ROS2/town_ws/src/village_zhang', 'symlink_install': False, 'test_result_base': None}
[0.284s] INFO:colcon.colcon_core.executor:Executing jobs using 'parallel' executor
[0.286s] DEBUG:colcon.colcon_parallel_executor.executor.parallel:run_until_complete
[0.286s] INFO:colcon.colcon_ros.task.ament_cmake.build:Building ROS package in '/home/jinhemu/ROS2/town_ws/src/village_interfaces' with build type 'ament_cmake'
[0.286s] INFO:colcon.colcon_cmake.task.cmake.build:Building CMake package in '/home/jinhemu/ROS2/town_ws/src/village_interfaces'
[0.289s] INFO:colcon.colcon_core.plugin_system:Skipping extension 'colcon_core.shell.bat': Not used on non-Windows systems
[0.289s] INFO:colcon.colcon_core.shell:Skip shell extension 'powershell' for command environment: Not usable outside of PowerShell
[0.289s] DEBUG:colcon.colcon_core.shell:Skip shell extension 'dsv' for command environment
[0.295s] DEBUG:colcon.colcon_core.event_handler.log_command:Invoking command in '/home/jinhemu/ROS2/town_ws/build/village_interfaces': CMAKE_PREFIX_PATH=${CMAKE_PREFIX_PATH}:/home/jinhemu/ROS2/town_ws/install/village_li:/opt/ros/humble /usr/bin/cmake --build /home/jinhemu/ROS2/town_ws/build/village_interfaces -- -j12 -l12
[0.527s] DEBUG:colcon.colcon_core.event_handler.log_command:Invoked command in '/home/jinhemu/ROS2/town_ws/build/village_interfaces' returned '0': CMAKE_PREFIX_PATH=${CMAKE_PREFIX_PATH}:/home/jinhemu/ROS2/town_ws/install/village_li:/opt/ros/humble /usr/bin/cmake --build /home/jinhemu/ROS2/town_ws/build/village_interfaces -- -j12 -l12
[0.595s] DEBUG:colcon.colcon_core.event_handler.log_command:Invoking command in '/home/jinhemu/ROS2/town_ws/build/village_interfaces': CMAKE_PREFIX_PATH=${CMAKE_PREFIX_PATH}:/home/jinhemu/ROS2/town_ws/install/village_li:/opt/ros/humble /usr/bin/cmake --install /home/jinhemu/ROS2/town_ws/build/village_interfaces
[0.633s] Level 1:colcon.colcon_core.environment:create_environment_scripts_only(village_interfaces)
[0.634s] DEBUG:colcon.colcon_core.event_handler.log_command:Invoked command in '/home/jinhemu/ROS2/town_ws/build/village_interfaces' returned '0': CMAKE_PREFIX_PATH=${CMAKE_PREFIX_PATH}:/home/jinhemu/ROS2/town_ws/install/village_li:/opt/ros/humble /usr/bin/cmake --install /home/jinhemu/ROS2/town_ws/build/village_interfaces
[0.637s] Level 1:colcon.colcon_core.environment:checking '/home/jinhemu/ROS2/town_ws/install/village_interfaces' for CMake module files
[0.637s] Level 1:colcon.colcon_core.environment:checking '/home/jinhemu/ROS2/town_ws/install/village_interfaces' for CMake config files
[0.638s] Level 1:colcon.colcon_core.shell:create_environment_hook('village_interfaces', 'cmake_prefix_path')
[0.639s] INFO:colcon.colcon_core.shell:Creating environment hook '/home/jinhemu/ROS2/town_ws/install/village_interfaces/share/village_interfaces/hook/cmake_prefix_path.ps1'
[0.639s] INFO:colcon.colcon_core.shell:Creating environment descriptor '/home/jinhemu/ROS2/town_ws/install/village_interfaces/share/village_interfaces/hook/cmake_prefix_path.dsv'
[0.639s] INFO:colcon.colcon_core.shell:Creating environment hook '/home/jinhemu/ROS2/town_ws/install/village_interfaces/share/village_interfaces/hook/cmake_prefix_path.sh'
[0.640s] Level 1:colcon.colcon_core.environment:checking '/home/jinhemu/ROS2/town_ws/install/village_interfaces/lib'
[0.640s] Level 1:colcon.colcon_core.shell:create_environment_hook('village_interfaces', 'ld_library_path_lib')
[0.641s] INFO:colcon.colcon_core.shell:Creating environment hook '/home/jinhemu/ROS2/town_ws/install/village_interfaces/share/village_interfaces/hook/ld_library_path_lib.ps1'
[0.641s] INFO:colcon.colcon_core.shell:Creating environment descriptor '/home/jinhemu/ROS2/town_ws/install/village_interfaces/share/village_interfaces/hook/ld_library_path_lib.dsv'
[0.641s] INFO:colcon.colcon_core.shell:Creating environment hook '/home/jinhemu/ROS2/town_ws/install/village_interfaces/share/village_interfaces/hook/ld_library_path_lib.sh'
[0.641s] Level 1:colcon.colcon_core.environment:checking '/home/jinhemu/ROS2/town_ws/install/village_interfaces/bin'
[0.641s] Level 1:colcon.colcon_core.environment:checking '/home/jinhemu/ROS2/town_ws/install/village_interfaces/lib/pkgconfig/village_interfaces.pc'
[0.641s] Level 1:colcon.colcon_core.environment:checking '/home/jinhemu/ROS2/town_ws/install/village_interfaces/lib/python3.10/site-packages'
[0.642s] Level 1:colcon.colcon_core.environment:checking '/home/jinhemu/ROS2/town_ws/install/village_interfaces/bin'
[0.642s] INFO:colcon.colcon_core.shell:Creating package script '/home/jinhemu/ROS2/town_ws/install/village_interfaces/share/village_interfaces/package.ps1'
[0.643s] INFO:colcon.colcon_core.shell:Creating package descriptor '/home/jinhemu/ROS2/town_ws/install/village_interfaces/share/village_interfaces/package.dsv'
[0.643s] INFO:colcon.colcon_core.shell:Creating package script '/home/jinhemu/ROS2/town_ws/install/village_interfaces/share/village_interfaces/package.sh'
[0.644s] INFO:colcon.colcon_core.shell:Creating package script '/home/jinhemu/ROS2/town_ws/install/village_interfaces/share/village_interfaces/package.bash'
[0.644s] INFO:colcon.colcon_core.shell:Creating package script '/home/jinhemu/ROS2/town_ws/install/village_interfaces/share/village_interfaces/package.zsh'
[0.644s] Level 1:colcon.colcon_core.environment:create_file_with_runtime_dependencies(/home/jinhemu/ROS2/town_ws/install/village_interfaces/share/colcon-core/packages/village_interfaces)
[0.704s] Level 1:colcon.colcon_core.environment:create_environment_scripts_only(village_interfaces)
[0.706s] Level 1:colcon.colcon_core.environment:checking '/home/jinhemu/ROS2/town_ws/install/village_interfaces' for CMake module files
[0.707s] Level 1:colcon.colcon_core.environment:checking '/home/jinhemu/ROS2/town_ws/install/village_interfaces' for CMake config files
[0.707s] Level 1:colcon.colcon_core.shell:create_environment_hook('village_interfaces', 'cmake_prefix_path')
[0.709s] INFO:colcon.colcon_core.shell:Creating environment hook '/home/jinhemu/ROS2/town_ws/install/village_interfaces/share/village_interfaces/hook/cmake_prefix_path.ps1'
[0.709s] INFO:colcon.colcon_core.shell:Creating environment descriptor '/home/jinhemu/ROS2/town_ws/install/village_interfaces/share/village_interfaces/hook/cmake_prefix_path.dsv'
[0.709s] INFO:colcon.colcon_core.shell:Creating environment hook '/home/jinhemu/ROS2/town_ws/install/village_interfaces/share/village_interfaces/hook/cmake_prefix_path.sh'
[0.709s] Level 1:colcon.colcon_core.environment:checking '/home/jinhemu/ROS2/town_ws/install/village_interfaces/lib'
[0.709s] Level 1:colcon.colcon_core.shell:create_environment_hook('village_interfaces', 'ld_library_path_lib')
[0.710s] INFO:colcon.colcon_core.shell:Creating environment hook '/home/jinhemu/ROS2/town_ws/install/village_interfaces/share/village_interfaces/hook/ld_library_path_lib.ps1'
[0.711s] INFO:colcon.colcon_core.shell:Creating environment descriptor '/home/jinhemu/ROS2/town_ws/install/village_interfaces/share/village_interfaces/hook/ld_library_path_lib.dsv'
[0.711s] INFO:colcon.colcon_core.shell:Creating environment hook '/home/jinhemu/ROS2/town_ws/install/village_interfaces/share/village_interfaces/hook/ld_library_path_lib.sh'
[0.711s] Level 1:colcon.colcon_core.environment:checking '/home/jinhemu/ROS2/town_ws/install/village_interfaces/bin'
[0.711s] Level 1:colcon.colcon_core.environment:checking '/home/jinhemu/ROS2/town_ws/install/village_interfaces/lib/pkgconfig/village_interfaces.pc'
[0.711s] Level 1:colcon.colcon_core.environment:checking '/home/jinhemu/ROS2/town_ws/install/village_interfaces/lib/python3.10/site-packages'
[0.712s] Level 1:colcon.colcon_core.environment:checking '/home/jinhemu/ROS2/town_ws/install/village_interfaces/bin'
[0.712s] INFO:colcon.colcon_core.shell:Creating package script '/home/jinhemu/ROS2/town_ws/install/village_interfaces/share/village_interfaces/package.ps1'
[0.713s] INFO:colcon.colcon_core.shell:Creating package descriptor '/home/jinhemu/ROS2/town_ws/install/village_interfaces/share/village_interfaces/package.dsv'
[0.713s] INFO:colcon.colcon_core.shell:Creating package script '/home/jinhemu/ROS2/town_ws/install/village_interfaces/share/village_interfaces/package.sh'
[0.713s] INFO:colcon.colcon_core.shell:Creating package script '/home/jinhemu/ROS2/town_ws/install/village_interfaces/share/village_interfaces/package.bash'
[0.714s] INFO:colcon.colcon_core.shell:Creating package script '/home/jinhemu/ROS2/town_ws/install/village_interfaces/share/village_interfaces/package.zsh'
[0.714s] Level 1:colcon.colcon_core.environment:create_file_with_runtime_dependencies(/home/jinhemu/ROS2/town_ws/install/village_interfaces/share/colcon-core/packages/village_interfaces)
[0.714s] INFO:colcon.colcon_ros.task.ament_python.build:Building ROS package in '/home/jinhemu/ROS2/town_ws/src/village_li' with build type 'ament_python'
[0.714s] Level 1:colcon.colcon_core.shell:create_environment_hook('village_li', 'ament_prefix_path')
[0.715s] INFO:colcon.colcon_core.shell:Creating environment hook '/home/jinhemu/ROS2/town_ws/install/village_li/share/village_li/hook/ament_prefix_path.ps1'
[0.716s] INFO:colcon.colcon_core.shell:Creating environment descriptor '/home/jinhemu/ROS2/town_ws/install/village_li/share/village_li/hook/ament_prefix_path.dsv'
[0.716s] INFO:colcon.colcon_core.shell:Creating environment hook '/home/jinhemu/ROS2/town_ws/install/village_li/share/village_li/hook/ament_prefix_path.sh'
[0.717s] INFO:colcon.colcon_core.shell:Skip shell extension 'powershell' for command environment: Not usable outside of PowerShell
[0.717s] DEBUG:colcon.colcon_core.shell:Skip shell extension 'dsv' for command environment
[0.720s] INFO:colcon.colcon_ros.task.ament_cmake.build:Building ROS package in '/home/jinhemu/ROS2/town_ws/src/village_wang' with build type 'ament_cmake'
[0.720s] INFO:colcon.colcon_cmake.task.cmake.build:Building CMake package in '/home/jinhemu/ROS2/town_ws/src/village_wang'
[0.721s] INFO:colcon.colcon_core.shell:Skip shell extension 'powershell' for command environment: Not usable outside of PowerShell
[0.721s] DEBUG:colcon.colcon_core.shell:Skip shell extension 'dsv' for command environment
[0.724s] INFO:colcon.colcon_ros.task.ament_cmake.build:Building ROS package in '/home/jinhemu/ROS2/town_ws/src/village_zhang' with build type 'ament_cmake'
[0.724s] INFO:colcon.colcon_cmake.task.cmake.build:Building CMake package in '/home/jinhemu/ROS2/town_ws/src/village_zhang'
[0.725s] INFO:colcon.colcon_core.shell:Skip shell extension 'powershell' for command environment: Not usable outside of PowerShell
[0.725s] DEBUG:colcon.colcon_core.shell:Skip shell extension 'dsv' for command environment
[0.931s] INFO:colcon.colcon_core.task.python.build:Building Python package in '/home/jinhemu/ROS2/town_ws/src/village_li'
[0.932s] INFO:colcon.colcon_core.shell:Skip shell extension 'powershell' for command environment: Not usable outside of PowerShell
[0.932s] DEBUG:colcon.colcon_core.shell:Skip shell extension 'dsv' for command environment
[0.938s] DEBUG:colcon.colcon_core.event_handler.log_command:Invoking command in '/home/jinhemu/ROS2/town_ws/build/village_wang': CMAKE_PREFIX_PATH=/home/jinhemu/ROS2/town_ws/install/village_interfaces:/home/jinhemu/ROS2/town_ws/install/village_zhang:/home/jinhemu/ROS2/town_ws/install/village_wang:/home/jinhemu/ROS2/town_ws/install/village_li:/opt/ros/humble /usr/bin/cmake --build /home/jinhemu/ROS2/town_ws/build/village_wang -- -j12 -l12
[0.941s] DEBUG:colcon.colcon_core.event_handler.log_command:Invoking command in '/home/jinhemu/ROS2/town_ws/build/village_zhang': CMAKE_PREFIX_PATH=/home/jinhemu/ROS2/town_ws/install/village_interfaces:/home/jinhemu/ROS2/town_ws/install/village_zhang:/home/jinhemu/ROS2/town_ws/install/village_wang:/home/jinhemu/ROS2/town_ws/install/village_li:/opt/ros/humble /usr/bin/cmake --build /home/jinhemu/ROS2/town_ws/build/village_zhang -- -j12 -l12
[0.987s] DEBUG:colcon.colcon_core.event_handler.log_command:Invoked command in '/home/jinhemu/ROS2/town_ws/build/village_zhang' returned '0': CMAKE_PREFIX_PATH=/home/jinhemu/ROS2/town_ws/install/village_interfaces:/home/jinhemu/ROS2/town_ws/install/village_zhang:/home/jinhemu/ROS2/town_ws/install/village_wang:/home/jinhemu/ROS2/town_ws/install/village_li:/opt/ros/humble /usr/bin/cmake --build /home/jinhemu/ROS2/town_ws/build/village_zhang -- -j12 -l12
[1.006s] DEBUG:colcon.colcon_core.event_handler.log_command:Invoking command in '/home/jinhemu/ROS2/town_ws/build/village_zhang': CMAKE_PREFIX_PATH=/home/jinhemu/ROS2/town_ws/install/village_interfaces:/home/jinhemu/ROS2/town_ws/install/village_zhang:/home/jinhemu/ROS2/town_ws/install/village_wang:/home/jinhemu/ROS2/town_ws/install/village_li:/opt/ros/humble /usr/bin/cmake --install /home/jinhemu/ROS2/town_ws/build/village_zhang
[1.013s] Level 1:colcon.colcon_core.environment:create_environment_scripts_only(village_zhang)
[1.015s] Level 1:colcon.colcon_core.environment:checking '/home/jinhemu/ROS2/town_ws/install/village_zhang' for CMake module files
[1.015s] DEBUG:colcon.colcon_core.event_handler.log_command:Invoked command in '/home/jinhemu/ROS2/town_ws/build/village_zhang' returned '0': CMAKE_PREFIX_PATH=/home/jinhemu/ROS2/town_ws/install/village_interfaces:/home/jinhemu/ROS2/town_ws/install/village_zhang:/home/jinhemu/ROS2/town_ws/install/village_wang:/home/jinhemu/ROS2/town_ws/install/village_li:/opt/ros/humble /usr/bin/cmake --install /home/jinhemu/ROS2/town_ws/build/village_zhang
[1.015s] Level 1:colcon.colcon_core.environment:checking '/home/jinhemu/ROS2/town_ws/install/village_zhang' for CMake config files
[1.015s] Level 1:colcon.colcon_core.shell:create_environment_hook('village_zhang', 'cmake_prefix_path')
[1.016s] INFO:colcon.colcon_core.shell:Creating environment hook '/home/jinhemu/ROS2/town_ws/install/village_zhang/share/village_zhang/hook/cmake_prefix_path.ps1'
[1.017s] INFO:colcon.colcon_core.shell:Creating environment descriptor '/home/jinhemu/ROS2/town_ws/install/village_zhang/share/village_zhang/hook/cmake_prefix_path.dsv'
[1.017s] INFO:colcon.colcon_core.shell:Creating environment hook '/home/jinhemu/ROS2/town_ws/install/village_zhang/share/village_zhang/hook/cmake_prefix_path.sh'
[1.017s] Level 1:colcon.colcon_core.environment:checking '/home/jinhemu/ROS2/town_ws/install/village_zhang/lib'
[1.017s] Level 1:colcon.colcon_core.environment:checking '/home/jinhemu/ROS2/town_ws/install/village_zhang/bin'
[1.018s] Level 1:colcon.colcon_core.environment:checking '/home/jinhemu/ROS2/town_ws/install/village_zhang/lib/pkgconfig/village_zhang.pc'
[1.018s] Level 1:colcon.colcon_core.environment:checking '/home/jinhemu/ROS2/town_ws/install/village_zhang/lib/python3.10/site-packages'
[1.018s] Level 1:colcon.colcon_core.environment:checking '/home/jinhemu/ROS2/town_ws/install/village_zhang/bin'
[1.019s] INFO:colcon.colcon_core.shell:Creating package script '/home/jinhemu/ROS2/town_ws/install/village_zhang/share/village_zhang/package.ps1'
[1.019s] INFO:colcon.colcon_core.shell:Creating package descriptor '/home/jinhemu/ROS2/town_ws/install/village_zhang/share/village_zhang/package.dsv'
[1.019s] INFO:colcon.colcon_core.shell:Creating package script '/home/jinhemu/ROS2/town_ws/install/village_zhang/share/village_zhang/package.sh'
[1.019s] INFO:colcon.colcon_core.shell:Creating package script '/home/jinhemu/ROS2/town_ws/install/village_zhang/share/village_zhang/package.bash'
[1.020s] INFO:colcon.colcon_core.shell:Creating package script '/home/jinhemu/ROS2/town_ws/install/village_zhang/share/village_zhang/package.zsh'
[1.020s] Level 1:colcon.colcon_core.environment:create_file_with_runtime_dependencies(/home/jinhemu/ROS2/town_ws/install/village_zhang/share/colcon-core/packages/village_zhang)
[1.037s] Level 1:colcon.colcon_core.environment:create_environment_scripts_only(village_zhang)
[1.038s] Level 1:colcon.colcon_core.environment:checking '/home/jinhemu/ROS2/town_ws/install/village_zhang' for CMake module files
[1.039s] Level 1:colcon.colcon_core.environment:checking '/home/jinhemu/ROS2/town_ws/install/village_zhang' for CMake config files
[1.039s] Level 1:colcon.colcon_core.shell:create_environment_hook('village_zhang', 'cmake_prefix_path')
[1.040s] INFO:colcon.colcon_core.shell:Creating environment hook '/home/jinhemu/ROS2/town_ws/install/village_zhang/share/village_zhang/hook/cmake_prefix_path.ps1'
[1.040s] INFO:colcon.colcon_core.shell:Creating environment descriptor '/home/jinhemu/ROS2/town_ws/install/village_zhang/share/village_zhang/hook/cmake_prefix_path.dsv'
[1.040s] INFO:colcon.colcon_core.shell:Creating environment hook '/home/jinhemu/ROS2/town_ws/install/village_zhang/share/village_zhang/hook/cmake_prefix_path.sh'
[1.041s] Level 1:colcon.colcon_core.environment:checking '/home/jinhemu/ROS2/town_ws/install/village_zhang/lib'
[1.041s] Level 1:colcon.colcon_core.environment:checking '/home/jinhemu/ROS2/town_ws/install/village_zhang/bin'
[1.041s] Level 1:colcon.colcon_core.environment:checking '/home/jinhemu/ROS2/town_ws/install/village_zhang/lib/pkgconfig/village_zhang.pc'
[1.041s] Level 1:colcon.colcon_core.environment:checking '/home/jinhemu/ROS2/town_ws/install/village_zhang/lib/python3.10/site-packages'
[1.041s] Level 1:colcon.colcon_core.environment:checking '/home/jinhemu/ROS2/town_ws/install/village_zhang/bin'
[1.042s] INFO:colcon.colcon_core.shell:Creating package script '/home/jinhemu/ROS2/town_ws/install/village_zhang/share/village_zhang/package.ps1'
[1.042s] INFO:colcon.colcon_core.shell:Creating package descriptor '/home/jinhemu/ROS2/town_ws/install/village_zhang/share/village_zhang/package.dsv'
[1.042s] INFO:colcon.colcon_core.shell:Creating package script '/home/jinhemu/ROS2/town_ws/install/village_zhang/share/village_zhang/package.sh'
[1.043s] INFO:colcon.colcon_core.shell:Creating package script '/home/jinhemu/ROS2/town_ws/install/village_zhang/share/village_zhang/package.bash'
[1.043s] INFO:colcon.colcon_core.shell:Creating package script '/home/jinhemu/ROS2/town_ws/install/village_zhang/share/village_zhang/package.zsh'
[1.043s] Level 1:colcon.colcon_core.environment:create_file_with_runtime_dependencies(/home/jinhemu/ROS2/town_ws/install/village_zhang/share/colcon-core/packages/village_zhang)
[1.207s] DEBUG:colcon.colcon_core.event_handler.log_command:Invoking command in '/home/jinhemu/ROS2/town_ws/src/village_li': CMAKE_PREFIX_PATH=/home/jinhemu/ROS2/town_ws/install/village_interfaces:/home/jinhemu/ROS2/town_ws/install/village_zhang:/home/jinhemu/ROS2/town_ws/install/village_wang PYTHONPATH=/home/jinhemu/ROS2/town_ws/build/village_li/prefix_override:/home/jinhemu/ROS2/town_ws/install/village_li/lib/python3.10/site-packages:${PYTHONPATH} /usr/bin/python3 setup.py egg_info --egg-base ../../build/village_li build --build-base /home/jinhemu/ROS2/town_ws/build/village_li/build install --record /home/jinhemu/ROS2/town_ws/build/village_li/install.log --single-version-externally-managed
[1.489s] Level 1:colcon.colcon_core.environment:checking '/home/jinhemu/ROS2/town_ws/install/village_li' for CMake module files
[1.490s] DEBUG:colcon.colcon_core.event_handler.log_command:Invoked command in '/home/jinhemu/ROS2/town_ws/src/village_li' returned '0': CMAKE_PREFIX_PATH=/home/jinhemu/ROS2/town_ws/install/village_interfaces:/home/jinhemu/ROS2/town_ws/install/village_zhang:/home/jinhemu/ROS2/town_ws/install/village_wang PYTHONPATH=/home/jinhemu/ROS2/town_ws/build/village_li/prefix_override:/home/jinhemu/ROS2/town_ws/install/village_li/lib/python3.10/site-packages:${PYTHONPATH} /usr/bin/python3 setup.py egg_info --egg-base ../../build/village_li build --build-base /home/jinhemu/ROS2/town_ws/build/village_li/build install --record /home/jinhemu/ROS2/town_ws/build/village_li/install.log --single-version-externally-managed
[1.490s] Level 1:colcon.colcon_core.environment:checking '/home/jinhemu/ROS2/town_ws/install/village_li' for CMake config files
[1.491s] Level 1:colcon.colcon_core.environment:checking '/home/jinhemu/ROS2/town_ws/install/village_li/lib'
[1.491s] Level 1:colcon.colcon_core.environment:checking '/home/jinhemu/ROS2/town_ws/install/village_li/bin'
[1.491s] Level 1:colcon.colcon_core.environment:checking '/home/jinhemu/ROS2/town_ws/install/village_li/lib/pkgconfig/village_li.pc'
[1.491s] Level 1:colcon.colcon_core.environment:checking '/home/jinhemu/ROS2/town_ws/install/village_li/lib/python3.10/site-packages'
[1.491s] Level 1:colcon.colcon_core.shell:create_environment_hook('village_li', 'pythonpath')
[1.493s] INFO:colcon.colcon_core.shell:Creating environment hook '/home/jinhemu/ROS2/town_ws/install/village_li/share/village_li/hook/pythonpath.ps1'
[1.493s] INFO:colcon.colcon_core.shell:Creating environment descriptor '/home/jinhemu/ROS2/town_ws/install/village_li/share/village_li/hook/pythonpath.dsv'
[1.493s] INFO:colcon.colcon_core.shell:Creating environment hook '/home/jinhemu/ROS2/town_ws/install/village_li/share/village_li/hook/pythonpath.sh'
[1.494s] Level 1:colcon.colcon_core.environment:checking '/home/jinhemu/ROS2/town_ws/install/village_li/bin'
[1.494s] Level 1:colcon.colcon_core.environment:create_environment_scripts_only(village_li)
[1.495s] INFO:colcon.colcon_core.shell:Creating package script '/home/jinhemu/ROS2/town_ws/install/village_li/share/village_li/package.ps1'
[1.496s] INFO:colcon.colcon_core.shell:Creating package descriptor '/home/jinhemu/ROS2/town_ws/install/village_li/share/village_li/package.dsv'
[1.496s] INFO:colcon.colcon_core.shell:Creating package script '/home/jinhemu/ROS2/town_ws/install/village_li/share/village_li/package.sh'
[1.496s] INFO:colcon.colcon_core.shell:Creating package script '/home/jinhemu/ROS2/town_ws/install/village_li/share/village_li/package.bash'
[1.496s] INFO:colcon.colcon_core.shell:Creating package script '/home/jinhemu/ROS2/town_ws/install/village_li/share/village_li/package.zsh'
[1.497s] Level 1:colcon.colcon_core.environment:create_file_with_runtime_dependencies(/home/jinhemu/ROS2/town_ws/install/village_li/share/colcon-core/packages/village_li)
[7.733s] DEBUG:colcon.colcon_core.event_handler.log_command:Invoked command in '/home/jinhemu/ROS2/town_ws/build/village_wang' returned '0': CMAKE_PREFIX_PATH=/home/jinhemu/ROS2/town_ws/install/village_interfaces:/home/jinhemu/ROS2/town_ws/install/village_zhang:/home/jinhemu/ROS2/town_ws/install/village_wang:/home/jinhemu/ROS2/town_ws/install/village_li:/opt/ros/humble /usr/bin/cmake --build /home/jinhemu/ROS2/town_ws/build/village_wang -- -j12 -l12
[7.754s] DEBUG:colcon.colcon_core.event_handler.log_command:Invoking command in '/home/jinhemu/ROS2/town_ws/build/village_wang': CMAKE_PREFIX_PATH=/home/jinhemu/ROS2/town_ws/install/village_interfaces:/home/jinhemu/ROS2/town_ws/install/village_zhang:/home/jinhemu/ROS2/town_ws/install/village_wang:/home/jinhemu/ROS2/town_ws/install/village_li:/opt/ros/humble /usr/bin/cmake --install /home/jinhemu/ROS2/town_ws/build/village_wang
[7.767s] Level 1:colcon.colcon_core.environment:create_environment_scripts_only(village_wang)
[7.768s] Level 1:colcon.colcon_core.environment:checking '/home/jinhemu/ROS2/town_ws/install/village_wang' for CMake module files
[7.768s] DEBUG:colcon.colcon_core.event_handler.log_command:Invoked command in '/home/jinhemu/ROS2/town_ws/build/village_wang' returned '0': CMAKE_PREFIX_PATH=/home/jinhemu/ROS2/town_ws/install/village_interfaces:/home/jinhemu/ROS2/town_ws/install/village_zhang:/home/jinhemu/ROS2/town_ws/install/village_wang:/home/jinhemu/ROS2/town_ws/install/village_li:/opt/ros/humble /usr/bin/cmake --install /home/jinhemu/ROS2/town_ws/build/village_wang
[7.768s] Level 1:colcon.colcon_core.environment:checking '/home/jinhemu/ROS2/town_ws/install/village_wang' for CMake config files
[7.769s] Level 1:colcon.colcon_core.shell:create_environment_hook('village_wang', 'cmake_prefix_path')
[7.770s] INFO:colcon.colcon_core.shell:Creating environment hook '/home/jinhemu/ROS2/town_ws/install/village_wang/share/village_wang/hook/cmake_prefix_path.ps1'
[7.770s] INFO:colcon.colcon_core.shell:Creating environment descriptor '/home/jinhemu/ROS2/town_ws/install/village_wang/share/village_wang/hook/cmake_prefix_path.dsv'
[7.770s] INFO:colcon.colcon_core.shell:Creating environment hook '/home/jinhemu/ROS2/town_ws/install/village_wang/share/village_wang/hook/cmake_prefix_path.sh'
[7.770s] Level 1:colcon.colcon_core.environment:checking '/home/jinhemu/ROS2/town_ws/install/village_wang/lib'
[7.770s] Level 1:colcon.colcon_core.environment:checking '/home/jinhemu/ROS2/town_ws/install/village_wang/bin'
[7.770s] Level 1:colcon.colcon_core.environment:checking '/home/jinhemu/ROS2/town_ws/install/village_wang/lib/pkgconfig/village_wang.pc'
[7.771s] Level 1:colcon.colcon_core.environment:checking '/home/jinhemu/ROS2/town_ws/install/village_wang/lib/python3.10/site-packages'
[7.771s] Level 1:colcon.colcon_core.environment:checking '/home/jinhemu/ROS2/town_ws/install/village_wang/bin'
[7.772s] INFO:colcon.colcon_core.shell:Creating package script '/home/jinhemu/ROS2/town_ws/install/village_wang/share/village_wang/package.ps1'
[7.772s] INFO:colcon.colcon_core.shell:Creating package descriptor '/home/jinhemu/ROS2/town_ws/install/village_wang/share/village_wang/package.dsv'
[7.772s] INFO:colcon.colcon_core.shell:Creating package script '/home/jinhemu/ROS2/town_ws/install/village_wang/share/village_wang/package.sh'
[7.772s] INFO:colcon.colcon_core.shell:Creating package script '/home/jinhemu/ROS2/town_ws/install/village_wang/share/village_wang/package.bash'
[7.772s] INFO:colcon.colcon_core.shell:Creating package script '/home/jinhemu/ROS2/town_ws/install/village_wang/share/village_wang/package.zsh'
[7.773s] Level 1:colcon.colcon_core.environment:create_file_with_runtime_dependencies(/home/jinhemu/ROS2/town_ws/install/village_wang/share/colcon-core/packages/village_wang)
[7.809s] Level 1:colcon.colcon_core.environment:create_environment_scripts_only(village_wang)
[7.812s] Level 1:colcon.colcon_core.environment:checking '/home/jinhemu/ROS2/town_ws/install/village_wang' for CMake module files
[7.813s] Level 1:colcon.colcon_core.environment:checking '/home/jinhemu/ROS2/town_ws/install/village_wang' for CMake config files
[7.814s] Level 1:colcon.colcon_core.shell:create_environment_hook('village_wang', 'cmake_prefix_path')
[7.815s] INFO:colcon.colcon_core.shell:Creating environment hook '/home/jinhemu/ROS2/town_ws/install/village_wang/share/village_wang/hook/cmake_prefix_path.ps1'
[7.816s] INFO:colcon.colcon_core.shell:Creating environment descriptor '/home/jinhemu/ROS2/town_ws/install/village_wang/share/village_wang/hook/cmake_prefix_path.dsv'
[7.816s] INFO:colcon.colcon_core.shell:Creating environment hook '/home/jinhemu/ROS2/town_ws/install/village_wang/share/village_wang/hook/cmake_prefix_path.sh'
[7.817s] Level 1:colcon.colcon_core.environment:checking '/home/jinhemu/ROS2/town_ws/install/village_wang/lib'
[7.817s] Level 1:colcon.colcon_core.environment:checking '/home/jinhemu/ROS2/town_ws/install/village_wang/bin'
[7.817s] Level 1:colcon.colcon_core.environment:checking '/home/jinhemu/ROS2/town_ws/install/village_wang/lib/pkgconfig/village_wang.pc'
[7.817s] Level 1:colcon.colcon_core.environment:checking '/home/jinhemu/ROS2/town_ws/install/village_wang/lib/python3.10/site-packages'
[7.818s] Level 1:colcon.colcon_core.environment:checking '/home/jinhemu/ROS2/town_ws/install/village_wang/bin'
[7.819s] INFO:colcon.colcon_core.shell:Creating package script '/home/jinhemu/ROS2/town_ws/install/village_wang/share/village_wang/package.ps1'
[7.819s] INFO:colcon.colcon_core.shell:Creating package descriptor '/home/jinhemu/ROS2/town_ws/install/village_wang/share/village_wang/package.dsv'
[7.820s] INFO:colcon.colcon_core.shell:Creating package script '/home/jinhemu/ROS2/town_ws/install/village_wang/share/village_wang/package.sh'
[7.820s] INFO:colcon.colcon_core.shell:Creating package script '/home/jinhemu/ROS2/town_ws/install/village_wang/share/village_wang/package.bash'
[7.821s] INFO:colcon.colcon_core.shell:Creating package script '/home/jinhemu/ROS2/town_ws/install/village_wang/share/village_wang/package.zsh'
[7.821s] Level 1:colcon.colcon_core.environment:create_file_with_runtime_dependencies(/home/jinhemu/ROS2/town_ws/install/village_wang/share/colcon-core/packages/village_wang)
[7.821s] DEBUG:colcon.colcon_parallel_executor.executor.parallel:closing loop
[7.822s] DEBUG:colcon.colcon_parallel_executor.executor.parallel:loop closed
[7.822s] DEBUG:colcon.colcon_parallel_executor.executor.parallel:run_until_complete finished with '0'
[7.822s] DEBUG:colcon.colcon_core.event_reactor:joining thread
[7.826s] INFO:colcon.colcon_core.plugin_system:Skipping extension 'colcon_notification.desktop_notification.terminal_notifier': Not used on non-Darwin systems
[7.826s] INFO:colcon.colcon_core.plugin_system:Skipping extension 'colcon_notification.desktop_notification.win32': Not used on non-Windows systems
[7.826s] INFO:colcon.colcon_notification.desktop_notification:Sending desktop notification using 'notify2'
[7.836s] DEBUG:colcon.colcon_core.event_reactor:joined thread
[7.838s] INFO:colcon.colcon_core.shell:Creating prefix script '/home/jinhemu/ROS2/town_ws/install/local_setup.ps1'
[7.839s] INFO:colcon.colcon_core.shell:Creating prefix util module '/home/jinhemu/ROS2/town_ws/install/_local_setup_util_ps1.py'
[7.840s] INFO:colcon.colcon_core.shell:Creating prefix chain script '/home/jinhemu/ROS2/town_ws/install/setup.ps1'
[7.842s] INFO:colcon.colcon_core.shell:Creating prefix script '/home/jinhemu/ROS2/town_ws/install/local_setup.sh'
[7.843s] INFO:colcon.colcon_core.shell:Creating prefix util module '/home/jinhemu/ROS2/town_ws/install/_local_setup_util_sh.py'
[7.843s] INFO:colcon.colcon_core.shell:Creating prefix chain script '/home/jinhemu/ROS2/town_ws/install/setup.sh'
[7.845s] INFO:colcon.colcon_core.shell:Creating prefix script '/home/jinhemu/ROS2/town_ws/install/local_setup.bash'
[7.845s] INFO:colcon.colcon_core.shell:Creating prefix chain script '/home/jinhemu/ROS2/town_ws/install/setup.bash'
[7.846s] INFO:colcon.colcon_core.shell:Creating prefix script '/home/jinhemu/ROS2/town_ws/install/local_setup.zsh'
[7.846s] INFO:colcon.colcon_core.shell:Creating prefix chain script '/home/jinhemu/ROS2/town_ws/install/setup.zsh'
