[0.216s] Invoking command in '/home/jinhemu/ROS2/town_ws/build/village_zhang': CMAKE_PREFIX_PATH=/home/jinhemu/ROS2/town_ws/install/village_interfaces:/home/jinhemu/ROS2/town_ws/install/village_zhang:/home/jinhemu/ROS2/town_ws/install/village_wang:/home/jinhemu/ROS2/town_ws/install/village_li:/opt/ros/humble /usr/bin/cmake --build /home/jinhemu/ROS2/town_ws/build/village_zhang -- -j12 -l12
[0.255s] [100%] Built target zhang3_node
[0.263s] Invoked command in '/home/jinhemu/ROS2/town_ws/build/village_zhang' returned '0': CMAKE_PREFIX_PATH=/home/jinhemu/ROS2/town_ws/install/village_interfaces:/home/jinhemu/ROS2/town_ws/install/village_zhang:/home/jinhemu/ROS2/town_ws/install/village_wang:/home/jinhemu/ROS2/town_ws/install/village_li:/opt/ros/humble /usr/bin/cmake --build /home/jinhemu/ROS2/town_ws/build/village_zhang -- -j12 -l12
[0.281s] Invoking command in '/home/jinhemu/ROS2/town_ws/build/village_zhang': CMAKE_PREFIX_PATH=/home/jinhemu/ROS2/town_ws/install/village_interfaces:/home/jinhemu/ROS2/town_ws/install/village_zhang:/home/jinhemu/ROS2/town_ws/install/village_wang:/home/jinhemu/ROS2/town_ws/install/village_li:/opt/ros/humble /usr/bin/cmake --install /home/jinhemu/ROS2/town_ws/build/village_zhang
[0.287s] -- Install configuration: ""
[0.287s] -- Up-to-date: /home/jinhemu/ROS2/town_ws/install/village_zhang/share/ament_index/resource_index/package_run_dependencies/village_zhang
[0.288s] -- Up-to-date: /home/jinhemu/ROS2/town_ws/install/village_zhang/share/ament_index/resource_index/parent_prefix_path/village_zhang
[0.288s] -- Up-to-date: /home/jinhemu/ROS2/town_ws/install/village_zhang/share/village_zhang/environment/ament_prefix_path.sh
[0.288s] -- Up-to-date: /home/jinhemu/ROS2/town_ws/install/village_zhang/share/village_zhang/environment/ament_prefix_path.dsv
[0.288s] -- Up-to-date: /home/jinhemu/ROS2/town_ws/install/village_zhang/share/village_zhang/environment/path.sh
[0.288s] -- Up-to-date: /home/jinhemu/ROS2/town_ws/install/village_zhang/share/village_zhang/environment/path.dsv
[0.288s] -- Up-to-date: /home/jinhemu/ROS2/town_ws/install/village_zhang/share/village_zhang/local_setup.bash
[0.288s] -- Up-to-date: /home/jinhemu/ROS2/town_ws/install/village_zhang/share/village_zhang/local_setup.sh
[0.288s] -- Up-to-date: /home/jinhemu/ROS2/town_ws/install/village_zhang/share/village_zhang/local_setup.zsh
[0.288s] -- Up-to-date: /home/jinhemu/ROS2/town_ws/install/village_zhang/share/village_zhang/local_setup.dsv
[0.288s] -- Installing: /home/jinhemu/ROS2/town_ws/install/village_zhang/share/village_zhang/package.dsv
[0.288s] -- Up-to-date: /home/jinhemu/ROS2/town_ws/install/village_zhang/share/ament_index/resource_index/packages/village_zhang
[0.288s] -- Up-to-date: /home/jinhemu/ROS2/town_ws/install/village_zhang/share/village_zhang/cmake/village_zhangConfig.cmake
[0.288s] -- Up-to-date: /home/jinhemu/ROS2/town_ws/install/village_zhang/share/village_zhang/cmake/village_zhangConfig-version.cmake
[0.288s] -- Up-to-date: /home/jinhemu/ROS2/town_ws/install/village_zhang/share/village_zhang/package.xml
[0.288s] -- Up-to-date: /home/jinhemu/ROS2/town_ws/install/village_zhang/lib/village_zhang/zhang3_node
[0.291s] Invoked command in '/home/jinhemu/ROS2/town_ws/build/village_zhang' returned '0': CMAKE_PREFIX_PATH=/home/jinhemu/ROS2/town_ws/install/village_interfaces:/home/jinhemu/ROS2/town_ws/install/village_zhang:/home/jinhemu/ROS2/town_ws/install/village_wang:/home/jinhemu/ROS2/town_ws/install/village_li:/opt/ros/humble /usr/bin/cmake --install /home/jinhemu/ROS2/town_ws/build/village_zhang
