[0.011s] Invoking command in '/home/jinhemu/ROS2/build/village_interfaces': CMAKE_PREFIX_PATH=${CMAKE_PREFIX_PATH}:/home/jinhemu/ROS2/town_ws/install/village_li:/opt/ros/humble /usr/bin/cmake /home/jinhemu/ROS2/town_ws/src/village_interfaces -DCMAKE_INSTALL_PREFIX=/home/jinhemu/ROS2/install/village_interfaces
[0.020s] -- Found ament_cmake: 1.3.5 (/opt/ros/humble/share/ament_cmake/cmake)
[0.139s] -- Found sensor_msgs: 4.2.3 (/opt/ros/humble/share/sensor_msgs/cmake)
[0.156s] -- Found rosidl_generator_c: 3.1.5 (/opt/ros/humble/share/rosidl_generator_c/cmake)
[0.158s] -- Found rosidl_adapter: 3.1.5 (/opt/ros/humble/share/rosidl_adapter/cmake)
[0.162s] -- Found rosidl_generator_cpp: 3.1.5 (/opt/ros/humble/share/rosidl_generator_cpp/cmake)
[0.170s] -- Using all available rosidl_typesupport_c: rosidl_typesupport_fastrtps_c;rosidl_typesupport_introspection_c
[0.181s] -- Using all available rosidl_typesupport_cpp: rosidl_typesupport_fastrtps_cpp;rosidl_typesupport_introspection_cpp
[0.325s] -- Found rosidl_default_generators: 1.2.0 (/opt/ros/humble/share/rosidl_default_generators/cmake)
[0.330s] -- Found ament_lint_auto: 0.12.7 (/opt/ros/humble/share/ament_lint_auto/cmake)
[0.497s] [31mCMake Error at /opt/ros/humble/share/rosidl_cmake/cmake/rosidl_generate_interfaces.cmake:229 (message):
[0.497s]   Packages installing interfaces must include
[0.498s]   '<member_of_group>rosidl_interface_packages</member_of_group>' in their
[0.498s]   package.xml
[0.498s] Call Stack (most recent call first):
[0.498s]   CMakeLists.txt:28 (rosidl_generate_interfaces)
[0.498s] 
[0.498s] [0m
[0.498s] -- Configuring incomplete, errors occurred!
[0.498s] See also "/home/jinhemu/ROS2/build/village_interfaces/CMakeFiles/CMakeOutput.log".
[0.503s] Invoked command in '/home/jinhemu/ROS2/build/village_interfaces' returned '1': CMAKE_PREFIX_PATH=${CMAKE_PREFIX_PATH}:/home/jinhemu/ROS2/town_ws/install/village_li:/opt/ros/humble /usr/bin/cmake /home/jinhemu/ROS2/town_ws/src/village_interfaces -DCMAKE_INSTALL_PREFIX=/home/jinhemu/ROS2/install/village_interfaces
