[0.011s] Invoking command in '/home/jinhemu/ROS2/town_ws/build/village_interfaces': CMAKE_PREFIX_PATH=${CMAKE_PREFIX_PATH}:/home/jinhemu/ROS2/town_ws/install/village_li:/opt/ros/humble /usr/bin/cmake --build /home/jinhemu/ROS2/town_ws/build/village_interfaces -- -j12 -l12
[0.046s] Invoked command in '/home/jinhemu/ROS2/town_ws/build/village_interfaces' returned '0': CMAKE_PREFIX_PATH=${CMAKE_PREFIX_PATH}:/home/jinhemu/ROS2/town_ws/install/village_li:/opt/ros/humble /usr/bin/cmake --build /home/jinhemu/ROS2/town_ws/build/village_interfaces -- -j12 -l12
[0.069s] Invoking command in '/home/jinhemu/ROS2/town_ws/build/village_interfaces': CMAKE_PREFIX_PATH=${CMAKE_PREFIX_PATH}:/home/jinhemu/ROS2/town_ws/install/village_li:/opt/ros/humble /usr/bin/cmake --install /home/jinhemu/ROS2/town_ws/build/village_interfaces
[0.075s] -- Install configuration: ""
[0.075s] -- Up-to-date: /home/jinhemu/ROS2/town_ws/install/village_interfaces/share/ament_index/resource_index/package_run_dependencies/village_interfaces
[0.076s] -- Up-to-date: /home/jinhemu/ROS2/town_ws/install/village_interfaces/share/ament_index/resource_index/parent_prefix_path/village_interfaces
[0.076s] -- Up-to-date: /home/jinhemu/ROS2/town_ws/install/village_interfaces/share/village_interfaces/environment/ament_prefix_path.sh
[0.076s] -- Up-to-date: /home/jinhemu/ROS2/town_ws/install/village_interfaces/share/village_interfaces/environment/ament_prefix_path.dsv
[0.076s] -- Up-to-date: /home/jinhemu/ROS2/town_ws/install/village_interfaces/share/village_interfaces/environment/path.sh
[0.076s] -- Up-to-date: /home/jinhemu/ROS2/town_ws/install/village_interfaces/share/village_interfaces/environment/path.dsv
[0.076s] -- Up-to-date: /home/jinhemu/ROS2/town_ws/install/village_interfaces/share/village_interfaces/local_setup.bash
[0.076s] -- Up-to-date: /home/jinhemu/ROS2/town_ws/install/village_interfaces/share/village_interfaces/local_setup.sh
[0.076s] -- Up-to-date: /home/jinhemu/ROS2/town_ws/install/village_interfaces/share/village_interfaces/local_setup.zsh
[0.076s] -- Up-to-date: /home/jinhemu/ROS2/town_ws/install/village_interfaces/share/village_interfaces/local_setup.dsv
[0.076s] -- Up-to-date: /home/jinhemu/ROS2/town_ws/install/village_interfaces/share/village_interfaces/package.dsv
[0.076s] -- Up-to-date: /home/jinhemu/ROS2/town_ws/install/village_interfaces/share/ament_index/resource_index/packages/village_interfaces
[0.076s] -- Up-to-date: /home/jinhemu/ROS2/town_ws/install/village_interfaces/share/village_interfaces/cmake/village_interfacesConfig.cmake
[0.076s] -- Up-to-date: /home/jinhemu/ROS2/town_ws/install/village_interfaces/share/village_interfaces/cmake/village_interfacesConfig-version.cmake
[0.076s] -- Up-to-date: /home/jinhemu/ROS2/town_ws/install/village_interfaces/share/village_interfaces/package.xml
[0.078s] Invoked command in '/home/jinhemu/ROS2/town_ws/build/village_interfaces' returned '0': CMAKE_PREFIX_PATH=${CMAKE_PREFIX_PATH}:/home/jinhemu/ROS2/town_ws/install/village_li:/opt/ros/humble /usr/bin/cmake --install /home/jinhemu/ROS2/town_ws/build/village_interfaces
