[0.009s] Invoking command in '/home/jinhemu/ROS2/town_ws/build/village_wang': CMAKE_PREFIX_PATH=/opt/ros/humble /usr/bin/cmake --build /home/jinhemu/ROS2/town_ws/build/village_wang -- -j12 -l12
[0.059s] [100%] Built target wang2_node
[0.068s] Invoked command in '/home/jinhemu/ROS2/town_ws/build/village_wang' returned '0': CMAKE_PREFIX_PATH=/opt/ros/humble /usr/bin/cmake --build /home/jinhemu/ROS2/town_ws/build/village_wang -- -j12 -l12
[0.125s] Invoking command in '/home/jinhemu/ROS2/town_ws/build/village_wang': CMAKE_PREFIX_PATH=/opt/ros/humble /usr/bin/cmake --install /home/jinhemu/ROS2/town_ws/build/village_wang
[0.139s] -- Install configuration: ""
[0.140s] -- Up-to-date: /home/jinhemu/ROS2/town_ws/install/village_wang/share/ament_index/resource_index/package_run_dependencies/village_wang
[0.140s] -- Up-to-date: /home/jinhemu/ROS2/town_ws/install/village_wang/share/ament_index/resource_index/parent_prefix_path/village_wang
[0.140s] -- Up-to-date: /home/jinhemu/ROS2/town_ws/install/village_wang/share/village_wang/environment/ament_prefix_path.sh
[0.140s] -- Up-to-date: /home/jinhemu/ROS2/town_ws/install/village_wang/share/village_wang/environment/ament_prefix_path.dsv
[0.141s] -- Up-to-date: /home/jinhemu/ROS2/town_ws/install/village_wang/share/village_wang/environment/path.sh
[0.141s] -- Up-to-date: /home/jinhemu/ROS2/town_ws/install/village_wang/share/village_wang/environment/path.dsv
[0.141s] -- Up-to-date: /home/jinhemu/ROS2/town_ws/install/village_wang/share/village_wang/local_setup.bash
[0.142s] -- Up-to-date: /home/jinhemu/ROS2/town_ws/install/village_wang/share/village_wang/local_setup.sh
[0.142s] -- Up-to-date: /home/jinhemu/ROS2/town_ws/install/village_wang/share/village_wang/local_setup.zsh
[0.142s] -- Up-to-date: /home/jinhemu/ROS2/town_ws/install/village_wang/share/village_wang/local_setup.dsv
[0.142s] -- Installing: /home/jinhemu/ROS2/town_ws/install/village_wang/share/village_wang/package.dsv
[0.142s] -- Up-to-date: /home/jinhemu/ROS2/town_ws/install/village_wang/share/ament_index/resource_index/packages/village_wang
[0.142s] -- Up-to-date: /home/jinhemu/ROS2/town_ws/install/village_wang/share/village_wang/cmake/village_wangConfig.cmake
[0.143s] -- Up-to-date: /home/jinhemu/ROS2/town_ws/install/village_wang/share/village_wang/cmake/village_wangConfig-version.cmake
[0.143s] -- Up-to-date: /home/jinhemu/ROS2/town_ws/install/village_wang/share/village_wang/package.xml
[0.143s] -- Up-to-date: /home/jinhemu/ROS2/town_ws/install/village_wang/lib/village_wang/wang2_node
[0.146s] Invoked command in '/home/jinhemu/ROS2/town_ws/build/village_wang' returned '0': CMAKE_PREFIX_PATH=/opt/ros/humble /usr/bin/cmake --install /home/jinhemu/ROS2/town_ws/build/village_wang
