[0.255s] DEBUG:colcon:Command line arguments: ['/usr/bin/colcon', 'build']
[0.255s] DEBUG:colcon:Parsed command line arguments: Namespace(log_base=None, log_level=None, verb_name='build', build_base='build', install_base='install', merge_install=False, symlink_install=False, test_result_base=None, continue_on_error=False, executor='parallel', parallel_workers=12, event_handlers=None, ignore_user_meta=False, metas=['./colcon.meta'], base_paths=['.'], packages_ignore=None, packages_ignore_regex=None, paths=None, packages_up_to=None, packages_up_to_regex=None, packages_above=None, packages_above_and_dependencies=None, packages_above_depth=None, packages_select_by_dep=None, packages_skip_by_dep=None, packages_skip_up_to=None, packages_select_build_failed=False, packages_skip_build_finished=False, packages_select_test_failures=False, packages_skip_test_passed=False, packages_select=None, packages_skip=None, packages_select_regex=None, packages_skip_regex=None, packages_start=None, packages_end=None, allow_overriding=[], cmake_args=None, cmake_target=None, cmake_target_skip_unavailable=False, cmake_clean_cache=False, cmake_clean_first=False, cmake_force_configure=False, ament_cmake_args=None, catkin_cmake_args=None, catkin_skip_building_tests=False, verb_parser=<colcon_defaults.argument_parser.defaults.DefaultArgumentsDecorator object at 0x7fd7ba5c6020>, verb_extension=<colcon_core.verb.build.BuildVerb object at 0x7fd7ba5c5ab0>, main=<bound method BuildVerb.main of <colcon_core.verb.build.BuildVerb object at 0x7fd7ba5c5ab0>>)
[0.271s] Level 1:colcon.colcon_core.package_discovery:discover_packages(colcon_meta) check parameters
[0.271s] Level 1:colcon.colcon_core.package_discovery:discover_packages(recursive) check parameters
[0.271s] Level 1:colcon.colcon_core.package_discovery:discover_packages(ignore) check parameters
[0.271s] Level 1:colcon.colcon_core.package_discovery:discover_packages(path) check parameters
[0.271s] Level 1:colcon.colcon_core.package_discovery:discover_packages(colcon_meta) discover
[0.271s] Level 1:colcon.colcon_core.package_discovery:discover_packages(recursive) discover
[0.271s] INFO:colcon.colcon_core.package_discovery:Crawling recursively for packages in '/home/jinhemu/ROS2/town_ws'
[0.271s] Level 1:colcon.colcon_core.package_identification:_identify(.) by extensions ['ignore', 'ignore_ament_install']
[0.271s] Level 1:colcon.colcon_core.package_identification:_identify(.) by extension 'ignore'
[0.271s] Level 1:colcon.colcon_core.package_identification:_identify(.) by extension 'ignore_ament_install'
[0.271s] Level 1:colcon.colcon_core.package_identification:_identify(.) by extensions ['colcon_pkg']
[0.271s] Level 1:colcon.colcon_core.package_identification:_identify(.) by extension 'colcon_pkg'
[0.271s] Level 1:colcon.colcon_core.package_identification:_identify(.) by extensions ['colcon_meta']
[0.271s] Level 1:colcon.colcon_core.package_identification:_identify(.) by extension 'colcon_meta'
[0.271s] Level 1:colcon.colcon_core.package_identification:_identify(.) by extensions ['ros']
[0.272s] Level 1:colcon.colcon_core.package_identification:_identify(.) by extension 'ros'
[0.279s] Level 1:colcon.colcon_core.package_identification:_identify(.) by extensions ['cmake', 'python']
[0.279s] Level 1:colcon.colcon_core.package_identification:_identify(.) by extension 'cmake'
[0.279s] Level 1:colcon.colcon_core.package_identification:_identify(.) by extension 'python'
[0.279s] Level 1:colcon.colcon_core.package_identification:_identify(.) by extensions ['python_setup_py']
[0.279s] Level 1:colcon.colcon_core.package_identification:_identify(.) by extension 'python_setup_py'
[0.279s] Level 1:colcon.colcon_core.package_identification:_identify(build) by extensions ['ignore', 'ignore_ament_install']
[0.279s] Level 1:colcon.colcon_core.package_identification:_identify(build) by extension 'ignore'
[0.279s] Level 1:colcon.colcon_core.package_identification:_identify(build) ignored
[0.279s] Level 1:colcon.colcon_core.package_identification:_identify(install) by extensions ['ignore', 'ignore_ament_install']
[0.279s] Level 1:colcon.colcon_core.package_identification:_identify(install) by extension 'ignore'
[0.279s] Level 1:colcon.colcon_core.package_identification:_identify(install) ignored
[0.279s] Level 1:colcon.colcon_core.package_identification:_identify(log) by extensions ['ignore', 'ignore_ament_install']
[0.279s] Level 1:colcon.colcon_core.package_identification:_identify(log) by extension 'ignore'
[0.279s] Level 1:colcon.colcon_core.package_identification:_identify(log) ignored
[0.279s] Level 1:colcon.colcon_core.package_identification:_identify(src) by extensions ['ignore', 'ignore_ament_install']
[0.279s] Level 1:colcon.colcon_core.package_identification:_identify(src) by extension 'ignore'
[0.279s] Level 1:colcon.colcon_core.package_identification:_identify(src) by extension 'ignore_ament_install'
[0.279s] Level 1:colcon.colcon_core.package_identification:_identify(src) by extensions ['colcon_pkg']
[0.280s] Level 1:colcon.colcon_core.package_identification:_identify(src) by extension 'colcon_pkg'
[0.280s] Level 1:colcon.colcon_core.package_identification:_identify(src) by extensions ['colcon_meta']
[0.280s] Level 1:colcon.colcon_core.package_identification:_identify(src) by extension 'colcon_meta'
[0.280s] Level 1:colcon.colcon_core.package_identification:_identify(src) by extensions ['ros']
[0.280s] Level 1:colcon.colcon_core.package_identification:_identify(src) by extension 'ros'
[0.280s] Level 1:colcon.colcon_core.package_identification:_identify(src) by extensions ['cmake', 'python']
[0.280s] Level 1:colcon.colcon_core.package_identification:_identify(src) by extension 'cmake'
[0.280s] Level 1:colcon.colcon_core.package_identification:_identify(src) by extension 'python'
[0.280s] Level 1:colcon.colcon_core.package_identification:_identify(src) by extensions ['python_setup_py']
[0.280s] Level 1:colcon.colcon_core.package_identification:_identify(src) by extension 'python_setup_py'
[0.280s] Level 1:colcon.colcon_core.package_identification:_identify(src/build) by extensions ['ignore', 'ignore_ament_install']
[0.280s] Level 1:colcon.colcon_core.package_identification:_identify(src/build) by extension 'ignore'
[0.280s] Level 1:colcon.colcon_core.package_identification:_identify(src/build) ignored
[0.280s] Level 1:colcon.colcon_core.package_identification:_identify(src/install) by extensions ['ignore', 'ignore_ament_install']
[0.280s] Level 1:colcon.colcon_core.package_identification:_identify(src/install) by extension 'ignore'
[0.280s] Level 1:colcon.colcon_core.package_identification:_identify(src/install) ignored
[0.280s] Level 1:colcon.colcon_core.package_identification:_identify(src/log) by extensions ['ignore', 'ignore_ament_install']
[0.280s] Level 1:colcon.colcon_core.package_identification:_identify(src/log) by extension 'ignore'
[0.280s] Level 1:colcon.colcon_core.package_identification:_identify(src/log) ignored
[0.280s] Level 1:colcon.colcon_core.package_identification:_identify(src/village_interfaces) by extensions ['ignore', 'ignore_ament_install']
[0.280s] Level 1:colcon.colcon_core.package_identification:_identify(src/village_interfaces) by extension 'ignore'
[0.280s] Level 1:colcon.colcon_core.package_identification:_identify(src/village_interfaces) by extension 'ignore_ament_install'
[0.280s] Level 1:colcon.colcon_core.package_identification:_identify(src/village_interfaces) by extensions ['colcon_pkg']
[0.280s] Level 1:colcon.colcon_core.package_identification:_identify(src/village_interfaces) by extension 'colcon_pkg'
[0.280s] Level 1:colcon.colcon_core.package_identification:_identify(src/village_interfaces) by extensions ['colcon_meta']
[0.280s] Level 1:colcon.colcon_core.package_identification:_identify(src/village_interfaces) by extension 'colcon_meta'
[0.280s] Level 1:colcon.colcon_core.package_identification:_identify(src/village_interfaces) by extensions ['ros']
[0.280s] Level 1:colcon.colcon_core.package_identification:_identify(src/village_interfaces) by extension 'ros'
[0.282s] DEBUG:colcon.colcon_core.package_identification:Package 'src/village_interfaces' with type 'ros.ament_cmake' and name 'village_interfaces'
[0.282s] Level 1:colcon.colcon_core.package_identification:_identify(src/village_li) by extensions ['ignore', 'ignore_ament_install']
[0.282s] Level 1:colcon.colcon_core.package_identification:_identify(src/village_li) by extension 'ignore'
[0.282s] Level 1:colcon.colcon_core.package_identification:_identify(src/village_li) by extension 'ignore_ament_install'
[0.282s] Level 1:colcon.colcon_core.package_identification:_identify(src/village_li) by extensions ['colcon_pkg']
[0.282s] Level 1:colcon.colcon_core.package_identification:_identify(src/village_li) by extension 'colcon_pkg'
[0.282s] Level 1:colcon.colcon_core.package_identification:_identify(src/village_li) by extensions ['colcon_meta']
[0.282s] Level 1:colcon.colcon_core.package_identification:_identify(src/village_li) by extension 'colcon_meta'
[0.282s] Level 1:colcon.colcon_core.package_identification:_identify(src/village_li) by extensions ['ros']
[0.282s] Level 1:colcon.colcon_core.package_identification:_identify(src/village_li) by extension 'ros'
[0.283s] DEBUG:colcon.colcon_core.package_identification:Package 'src/village_li' with type 'ros.ament_python' and name 'village_li'
[0.283s] Level 1:colcon.colcon_core.package_identification:_identify(src/village_wang) by extensions ['ignore', 'ignore_ament_install']
[0.283s] Level 1:colcon.colcon_core.package_identification:_identify(src/village_wang) by extension 'ignore'
[0.283s] Level 1:colcon.colcon_core.package_identification:_identify(src/village_wang) by extension 'ignore_ament_install'
[0.283s] Level 1:colcon.colcon_core.package_identification:_identify(src/village_wang) by extensions ['colcon_pkg']
[0.283s] Level 1:colcon.colcon_core.package_identification:_identify(src/village_wang) by extension 'colcon_pkg'
[0.283s] Level 1:colcon.colcon_core.package_identification:_identify(src/village_wang) by extensions ['colcon_meta']
[0.283s] Level 1:colcon.colcon_core.package_identification:_identify(src/village_wang) by extension 'colcon_meta'
[0.283s] Level 1:colcon.colcon_core.package_identification:_identify(src/village_wang) by extensions ['ros']
[0.283s] Level 1:colcon.colcon_core.package_identification:_identify(src/village_wang) by extension 'ros'
[0.283s] DEBUG:colcon.colcon_core.package_identification:Package 'src/village_wang' with type 'ros.ament_cmake' and name 'village_wang'
[0.284s] Level 1:colcon.colcon_core.package_identification:_identify(src/village_zhang) by extensions ['ignore', 'ignore_ament_install']
[0.284s] Level 1:colcon.colcon_core.package_identification:_identify(src/village_zhang) by extension 'ignore'
[0.284s] Level 1:colcon.colcon_core.package_identification:_identify(src/village_zhang) by extension 'ignore_ament_install'
[0.284s] Level 1:colcon.colcon_core.package_identification:_identify(src/village_zhang) by extensions ['colcon_pkg']
[0.284s] Level 1:colcon.colcon_core.package_identification:_identify(src/village_zhang) by extension 'colcon_pkg'
[0.284s] Level 1:colcon.colcon_core.package_identification:_identify(src/village_zhang) by extensions ['colcon_meta']
[0.284s] Level 1:colcon.colcon_core.package_identification:_identify(src/village_zhang) by extension 'colcon_meta'
[0.284s] Level 1:colcon.colcon_core.package_identification:_identify(src/village_zhang) by extensions ['ros']
[0.284s] Level 1:colcon.colcon_core.package_identification:_identify(src/village_zhang) by extension 'ros'
[0.284s] DEBUG:colcon.colcon_core.package_identification:Package 'src/village_zhang' with type 'ros.ament_cmake' and name 'village_zhang'
[0.284s] Level 1:colcon.colcon_core.package_discovery:discover_packages(recursive) using defaults
[0.285s] Level 1:colcon.colcon_core.package_discovery:discover_packages(ignore) discover
[0.285s] Level 1:colcon.colcon_core.package_discovery:discover_packages(ignore) using defaults
[0.285s] Level 1:colcon.colcon_core.package_discovery:discover_packages(path) discover
[0.285s] Level 1:colcon.colcon_core.package_discovery:discover_packages(path) using defaults
[0.301s] Level 1:colcon.colcon_core.package_discovery:discover_packages(prefix_path) check parameters
[0.301s] Level 1:colcon.colcon_core.package_discovery:discover_packages(prefix_path) discover
[0.303s] DEBUG:colcon.colcon_installed_package_information.package_discovery:Found 270 installed packages in /opt/ros/humble
[0.304s] Level 1:colcon.colcon_core.package_discovery:discover_packages(prefix_path) using defaults
[0.341s] Level 5:colcon.colcon_core.verb:set package 'village_interfaces' build argument 'cmake_args' from command line to 'None'
[0.341s] Level 5:colcon.colcon_core.verb:set package 'village_interfaces' build argument 'cmake_target' from command line to 'None'
[0.341s] Level 5:colcon.colcon_core.verb:set package 'village_interfaces' build argument 'cmake_target_skip_unavailable' from command line to 'False'
[0.341s] Level 5:colcon.colcon_core.verb:set package 'village_interfaces' build argument 'cmake_clean_cache' from command line to 'False'
[0.341s] Level 5:colcon.colcon_core.verb:set package 'village_interfaces' build argument 'cmake_clean_first' from command line to 'False'
[0.341s] Level 5:colcon.colcon_core.verb:set package 'village_interfaces' build argument 'cmake_force_configure' from command line to 'False'
[0.341s] Level 5:colcon.colcon_core.verb:set package 'village_interfaces' build argument 'ament_cmake_args' from command line to 'None'
[0.341s] Level 5:colcon.colcon_core.verb:set package 'village_interfaces' build argument 'catkin_cmake_args' from command line to 'None'
[0.341s] Level 5:colcon.colcon_core.verb:set package 'village_interfaces' build argument 'catkin_skip_building_tests' from command line to 'False'
[0.341s] DEBUG:colcon.colcon_core.verb:Building package 'village_interfaces' with the following arguments: {'ament_cmake_args': None, 'build_base': '/home/jinhemu/ROS2/town_ws/build/village_interfaces', 'catkin_cmake_args': None, 'catkin_skip_building_tests': False, 'cmake_args': None, 'cmake_clean_cache': False, 'cmake_clean_first': False, 'cmake_force_configure': False, 'cmake_target': None, 'cmake_target_skip_unavailable': False, 'install_base': '/home/jinhemu/ROS2/town_ws/install/village_interfaces', 'merge_install': False, 'path': '/home/jinhemu/ROS2/town_ws/src/village_interfaces', 'symlink_install': False, 'test_result_base': None}
[0.342s] Level 5:colcon.colcon_core.verb:set package 'village_li' build argument 'cmake_args' from command line to 'None'
[0.342s] Level 5:colcon.colcon_core.verb:set package 'village_li' build argument 'cmake_target' from command line to 'None'
[0.342s] Level 5:colcon.colcon_core.verb:set package 'village_li' build argument 'cmake_target_skip_unavailable' from command line to 'False'
[0.342s] Level 5:colcon.colcon_core.verb:set package 'village_li' build argument 'cmake_clean_cache' from command line to 'False'
[0.342s] Level 5:colcon.colcon_core.verb:set package 'village_li' build argument 'cmake_clean_first' from command line to 'False'
[0.342s] Level 5:colcon.colcon_core.verb:set package 'village_li' build argument 'cmake_force_configure' from command line to 'False'
[0.342s] Level 5:colcon.colcon_core.verb:set package 'village_li' build argument 'ament_cmake_args' from command line to 'None'
[0.342s] Level 5:colcon.colcon_core.verb:set package 'village_li' build argument 'catkin_cmake_args' from command line to 'None'
[0.342s] Level 5:colcon.colcon_core.verb:set package 'village_li' build argument 'catkin_skip_building_tests' from command line to 'False'
[0.342s] DEBUG:colcon.colcon_core.verb:Building package 'village_li' with the following arguments: {'ament_cmake_args': None, 'build_base': '/home/jinhemu/ROS2/town_ws/build/village_li', 'catkin_cmake_args': None, 'catkin_skip_building_tests': False, 'cmake_args': None, 'cmake_clean_cache': False, 'cmake_clean_first': False, 'cmake_force_configure': False, 'cmake_target': None, 'cmake_target_skip_unavailable': False, 'install_base': '/home/jinhemu/ROS2/town_ws/install/village_li', 'merge_install': False, 'path': '/home/jinhemu/ROS2/town_ws/src/village_li', 'symlink_install': False, 'test_result_base': None}
[0.342s] Level 5:colcon.colcon_core.verb:set package 'village_wang' build argument 'cmake_args' from command line to 'None'
[0.343s] Level 5:colcon.colcon_core.verb:set package 'village_wang' build argument 'cmake_target' from command line to 'None'
[0.343s] Level 5:colcon.colcon_core.verb:set package 'village_wang' build argument 'cmake_target_skip_unavailable' from command line to 'False'
[0.343s] Level 5:colcon.colcon_core.verb:set package 'village_wang' build argument 'cmake_clean_cache' from command line to 'False'
[0.343s] Level 5:colcon.colcon_core.verb:set package 'village_wang' build argument 'cmake_clean_first' from command line to 'False'
[0.343s] Level 5:colcon.colcon_core.verb:set package 'village_wang' build argument 'cmake_force_configure' from command line to 'False'
[0.343s] Level 5:colcon.colcon_core.verb:set package 'village_wang' build argument 'ament_cmake_args' from command line to 'None'
[0.343s] Level 5:colcon.colcon_core.verb:set package 'village_wang' build argument 'catkin_cmake_args' from command line to 'None'
[0.343s] Level 5:colcon.colcon_core.verb:set package 'village_wang' build argument 'catkin_skip_building_tests' from command line to 'False'
[0.343s] DEBUG:colcon.colcon_core.verb:Building package 'village_wang' with the following arguments: {'ament_cmake_args': None, 'build_base': '/home/jinhemu/ROS2/town_ws/build/village_wang', 'catkin_cmake_args': None, 'catkin_skip_building_tests': False, 'cmake_args': None, 'cmake_clean_cache': False, 'cmake_clean_first': False, 'cmake_force_configure': False, 'cmake_target': None, 'cmake_target_skip_unavailable': False, 'install_base': '/home/jinhemu/ROS2/town_ws/install/village_wang', 'merge_install': False, 'path': '/home/jinhemu/ROS2/town_ws/src/village_wang', 'symlink_install': False, 'test_result_base': None}
[0.343s] Level 5:colcon.colcon_core.verb:set package 'village_zhang' build argument 'cmake_args' from command line to 'None'
[0.343s] Level 5:colcon.colcon_core.verb:set package 'village_zhang' build argument 'cmake_target' from command line to 'None'
[0.343s] Level 5:colcon.colcon_core.verb:set package 'village_zhang' build argument 'cmake_target_skip_unavailable' from command line to 'False'
[0.343s] Level 5:colcon.colcon_core.verb:set package 'village_zhang' build argument 'cmake_clean_cache' from command line to 'False'
[0.343s] Level 5:colcon.colcon_core.verb:set package 'village_zhang' build argument 'cmake_clean_first' from command line to 'False'
[0.343s] Level 5:colcon.colcon_core.verb:set package 'village_zhang' build argument 'cmake_force_configure' from command line to 'False'
[0.343s] Level 5:colcon.colcon_core.verb:set package 'village_zhang' build argument 'ament_cmake_args' from command line to 'None'
[0.343s] Level 5:colcon.colcon_core.verb:set package 'village_zhang' build argument 'catkin_cmake_args' from command line to 'None'
[0.343s] Level 5:colcon.colcon_core.verb:set package 'village_zhang' build argument 'catkin_skip_building_tests' from command line to 'False'
[0.343s] DEBUG:colcon.colcon_core.verb:Building package 'village_zhang' with the following arguments: {'ament_cmake_args': None, 'build_base': '/home/jinhemu/ROS2/town_ws/build/village_zhang', 'catkin_cmake_args': None, 'catkin_skip_building_tests': False, 'cmake_args': None, 'cmake_clean_cache': False, 'cmake_clean_first': False, 'cmake_force_configure': False, 'cmake_target': None, 'cmake_target_skip_unavailable': False, 'install_base': '/home/jinhemu/ROS2/town_ws/install/village_zhang', 'merge_install': False, 'path': '/home/jinhemu/ROS2/town_ws/src/village_zhang', 'symlink_install': False, 'test_result_base': None}
[0.344s] INFO:colcon.colcon_core.executor:Executing jobs using 'parallel' executor
[0.346s] DEBUG:colcon.colcon_parallel_executor.executor.parallel:run_until_complete
[0.346s] INFO:colcon.colcon_ros.task.ament_cmake.build:Building ROS package in '/home/jinhemu/ROS2/town_ws/src/village_interfaces' with build type 'ament_cmake'
[0.346s] INFO:colcon.colcon_cmake.task.cmake.build:Building CMake package in '/home/jinhemu/ROS2/town_ws/src/village_interfaces'
[0.349s] INFO:colcon.colcon_core.plugin_system:Skipping extension 'colcon_core.shell.bat': Not used on non-Windows systems
[0.349s] INFO:colcon.colcon_core.shell:Skip shell extension 'powershell' for command environment: Not usable outside of PowerShell
[0.349s] DEBUG:colcon.colcon_core.shell:Skip shell extension 'dsv' for command environment
[0.356s] DEBUG:colcon.colcon_core.event_handler.log_command:Invoking command in '/home/jinhemu/ROS2/town_ws/build/village_interfaces': CMAKE_PREFIX_PATH=/opt/ros/humble /usr/bin/cmake --build /home/jinhemu/ROS2/town_ws/build/village_interfaces -- -j12 -l12
[0.712s] DEBUG:colcon.colcon_core.event_handler.log_command:Invoked command in '/home/jinhemu/ROS2/town_ws/build/village_interfaces' returned '0': CMAKE_PREFIX_PATH=/opt/ros/humble /usr/bin/cmake --build /home/jinhemu/ROS2/town_ws/build/village_interfaces -- -j12 -l12
[0.779s] DEBUG:colcon.colcon_core.event_handler.log_command:Invoking command in '/home/jinhemu/ROS2/town_ws/build/village_interfaces': CMAKE_PREFIX_PATH=/opt/ros/humble /usr/bin/cmake --install /home/jinhemu/ROS2/town_ws/build/village_interfaces
[0.821s] Level 1:colcon.colcon_core.environment:create_environment_scripts_only(village_interfaces)
[0.822s] DEBUG:colcon.colcon_core.event_handler.log_command:Invoked command in '/home/jinhemu/ROS2/town_ws/build/village_interfaces' returned '0': CMAKE_PREFIX_PATH=/opt/ros/humble /usr/bin/cmake --install /home/jinhemu/ROS2/town_ws/build/village_interfaces
[0.825s] Level 1:colcon.colcon_core.environment:checking '/home/jinhemu/ROS2/town_ws/install/village_interfaces' for CMake module files
[0.826s] Level 1:colcon.colcon_core.environment:checking '/home/jinhemu/ROS2/town_ws/install/village_interfaces' for CMake config files
[0.826s] Level 1:colcon.colcon_core.shell:create_environment_hook('village_interfaces', 'cmake_prefix_path')
[0.827s] INFO:colcon.colcon_core.shell:Creating environment hook '/home/jinhemu/ROS2/town_ws/install/village_interfaces/share/village_interfaces/hook/cmake_prefix_path.ps1'
[0.828s] INFO:colcon.colcon_core.shell:Creating environment descriptor '/home/jinhemu/ROS2/town_ws/install/village_interfaces/share/village_interfaces/hook/cmake_prefix_path.dsv'
[0.828s] INFO:colcon.colcon_core.shell:Creating environment hook '/home/jinhemu/ROS2/town_ws/install/village_interfaces/share/village_interfaces/hook/cmake_prefix_path.sh'
[0.829s] Level 1:colcon.colcon_core.environment:checking '/home/jinhemu/ROS2/town_ws/install/village_interfaces/lib'
[0.829s] Level 1:colcon.colcon_core.shell:create_environment_hook('village_interfaces', 'ld_library_path_lib')
[0.830s] INFO:colcon.colcon_core.shell:Creating environment hook '/home/jinhemu/ROS2/town_ws/install/village_interfaces/share/village_interfaces/hook/ld_library_path_lib.ps1'
[0.830s] INFO:colcon.colcon_core.shell:Creating environment descriptor '/home/jinhemu/ROS2/town_ws/install/village_interfaces/share/village_interfaces/hook/ld_library_path_lib.dsv'
[0.830s] INFO:colcon.colcon_core.shell:Creating environment hook '/home/jinhemu/ROS2/town_ws/install/village_interfaces/share/village_interfaces/hook/ld_library_path_lib.sh'
[0.830s] Level 1:colcon.colcon_core.environment:checking '/home/jinhemu/ROS2/town_ws/install/village_interfaces/bin'
[0.830s] Level 1:colcon.colcon_core.environment:checking '/home/jinhemu/ROS2/town_ws/install/village_interfaces/lib/pkgconfig/village_interfaces.pc'
[0.831s] Level 1:colcon.colcon_core.environment:checking '/home/jinhemu/ROS2/town_ws/install/village_interfaces/lib/python3.10/site-packages'
[0.831s] Level 1:colcon.colcon_core.environment:checking '/home/jinhemu/ROS2/town_ws/install/village_interfaces/bin'
[0.832s] INFO:colcon.colcon_core.shell:Creating package script '/home/jinhemu/ROS2/town_ws/install/village_interfaces/share/village_interfaces/package.ps1'
[0.832s] INFO:colcon.colcon_core.shell:Creating package descriptor '/home/jinhemu/ROS2/town_ws/install/village_interfaces/share/village_interfaces/package.dsv'
[0.833s] INFO:colcon.colcon_core.shell:Creating package script '/home/jinhemu/ROS2/town_ws/install/village_interfaces/share/village_interfaces/package.sh'
[0.833s] INFO:colcon.colcon_core.shell:Creating package script '/home/jinhemu/ROS2/town_ws/install/village_interfaces/share/village_interfaces/package.bash'
[0.834s] INFO:colcon.colcon_core.shell:Creating package script '/home/jinhemu/ROS2/town_ws/install/village_interfaces/share/village_interfaces/package.zsh'
[0.834s] Level 1:colcon.colcon_core.environment:create_file_with_runtime_dependencies(/home/jinhemu/ROS2/town_ws/install/village_interfaces/share/colcon-core/packages/village_interfaces)
[0.896s] Level 1:colcon.colcon_core.environment:create_environment_scripts_only(village_interfaces)
[0.897s] Level 1:colcon.colcon_core.environment:checking '/home/jinhemu/ROS2/town_ws/install/village_interfaces' for CMake module files
[0.898s] Level 1:colcon.colcon_core.environment:checking '/home/jinhemu/ROS2/town_ws/install/village_interfaces' for CMake config files
[0.898s] Level 1:colcon.colcon_core.shell:create_environment_hook('village_interfaces', 'cmake_prefix_path')
[0.899s] INFO:colcon.colcon_core.shell:Creating environment hook '/home/jinhemu/ROS2/town_ws/install/village_interfaces/share/village_interfaces/hook/cmake_prefix_path.ps1'
[0.900s] INFO:colcon.colcon_core.shell:Creating environment descriptor '/home/jinhemu/ROS2/town_ws/install/village_interfaces/share/village_interfaces/hook/cmake_prefix_path.dsv'
[0.900s] INFO:colcon.colcon_core.shell:Creating environment hook '/home/jinhemu/ROS2/town_ws/install/village_interfaces/share/village_interfaces/hook/cmake_prefix_path.sh'
[0.901s] Level 1:colcon.colcon_core.environment:checking '/home/jinhemu/ROS2/town_ws/install/village_interfaces/lib'
[0.901s] Level 1:colcon.colcon_core.shell:create_environment_hook('village_interfaces', 'ld_library_path_lib')
[0.902s] INFO:colcon.colcon_core.shell:Creating environment hook '/home/jinhemu/ROS2/town_ws/install/village_interfaces/share/village_interfaces/hook/ld_library_path_lib.ps1'
[0.902s] INFO:colcon.colcon_core.shell:Creating environment descriptor '/home/jinhemu/ROS2/town_ws/install/village_interfaces/share/village_interfaces/hook/ld_library_path_lib.dsv'
[0.902s] INFO:colcon.colcon_core.shell:Creating environment hook '/home/jinhemu/ROS2/town_ws/install/village_interfaces/share/village_interfaces/hook/ld_library_path_lib.sh'
[0.902s] Level 1:colcon.colcon_core.environment:checking '/home/jinhemu/ROS2/town_ws/install/village_interfaces/bin'
[0.903s] Level 1:colcon.colcon_core.environment:checking '/home/jinhemu/ROS2/town_ws/install/village_interfaces/lib/pkgconfig/village_interfaces.pc'
[0.903s] Level 1:colcon.colcon_core.environment:checking '/home/jinhemu/ROS2/town_ws/install/village_interfaces/lib/python3.10/site-packages'
[0.903s] Level 1:colcon.colcon_core.environment:checking '/home/jinhemu/ROS2/town_ws/install/village_interfaces/bin'
[0.904s] INFO:colcon.colcon_core.shell:Creating package script '/home/jinhemu/ROS2/town_ws/install/village_interfaces/share/village_interfaces/package.ps1'
[0.905s] INFO:colcon.colcon_core.shell:Creating package descriptor '/home/jinhemu/ROS2/town_ws/install/village_interfaces/share/village_interfaces/package.dsv'
[0.905s] INFO:colcon.colcon_core.shell:Creating package script '/home/jinhemu/ROS2/town_ws/install/village_interfaces/share/village_interfaces/package.sh'
[0.905s] INFO:colcon.colcon_core.shell:Creating package script '/home/jinhemu/ROS2/town_ws/install/village_interfaces/share/village_interfaces/package.bash'
[0.905s] INFO:colcon.colcon_core.shell:Creating package script '/home/jinhemu/ROS2/town_ws/install/village_interfaces/share/village_interfaces/package.zsh'
[0.906s] Level 1:colcon.colcon_core.environment:create_file_with_runtime_dependencies(/home/jinhemu/ROS2/town_ws/install/village_interfaces/share/colcon-core/packages/village_interfaces)
[0.906s] INFO:colcon.colcon_ros.task.ament_python.build:Building ROS package in '/home/jinhemu/ROS2/town_ws/src/village_li' with build type 'ament_python'
[0.906s] Level 1:colcon.colcon_core.shell:create_environment_hook('village_li', 'ament_prefix_path')
[0.908s] INFO:colcon.colcon_core.shell:Creating environment hook '/home/jinhemu/ROS2/town_ws/install/village_li/share/village_li/hook/ament_prefix_path.ps1'
[0.908s] INFO:colcon.colcon_core.shell:Creating environment descriptor '/home/jinhemu/ROS2/town_ws/install/village_li/share/village_li/hook/ament_prefix_path.dsv'
[0.908s] INFO:colcon.colcon_core.shell:Creating environment hook '/home/jinhemu/ROS2/town_ws/install/village_li/share/village_li/hook/ament_prefix_path.sh'
[0.910s] INFO:colcon.colcon_core.shell:Skip shell extension 'powershell' for command environment: Not usable outside of PowerShell
[0.910s] DEBUG:colcon.colcon_core.shell:Skip shell extension 'dsv' for command environment
[0.912s] INFO:colcon.colcon_ros.task.ament_cmake.build:Building ROS package in '/home/jinhemu/ROS2/town_ws/src/village_wang' with build type 'ament_cmake'
[0.912s] INFO:colcon.colcon_cmake.task.cmake.build:Building CMake package in '/home/jinhemu/ROS2/town_ws/src/village_wang'
[0.914s] INFO:colcon.colcon_core.shell:Skip shell extension 'powershell' for command environment: Not usable outside of PowerShell
[0.914s] DEBUG:colcon.colcon_core.shell:Skip shell extension 'dsv' for command environment
[0.917s] INFO:colcon.colcon_ros.task.ament_cmake.build:Building ROS package in '/home/jinhemu/ROS2/town_ws/src/village_zhang' with build type 'ament_cmake'
[0.917s] INFO:colcon.colcon_cmake.task.cmake.build:Building CMake package in '/home/jinhemu/ROS2/town_ws/src/village_zhang'
[0.918s] INFO:colcon.colcon_core.shell:Skip shell extension 'powershell' for command environment: Not usable outside of PowerShell
[0.918s] DEBUG:colcon.colcon_core.shell:Skip shell extension 'dsv' for command environment
[1.134s] INFO:colcon.colcon_core.task.python.build:Building Python package in '/home/jinhemu/ROS2/town_ws/src/village_li'
[1.135s] INFO:colcon.colcon_core.shell:Skip shell extension 'powershell' for command environment: Not usable outside of PowerShell
[1.135s] DEBUG:colcon.colcon_core.shell:Skip shell extension 'dsv' for command environment
[1.141s] DEBUG:colcon.colcon_core.event_handler.log_command:Invoking command in '/home/jinhemu/ROS2/town_ws/build/village_wang': AMENT_PREFIX_PATH=/home/jinhemu/ROS2/town_ws/install/village_interfaces:${AMENT_PREFIX_PATH} CMAKE_PREFIX_PATH=/home/jinhemu/ROS2/town_ws/install/village_interfaces:/opt/ros/humble LD_LIBRARY_PATH=/home/jinhemu/ROS2/town_ws/install/village_interfaces/lib:${LD_LIBRARY_PATH} PYTHONPATH=/home/jinhemu/ROS2/town_ws/install/village_interfaces/local/lib/python3.10/dist-packages:${PYTHONPATH} /usr/bin/cmake --build /home/jinhemu/ROS2/town_ws/build/village_wang -- -j12 -l12
[1.143s] DEBUG:colcon.colcon_core.event_handler.log_command:Invoking command in '/home/jinhemu/ROS2/town_ws/build/village_zhang': AMENT_PREFIX_PATH=/home/jinhemu/ROS2/town_ws/install/village_interfaces:${AMENT_PREFIX_PATH} CMAKE_PREFIX_PATH=/home/jinhemu/ROS2/town_ws/install/village_interfaces:/opt/ros/humble LD_LIBRARY_PATH=/home/jinhemu/ROS2/town_ws/install/village_interfaces/lib:${LD_LIBRARY_PATH} PYTHONPATH=/home/jinhemu/ROS2/town_ws/install/village_interfaces/local/lib/python3.10/dist-packages:${PYTHONPATH} /usr/bin/cmake /home/jinhemu/ROS2/town_ws/src/village_zhang -DCMAKE_INSTALL_PREFIX=/home/jinhemu/ROS2/town_ws/install/village_zhang
[1.195s] DEBUG:colcon.colcon_core.event_handler.log_command:Invoked command in '/home/jinhemu/ROS2/town_ws/build/village_wang' returned '0': AMENT_PREFIX_PATH=/home/jinhemu/ROS2/town_ws/install/village_interfaces:${AMENT_PREFIX_PATH} CMAKE_PREFIX_PATH=/home/jinhemu/ROS2/town_ws/install/village_interfaces:/opt/ros/humble LD_LIBRARY_PATH=/home/jinhemu/ROS2/town_ws/install/village_interfaces/lib:${LD_LIBRARY_PATH} PYTHONPATH=/home/jinhemu/ROS2/town_ws/install/village_interfaces/local/lib/python3.10/dist-packages:${PYTHONPATH} /usr/bin/cmake --build /home/jinhemu/ROS2/town_ws/build/village_wang -- -j12 -l12
[1.214s] DEBUG:colcon.colcon_core.event_handler.log_command:Invoking command in '/home/jinhemu/ROS2/town_ws/build/village_wang': AMENT_PREFIX_PATH=/home/jinhemu/ROS2/town_ws/install/village_interfaces:${AMENT_PREFIX_PATH} CMAKE_PREFIX_PATH=/home/jinhemu/ROS2/town_ws/install/village_interfaces:/opt/ros/humble LD_LIBRARY_PATH=/home/jinhemu/ROS2/town_ws/install/village_interfaces/lib:${LD_LIBRARY_PATH} PYTHONPATH=/home/jinhemu/ROS2/town_ws/install/village_interfaces/local/lib/python3.10/dist-packages:${PYTHONPATH} /usr/bin/cmake --install /home/jinhemu/ROS2/town_ws/build/village_wang
[1.222s] Level 1:colcon.colcon_core.environment:create_environment_scripts_only(village_wang)
[1.224s] Level 1:colcon.colcon_core.environment:checking '/home/jinhemu/ROS2/town_ws/install/village_wang' for CMake module files
[1.225s] DEBUG:colcon.colcon_core.event_handler.log_command:Invoked command in '/home/jinhemu/ROS2/town_ws/build/village_wang' returned '0': AMENT_PREFIX_PATH=/home/jinhemu/ROS2/town_ws/install/village_interfaces:${AMENT_PREFIX_PATH} CMAKE_PREFIX_PATH=/home/jinhemu/ROS2/town_ws/install/village_interfaces:/opt/ros/humble LD_LIBRARY_PATH=/home/jinhemu/ROS2/town_ws/install/village_interfaces/lib:${LD_LIBRARY_PATH} PYTHONPATH=/home/jinhemu/ROS2/town_ws/install/village_interfaces/local/lib/python3.10/dist-packages:${PYTHONPATH} /usr/bin/cmake --install /home/jinhemu/ROS2/town_ws/build/village_wang
[1.225s] Level 1:colcon.colcon_core.environment:checking '/home/jinhemu/ROS2/town_ws/install/village_wang' for CMake config files
[1.226s] Level 1:colcon.colcon_core.shell:create_environment_hook('village_wang', 'cmake_prefix_path')
[1.227s] INFO:colcon.colcon_core.shell:Creating environment hook '/home/jinhemu/ROS2/town_ws/install/village_wang/share/village_wang/hook/cmake_prefix_path.ps1'
[1.228s] INFO:colcon.colcon_core.shell:Creating environment descriptor '/home/jinhemu/ROS2/town_ws/install/village_wang/share/village_wang/hook/cmake_prefix_path.dsv'
[1.228s] INFO:colcon.colcon_core.shell:Creating environment hook '/home/jinhemu/ROS2/town_ws/install/village_wang/share/village_wang/hook/cmake_prefix_path.sh'
[1.228s] Level 1:colcon.colcon_core.environment:checking '/home/jinhemu/ROS2/town_ws/install/village_wang/lib'
[1.228s] Level 1:colcon.colcon_core.environment:checking '/home/jinhemu/ROS2/town_ws/install/village_wang/bin'
[1.228s] Level 1:colcon.colcon_core.environment:checking '/home/jinhemu/ROS2/town_ws/install/village_wang/lib/pkgconfig/village_wang.pc'
[1.229s] Level 1:colcon.colcon_core.environment:checking '/home/jinhemu/ROS2/town_ws/install/village_wang/lib/python3.10/site-packages'
[1.229s] Level 1:colcon.colcon_core.environment:checking '/home/jinhemu/ROS2/town_ws/install/village_wang/bin'
[1.231s] INFO:colcon.colcon_core.shell:Creating package script '/home/jinhemu/ROS2/town_ws/install/village_wang/share/village_wang/package.ps1'
[1.231s] INFO:colcon.colcon_core.shell:Creating package descriptor '/home/jinhemu/ROS2/town_ws/install/village_wang/share/village_wang/package.dsv'
[1.231s] INFO:colcon.colcon_core.shell:Creating package script '/home/jinhemu/ROS2/town_ws/install/village_wang/share/village_wang/package.sh'
[1.232s] INFO:colcon.colcon_core.shell:Creating package script '/home/jinhemu/ROS2/town_ws/install/village_wang/share/village_wang/package.bash'
[1.232s] INFO:colcon.colcon_core.shell:Creating package script '/home/jinhemu/ROS2/town_ws/install/village_wang/share/village_wang/package.zsh'
[1.232s] Level 1:colcon.colcon_core.environment:create_file_with_runtime_dependencies(/home/jinhemu/ROS2/town_ws/install/village_wang/share/colcon-core/packages/village_wang)
[1.250s] Level 1:colcon.colcon_core.environment:create_environment_scripts_only(village_wang)
[1.252s] Level 1:colcon.colcon_core.environment:checking '/home/jinhemu/ROS2/town_ws/install/village_wang' for CMake module files
[1.253s] Level 1:colcon.colcon_core.environment:checking '/home/jinhemu/ROS2/town_ws/install/village_wang' for CMake config files
[1.253s] Level 1:colcon.colcon_core.shell:create_environment_hook('village_wang', 'cmake_prefix_path')
[1.255s] INFO:colcon.colcon_core.shell:Creating environment hook '/home/jinhemu/ROS2/town_ws/install/village_wang/share/village_wang/hook/cmake_prefix_path.ps1'
[1.255s] INFO:colcon.colcon_core.shell:Creating environment descriptor '/home/jinhemu/ROS2/town_ws/install/village_wang/share/village_wang/hook/cmake_prefix_path.dsv'
[1.256s] INFO:colcon.colcon_core.shell:Creating environment hook '/home/jinhemu/ROS2/town_ws/install/village_wang/share/village_wang/hook/cmake_prefix_path.sh'
[1.256s] Level 1:colcon.colcon_core.environment:checking '/home/jinhemu/ROS2/town_ws/install/village_wang/lib'
[1.256s] Level 1:colcon.colcon_core.environment:checking '/home/jinhemu/ROS2/town_ws/install/village_wang/bin'
[1.256s] Level 1:colcon.colcon_core.environment:checking '/home/jinhemu/ROS2/town_ws/install/village_wang/lib/pkgconfig/village_wang.pc'
[1.257s] Level 1:colcon.colcon_core.environment:checking '/home/jinhemu/ROS2/town_ws/install/village_wang/lib/python3.10/site-packages'
[1.257s] Level 1:colcon.colcon_core.environment:checking '/home/jinhemu/ROS2/town_ws/install/village_wang/bin'
[1.259s] INFO:colcon.colcon_core.shell:Creating package script '/home/jinhemu/ROS2/town_ws/install/village_wang/share/village_wang/package.ps1'
[1.259s] INFO:colcon.colcon_core.shell:Creating package descriptor '/home/jinhemu/ROS2/town_ws/install/village_wang/share/village_wang/package.dsv'
[1.260s] INFO:colcon.colcon_core.shell:Creating package script '/home/jinhemu/ROS2/town_ws/install/village_wang/share/village_wang/package.sh'
[1.260s] INFO:colcon.colcon_core.shell:Creating package script '/home/jinhemu/ROS2/town_ws/install/village_wang/share/village_wang/package.bash'
[1.261s] INFO:colcon.colcon_core.shell:Creating package script '/home/jinhemu/ROS2/town_ws/install/village_wang/share/village_wang/package.zsh'
[1.261s] Level 1:colcon.colcon_core.environment:create_file_with_runtime_dependencies(/home/jinhemu/ROS2/town_ws/install/village_wang/share/colcon-core/packages/village_wang)
[1.470s] DEBUG:colcon.colcon_core.event_handler.log_command:Invoking command in '/home/jinhemu/ROS2/town_ws/src/village_li': AMENT_PREFIX_PATH=/home/jinhemu/ROS2/town_ws/install/village_interfaces:${AMENT_PREFIX_PATH} CMAKE_PREFIX_PATH=/home/jinhemu/ROS2/town_ws/install/village_interfaces LD_LIBRARY_PATH=/home/jinhemu/ROS2/town_ws/install/village_interfaces/lib:${LD_LIBRARY_PATH} PYTHONPATH=/home/jinhemu/ROS2/town_ws/build/village_li/prefix_override:/home/jinhemu/ROS2/town_ws/install/village_li/lib/python3.10/site-packages:/home/jinhemu/ROS2/town_ws/install/village_interfaces/local/lib/python3.10/dist-packages:${PYTHONPATH} /usr/bin/python3 setup.py egg_info --egg-base ../../build/village_li build --build-base /home/jinhemu/ROS2/town_ws/build/village_li/build install --record /home/jinhemu/ROS2/town_ws/build/village_li/install.log --single-version-externally-managed
[1.712s] Level 1:colcon.colcon_core.environment:checking '/home/jinhemu/ROS2/town_ws/install/village_li' for CMake module files
[1.713s] DEBUG:colcon.colcon_core.event_handler.log_command:Invoked command in '/home/jinhemu/ROS2/town_ws/src/village_li' returned '0': AMENT_PREFIX_PATH=/home/jinhemu/ROS2/town_ws/install/village_interfaces:${AMENT_PREFIX_PATH} CMAKE_PREFIX_PATH=/home/jinhemu/ROS2/town_ws/install/village_interfaces LD_LIBRARY_PATH=/home/jinhemu/ROS2/town_ws/install/village_interfaces/lib:${LD_LIBRARY_PATH} PYTHONPATH=/home/jinhemu/ROS2/town_ws/build/village_li/prefix_override:/home/jinhemu/ROS2/town_ws/install/village_li/lib/python3.10/site-packages:/home/jinhemu/ROS2/town_ws/install/village_interfaces/local/lib/python3.10/dist-packages:${PYTHONPATH} /usr/bin/python3 setup.py egg_info --egg-base ../../build/village_li build --build-base /home/jinhemu/ROS2/town_ws/build/village_li/build install --record /home/jinhemu/ROS2/town_ws/build/village_li/install.log --single-version-externally-managed
[1.713s] Level 1:colcon.colcon_core.environment:checking '/home/jinhemu/ROS2/town_ws/install/village_li' for CMake config files
[1.714s] Level 1:colcon.colcon_core.environment:checking '/home/jinhemu/ROS2/town_ws/install/village_li/lib'
[1.714s] Level 1:colcon.colcon_core.environment:checking '/home/jinhemu/ROS2/town_ws/install/village_li/bin'
[1.714s] Level 1:colcon.colcon_core.environment:checking '/home/jinhemu/ROS2/town_ws/install/village_li/lib/pkgconfig/village_li.pc'
[1.714s] Level 1:colcon.colcon_core.environment:checking '/home/jinhemu/ROS2/town_ws/install/village_li/lib/python3.10/site-packages'
[1.714s] Level 1:colcon.colcon_core.shell:create_environment_hook('village_li', 'pythonpath')
[1.715s] INFO:colcon.colcon_core.shell:Creating environment hook '/home/jinhemu/ROS2/town_ws/install/village_li/share/village_li/hook/pythonpath.ps1'
[1.716s] INFO:colcon.colcon_core.shell:Creating environment descriptor '/home/jinhemu/ROS2/town_ws/install/village_li/share/village_li/hook/pythonpath.dsv'
[1.716s] INFO:colcon.colcon_core.shell:Creating environment hook '/home/jinhemu/ROS2/town_ws/install/village_li/share/village_li/hook/pythonpath.sh'
[1.717s] Level 1:colcon.colcon_core.environment:checking '/home/jinhemu/ROS2/town_ws/install/village_li/bin'
[1.717s] Level 1:colcon.colcon_core.environment:create_environment_scripts_only(village_li)
[1.718s] INFO:colcon.colcon_core.shell:Creating package script '/home/jinhemu/ROS2/town_ws/install/village_li/share/village_li/package.ps1'
[1.718s] INFO:colcon.colcon_core.shell:Creating package descriptor '/home/jinhemu/ROS2/town_ws/install/village_li/share/village_li/package.dsv'
[1.718s] INFO:colcon.colcon_core.shell:Creating package script '/home/jinhemu/ROS2/town_ws/install/village_li/share/village_li/package.sh'
[1.719s] INFO:colcon.colcon_core.shell:Creating package script '/home/jinhemu/ROS2/town_ws/install/village_li/share/village_li/package.bash'
[1.719s] INFO:colcon.colcon_core.shell:Creating package script '/home/jinhemu/ROS2/town_ws/install/village_li/share/village_li/package.zsh'
[1.719s] Level 1:colcon.colcon_core.environment:create_file_with_runtime_dependencies(/home/jinhemu/ROS2/town_ws/install/village_li/share/colcon-core/packages/village_li)
[1.921s] DEBUG:colcon.colcon_core.event_handler.log_command:Invoked command in '/home/jinhemu/ROS2/town_ws/build/village_zhang' returned '0': AMENT_PREFIX_PATH=/home/jinhemu/ROS2/town_ws/install/village_interfaces:${AMENT_PREFIX_PATH} CMAKE_PREFIX_PATH=/home/jinhemu/ROS2/town_ws/install/village_interfaces:/opt/ros/humble LD_LIBRARY_PATH=/home/jinhemu/ROS2/town_ws/install/village_interfaces/lib:${LD_LIBRARY_PATH} PYTHONPATH=/home/jinhemu/ROS2/town_ws/install/village_interfaces/local/lib/python3.10/dist-packages:${PYTHONPATH} /usr/bin/cmake /home/jinhemu/ROS2/town_ws/src/village_zhang -DCMAKE_INSTALL_PREFIX=/home/jinhemu/ROS2/town_ws/install/village_zhang
[1.923s] DEBUG:colcon.colcon_core.event_handler.log_command:Invoking command in '/home/jinhemu/ROS2/town_ws/build/village_zhang': AMENT_PREFIX_PATH=/home/jinhemu/ROS2/town_ws/install/village_interfaces:${AMENT_PREFIX_PATH} CMAKE_PREFIX_PATH=/home/jinhemu/ROS2/town_ws/install/village_interfaces:/opt/ros/humble LD_LIBRARY_PATH=/home/jinhemu/ROS2/town_ws/install/village_interfaces/lib:${LD_LIBRARY_PATH} PYTHONPATH=/home/jinhemu/ROS2/town_ws/install/village_interfaces/local/lib/python3.10/dist-packages:${PYTHONPATH} /usr/bin/cmake --build /home/jinhemu/ROS2/town_ws/build/village_zhang -- -j12 -l12
[5.126s] DEBUG:colcon.colcon_core.event_handler.log_command:Invoked command in '/home/jinhemu/ROS2/town_ws/build/village_zhang' returned '0': AMENT_PREFIX_PATH=/home/jinhemu/ROS2/town_ws/install/village_interfaces:${AMENT_PREFIX_PATH} CMAKE_PREFIX_PATH=/home/jinhemu/ROS2/town_ws/install/village_interfaces:/opt/ros/humble LD_LIBRARY_PATH=/home/jinhemu/ROS2/town_ws/install/village_interfaces/lib:${LD_LIBRARY_PATH} PYTHONPATH=/home/jinhemu/ROS2/town_ws/install/village_interfaces/local/lib/python3.10/dist-packages:${PYTHONPATH} /usr/bin/cmake --build /home/jinhemu/ROS2/town_ws/build/village_zhang -- -j12 -l12
[5.144s] DEBUG:colcon.colcon_core.event_handler.log_command:Invoking command in '/home/jinhemu/ROS2/town_ws/build/village_zhang': AMENT_PREFIX_PATH=/home/jinhemu/ROS2/town_ws/install/village_interfaces:${AMENT_PREFIX_PATH} CMAKE_PREFIX_PATH=/home/jinhemu/ROS2/town_ws/install/village_interfaces:/opt/ros/humble LD_LIBRARY_PATH=/home/jinhemu/ROS2/town_ws/install/village_interfaces/lib:${LD_LIBRARY_PATH} PYTHONPATH=/home/jinhemu/ROS2/town_ws/install/village_interfaces/local/lib/python3.10/dist-packages:${PYTHONPATH} /usr/bin/cmake --install /home/jinhemu/ROS2/town_ws/build/village_zhang
[5.154s] Level 1:colcon.colcon_core.environment:create_environment_scripts_only(village_zhang)
[5.156s] Level 1:colcon.colcon_core.environment:checking '/home/jinhemu/ROS2/town_ws/install/village_zhang' for CMake module files
[5.156s] DEBUG:colcon.colcon_core.event_handler.log_command:Invoked command in '/home/jinhemu/ROS2/town_ws/build/village_zhang' returned '0': AMENT_PREFIX_PATH=/home/jinhemu/ROS2/town_ws/install/village_interfaces:${AMENT_PREFIX_PATH} CMAKE_PREFIX_PATH=/home/jinhemu/ROS2/town_ws/install/village_interfaces:/opt/ros/humble LD_LIBRARY_PATH=/home/jinhemu/ROS2/town_ws/install/village_interfaces/lib:${LD_LIBRARY_PATH} PYTHONPATH=/home/jinhemu/ROS2/town_ws/install/village_interfaces/local/lib/python3.10/dist-packages:${PYTHONPATH} /usr/bin/cmake --install /home/jinhemu/ROS2/town_ws/build/village_zhang
[5.156s] Level 1:colcon.colcon_core.environment:checking '/home/jinhemu/ROS2/town_ws/install/village_zhang' for CMake config files
[5.156s] Level 1:colcon.colcon_core.shell:create_environment_hook('village_zhang', 'cmake_prefix_path')
[5.157s] INFO:colcon.colcon_core.shell:Creating environment hook '/home/jinhemu/ROS2/town_ws/install/village_zhang/share/village_zhang/hook/cmake_prefix_path.ps1'
[5.158s] INFO:colcon.colcon_core.shell:Creating environment descriptor '/home/jinhemu/ROS2/town_ws/install/village_zhang/share/village_zhang/hook/cmake_prefix_path.dsv'
[5.158s] INFO:colcon.colcon_core.shell:Creating environment hook '/home/jinhemu/ROS2/town_ws/install/village_zhang/share/village_zhang/hook/cmake_prefix_path.sh'
[5.158s] Level 1:colcon.colcon_core.environment:checking '/home/jinhemu/ROS2/town_ws/install/village_zhang/bin'
[5.158s] Level 1:colcon.colcon_core.environment:checking '/home/jinhemu/ROS2/town_ws/install/village_zhang/lib/pkgconfig/village_zhang.pc'
[5.158s] Level 1:colcon.colcon_core.environment:checking '/home/jinhemu/ROS2/town_ws/install/village_zhang/lib/python3.10/site-packages'
[5.159s] Level 1:colcon.colcon_core.environment:checking '/home/jinhemu/ROS2/town_ws/install/village_zhang/bin'
[5.159s] INFO:colcon.colcon_core.shell:Creating package script '/home/jinhemu/ROS2/town_ws/install/village_zhang/share/village_zhang/package.ps1'
[5.160s] INFO:colcon.colcon_core.shell:Creating package descriptor '/home/jinhemu/ROS2/town_ws/install/village_zhang/share/village_zhang/package.dsv'
[5.161s] INFO:colcon.colcon_core.shell:Creating package script '/home/jinhemu/ROS2/town_ws/install/village_zhang/share/village_zhang/package.sh'
[5.161s] INFO:colcon.colcon_core.shell:Creating package script '/home/jinhemu/ROS2/town_ws/install/village_zhang/share/village_zhang/package.bash'
[5.161s] INFO:colcon.colcon_core.shell:Creating package script '/home/jinhemu/ROS2/town_ws/install/village_zhang/share/village_zhang/package.zsh'
[5.161s] Level 1:colcon.colcon_core.environment:create_file_with_runtime_dependencies(/home/jinhemu/ROS2/town_ws/install/village_zhang/share/colcon-core/packages/village_zhang)
[5.181s] Level 1:colcon.colcon_core.environment:create_environment_scripts_only(village_zhang)
[5.182s] Level 1:colcon.colcon_core.environment:checking '/home/jinhemu/ROS2/town_ws/install/village_zhang' for CMake module files
[5.183s] Level 1:colcon.colcon_core.environment:checking '/home/jinhemu/ROS2/town_ws/install/village_zhang' for CMake config files
[5.183s] Level 1:colcon.colcon_core.shell:create_environment_hook('village_zhang', 'cmake_prefix_path')
[5.184s] INFO:colcon.colcon_core.shell:Creating environment hook '/home/jinhemu/ROS2/town_ws/install/village_zhang/share/village_zhang/hook/cmake_prefix_path.ps1'
[5.184s] INFO:colcon.colcon_core.shell:Creating environment descriptor '/home/jinhemu/ROS2/town_ws/install/village_zhang/share/village_zhang/hook/cmake_prefix_path.dsv'
[5.185s] INFO:colcon.colcon_core.shell:Creating environment hook '/home/jinhemu/ROS2/town_ws/install/village_zhang/share/village_zhang/hook/cmake_prefix_path.sh'
[5.185s] Level 1:colcon.colcon_core.environment:checking '/home/jinhemu/ROS2/town_ws/install/village_zhang/bin'
[5.185s] Level 1:colcon.colcon_core.environment:checking '/home/jinhemu/ROS2/town_ws/install/village_zhang/lib/pkgconfig/village_zhang.pc'
[5.185s] Level 1:colcon.colcon_core.environment:checking '/home/jinhemu/ROS2/town_ws/install/village_zhang/lib/python3.10/site-packages'
[5.185s] Level 1:colcon.colcon_core.environment:checking '/home/jinhemu/ROS2/town_ws/install/village_zhang/bin'
[5.186s] INFO:colcon.colcon_core.shell:Creating package script '/home/jinhemu/ROS2/town_ws/install/village_zhang/share/village_zhang/package.ps1'
[5.187s] INFO:colcon.colcon_core.shell:Creating package descriptor '/home/jinhemu/ROS2/town_ws/install/village_zhang/share/village_zhang/package.dsv'
[5.187s] INFO:colcon.colcon_core.shell:Creating package script '/home/jinhemu/ROS2/town_ws/install/village_zhang/share/village_zhang/package.sh'
[5.187s] INFO:colcon.colcon_core.shell:Creating package script '/home/jinhemu/ROS2/town_ws/install/village_zhang/share/village_zhang/package.bash'
[5.188s] INFO:colcon.colcon_core.shell:Creating package script '/home/jinhemu/ROS2/town_ws/install/village_zhang/share/village_zhang/package.zsh'
[5.188s] Level 1:colcon.colcon_core.environment:create_file_with_runtime_dependencies(/home/jinhemu/ROS2/town_ws/install/village_zhang/share/colcon-core/packages/village_zhang)
[5.188s] DEBUG:colcon.colcon_parallel_executor.executor.parallel:closing loop
[5.188s] DEBUG:colcon.colcon_parallel_executor.executor.parallel:loop closed
[5.188s] DEBUG:colcon.colcon_parallel_executor.executor.parallel:run_until_complete finished with '0'
[5.188s] DEBUG:colcon.colcon_core.event_reactor:joining thread
[5.193s] INFO:colcon.colcon_core.plugin_system:Skipping extension 'colcon_notification.desktop_notification.terminal_notifier': Not used on non-Darwin systems
[5.193s] INFO:colcon.colcon_core.plugin_system:Skipping extension 'colcon_notification.desktop_notification.win32': Not used on non-Windows systems
[5.193s] INFO:colcon.colcon_notification.desktop_notification:Sending desktop notification using 'notify2'
[5.210s] DEBUG:colcon.colcon_core.event_reactor:joined thread
[5.211s] INFO:colcon.colcon_core.shell:Creating prefix script '/home/jinhemu/ROS2/town_ws/install/local_setup.ps1'
[5.213s] INFO:colcon.colcon_core.shell:Creating prefix util module '/home/jinhemu/ROS2/town_ws/install/_local_setup_util_ps1.py'
[5.214s] INFO:colcon.colcon_core.shell:Creating prefix chain script '/home/jinhemu/ROS2/town_ws/install/setup.ps1'
[5.216s] INFO:colcon.colcon_core.shell:Creating prefix script '/home/jinhemu/ROS2/town_ws/install/local_setup.sh'
[5.216s] INFO:colcon.colcon_core.shell:Creating prefix util module '/home/jinhemu/ROS2/town_ws/install/_local_setup_util_sh.py'
[5.217s] INFO:colcon.colcon_core.shell:Creating prefix chain script '/home/jinhemu/ROS2/town_ws/install/setup.sh'
[5.218s] INFO:colcon.colcon_core.shell:Creating prefix script '/home/jinhemu/ROS2/town_ws/install/local_setup.bash'
[5.219s] INFO:colcon.colcon_core.shell:Creating prefix chain script '/home/jinhemu/ROS2/town_ws/install/setup.bash'
[5.220s] INFO:colcon.colcon_core.shell:Creating prefix script '/home/jinhemu/ROS2/town_ws/install/local_setup.zsh'
[5.220s] INFO:colcon.colcon_core.shell:Creating prefix chain script '/home/jinhemu/ROS2/town_ws/install/setup.zsh'
