[0.061s] Invoking command in '/home/jinhemu/ROS2/build/examples_rclcpp_minimal_action_server': CMAKE_PREFIX_PATH=/opt/ros/humble /usr/bin/cmake /home/jinhemu/ROS2/colcon_test_ws/src/examples/rclcpp/actions/minimal_action_server -DCMAKE_INSTALL_PREFIX=/home/jinhemu/ROS2/install/examples_rclcpp_minimal_action_server
[0.135s] -- The C compiler identification is GNU 11.4.0
[0.209s] -- The CXX compiler identification is GNU 11.4.0
[0.217s] -- Detecting C compiler ABI info
[0.285s] -- Detecting C compiler ABI info - done
[0.294s] -- Check for working C compiler: /usr/bin/cc - skipped
[0.294s] -- Detecting C compile features
[0.294s] -- Detecting C compile features - done
[0.302s] -- Detecting CXX compiler ABI info
[0.398s] -- Detecting CXX compiler ABI info - done
[0.411s] -- Check for working CXX compiler: /usr/bin/c++ - skipped
[0.411s] -- Detecting CXX compile features
[0.412s] -- Detecting CXX compile features - done
[0.416s] -- Found ament_cmake: 1.3.5 (/opt/ros/humble/share/ament_cmake/cmake)
[1.295s] -- Found Python3: /usr/bin/python3.10 (found version "3.10.12") found components: Interpreter 
[1.403s] -- Found example_interfaces: 0.9.3 (/opt/ros/humble/share/example_interfaces/cmake)
[1.441s] -- Found rosidl_generator_c: 3.1.5 (/opt/ros/humble/share/rosidl_generator_c/cmake)
[1.446s] -- Found rosidl_adapter: 3.1.5 (/opt/ros/humble/share/rosidl_adapter/cmake)
[1.455s] -- Found rosidl_generator_cpp: 3.1.5 (/opt/ros/humble/share/rosidl_generator_cpp/cmake)
[1.470s] -- Using all available rosidl_typesupport_c: rosidl_typesupport_fastrtps_c;rosidl_typesupport_introspection_c
[1.494s] -- Using all available rosidl_typesupport_cpp: rosidl_typesupport_fastrtps_cpp;rosidl_typesupport_introspection_cpp
[1.717s] -- Found rclcpp: 16.0.5 (/opt/ros/humble/share/rclcpp/cmake)
[1.781s] -- Found rmw_implementation_cmake: 6.1.1 (/opt/ros/humble/share/rmw_implementation_cmake/cmake)
[1.783s] -- Found rmw_fastrtps_cpp: 6.2.3 (/opt/ros/humble/share/rmw_fastrtps_cpp/cmake)
[1.899s] -- Found OpenSSL: /usr/lib/x86_64-linux-gnu/libcrypto.so (found version "3.0.2")  
[1.931s] -- Found FastRTPS: /opt/ros/humble/include  
[1.982s] -- Using RMW implementation 'rmw_fastrtps_cpp' as default
[1.992s] -- Looking for pthread.h
[2.106s] -- Looking for pthread.h - found
[2.106s] -- Performing Test CMAKE_HAVE_LIBC_PTHREAD
[2.205s] -- Performing Test CMAKE_HAVE_LIBC_PTHREAD - Success
[2.207s] -- Found Threads: TRUE  
[2.440s] -- Found rclcpp_action: 16.0.5 (/opt/ros/humble/share/rclcpp_action/cmake)
[2.479s] -- Found ament_lint_auto: 0.12.7 (/opt/ros/humble/share/ament_lint_auto/cmake)
[2.588s] -- Added test 'copyright' to check source files copyright and LICENSE
[2.589s] -- Added test 'cppcheck' to perform static code analysis on C / C++ code
[2.589s] -- Configured cppcheck include dirs: 
[2.590s] -- Configured cppcheck exclude dirs and/or files: 
[2.590s] -- Added test 'cpplint' to check C / C++ code against the Google style
[2.590s] -- Configured cpplint exclude dirs and/or files: 
[2.591s] -- Added test 'lint_cmake' to check CMake code style
[2.593s] -- Added test 'uncrustify' to check C / C++ code style
[2.593s] -- Configured uncrustify additional arguments: 
[2.594s] -- Added test 'xmllint' to check XML markup files
[2.596s] -- Configuring done
[2.629s] -- Generating done
[2.632s] -- Build files have been written to: /home/jinhemu/ROS2/build/examples_rclcpp_minimal_action_server
[2.665s] Invoked command in '/home/jinhemu/ROS2/build/examples_rclcpp_minimal_action_server' returned '0': CMAKE_PREFIX_PATH=/opt/ros/humble /usr/bin/cmake /home/jinhemu/ROS2/colcon_test_ws/src/examples/rclcpp/actions/minimal_action_server -DCMAKE_INSTALL_PREFIX=/home/jinhemu/ROS2/install/examples_rclcpp_minimal_action_server
[2.666s] Invoking command in '/home/jinhemu/ROS2/build/examples_rclcpp_minimal_action_server': CMAKE_PREFIX_PATH=/opt/ros/humble /usr/bin/cmake --build /home/jinhemu/ROS2/build/examples_rclcpp_minimal_action_server -- -j12 -l12
[4.071s] [ 25%] [32mBuilding CXX object CMakeFiles/action_server_member_functions.dir/member_functions.cpp.o[0m
[4.071s] [ 50%] [32mBuilding CXX object CMakeFiles/action_server_not_composable.dir/not_composable.cpp.o[0m
