[0.252s] DEBUG:colcon:Command line arguments: ['/usr/bin/colcon', 'build', '--packages-select', 'village_interfaces']
[0.252s] DEBUG:colcon:Parsed command line arguments: Namespace(log_base=None, log_level=None, verb_name='build', build_base='build', install_base='install', merge_install=False, symlink_install=False, test_result_base=None, continue_on_error=False, executor='parallel', parallel_workers=12, event_handlers=None, ignore_user_meta=False, metas=['./colcon.meta'], base_paths=['.'], packages_ignore=None, packages_ignore_regex=None, paths=None, packages_up_to=None, packages_up_to_regex=None, packages_above=None, packages_above_and_dependencies=None, packages_above_depth=None, packages_select_by_dep=None, packages_skip_by_dep=None, packages_skip_up_to=None, packages_select_build_failed=False, packages_skip_build_finished=False, packages_select_test_failures=False, packages_skip_test_passed=False, packages_select=['village_interfaces'], packages_skip=None, packages_select_regex=None, packages_skip_regex=None, packages_start=None, packages_end=None, allow_overriding=[], cmake_args=None, cmake_target=None, cmake_target_skip_unavailable=False, cmake_clean_cache=False, cmake_clean_first=False, cmake_force_configure=False, ament_cmake_args=None, catkin_cmake_args=None, catkin_skip_building_tests=False, verb_parser=<colcon_defaults.argument_parser.defaults.DefaultArgumentsDecorator object at 0x7f77844a6740>, verb_extension=<colcon_core.verb.build.BuildVerb object at 0x7f77844a61d0>, main=<bound method BuildVerb.main of <colcon_core.verb.build.BuildVerb object at 0x7f77844a61d0>>)
[0.270s] Level 1:colcon.colcon_core.package_discovery:discover_packages(colcon_meta) check parameters
[0.270s] Level 1:colcon.colcon_core.package_discovery:discover_packages(recursive) check parameters
[0.270s] Level 1:colcon.colcon_core.package_discovery:discover_packages(ignore) check parameters
[0.270s] Level 1:colcon.colcon_core.package_discovery:discover_packages(path) check parameters
[0.270s] Level 1:colcon.colcon_core.package_discovery:discover_packages(colcon_meta) discover
[0.270s] Level 1:colcon.colcon_core.package_discovery:discover_packages(recursive) discover
[0.270s] INFO:colcon.colcon_core.package_discovery:Crawling recursively for packages in '/home/jinhemu/ROS2'
[0.270s] Level 1:colcon.colcon_core.package_identification:_identify(.) by extensions ['ignore', 'ignore_ament_install']
[0.270s] Level 1:colcon.colcon_core.package_identification:_identify(.) by extension 'ignore'
[0.270s] Level 1:colcon.colcon_core.package_identification:_identify(.) by extension 'ignore_ament_install'
[0.270s] Level 1:colcon.colcon_core.package_identification:_identify(.) by extensions ['colcon_pkg']
[0.270s] Level 1:colcon.colcon_core.package_identification:_identify(.) by extension 'colcon_pkg'
[0.270s] Level 1:colcon.colcon_core.package_identification:_identify(.) by extensions ['colcon_meta']
[0.270s] Level 1:colcon.colcon_core.package_identification:_identify(.) by extension 'colcon_meta'
[0.270s] Level 1:colcon.colcon_core.package_identification:_identify(.) by extensions ['ros']
[0.270s] Level 1:colcon.colcon_core.package_identification:_identify(.) by extension 'ros'
[0.278s] Level 1:colcon.colcon_core.package_identification:_identify(.) by extensions ['cmake', 'python']
[0.279s] Level 1:colcon.colcon_core.package_identification:_identify(.) by extension 'cmake'
[0.279s] Level 1:colcon.colcon_core.package_identification:_identify(.) by extension 'python'
[0.279s] Level 1:colcon.colcon_core.package_identification:_identify(.) by extensions ['python_setup_py']
[0.279s] Level 1:colcon.colcon_core.package_identification:_identify(.) by extension 'python_setup_py'
[0.279s] Level 1:colcon.colcon_core.package_identification:_identify(build) by extensions ['ignore', 'ignore_ament_install']
[0.279s] Level 1:colcon.colcon_core.package_identification:_identify(build) by extension 'ignore'
[0.279s] Level 1:colcon.colcon_core.package_identification:_identify(build) ignored
[0.279s] Level 1:colcon.colcon_core.package_identification:_identify(colcon_test_ws) by extensions ['ignore', 'ignore_ament_install']
[0.279s] Level 1:colcon.colcon_core.package_identification:_identify(colcon_test_ws) by extension 'ignore'
[0.279s] Level 1:colcon.colcon_core.package_identification:_identify(colcon_test_ws) by extension 'ignore_ament_install'
[0.279s] Level 1:colcon.colcon_core.package_identification:_identify(colcon_test_ws) by extensions ['colcon_pkg']
[0.279s] Level 1:colcon.colcon_core.package_identification:_identify(colcon_test_ws) by extension 'colcon_pkg'
[0.279s] Level 1:colcon.colcon_core.package_identification:_identify(colcon_test_ws) by extensions ['colcon_meta']
[0.279s] Level 1:colcon.colcon_core.package_identification:_identify(colcon_test_ws) by extension 'colcon_meta'
[0.279s] Level 1:colcon.colcon_core.package_identification:_identify(colcon_test_ws) by extensions ['ros']
[0.279s] Level 1:colcon.colcon_core.package_identification:_identify(colcon_test_ws) by extension 'ros'
[0.279s] Level 1:colcon.colcon_core.package_identification:_identify(colcon_test_ws) by extensions ['cmake', 'python']
[0.279s] Level 1:colcon.colcon_core.package_identification:_identify(colcon_test_ws) by extension 'cmake'
[0.279s] Level 1:colcon.colcon_core.package_identification:_identify(colcon_test_ws) by extension 'python'
[0.279s] Level 1:colcon.colcon_core.package_identification:_identify(colcon_test_ws) by extensions ['python_setup_py']
[0.279s] Level 1:colcon.colcon_core.package_identification:_identify(colcon_test_ws) by extension 'python_setup_py'
[0.279s] Level 1:colcon.colcon_core.package_identification:_identify(colcon_test_ws/build) by extensions ['ignore', 'ignore_ament_install']
[0.279s] Level 1:colcon.colcon_core.package_identification:_identify(colcon_test_ws/build) by extension 'ignore'
[0.279s] Level 1:colcon.colcon_core.package_identification:_identify(colcon_test_ws/build) ignored
[0.279s] Level 1:colcon.colcon_core.package_identification:_identify(colcon_test_ws/install) by extensions ['ignore', 'ignore_ament_install']
[0.280s] Level 1:colcon.colcon_core.package_identification:_identify(colcon_test_ws/install) by extension 'ignore'
[0.280s] Level 1:colcon.colcon_core.package_identification:_identify(colcon_test_ws/install) ignored
[0.280s] Level 1:colcon.colcon_core.package_identification:_identify(colcon_test_ws/log) by extensions ['ignore', 'ignore_ament_install']
[0.280s] Level 1:colcon.colcon_core.package_identification:_identify(colcon_test_ws/log) by extension 'ignore'
[0.280s] Level 1:colcon.colcon_core.package_identification:_identify(colcon_test_ws/log) ignored
[0.280s] Level 1:colcon.colcon_core.package_identification:_identify(colcon_test_ws/src) by extensions ['ignore', 'ignore_ament_install']
[0.280s] Level 1:colcon.colcon_core.package_identification:_identify(colcon_test_ws/src) by extension 'ignore'
[0.280s] Level 1:colcon.colcon_core.package_identification:_identify(colcon_test_ws/src) by extension 'ignore_ament_install'
[0.280s] Level 1:colcon.colcon_core.package_identification:_identify(colcon_test_ws/src) by extensions ['colcon_pkg']
[0.280s] Level 1:colcon.colcon_core.package_identification:_identify(colcon_test_ws/src) by extension 'colcon_pkg'
[0.280s] Level 1:colcon.colcon_core.package_identification:_identify(colcon_test_ws/src) by extensions ['colcon_meta']
[0.280s] Level 1:colcon.colcon_core.package_identification:_identify(colcon_test_ws/src) by extension 'colcon_meta'
[0.280s] Level 1:colcon.colcon_core.package_identification:_identify(colcon_test_ws/src) by extensions ['ros']
[0.280s] Level 1:colcon.colcon_core.package_identification:_identify(colcon_test_ws/src) by extension 'ros'
[0.280s] Level 1:colcon.colcon_core.package_identification:_identify(colcon_test_ws/src) by extensions ['cmake', 'python']
[0.280s] Level 1:colcon.colcon_core.package_identification:_identify(colcon_test_ws/src) by extension 'cmake'
[0.280s] Level 1:colcon.colcon_core.package_identification:_identify(colcon_test_ws/src) by extension 'python'
[0.280s] Level 1:colcon.colcon_core.package_identification:_identify(colcon_test_ws/src) by extensions ['python_setup_py']
[0.280s] Level 1:colcon.colcon_core.package_identification:_identify(colcon_test_ws/src) by extension 'python_setup_py'
[0.280s] Level 1:colcon.colcon_core.package_identification:_identify(colcon_test_ws/src/examples) by extensions ['ignore', 'ignore_ament_install']
[0.280s] Level 1:colcon.colcon_core.package_identification:_identify(colcon_test_ws/src/examples) by extension 'ignore'
[0.280s] Level 1:colcon.colcon_core.package_identification:_identify(colcon_test_ws/src/examples) by extension 'ignore_ament_install'
[0.280s] Level 1:colcon.colcon_core.package_identification:_identify(colcon_test_ws/src/examples) by extensions ['colcon_pkg']
[0.280s] Level 1:colcon.colcon_core.package_identification:_identify(colcon_test_ws/src/examples) by extension 'colcon_pkg'
[0.280s] Level 1:colcon.colcon_core.package_identification:_identify(colcon_test_ws/src/examples) by extensions ['colcon_meta']
[0.280s] Level 1:colcon.colcon_core.package_identification:_identify(colcon_test_ws/src/examples) by extension 'colcon_meta'
[0.280s] Level 1:colcon.colcon_core.package_identification:_identify(colcon_test_ws/src/examples) by extensions ['ros']
[0.280s] Level 1:colcon.colcon_core.package_identification:_identify(colcon_test_ws/src/examples) by extension 'ros'
[0.281s] Level 1:colcon.colcon_core.package_identification:_identify(colcon_test_ws/src/examples) by extensions ['cmake', 'python']
[0.281s] Level 1:colcon.colcon_core.package_identification:_identify(colcon_test_ws/src/examples) by extension 'cmake'
[0.281s] Level 1:colcon.colcon_core.package_identification:_identify(colcon_test_ws/src/examples) by extension 'python'
[0.281s] Level 1:colcon.colcon_core.package_identification:_identify(colcon_test_ws/src/examples) by extensions ['python_setup_py']
[0.281s] Level 1:colcon.colcon_core.package_identification:_identify(colcon_test_ws/src/examples) by extension 'python_setup_py'
[0.281s] Level 1:colcon.colcon_core.package_identification:_identify(colcon_test_ws/src/examples/launch_testing) by extensions ['ignore', 'ignore_ament_install']
[0.281s] Level 1:colcon.colcon_core.package_identification:_identify(colcon_test_ws/src/examples/launch_testing) by extension 'ignore'
[0.281s] Level 1:colcon.colcon_core.package_identification:_identify(colcon_test_ws/src/examples/launch_testing) by extension 'ignore_ament_install'
[0.281s] Level 1:colcon.colcon_core.package_identification:_identify(colcon_test_ws/src/examples/launch_testing) by extensions ['colcon_pkg']
[0.281s] Level 1:colcon.colcon_core.package_identification:_identify(colcon_test_ws/src/examples/launch_testing) by extension 'colcon_pkg'
[0.281s] Level 1:colcon.colcon_core.package_identification:_identify(colcon_test_ws/src/examples/launch_testing) by extensions ['colcon_meta']
[0.281s] Level 1:colcon.colcon_core.package_identification:_identify(colcon_test_ws/src/examples/launch_testing) by extension 'colcon_meta'
[0.281s] Level 1:colcon.colcon_core.package_identification:_identify(colcon_test_ws/src/examples/launch_testing) by extensions ['ros']
[0.281s] Level 1:colcon.colcon_core.package_identification:_identify(colcon_test_ws/src/examples/launch_testing) by extension 'ros'
[0.281s] Level 1:colcon.colcon_core.package_identification:_identify(colcon_test_ws/src/examples/launch_testing) by extensions ['cmake', 'python']
[0.281s] Level 1:colcon.colcon_core.package_identification:_identify(colcon_test_ws/src/examples/launch_testing) by extension 'cmake'
[0.281s] Level 1:colcon.colcon_core.package_identification:_identify(colcon_test_ws/src/examples/launch_testing) by extension 'python'
[0.281s] Level 1:colcon.colcon_core.package_identification:_identify(colcon_test_ws/src/examples/launch_testing) by extensions ['python_setup_py']
[0.281s] Level 1:colcon.colcon_core.package_identification:_identify(colcon_test_ws/src/examples/launch_testing) by extension 'python_setup_py'
[0.281s] Level 1:colcon.colcon_core.package_identification:_identify(colcon_test_ws/src/examples/launch_testing/launch_testing_examples) by extensions ['ignore', 'ignore_ament_install']
[0.281s] Level 1:colcon.colcon_core.package_identification:_identify(colcon_test_ws/src/examples/launch_testing/launch_testing_examples) by extension 'ignore'
[0.281s] Level 1:colcon.colcon_core.package_identification:_identify(colcon_test_ws/src/examples/launch_testing/launch_testing_examples) by extension 'ignore_ament_install'
[0.281s] Level 1:colcon.colcon_core.package_identification:_identify(colcon_test_ws/src/examples/launch_testing/launch_testing_examples) by extensions ['colcon_pkg']
[0.281s] Level 1:colcon.colcon_core.package_identification:_identify(colcon_test_ws/src/examples/launch_testing/launch_testing_examples) by extension 'colcon_pkg'
[0.281s] Level 1:colcon.colcon_core.package_identification:_identify(colcon_test_ws/src/examples/launch_testing/launch_testing_examples) by extensions ['colcon_meta']
[0.281s] Level 1:colcon.colcon_core.package_identification:_identify(colcon_test_ws/src/examples/launch_testing/launch_testing_examples) by extension 'colcon_meta'
[0.281s] Level 1:colcon.colcon_core.package_identification:_identify(colcon_test_ws/src/examples/launch_testing/launch_testing_examples) by extensions ['ros']
[0.281s] Level 1:colcon.colcon_core.package_identification:_identify(colcon_test_ws/src/examples/launch_testing/launch_testing_examples) by extension 'ros'
[0.283s] DEBUG:colcon.colcon_core.package_identification:Package 'colcon_test_ws/src/examples/launch_testing/launch_testing_examples' with type 'ros.ament_python' and name 'launch_testing_examples'
[0.283s] Level 1:colcon.colcon_core.package_identification:_identify(colcon_test_ws/src/examples/rclcpp) by extensions ['ignore', 'ignore_ament_install']
[0.283s] Level 1:colcon.colcon_core.package_identification:_identify(colcon_test_ws/src/examples/rclcpp) by extension 'ignore'
[0.284s] Level 1:colcon.colcon_core.package_identification:_identify(colcon_test_ws/src/examples/rclcpp) by extension 'ignore_ament_install'
[0.284s] Level 1:colcon.colcon_core.package_identification:_identify(colcon_test_ws/src/examples/rclcpp) by extensions ['colcon_pkg']
[0.284s] Level 1:colcon.colcon_core.package_identification:_identify(colcon_test_ws/src/examples/rclcpp) by extension 'colcon_pkg'
[0.284s] Level 1:colcon.colcon_core.package_identification:_identify(colcon_test_ws/src/examples/rclcpp) by extensions ['colcon_meta']
[0.284s] Level 1:colcon.colcon_core.package_identification:_identify(colcon_test_ws/src/examples/rclcpp) by extension 'colcon_meta'
[0.284s] Level 1:colcon.colcon_core.package_identification:_identify(colcon_test_ws/src/examples/rclcpp) by extensions ['ros']
[0.284s] Level 1:colcon.colcon_core.package_identification:_identify(colcon_test_ws/src/examples/rclcpp) by extension 'ros'
[0.284s] Level 1:colcon.colcon_core.package_identification:_identify(colcon_test_ws/src/examples/rclcpp) by extensions ['cmake', 'python']
[0.284s] Level 1:colcon.colcon_core.package_identification:_identify(colcon_test_ws/src/examples/rclcpp) by extension 'cmake'
[0.284s] Level 1:colcon.colcon_core.package_identification:_identify(colcon_test_ws/src/examples/rclcpp) by extension 'python'
[0.284s] Level 1:colcon.colcon_core.package_identification:_identify(colcon_test_ws/src/examples/rclcpp) by extensions ['python_setup_py']
[0.284s] Level 1:colcon.colcon_core.package_identification:_identify(colcon_test_ws/src/examples/rclcpp) by extension 'python_setup_py'
[0.284s] Level 1:colcon.colcon_core.package_identification:_identify(colcon_test_ws/src/examples/rclcpp/actions) by extensions ['ignore', 'ignore_ament_install']
[0.284s] Level 1:colcon.colcon_core.package_identification:_identify(colcon_test_ws/src/examples/rclcpp/actions) by extension 'ignore'
[0.284s] Level 1:colcon.colcon_core.package_identification:_identify(colcon_test_ws/src/examples/rclcpp/actions) by extension 'ignore_ament_install'
[0.284s] Level 1:colcon.colcon_core.package_identification:_identify(colcon_test_ws/src/examples/rclcpp/actions) by extensions ['colcon_pkg']
[0.284s] Level 1:colcon.colcon_core.package_identification:_identify(colcon_test_ws/src/examples/rclcpp/actions) by extension 'colcon_pkg'
[0.284s] Level 1:colcon.colcon_core.package_identification:_identify(colcon_test_ws/src/examples/rclcpp/actions) by extensions ['colcon_meta']
[0.284s] Level 1:colcon.colcon_core.package_identification:_identify(colcon_test_ws/src/examples/rclcpp/actions) by extension 'colcon_meta'
[0.284s] Level 1:colcon.colcon_core.package_identification:_identify(colcon_test_ws/src/examples/rclcpp/actions) by extensions ['ros']
[0.284s] Level 1:colcon.colcon_core.package_identification:_identify(colcon_test_ws/src/examples/rclcpp/actions) by extension 'ros'
[0.284s] Level 1:colcon.colcon_core.package_identification:_identify(colcon_test_ws/src/examples/rclcpp/actions) by extensions ['cmake', 'python']
[0.284s] Level 1:colcon.colcon_core.package_identification:_identify(colcon_test_ws/src/examples/rclcpp/actions) by extension 'cmake'
[0.284s] Level 1:colcon.colcon_core.package_identification:_identify(colcon_test_ws/src/examples/rclcpp/actions) by extension 'python'
[0.284s] Level 1:colcon.colcon_core.package_identification:_identify(colcon_test_ws/src/examples/rclcpp/actions) by extensions ['python_setup_py']
[0.284s] Level 1:colcon.colcon_core.package_identification:_identify(colcon_test_ws/src/examples/rclcpp/actions) by extension 'python_setup_py'
[0.284s] Level 1:colcon.colcon_core.package_identification:_identify(colcon_test_ws/src/examples/rclcpp/actions/minimal_action_client) by extensions ['ignore', 'ignore_ament_install']
[0.284s] Level 1:colcon.colcon_core.package_identification:_identify(colcon_test_ws/src/examples/rclcpp/actions/minimal_action_client) by extension 'ignore'
[0.284s] Level 1:colcon.colcon_core.package_identification:_identify(colcon_test_ws/src/examples/rclcpp/actions/minimal_action_client) by extension 'ignore_ament_install'
[0.284s] Level 1:colcon.colcon_core.package_identification:_identify(colcon_test_ws/src/examples/rclcpp/actions/minimal_action_client) by extensions ['colcon_pkg']
[0.284s] Level 1:colcon.colcon_core.package_identification:_identify(colcon_test_ws/src/examples/rclcpp/actions/minimal_action_client) by extension 'colcon_pkg'
[0.284s] Level 1:colcon.colcon_core.package_identification:_identify(colcon_test_ws/src/examples/rclcpp/actions/minimal_action_client) by extensions ['colcon_meta']
[0.284s] Level 1:colcon.colcon_core.package_identification:_identify(colcon_test_ws/src/examples/rclcpp/actions/minimal_action_client) by extension 'colcon_meta'
[0.285s] Level 1:colcon.colcon_core.package_identification:_identify(colcon_test_ws/src/examples/rclcpp/actions/minimal_action_client) by extensions ['ros']
[0.285s] Level 1:colcon.colcon_core.package_identification:_identify(colcon_test_ws/src/examples/rclcpp/actions/minimal_action_client) by extension 'ros'
[0.285s] DEBUG:colcon.colcon_core.package_identification:Package 'colcon_test_ws/src/examples/rclcpp/actions/minimal_action_client' with type 'ros.ament_cmake' and name 'examples_rclcpp_minimal_action_client'
[0.285s] Level 1:colcon.colcon_core.package_identification:_identify(colcon_test_ws/src/examples/rclcpp/actions/minimal_action_server) by extensions ['ignore', 'ignore_ament_install']
[0.285s] Level 1:colcon.colcon_core.package_identification:_identify(colcon_test_ws/src/examples/rclcpp/actions/minimal_action_server) by extension 'ignore'
[0.285s] Level 1:colcon.colcon_core.package_identification:_identify(colcon_test_ws/src/examples/rclcpp/actions/minimal_action_server) by extension 'ignore_ament_install'
[0.285s] Level 1:colcon.colcon_core.package_identification:_identify(colcon_test_ws/src/examples/rclcpp/actions/minimal_action_server) by extensions ['colcon_pkg']
[0.285s] Level 1:colcon.colcon_core.package_identification:_identify(colcon_test_ws/src/examples/rclcpp/actions/minimal_action_server) by extension 'colcon_pkg'
[0.285s] Level 1:colcon.colcon_core.package_identification:_identify(colcon_test_ws/src/examples/rclcpp/actions/minimal_action_server) by extensions ['colcon_meta']
[0.285s] Level 1:colcon.colcon_core.package_identification:_identify(colcon_test_ws/src/examples/rclcpp/actions/minimal_action_server) by extension 'colcon_meta'
[0.285s] Level 1:colcon.colcon_core.package_identification:_identify(colcon_test_ws/src/examples/rclcpp/actions/minimal_action_server) by extensions ['ros']
[0.285s] Level 1:colcon.colcon_core.package_identification:_identify(colcon_test_ws/src/examples/rclcpp/actions/minimal_action_server) by extension 'ros'
[0.287s] DEBUG:colcon.colcon_core.package_identification:Package 'colcon_test_ws/src/examples/rclcpp/actions/minimal_action_server' with type 'ros.ament_cmake' and name 'examples_rclcpp_minimal_action_server'
[0.287s] Level 1:colcon.colcon_core.package_identification:_identify(colcon_test_ws/src/examples/rclcpp/composition) by extensions ['ignore', 'ignore_ament_install']
[0.287s] Level 1:colcon.colcon_core.package_identification:_identify(colcon_test_ws/src/examples/rclcpp/composition) by extension 'ignore'
[0.287s] Level 1:colcon.colcon_core.package_identification:_identify(colcon_test_ws/src/examples/rclcpp/composition) by extension 'ignore_ament_install'
[0.287s] Level 1:colcon.colcon_core.package_identification:_identify(colcon_test_ws/src/examples/rclcpp/composition) by extensions ['colcon_pkg']
[0.287s] Level 1:colcon.colcon_core.package_identification:_identify(colcon_test_ws/src/examples/rclcpp/composition) by extension 'colcon_pkg'
[0.287s] Level 1:colcon.colcon_core.package_identification:_identify(colcon_test_ws/src/examples/rclcpp/composition) by extensions ['colcon_meta']
[0.287s] Level 1:colcon.colcon_core.package_identification:_identify(colcon_test_ws/src/examples/rclcpp/composition) by extension 'colcon_meta'
[0.287s] Level 1:colcon.colcon_core.package_identification:_identify(colcon_test_ws/src/examples/rclcpp/composition) by extensions ['ros']
[0.287s] Level 1:colcon.colcon_core.package_identification:_identify(colcon_test_ws/src/examples/rclcpp/composition) by extension 'ros'
[0.287s] Level 1:colcon.colcon_core.package_identification:_identify(colcon_test_ws/src/examples/rclcpp/composition) by extensions ['cmake', 'python']
[0.287s] Level 1:colcon.colcon_core.package_identification:_identify(colcon_test_ws/src/examples/rclcpp/composition) by extension 'cmake'
[0.287s] Level 1:colcon.colcon_core.package_identification:_identify(colcon_test_ws/src/examples/rclcpp/composition) by extension 'python'
[0.287s] Level 1:colcon.colcon_core.package_identification:_identify(colcon_test_ws/src/examples/rclcpp/composition) by extensions ['python_setup_py']
[0.287s] Level 1:colcon.colcon_core.package_identification:_identify(colcon_test_ws/src/examples/rclcpp/composition) by extension 'python_setup_py'
[0.287s] Level 1:colcon.colcon_core.package_identification:_identify(colcon_test_ws/src/examples/rclcpp/composition/minimal_composition) by extensions ['ignore', 'ignore_ament_install']
[0.287s] Level 1:colcon.colcon_core.package_identification:_identify(colcon_test_ws/src/examples/rclcpp/composition/minimal_composition) by extension 'ignore'
[0.287s] Level 1:colcon.colcon_core.package_identification:_identify(colcon_test_ws/src/examples/rclcpp/composition/minimal_composition) by extension 'ignore_ament_install'
[0.287s] Level 1:colcon.colcon_core.package_identification:_identify(colcon_test_ws/src/examples/rclcpp/composition/minimal_composition) by extensions ['colcon_pkg']
[0.287s] Level 1:colcon.colcon_core.package_identification:_identify(colcon_test_ws/src/examples/rclcpp/composition/minimal_composition) by extension 'colcon_pkg'
[0.287s] Level 1:colcon.colcon_core.package_identification:_identify(colcon_test_ws/src/examples/rclcpp/composition/minimal_composition) by extensions ['colcon_meta']
[0.287s] Level 1:colcon.colcon_core.package_identification:_identify(colcon_test_ws/src/examples/rclcpp/composition/minimal_composition) by extension 'colcon_meta'
[0.287s] Level 1:colcon.colcon_core.package_identification:_identify(colcon_test_ws/src/examples/rclcpp/composition/minimal_composition) by extensions ['ros']
[0.287s] Level 1:colcon.colcon_core.package_identification:_identify(colcon_test_ws/src/examples/rclcpp/composition/minimal_composition) by extension 'ros'
[0.288s] DEBUG:colcon.colcon_core.package_identification:Package 'colcon_test_ws/src/examples/rclcpp/composition/minimal_composition' with type 'ros.ament_cmake' and name 'examples_rclcpp_minimal_composition'
[0.288s] Level 1:colcon.colcon_core.package_identification:_identify(colcon_test_ws/src/examples/rclcpp/executors) by extensions ['ignore', 'ignore_ament_install']
[0.288s] Level 1:colcon.colcon_core.package_identification:_identify(colcon_test_ws/src/examples/rclcpp/executors) by extension 'ignore'
[0.288s] Level 1:colcon.colcon_core.package_identification:_identify(colcon_test_ws/src/examples/rclcpp/executors) by extension 'ignore_ament_install'
[0.288s] Level 1:colcon.colcon_core.package_identification:_identify(colcon_test_ws/src/examples/rclcpp/executors) by extensions ['colcon_pkg']
[0.288s] Level 1:colcon.colcon_core.package_identification:_identify(colcon_test_ws/src/examples/rclcpp/executors) by extension 'colcon_pkg'
[0.288s] Level 1:colcon.colcon_core.package_identification:_identify(colcon_test_ws/src/examples/rclcpp/executors) by extensions ['colcon_meta']
[0.288s] Level 1:colcon.colcon_core.package_identification:_identify(colcon_test_ws/src/examples/rclcpp/executors) by extension 'colcon_meta'
[0.288s] Level 1:colcon.colcon_core.package_identification:_identify(colcon_test_ws/src/examples/rclcpp/executors) by extensions ['ros']
[0.288s] Level 1:colcon.colcon_core.package_identification:_identify(colcon_test_ws/src/examples/rclcpp/executors) by extension 'ros'
[0.288s] Level 1:colcon.colcon_core.package_identification:_identify(colcon_test_ws/src/examples/rclcpp/executors) by extensions ['cmake', 'python']
[0.288s] Level 1:colcon.colcon_core.package_identification:_identify(colcon_test_ws/src/examples/rclcpp/executors) by extension 'cmake'
[0.288s] Level 1:colcon.colcon_core.package_identification:_identify(colcon_test_ws/src/examples/rclcpp/executors) by extension 'python'
[0.288s] Level 1:colcon.colcon_core.package_identification:_identify(colcon_test_ws/src/examples/rclcpp/executors) by extensions ['python_setup_py']
[0.288s] Level 1:colcon.colcon_core.package_identification:_identify(colcon_test_ws/src/examples/rclcpp/executors) by extension 'python_setup_py'
[0.288s] Level 1:colcon.colcon_core.package_identification:_identify(colcon_test_ws/src/examples/rclcpp/executors/cbg_executor) by extensions ['ignore', 'ignore_ament_install']
[0.288s] Level 1:colcon.colcon_core.package_identification:_identify(colcon_test_ws/src/examples/rclcpp/executors/cbg_executor) by extension 'ignore'
[0.288s] Level 1:colcon.colcon_core.package_identification:_identify(colcon_test_ws/src/examples/rclcpp/executors/cbg_executor) by extension 'ignore_ament_install'
[0.288s] Level 1:colcon.colcon_core.package_identification:_identify(colcon_test_ws/src/examples/rclcpp/executors/cbg_executor) by extensions ['colcon_pkg']
[0.288s] Level 1:colcon.colcon_core.package_identification:_identify(colcon_test_ws/src/examples/rclcpp/executors/cbg_executor) by extension 'colcon_pkg'
[0.288s] Level 1:colcon.colcon_core.package_identification:_identify(colcon_test_ws/src/examples/rclcpp/executors/cbg_executor) by extensions ['colcon_meta']
[0.288s] Level 1:colcon.colcon_core.package_identification:_identify(colcon_test_ws/src/examples/rclcpp/executors/cbg_executor) by extension 'colcon_meta'
[0.289s] Level 1:colcon.colcon_core.package_identification:_identify(colcon_test_ws/src/examples/rclcpp/executors/cbg_executor) by extensions ['ros']
[0.289s] Level 1:colcon.colcon_core.package_identification:_identify(colcon_test_ws/src/examples/rclcpp/executors/cbg_executor) by extension 'ros'
[0.289s] DEBUG:colcon.colcon_core.package_identification:Package 'colcon_test_ws/src/examples/rclcpp/executors/cbg_executor' with type 'ros.ament_cmake' and name 'examples_rclcpp_cbg_executor'
[0.289s] Level 1:colcon.colcon_core.package_identification:_identify(colcon_test_ws/src/examples/rclcpp/executors/multithreaded_executor) by extensions ['ignore', 'ignore_ament_install']
[0.289s] Level 1:colcon.colcon_core.package_identification:_identify(colcon_test_ws/src/examples/rclcpp/executors/multithreaded_executor) by extension 'ignore'
[0.289s] Level 1:colcon.colcon_core.package_identification:_identify(colcon_test_ws/src/examples/rclcpp/executors/multithreaded_executor) by extension 'ignore_ament_install'
[0.289s] Level 1:colcon.colcon_core.package_identification:_identify(colcon_test_ws/src/examples/rclcpp/executors/multithreaded_executor) by extensions ['colcon_pkg']
[0.289s] Level 1:colcon.colcon_core.package_identification:_identify(colcon_test_ws/src/examples/rclcpp/executors/multithreaded_executor) by extension 'colcon_pkg'
[0.289s] Level 1:colcon.colcon_core.package_identification:_identify(colcon_test_ws/src/examples/rclcpp/executors/multithreaded_executor) by extensions ['colcon_meta']
[0.289s] Level 1:colcon.colcon_core.package_identification:_identify(colcon_test_ws/src/examples/rclcpp/executors/multithreaded_executor) by extension 'colcon_meta'
[0.289s] Level 1:colcon.colcon_core.package_identification:_identify(colcon_test_ws/src/examples/rclcpp/executors/multithreaded_executor) by extensions ['ros']
[0.289s] Level 1:colcon.colcon_core.package_identification:_identify(colcon_test_ws/src/examples/rclcpp/executors/multithreaded_executor) by extension 'ros'
[0.290s] DEBUG:colcon.colcon_core.package_identification:Package 'colcon_test_ws/src/examples/rclcpp/executors/multithreaded_executor' with type 'ros.ament_cmake' and name 'examples_rclcpp_multithreaded_executor'
[0.290s] Level 1:colcon.colcon_core.package_identification:_identify(colcon_test_ws/src/examples/rclcpp/services) by extensions ['ignore', 'ignore_ament_install']
[0.290s] Level 1:colcon.colcon_core.package_identification:_identify(colcon_test_ws/src/examples/rclcpp/services) by extension 'ignore'
[0.290s] Level 1:colcon.colcon_core.package_identification:_identify(colcon_test_ws/src/examples/rclcpp/services) by extension 'ignore_ament_install'
[0.290s] Level 1:colcon.colcon_core.package_identification:_identify(colcon_test_ws/src/examples/rclcpp/services) by extensions ['colcon_pkg']
[0.290s] Level 1:colcon.colcon_core.package_identification:_identify(colcon_test_ws/src/examples/rclcpp/services) by extension 'colcon_pkg'
[0.290s] Level 1:colcon.colcon_core.package_identification:_identify(colcon_test_ws/src/examples/rclcpp/services) by extensions ['colcon_meta']
[0.290s] Level 1:colcon.colcon_core.package_identification:_identify(colcon_test_ws/src/examples/rclcpp/services) by extension 'colcon_meta'
[0.290s] Level 1:colcon.colcon_core.package_identification:_identify(colcon_test_ws/src/examples/rclcpp/services) by extensions ['ros']
[0.290s] Level 1:colcon.colcon_core.package_identification:_identify(colcon_test_ws/src/examples/rclcpp/services) by extension 'ros'
[0.290s] Level 1:colcon.colcon_core.package_identification:_identify(colcon_test_ws/src/examples/rclcpp/services) by extensions ['cmake', 'python']
[0.290s] Level 1:colcon.colcon_core.package_identification:_identify(colcon_test_ws/src/examples/rclcpp/services) by extension 'cmake'
[0.290s] Level 1:colcon.colcon_core.package_identification:_identify(colcon_test_ws/src/examples/rclcpp/services) by extension 'python'
[0.290s] Level 1:colcon.colcon_core.package_identification:_identify(colcon_test_ws/src/examples/rclcpp/services) by extensions ['python_setup_py']
[0.290s] Level 1:colcon.colcon_core.package_identification:_identify(colcon_test_ws/src/examples/rclcpp/services) by extension 'python_setup_py'
[0.290s] Level 1:colcon.colcon_core.package_identification:_identify(colcon_test_ws/src/examples/rclcpp/services/async_client) by extensions ['ignore', 'ignore_ament_install']
[0.290s] Level 1:colcon.colcon_core.package_identification:_identify(colcon_test_ws/src/examples/rclcpp/services/async_client) by extension 'ignore'
[0.290s] Level 1:colcon.colcon_core.package_identification:_identify(colcon_test_ws/src/examples/rclcpp/services/async_client) by extension 'ignore_ament_install'
[0.290s] Level 1:colcon.colcon_core.package_identification:_identify(colcon_test_ws/src/examples/rclcpp/services/async_client) by extensions ['colcon_pkg']
[0.290s] Level 1:colcon.colcon_core.package_identification:_identify(colcon_test_ws/src/examples/rclcpp/services/async_client) by extension 'colcon_pkg'
[0.290s] Level 1:colcon.colcon_core.package_identification:_identify(colcon_test_ws/src/examples/rclcpp/services/async_client) by extensions ['colcon_meta']
[0.290s] Level 1:colcon.colcon_core.package_identification:_identify(colcon_test_ws/src/examples/rclcpp/services/async_client) by extension 'colcon_meta'
[0.290s] Level 1:colcon.colcon_core.package_identification:_identify(colcon_test_ws/src/examples/rclcpp/services/async_client) by extensions ['ros']
[0.290s] Level 1:colcon.colcon_core.package_identification:_identify(colcon_test_ws/src/examples/rclcpp/services/async_client) by extension 'ros'
[0.291s] DEBUG:colcon.colcon_core.package_identification:Package 'colcon_test_ws/src/examples/rclcpp/services/async_client' with type 'ros.ament_cmake' and name 'examples_rclcpp_async_client'
[0.291s] Level 1:colcon.colcon_core.package_identification:_identify(colcon_test_ws/src/examples/rclcpp/services/minimal_client) by extensions ['ignore', 'ignore_ament_install']
[0.291s] Level 1:colcon.colcon_core.package_identification:_identify(colcon_test_ws/src/examples/rclcpp/services/minimal_client) by extension 'ignore'
[0.291s] Level 1:colcon.colcon_core.package_identification:_identify(colcon_test_ws/src/examples/rclcpp/services/minimal_client) by extension 'ignore_ament_install'
[0.291s] Level 1:colcon.colcon_core.package_identification:_identify(colcon_test_ws/src/examples/rclcpp/services/minimal_client) by extensions ['colcon_pkg']
[0.291s] Level 1:colcon.colcon_core.package_identification:_identify(colcon_test_ws/src/examples/rclcpp/services/minimal_client) by extension 'colcon_pkg'
[0.291s] Level 1:colcon.colcon_core.package_identification:_identify(colcon_test_ws/src/examples/rclcpp/services/minimal_client) by extensions ['colcon_meta']
[0.291s] Level 1:colcon.colcon_core.package_identification:_identify(colcon_test_ws/src/examples/rclcpp/services/minimal_client) by extension 'colcon_meta'
[0.291s] Level 1:colcon.colcon_core.package_identification:_identify(colcon_test_ws/src/examples/rclcpp/services/minimal_client) by extensions ['ros']
[0.291s] Level 1:colcon.colcon_core.package_identification:_identify(colcon_test_ws/src/examples/rclcpp/services/minimal_client) by extension 'ros'
[0.292s] DEBUG:colcon.colcon_core.package_identification:Package 'colcon_test_ws/src/examples/rclcpp/services/minimal_client' with type 'ros.ament_cmake' and name 'examples_rclcpp_minimal_client'
[0.292s] Level 1:colcon.colcon_core.package_identification:_identify(colcon_test_ws/src/examples/rclcpp/services/minimal_service) by extensions ['ignore', 'ignore_ament_install']
[0.292s] Level 1:colcon.colcon_core.package_identification:_identify(colcon_test_ws/src/examples/rclcpp/services/minimal_service) by extension 'ignore'
[0.292s] Level 1:colcon.colcon_core.package_identification:_identify(colcon_test_ws/src/examples/rclcpp/services/minimal_service) by extension 'ignore_ament_install'
[0.292s] Level 1:colcon.colcon_core.package_identification:_identify(colcon_test_ws/src/examples/rclcpp/services/minimal_service) by extensions ['colcon_pkg']
[0.292s] Level 1:colcon.colcon_core.package_identification:_identify(colcon_test_ws/src/examples/rclcpp/services/minimal_service) by extension 'colcon_pkg'
[0.292s] Level 1:colcon.colcon_core.package_identification:_identify(colcon_test_ws/src/examples/rclcpp/services/minimal_service) by extensions ['colcon_meta']
[0.292s] Level 1:colcon.colcon_core.package_identification:_identify(colcon_test_ws/src/examples/rclcpp/services/minimal_service) by extension 'colcon_meta'
[0.292s] Level 1:colcon.colcon_core.package_identification:_identify(colcon_test_ws/src/examples/rclcpp/services/minimal_service) by extensions ['ros']
[0.292s] Level 1:colcon.colcon_core.package_identification:_identify(colcon_test_ws/src/examples/rclcpp/services/minimal_service) by extension 'ros'
[0.292s] DEBUG:colcon.colcon_core.package_identification:Package 'colcon_test_ws/src/examples/rclcpp/services/minimal_service' with type 'ros.ament_cmake' and name 'examples_rclcpp_minimal_service'
[0.292s] Level 1:colcon.colcon_core.package_identification:_identify(colcon_test_ws/src/examples/rclcpp/timers) by extensions ['ignore', 'ignore_ament_install']
[0.292s] Level 1:colcon.colcon_core.package_identification:_identify(colcon_test_ws/src/examples/rclcpp/timers) by extension 'ignore'
[0.292s] Level 1:colcon.colcon_core.package_identification:_identify(colcon_test_ws/src/examples/rclcpp/timers) by extension 'ignore_ament_install'
[0.292s] Level 1:colcon.colcon_core.package_identification:_identify(colcon_test_ws/src/examples/rclcpp/timers) by extensions ['colcon_pkg']
[0.292s] Level 1:colcon.colcon_core.package_identification:_identify(colcon_test_ws/src/examples/rclcpp/timers) by extension 'colcon_pkg'
[0.292s] Level 1:colcon.colcon_core.package_identification:_identify(colcon_test_ws/src/examples/rclcpp/timers) by extensions ['colcon_meta']
[0.292s] Level 1:colcon.colcon_core.package_identification:_identify(colcon_test_ws/src/examples/rclcpp/timers) by extension 'colcon_meta'
[0.292s] Level 1:colcon.colcon_core.package_identification:_identify(colcon_test_ws/src/examples/rclcpp/timers) by extensions ['ros']
[0.293s] Level 1:colcon.colcon_core.package_identification:_identify(colcon_test_ws/src/examples/rclcpp/timers) by extension 'ros'
[0.293s] Level 1:colcon.colcon_core.package_identification:_identify(colcon_test_ws/src/examples/rclcpp/timers) by extensions ['cmake', 'python']
[0.293s] Level 1:colcon.colcon_core.package_identification:_identify(colcon_test_ws/src/examples/rclcpp/timers) by extension 'cmake'
[0.293s] Level 1:colcon.colcon_core.package_identification:_identify(colcon_test_ws/src/examples/rclcpp/timers) by extension 'python'
[0.293s] Level 1:colcon.colcon_core.package_identification:_identify(colcon_test_ws/src/examples/rclcpp/timers) by extensions ['python_setup_py']
[0.293s] Level 1:colcon.colcon_core.package_identification:_identify(colcon_test_ws/src/examples/rclcpp/timers) by extension 'python_setup_py'
[0.293s] Level 1:colcon.colcon_core.package_identification:_identify(colcon_test_ws/src/examples/rclcpp/timers/minimal_timer) by extensions ['ignore', 'ignore_ament_install']
[0.293s] Level 1:colcon.colcon_core.package_identification:_identify(colcon_test_ws/src/examples/rclcpp/timers/minimal_timer) by extension 'ignore'
[0.293s] Level 1:colcon.colcon_core.package_identification:_identify(colcon_test_ws/src/examples/rclcpp/timers/minimal_timer) by extension 'ignore_ament_install'
[0.293s] Level 1:colcon.colcon_core.package_identification:_identify(colcon_test_ws/src/examples/rclcpp/timers/minimal_timer) by extensions ['colcon_pkg']
[0.293s] Level 1:colcon.colcon_core.package_identification:_identify(colcon_test_ws/src/examples/rclcpp/timers/minimal_timer) by extension 'colcon_pkg'
[0.293s] Level 1:colcon.colcon_core.package_identification:_identify(colcon_test_ws/src/examples/rclcpp/timers/minimal_timer) by extensions ['colcon_meta']
[0.293s] Level 1:colcon.colcon_core.package_identification:_identify(colcon_test_ws/src/examples/rclcpp/timers/minimal_timer) by extension 'colcon_meta'
[0.293s] Level 1:colcon.colcon_core.package_identification:_identify(colcon_test_ws/src/examples/rclcpp/timers/minimal_timer) by extensions ['ros']
[0.293s] Level 1:colcon.colcon_core.package_identification:_identify(colcon_test_ws/src/examples/rclcpp/timers/minimal_timer) by extension 'ros'
[0.293s] DEBUG:colcon.colcon_core.package_identification:Package 'colcon_test_ws/src/examples/rclcpp/timers/minimal_timer' with type 'ros.ament_cmake' and name 'examples_rclcpp_minimal_timer'
[0.293s] Level 1:colcon.colcon_core.package_identification:_identify(colcon_test_ws/src/examples/rclcpp/topics) by extensions ['ignore', 'ignore_ament_install']
[0.293s] Level 1:colcon.colcon_core.package_identification:_identify(colcon_test_ws/src/examples/rclcpp/topics) by extension 'ignore'
[0.293s] Level 1:colcon.colcon_core.package_identification:_identify(colcon_test_ws/src/examples/rclcpp/topics) by extension 'ignore_ament_install'
[0.293s] Level 1:colcon.colcon_core.package_identification:_identify(colcon_test_ws/src/examples/rclcpp/topics) by extensions ['colcon_pkg']
[0.293s] Level 1:colcon.colcon_core.package_identification:_identify(colcon_test_ws/src/examples/rclcpp/topics) by extension 'colcon_pkg'
[0.294s] Level 1:colcon.colcon_core.package_identification:_identify(colcon_test_ws/src/examples/rclcpp/topics) by extensions ['colcon_meta']
[0.294s] Level 1:colcon.colcon_core.package_identification:_identify(colcon_test_ws/src/examples/rclcpp/topics) by extension 'colcon_meta'
[0.294s] Level 1:colcon.colcon_core.package_identification:_identify(colcon_test_ws/src/examples/rclcpp/topics) by extensions ['ros']
[0.294s] Level 1:colcon.colcon_core.package_identification:_identify(colcon_test_ws/src/examples/rclcpp/topics) by extension 'ros'
[0.294s] Level 1:colcon.colcon_core.package_identification:_identify(colcon_test_ws/src/examples/rclcpp/topics) by extensions ['cmake', 'python']
[0.294s] Level 1:colcon.colcon_core.package_identification:_identify(colcon_test_ws/src/examples/rclcpp/topics) by extension 'cmake'
[0.294s] Level 1:colcon.colcon_core.package_identification:_identify(colcon_test_ws/src/examples/rclcpp/topics) by extension 'python'
[0.294s] Level 1:colcon.colcon_core.package_identification:_identify(colcon_test_ws/src/examples/rclcpp/topics) by extensions ['python_setup_py']
[0.294s] Level 1:colcon.colcon_core.package_identification:_identify(colcon_test_ws/src/examples/rclcpp/topics) by extension 'python_setup_py'
[0.294s] Level 1:colcon.colcon_core.package_identification:_identify(colcon_test_ws/src/examples/rclcpp/topics/minimal_publisher) by extensions ['ignore', 'ignore_ament_install']
[0.294s] Level 1:colcon.colcon_core.package_identification:_identify(colcon_test_ws/src/examples/rclcpp/topics/minimal_publisher) by extension 'ignore'
[0.294s] Level 1:colcon.colcon_core.package_identification:_identify(colcon_test_ws/src/examples/rclcpp/topics/minimal_publisher) by extension 'ignore_ament_install'
[0.294s] Level 1:colcon.colcon_core.package_identification:_identify(colcon_test_ws/src/examples/rclcpp/topics/minimal_publisher) by extensions ['colcon_pkg']
[0.294s] Level 1:colcon.colcon_core.package_identification:_identify(colcon_test_ws/src/examples/rclcpp/topics/minimal_publisher) by extension 'colcon_pkg'
[0.294s] Level 1:colcon.colcon_core.package_identification:_identify(colcon_test_ws/src/examples/rclcpp/topics/minimal_publisher) by extensions ['colcon_meta']
[0.294s] Level 1:colcon.colcon_core.package_identification:_identify(colcon_test_ws/src/examples/rclcpp/topics/minimal_publisher) by extension 'colcon_meta'
[0.294s] Level 1:colcon.colcon_core.package_identification:_identify(colcon_test_ws/src/examples/rclcpp/topics/minimal_publisher) by extensions ['ros']
[0.294s] Level 1:colcon.colcon_core.package_identification:_identify(colcon_test_ws/src/examples/rclcpp/topics/minimal_publisher) by extension 'ros'
[0.294s] DEBUG:colcon.colcon_core.package_identification:Package 'colcon_test_ws/src/examples/rclcpp/topics/minimal_publisher' with type 'ros.ament_cmake' and name 'examples_rclcpp_minimal_publisher'
[0.295s] Level 1:colcon.colcon_core.package_identification:_identify(colcon_test_ws/src/examples/rclcpp/topics/minimal_subscriber) by extensions ['ignore', 'ignore_ament_install']
[0.295s] Level 1:colcon.colcon_core.package_identification:_identify(colcon_test_ws/src/examples/rclcpp/topics/minimal_subscriber) by extension 'ignore'
[0.295s] Level 1:colcon.colcon_core.package_identification:_identify(colcon_test_ws/src/examples/rclcpp/topics/minimal_subscriber) by extension 'ignore_ament_install'
[0.295s] Level 1:colcon.colcon_core.package_identification:_identify(colcon_test_ws/src/examples/rclcpp/topics/minimal_subscriber) by extensions ['colcon_pkg']
[0.295s] Level 1:colcon.colcon_core.package_identification:_identify(colcon_test_ws/src/examples/rclcpp/topics/minimal_subscriber) by extension 'colcon_pkg'
[0.295s] Level 1:colcon.colcon_core.package_identification:_identify(colcon_test_ws/src/examples/rclcpp/topics/minimal_subscriber) by extensions ['colcon_meta']
[0.295s] Level 1:colcon.colcon_core.package_identification:_identify(colcon_test_ws/src/examples/rclcpp/topics/minimal_subscriber) by extension 'colcon_meta'
[0.295s] Level 1:colcon.colcon_core.package_identification:_identify(colcon_test_ws/src/examples/rclcpp/topics/minimal_subscriber) by extensions ['ros']
[0.295s] Level 1:colcon.colcon_core.package_identification:_identify(colcon_test_ws/src/examples/rclcpp/topics/minimal_subscriber) by extension 'ros'
[0.295s] DEBUG:colcon.colcon_core.package_identification:Package 'colcon_test_ws/src/examples/rclcpp/topics/minimal_subscriber' with type 'ros.ament_cmake' and name 'examples_rclcpp_minimal_subscriber'
[0.295s] Level 1:colcon.colcon_core.package_identification:_identify(colcon_test_ws/src/examples/rclcpp/wait_set) by extensions ['ignore', 'ignore_ament_install']
[0.295s] Level 1:colcon.colcon_core.package_identification:_identify(colcon_test_ws/src/examples/rclcpp/wait_set) by extension 'ignore'
[0.295s] Level 1:colcon.colcon_core.package_identification:_identify(colcon_test_ws/src/examples/rclcpp/wait_set) by extension 'ignore_ament_install'
[0.296s] Level 1:colcon.colcon_core.package_identification:_identify(colcon_test_ws/src/examples/rclcpp/wait_set) by extensions ['colcon_pkg']
[0.296s] Level 1:colcon.colcon_core.package_identification:_identify(colcon_test_ws/src/examples/rclcpp/wait_set) by extension 'colcon_pkg'
[0.296s] Level 1:colcon.colcon_core.package_identification:_identify(colcon_test_ws/src/examples/rclcpp/wait_set) by extensions ['colcon_meta']
[0.296s] Level 1:colcon.colcon_core.package_identification:_identify(colcon_test_ws/src/examples/rclcpp/wait_set) by extension 'colcon_meta'
[0.296s] Level 1:colcon.colcon_core.package_identification:_identify(colcon_test_ws/src/examples/rclcpp/wait_set) by extensions ['ros']
[0.296s] Level 1:colcon.colcon_core.package_identification:_identify(colcon_test_ws/src/examples/rclcpp/wait_set) by extension 'ros'
[0.296s] DEBUG:colcon.colcon_core.package_identification:Package 'colcon_test_ws/src/examples/rclcpp/wait_set' with type 'ros.ament_cmake' and name 'examples_rclcpp_wait_set'
[0.296s] Level 1:colcon.colcon_core.package_identification:_identify(colcon_test_ws/src/examples/rclpy) by extensions ['ignore', 'ignore_ament_install']
[0.296s] Level 1:colcon.colcon_core.package_identification:_identify(colcon_test_ws/src/examples/rclpy) by extension 'ignore'
[0.296s] Level 1:colcon.colcon_core.package_identification:_identify(colcon_test_ws/src/examples/rclpy) by extension 'ignore_ament_install'
[0.296s] Level 1:colcon.colcon_core.package_identification:_identify(colcon_test_ws/src/examples/rclpy) by extensions ['colcon_pkg']
[0.296s] Level 1:colcon.colcon_core.package_identification:_identify(colcon_test_ws/src/examples/rclpy) by extension 'colcon_pkg'
[0.296s] Level 1:colcon.colcon_core.package_identification:_identify(colcon_test_ws/src/examples/rclpy) by extensions ['colcon_meta']
[0.296s] Level 1:colcon.colcon_core.package_identification:_identify(colcon_test_ws/src/examples/rclpy) by extension 'colcon_meta'
[0.296s] Level 1:colcon.colcon_core.package_identification:_identify(colcon_test_ws/src/examples/rclpy) by extensions ['ros']
[0.296s] Level 1:colcon.colcon_core.package_identification:_identify(colcon_test_ws/src/examples/rclpy) by extension 'ros'
[0.296s] Level 1:colcon.colcon_core.package_identification:_identify(colcon_test_ws/src/examples/rclpy) by extensions ['cmake', 'python']
[0.296s] Level 1:colcon.colcon_core.package_identification:_identify(colcon_test_ws/src/examples/rclpy) by extension 'cmake'
[0.296s] Level 1:colcon.colcon_core.package_identification:_identify(colcon_test_ws/src/examples/rclpy) by extension 'python'
[0.296s] Level 1:colcon.colcon_core.package_identification:_identify(colcon_test_ws/src/examples/rclpy) by extensions ['python_setup_py']
[0.296s] Level 1:colcon.colcon_core.package_identification:_identify(colcon_test_ws/src/examples/rclpy) by extension 'python_setup_py'
[0.297s] Level 1:colcon.colcon_core.package_identification:_identify(colcon_test_ws/src/examples/rclpy/actions) by extensions ['ignore', 'ignore_ament_install']
[0.297s] Level 1:colcon.colcon_core.package_identification:_identify(colcon_test_ws/src/examples/rclpy/actions) by extension 'ignore'
[0.297s] Level 1:colcon.colcon_core.package_identification:_identify(colcon_test_ws/src/examples/rclpy/actions) by extension 'ignore_ament_install'
[0.297s] Level 1:colcon.colcon_core.package_identification:_identify(colcon_test_ws/src/examples/rclpy/actions) by extensions ['colcon_pkg']
[0.297s] Level 1:colcon.colcon_core.package_identification:_identify(colcon_test_ws/src/examples/rclpy/actions) by extension 'colcon_pkg'
[0.297s] Level 1:colcon.colcon_core.package_identification:_identify(colcon_test_ws/src/examples/rclpy/actions) by extensions ['colcon_meta']
[0.297s] Level 1:colcon.colcon_core.package_identification:_identify(colcon_test_ws/src/examples/rclpy/actions) by extension 'colcon_meta'
[0.297s] Level 1:colcon.colcon_core.package_identification:_identify(colcon_test_ws/src/examples/rclpy/actions) by extensions ['ros']
[0.297s] Level 1:colcon.colcon_core.package_identification:_identify(colcon_test_ws/src/examples/rclpy/actions) by extension 'ros'
[0.297s] Level 1:colcon.colcon_core.package_identification:_identify(colcon_test_ws/src/examples/rclpy/actions) by extensions ['cmake', 'python']
[0.297s] Level 1:colcon.colcon_core.package_identification:_identify(colcon_test_ws/src/examples/rclpy/actions) by extension 'cmake'
[0.297s] Level 1:colcon.colcon_core.package_identification:_identify(colcon_test_ws/src/examples/rclpy/actions) by extension 'python'
[0.297s] Level 1:colcon.colcon_core.package_identification:_identify(colcon_test_ws/src/examples/rclpy/actions) by extensions ['python_setup_py']
[0.297s] Level 1:colcon.colcon_core.package_identification:_identify(colcon_test_ws/src/examples/rclpy/actions) by extension 'python_setup_py'
[0.297s] Level 1:colcon.colcon_core.package_identification:_identify(colcon_test_ws/src/examples/rclpy/actions/minimal_action_client) by extensions ['ignore', 'ignore_ament_install']
[0.297s] Level 1:colcon.colcon_core.package_identification:_identify(colcon_test_ws/src/examples/rclpy/actions/minimal_action_client) by extension 'ignore'
[0.297s] Level 1:colcon.colcon_core.package_identification:_identify(colcon_test_ws/src/examples/rclpy/actions/minimal_action_client) by extension 'ignore_ament_install'
[0.297s] Level 1:colcon.colcon_core.package_identification:_identify(colcon_test_ws/src/examples/rclpy/actions/minimal_action_client) by extensions ['colcon_pkg']
[0.297s] Level 1:colcon.colcon_core.package_identification:_identify(colcon_test_ws/src/examples/rclpy/actions/minimal_action_client) by extension 'colcon_pkg'
[0.297s] Level 1:colcon.colcon_core.package_identification:_identify(colcon_test_ws/src/examples/rclpy/actions/minimal_action_client) by extensions ['colcon_meta']
[0.297s] Level 1:colcon.colcon_core.package_identification:_identify(colcon_test_ws/src/examples/rclpy/actions/minimal_action_client) by extension 'colcon_meta'
[0.297s] Level 1:colcon.colcon_core.package_identification:_identify(colcon_test_ws/src/examples/rclpy/actions/minimal_action_client) by extensions ['ros']
[0.297s] Level 1:colcon.colcon_core.package_identification:_identify(colcon_test_ws/src/examples/rclpy/actions/minimal_action_client) by extension 'ros'
[0.298s] DEBUG:colcon.colcon_core.package_identification:Package 'colcon_test_ws/src/examples/rclpy/actions/minimal_action_client' with type 'ros.ament_python' and name 'examples_rclpy_minimal_action_client'
[0.298s] Level 1:colcon.colcon_core.package_identification:_identify(colcon_test_ws/src/examples/rclpy/actions/minimal_action_server) by extensions ['ignore', 'ignore_ament_install']
[0.298s] Level 1:colcon.colcon_core.package_identification:_identify(colcon_test_ws/src/examples/rclpy/actions/minimal_action_server) by extension 'ignore'
[0.298s] Level 1:colcon.colcon_core.package_identification:_identify(colcon_test_ws/src/examples/rclpy/actions/minimal_action_server) by extension 'ignore_ament_install'
[0.298s] Level 1:colcon.colcon_core.package_identification:_identify(colcon_test_ws/src/examples/rclpy/actions/minimal_action_server) by extensions ['colcon_pkg']
[0.298s] Level 1:colcon.colcon_core.package_identification:_identify(colcon_test_ws/src/examples/rclpy/actions/minimal_action_server) by extension 'colcon_pkg'
[0.298s] Level 1:colcon.colcon_core.package_identification:_identify(colcon_test_ws/src/examples/rclpy/actions/minimal_action_server) by extensions ['colcon_meta']
[0.298s] Level 1:colcon.colcon_core.package_identification:_identify(colcon_test_ws/src/examples/rclpy/actions/minimal_action_server) by extension 'colcon_meta'
[0.298s] Level 1:colcon.colcon_core.package_identification:_identify(colcon_test_ws/src/examples/rclpy/actions/minimal_action_server) by extensions ['ros']
[0.298s] Level 1:colcon.colcon_core.package_identification:_identify(colcon_test_ws/src/examples/rclpy/actions/minimal_action_server) by extension 'ros'
[0.298s] DEBUG:colcon.colcon_core.package_identification:Package 'colcon_test_ws/src/examples/rclpy/actions/minimal_action_server' with type 'ros.ament_python' and name 'examples_rclpy_minimal_action_server'
[0.298s] Level 1:colcon.colcon_core.package_identification:_identify(colcon_test_ws/src/examples/rclpy/executors) by extensions ['ignore', 'ignore_ament_install']
[0.298s] Level 1:colcon.colcon_core.package_identification:_identify(colcon_test_ws/src/examples/rclpy/executors) by extension 'ignore'
[0.299s] Level 1:colcon.colcon_core.package_identification:_identify(colcon_test_ws/src/examples/rclpy/executors) by extension 'ignore_ament_install'
[0.299s] Level 1:colcon.colcon_core.package_identification:_identify(colcon_test_ws/src/examples/rclpy/executors) by extensions ['colcon_pkg']
[0.299s] Level 1:colcon.colcon_core.package_identification:_identify(colcon_test_ws/src/examples/rclpy/executors) by extension 'colcon_pkg'
[0.299s] Level 1:colcon.colcon_core.package_identification:_identify(colcon_test_ws/src/examples/rclpy/executors) by extensions ['colcon_meta']
[0.299s] Level 1:colcon.colcon_core.package_identification:_identify(colcon_test_ws/src/examples/rclpy/executors) by extension 'colcon_meta'
[0.299s] Level 1:colcon.colcon_core.package_identification:_identify(colcon_test_ws/src/examples/rclpy/executors) by extensions ['ros']
[0.299s] Level 1:colcon.colcon_core.package_identification:_identify(colcon_test_ws/src/examples/rclpy/executors) by extension 'ros'
[0.299s] DEBUG:colcon.colcon_core.package_identification:Package 'colcon_test_ws/src/examples/rclpy/executors' with type 'ros.ament_python' and name 'examples_rclpy_executors'
[0.299s] Level 1:colcon.colcon_core.package_identification:_identify(colcon_test_ws/src/examples/rclpy/guard_conditions) by extensions ['ignore', 'ignore_ament_install']
[0.299s] Level 1:colcon.colcon_core.package_identification:_identify(colcon_test_ws/src/examples/rclpy/guard_conditions) by extension 'ignore'
[0.299s] Level 1:colcon.colcon_core.package_identification:_identify(colcon_test_ws/src/examples/rclpy/guard_conditions) by extension 'ignore_ament_install'
[0.299s] Level 1:colcon.colcon_core.package_identification:_identify(colcon_test_ws/src/examples/rclpy/guard_conditions) by extensions ['colcon_pkg']
[0.299s] Level 1:colcon.colcon_core.package_identification:_identify(colcon_test_ws/src/examples/rclpy/guard_conditions) by extension 'colcon_pkg'
[0.299s] Level 1:colcon.colcon_core.package_identification:_identify(colcon_test_ws/src/examples/rclpy/guard_conditions) by extensions ['colcon_meta']
[0.299s] Level 1:colcon.colcon_core.package_identification:_identify(colcon_test_ws/src/examples/rclpy/guard_conditions) by extension 'colcon_meta'
[0.299s] Level 1:colcon.colcon_core.package_identification:_identify(colcon_test_ws/src/examples/rclpy/guard_conditions) by extensions ['ros']
[0.299s] Level 1:colcon.colcon_core.package_identification:_identify(colcon_test_ws/src/examples/rclpy/guard_conditions) by extension 'ros'
[0.300s] DEBUG:colcon.colcon_core.package_identification:Package 'colcon_test_ws/src/examples/rclpy/guard_conditions' with type 'ros.ament_python' and name 'examples_rclpy_guard_conditions'
[0.300s] Level 1:colcon.colcon_core.package_identification:_identify(colcon_test_ws/src/examples/rclpy/services) by extensions ['ignore', 'ignore_ament_install']
[0.300s] Level 1:colcon.colcon_core.package_identification:_identify(colcon_test_ws/src/examples/rclpy/services) by extension 'ignore'
[0.300s] Level 1:colcon.colcon_core.package_identification:_identify(colcon_test_ws/src/examples/rclpy/services) by extension 'ignore_ament_install'
[0.300s] Level 1:colcon.colcon_core.package_identification:_identify(colcon_test_ws/src/examples/rclpy/services) by extensions ['colcon_pkg']
[0.300s] Level 1:colcon.colcon_core.package_identification:_identify(colcon_test_ws/src/examples/rclpy/services) by extension 'colcon_pkg'
[0.300s] Level 1:colcon.colcon_core.package_identification:_identify(colcon_test_ws/src/examples/rclpy/services) by extensions ['colcon_meta']
[0.300s] Level 1:colcon.colcon_core.package_identification:_identify(colcon_test_ws/src/examples/rclpy/services) by extension 'colcon_meta'
[0.300s] Level 1:colcon.colcon_core.package_identification:_identify(colcon_test_ws/src/examples/rclpy/services) by extensions ['ros']
[0.300s] Level 1:colcon.colcon_core.package_identification:_identify(colcon_test_ws/src/examples/rclpy/services) by extension 'ros'
[0.300s] Level 1:colcon.colcon_core.package_identification:_identify(colcon_test_ws/src/examples/rclpy/services) by extensions ['cmake', 'python']
[0.300s] Level 1:colcon.colcon_core.package_identification:_identify(colcon_test_ws/src/examples/rclpy/services) by extension 'cmake'
[0.300s] Level 1:colcon.colcon_core.package_identification:_identify(colcon_test_ws/src/examples/rclpy/services) by extension 'python'
[0.300s] Level 1:colcon.colcon_core.package_identification:_identify(colcon_test_ws/src/examples/rclpy/services) by extensions ['python_setup_py']
[0.300s] Level 1:colcon.colcon_core.package_identification:_identify(colcon_test_ws/src/examples/rclpy/services) by extension 'python_setup_py'
[0.300s] Level 1:colcon.colcon_core.package_identification:_identify(colcon_test_ws/src/examples/rclpy/services/minimal_client) by extensions ['ignore', 'ignore_ament_install']
[0.300s] Level 1:colcon.colcon_core.package_identification:_identify(colcon_test_ws/src/examples/rclpy/services/minimal_client) by extension 'ignore'
[0.300s] Level 1:colcon.colcon_core.package_identification:_identify(colcon_test_ws/src/examples/rclpy/services/minimal_client) by extension 'ignore_ament_install'
[0.300s] Level 1:colcon.colcon_core.package_identification:_identify(colcon_test_ws/src/examples/rclpy/services/minimal_client) by extensions ['colcon_pkg']
[0.300s] Level 1:colcon.colcon_core.package_identification:_identify(colcon_test_ws/src/examples/rclpy/services/minimal_client) by extension 'colcon_pkg'
[0.300s] Level 1:colcon.colcon_core.package_identification:_identify(colcon_test_ws/src/examples/rclpy/services/minimal_client) by extensions ['colcon_meta']
[0.300s] Level 1:colcon.colcon_core.package_identification:_identify(colcon_test_ws/src/examples/rclpy/services/minimal_client) by extension 'colcon_meta'
[0.300s] Level 1:colcon.colcon_core.package_identification:_identify(colcon_test_ws/src/examples/rclpy/services/minimal_client) by extensions ['ros']
[0.301s] Level 1:colcon.colcon_core.package_identification:_identify(colcon_test_ws/src/examples/rclpy/services/minimal_client) by extension 'ros'
[0.301s] DEBUG:colcon.colcon_core.package_identification:Package 'colcon_test_ws/src/examples/rclpy/services/minimal_client' with type 'ros.ament_python' and name 'examples_rclpy_minimal_client'
[0.301s] Level 1:colcon.colcon_core.package_identification:_identify(colcon_test_ws/src/examples/rclpy/services/minimal_service) by extensions ['ignore', 'ignore_ament_install']
[0.301s] Level 1:colcon.colcon_core.package_identification:_identify(colcon_test_ws/src/examples/rclpy/services/minimal_service) by extension 'ignore'
[0.301s] Level 1:colcon.colcon_core.package_identification:_identify(colcon_test_ws/src/examples/rclpy/services/minimal_service) by extension 'ignore_ament_install'
[0.301s] Level 1:colcon.colcon_core.package_identification:_identify(colcon_test_ws/src/examples/rclpy/services/minimal_service) by extensions ['colcon_pkg']
[0.301s] Level 1:colcon.colcon_core.package_identification:_identify(colcon_test_ws/src/examples/rclpy/services/minimal_service) by extension 'colcon_pkg'
[0.301s] Level 1:colcon.colcon_core.package_identification:_identify(colcon_test_ws/src/examples/rclpy/services/minimal_service) by extensions ['colcon_meta']
[0.301s] Level 1:colcon.colcon_core.package_identification:_identify(colcon_test_ws/src/examples/rclpy/services/minimal_service) by extension 'colcon_meta'
[0.301s] Level 1:colcon.colcon_core.package_identification:_identify(colcon_test_ws/src/examples/rclpy/services/minimal_service) by extensions ['ros']
[0.301s] Level 1:colcon.colcon_core.package_identification:_identify(colcon_test_ws/src/examples/rclpy/services/minimal_service) by extension 'ros'
[0.301s] DEBUG:colcon.colcon_core.package_identification:Package 'colcon_test_ws/src/examples/rclpy/services/minimal_service' with type 'ros.ament_python' and name 'examples_rclpy_minimal_service'
[0.302s] Level 1:colcon.colcon_core.package_identification:_identify(colcon_test_ws/src/examples/rclpy/topics) by extensions ['ignore', 'ignore_ament_install']
[0.302s] Level 1:colcon.colcon_core.package_identification:_identify(colcon_test_ws/src/examples/rclpy/topics) by extension 'ignore'
[0.302s] Level 1:colcon.colcon_core.package_identification:_identify(colcon_test_ws/src/examples/rclpy/topics) by extension 'ignore_ament_install'
[0.302s] Level 1:colcon.colcon_core.package_identification:_identify(colcon_test_ws/src/examples/rclpy/topics) by extensions ['colcon_pkg']
[0.302s] Level 1:colcon.colcon_core.package_identification:_identify(colcon_test_ws/src/examples/rclpy/topics) by extension 'colcon_pkg'
[0.302s] Level 1:colcon.colcon_core.package_identification:_identify(colcon_test_ws/src/examples/rclpy/topics) by extensions ['colcon_meta']
[0.302s] Level 1:colcon.colcon_core.package_identification:_identify(colcon_test_ws/src/examples/rclpy/topics) by extension 'colcon_meta'
[0.302s] Level 1:colcon.colcon_core.package_identification:_identify(colcon_test_ws/src/examples/rclpy/topics) by extensions ['ros']
[0.302s] Level 1:colcon.colcon_core.package_identification:_identify(colcon_test_ws/src/examples/rclpy/topics) by extension 'ros'
[0.302s] Level 1:colcon.colcon_core.package_identification:_identify(colcon_test_ws/src/examples/rclpy/topics) by extensions ['cmake', 'python']
[0.302s] Level 1:colcon.colcon_core.package_identification:_identify(colcon_test_ws/src/examples/rclpy/topics) by extension 'cmake'
[0.302s] Level 1:colcon.colcon_core.package_identification:_identify(colcon_test_ws/src/examples/rclpy/topics) by extension 'python'
[0.302s] Level 1:colcon.colcon_core.package_identification:_identify(colcon_test_ws/src/examples/rclpy/topics) by extensions ['python_setup_py']
[0.302s] Level 1:colcon.colcon_core.package_identification:_identify(colcon_test_ws/src/examples/rclpy/topics) by extension 'python_setup_py'
[0.302s] Level 1:colcon.colcon_core.package_identification:_identify(colcon_test_ws/src/examples/rclpy/topics/minimal_publisher) by extensions ['ignore', 'ignore_ament_install']
[0.302s] Level 1:colcon.colcon_core.package_identification:_identify(colcon_test_ws/src/examples/rclpy/topics/minimal_publisher) by extension 'ignore'
[0.302s] Level 1:colcon.colcon_core.package_identification:_identify(colcon_test_ws/src/examples/rclpy/topics/minimal_publisher) by extension 'ignore_ament_install'
[0.302s] Level 1:colcon.colcon_core.package_identification:_identify(colcon_test_ws/src/examples/rclpy/topics/minimal_publisher) by extensions ['colcon_pkg']
[0.302s] Level 1:colcon.colcon_core.package_identification:_identify(colcon_test_ws/src/examples/rclpy/topics/minimal_publisher) by extension 'colcon_pkg'
[0.302s] Level 1:colcon.colcon_core.package_identification:_identify(colcon_test_ws/src/examples/rclpy/topics/minimal_publisher) by extensions ['colcon_meta']
[0.302s] Level 1:colcon.colcon_core.package_identification:_identify(colcon_test_ws/src/examples/rclpy/topics/minimal_publisher) by extension 'colcon_meta'
[0.302s] Level 1:colcon.colcon_core.package_identification:_identify(colcon_test_ws/src/examples/rclpy/topics/minimal_publisher) by extensions ['ros']
[0.302s] Level 1:colcon.colcon_core.package_identification:_identify(colcon_test_ws/src/examples/rclpy/topics/minimal_publisher) by extension 'ros'
[0.303s] DEBUG:colcon.colcon_core.package_identification:Package 'colcon_test_ws/src/examples/rclpy/topics/minimal_publisher' with type 'ros.ament_python' and name 'examples_rclpy_minimal_publisher'
[0.303s] Level 1:colcon.colcon_core.package_identification:_identify(colcon_test_ws/src/examples/rclpy/topics/minimal_subscriber) by extensions ['ignore', 'ignore_ament_install']
[0.303s] Level 1:colcon.colcon_core.package_identification:_identify(colcon_test_ws/src/examples/rclpy/topics/minimal_subscriber) by extension 'ignore'
[0.303s] Level 1:colcon.colcon_core.package_identification:_identify(colcon_test_ws/src/examples/rclpy/topics/minimal_subscriber) by extension 'ignore_ament_install'
[0.303s] Level 1:colcon.colcon_core.package_identification:_identify(colcon_test_ws/src/examples/rclpy/topics/minimal_subscriber) by extensions ['colcon_pkg']
[0.303s] Level 1:colcon.colcon_core.package_identification:_identify(colcon_test_ws/src/examples/rclpy/topics/minimal_subscriber) by extension 'colcon_pkg'
[0.303s] Level 1:colcon.colcon_core.package_identification:_identify(colcon_test_ws/src/examples/rclpy/topics/minimal_subscriber) by extensions ['colcon_meta']
[0.303s] Level 1:colcon.colcon_core.package_identification:_identify(colcon_test_ws/src/examples/rclpy/topics/minimal_subscriber) by extension 'colcon_meta'
[0.303s] Level 1:colcon.colcon_core.package_identification:_identify(colcon_test_ws/src/examples/rclpy/topics/minimal_subscriber) by extensions ['ros']
[0.303s] Level 1:colcon.colcon_core.package_identification:_identify(colcon_test_ws/src/examples/rclpy/topics/minimal_subscriber) by extension 'ros'
[0.303s] DEBUG:colcon.colcon_core.package_identification:Package 'colcon_test_ws/src/examples/rclpy/topics/minimal_subscriber' with type 'ros.ament_python' and name 'examples_rclpy_minimal_subscriber'
[0.303s] Level 1:colcon.colcon_core.package_identification:_identify(colcon_test_ws/src/examples/rclpy/topics/pointcloud_publisher) by extensions ['ignore', 'ignore_ament_install']
[0.304s] Level 1:colcon.colcon_core.package_identification:_identify(colcon_test_ws/src/examples/rclpy/topics/pointcloud_publisher) by extension 'ignore'
[0.304s] Level 1:colcon.colcon_core.package_identification:_identify(colcon_test_ws/src/examples/rclpy/topics/pointcloud_publisher) by extension 'ignore_ament_install'
[0.304s] Level 1:colcon.colcon_core.package_identification:_identify(colcon_test_ws/src/examples/rclpy/topics/pointcloud_publisher) by extensions ['colcon_pkg']
[0.304s] Level 1:colcon.colcon_core.package_identification:_identify(colcon_test_ws/src/examples/rclpy/topics/pointcloud_publisher) by extension 'colcon_pkg'
[0.304s] Level 1:colcon.colcon_core.package_identification:_identify(colcon_test_ws/src/examples/rclpy/topics/pointcloud_publisher) by extensions ['colcon_meta']
[0.304s] Level 1:colcon.colcon_core.package_identification:_identify(colcon_test_ws/src/examples/rclpy/topics/pointcloud_publisher) by extension 'colcon_meta'
[0.304s] Level 1:colcon.colcon_core.package_identification:_identify(colcon_test_ws/src/examples/rclpy/topics/pointcloud_publisher) by extensions ['ros']
[0.304s] Level 1:colcon.colcon_core.package_identification:_identify(colcon_test_ws/src/examples/rclpy/topics/pointcloud_publisher) by extension 'ros'
[0.304s] DEBUG:colcon.colcon_core.package_identification:Package 'colcon_test_ws/src/examples/rclpy/topics/pointcloud_publisher' with type 'ros.ament_python' and name 'examples_rclpy_pointcloud_publisher'
[0.304s] Level 1:colcon.colcon_core.package_identification:_identify(install) by extensions ['ignore', 'ignore_ament_install']
[0.304s] Level 1:colcon.colcon_core.package_identification:_identify(install) by extension 'ignore'
[0.304s] Level 1:colcon.colcon_core.package_identification:_identify(install) ignored
[0.304s] Level 1:colcon.colcon_core.package_identification:_identify(log) by extensions ['ignore', 'ignore_ament_install']
[0.304s] Level 1:colcon.colcon_core.package_identification:_identify(log) by extension 'ignore'
[0.304s] Level 1:colcon.colcon_core.package_identification:_identify(log) ignored
[0.304s] Level 1:colcon.colcon_core.package_identification:_identify(town_ws) by extensions ['ignore', 'ignore_ament_install']
[0.304s] Level 1:colcon.colcon_core.package_identification:_identify(town_ws) by extension 'ignore'
[0.304s] Level 1:colcon.colcon_core.package_identification:_identify(town_ws) by extension 'ignore_ament_install'
[0.305s] Level 1:colcon.colcon_core.package_identification:_identify(town_ws) by extensions ['colcon_pkg']
[0.305s] Level 1:colcon.colcon_core.package_identification:_identify(town_ws) by extension 'colcon_pkg'
[0.305s] Level 1:colcon.colcon_core.package_identification:_identify(town_ws) by extensions ['colcon_meta']
[0.305s] Level 1:colcon.colcon_core.package_identification:_identify(town_ws) by extension 'colcon_meta'
[0.305s] Level 1:colcon.colcon_core.package_identification:_identify(town_ws) by extensions ['ros']
[0.305s] Level 1:colcon.colcon_core.package_identification:_identify(town_ws) by extension 'ros'
[0.305s] Level 1:colcon.colcon_core.package_identification:_identify(town_ws) by extensions ['cmake', 'python']
[0.305s] Level 1:colcon.colcon_core.package_identification:_identify(town_ws) by extension 'cmake'
[0.305s] Level 1:colcon.colcon_core.package_identification:_identify(town_ws) by extension 'python'
[0.305s] Level 1:colcon.colcon_core.package_identification:_identify(town_ws) by extensions ['python_setup_py']
[0.305s] Level 1:colcon.colcon_core.package_identification:_identify(town_ws) by extension 'python_setup_py'
[0.305s] Level 1:colcon.colcon_core.package_identification:_identify(town_ws/build) by extensions ['ignore', 'ignore_ament_install']
[0.305s] Level 1:colcon.colcon_core.package_identification:_identify(town_ws/build) by extension 'ignore'
[0.305s] Level 1:colcon.colcon_core.package_identification:_identify(town_ws/build) ignored
[0.305s] Level 1:colcon.colcon_core.package_identification:_identify(town_ws/install) by extensions ['ignore', 'ignore_ament_install']
[0.305s] Level 1:colcon.colcon_core.package_identification:_identify(town_ws/install) by extension 'ignore'
[0.305s] Level 1:colcon.colcon_core.package_identification:_identify(town_ws/install) ignored
[0.305s] Level 1:colcon.colcon_core.package_identification:_identify(town_ws/log) by extensions ['ignore', 'ignore_ament_install']
[0.305s] Level 1:colcon.colcon_core.package_identification:_identify(town_ws/log) by extension 'ignore'
[0.305s] Level 1:colcon.colcon_core.package_identification:_identify(town_ws/log) ignored
[0.305s] Level 1:colcon.colcon_core.package_identification:_identify(town_ws/src) by extensions ['ignore', 'ignore_ament_install']
[0.305s] Level 1:colcon.colcon_core.package_identification:_identify(town_ws/src) by extension 'ignore'
[0.305s] Level 1:colcon.colcon_core.package_identification:_identify(town_ws/src) by extension 'ignore_ament_install'
[0.305s] Level 1:colcon.colcon_core.package_identification:_identify(town_ws/src) by extensions ['colcon_pkg']
[0.305s] Level 1:colcon.colcon_core.package_identification:_identify(town_ws/src) by extension 'colcon_pkg'
[0.305s] Level 1:colcon.colcon_core.package_identification:_identify(town_ws/src) by extensions ['colcon_meta']
[0.305s] Level 1:colcon.colcon_core.package_identification:_identify(town_ws/src) by extension 'colcon_meta'
[0.305s] Level 1:colcon.colcon_core.package_identification:_identify(town_ws/src) by extensions ['ros']
[0.305s] Level 1:colcon.colcon_core.package_identification:_identify(town_ws/src) by extension 'ros'
[0.306s] Level 1:colcon.colcon_core.package_identification:_identify(town_ws/src) by extensions ['cmake', 'python']
[0.306s] Level 1:colcon.colcon_core.package_identification:_identify(town_ws/src) by extension 'cmake'
[0.306s] Level 1:colcon.colcon_core.package_identification:_identify(town_ws/src) by extension 'python'
[0.306s] Level 1:colcon.colcon_core.package_identification:_identify(town_ws/src) by extensions ['python_setup_py']
[0.306s] Level 1:colcon.colcon_core.package_identification:_identify(town_ws/src) by extension 'python_setup_py'
[0.306s] Level 1:colcon.colcon_core.package_identification:_identify(town_ws/src/village_interfaces) by extensions ['ignore', 'ignore_ament_install']
[0.306s] Level 1:colcon.colcon_core.package_identification:_identify(town_ws/src/village_interfaces) by extension 'ignore'
[0.306s] Level 1:colcon.colcon_core.package_identification:_identify(town_ws/src/village_interfaces) by extension 'ignore_ament_install'
[0.306s] Level 1:colcon.colcon_core.package_identification:_identify(town_ws/src/village_interfaces) by extensions ['colcon_pkg']
[0.306s] Level 1:colcon.colcon_core.package_identification:_identify(town_ws/src/village_interfaces) by extension 'colcon_pkg'
[0.306s] Level 1:colcon.colcon_core.package_identification:_identify(town_ws/src/village_interfaces) by extensions ['colcon_meta']
[0.306s] Level 1:colcon.colcon_core.package_identification:_identify(town_ws/src/village_interfaces) by extension 'colcon_meta'
[0.306s] Level 1:colcon.colcon_core.package_identification:_identify(town_ws/src/village_interfaces) by extensions ['ros']
[0.306s] Level 1:colcon.colcon_core.package_identification:_identify(town_ws/src/village_interfaces) by extension 'ros'
[0.306s] DEBUG:colcon.colcon_core.package_identification:Found ROS schema reference in package manifest in 'town_ws/src/village_interfaces'
[0.306s] WARNING:colcon.colcon_core.package_identification:Failed to parse ROS package manifest in 'town_ws/src/village_interfaces': Error(s) in package 'town_ws/src/village_interfaces/package.xml':
The package "village_interfaces" must not "build_depend" on a package with the same name as this package
The package "village_interfaces" must not "build_export_depend" on a package with the same name as this package
The package "village_interfaces" must not "exec_depend" on a package with the same name as this package
[0.307s] Level 1:colcon.colcon_core.package_identification:_identify(town_ws/src/village_interfaces) by extensions ['cmake', 'python']
[0.307s] Level 1:colcon.colcon_core.package_identification:_identify(town_ws/src/village_interfaces) by extension 'cmake'
[0.307s] Level 1:colcon.colcon_core.package_identification:_identify(town_ws/src/village_interfaces) by extension 'python'
[0.308s] DEBUG:colcon.colcon_core.package_identification:Package 'town_ws/src/village_interfaces' with type 'cmake' and name 'village_interfaces'
[0.308s] Level 1:colcon.colcon_core.package_identification:_identify(town_ws/src/village_li) by extensions ['ignore', 'ignore_ament_install']
[0.308s] Level 1:colcon.colcon_core.package_identification:_identify(town_ws/src/village_li) by extension 'ignore'
[0.308s] Level 1:colcon.colcon_core.package_identification:_identify(town_ws/src/village_li) by extension 'ignore_ament_install'
[0.308s] Level 1:colcon.colcon_core.package_identification:_identify(town_ws/src/village_li) by extensions ['colcon_pkg']
[0.308s] Level 1:colcon.colcon_core.package_identification:_identify(town_ws/src/village_li) by extension 'colcon_pkg'
[0.308s] Level 1:colcon.colcon_core.package_identification:_identify(town_ws/src/village_li) by extensions ['colcon_meta']
[0.308s] Level 1:colcon.colcon_core.package_identification:_identify(town_ws/src/village_li) by extension 'colcon_meta'
[0.308s] Level 1:colcon.colcon_core.package_identification:_identify(town_ws/src/village_li) by extensions ['ros']
[0.308s] Level 1:colcon.colcon_core.package_identification:_identify(town_ws/src/village_li) by extension 'ros'
[0.308s] DEBUG:colcon.colcon_core.package_identification:Package 'town_ws/src/village_li' with type 'ros.ament_python' and name 'village_li'
[0.308s] Level 1:colcon.colcon_core.package_identification:_identify(town_ws/src/village_wang) by extensions ['ignore', 'ignore_ament_install']
[0.308s] Level 1:colcon.colcon_core.package_identification:_identify(town_ws/src/village_wang) by extension 'ignore'
[0.308s] Level 1:colcon.colcon_core.package_identification:_identify(town_ws/src/village_wang) by extension 'ignore_ament_install'
[0.308s] Level 1:colcon.colcon_core.package_identification:_identify(town_ws/src/village_wang) by extensions ['colcon_pkg']
[0.308s] Level 1:colcon.colcon_core.package_identification:_identify(town_ws/src/village_wang) by extension 'colcon_pkg'
[0.308s] Level 1:colcon.colcon_core.package_identification:_identify(town_ws/src/village_wang) by extensions ['colcon_meta']
[0.308s] Level 1:colcon.colcon_core.package_identification:_identify(town_ws/src/village_wang) by extension 'colcon_meta'
[0.308s] Level 1:colcon.colcon_core.package_identification:_identify(town_ws/src/village_wang) by extensions ['ros']
[0.308s] Level 1:colcon.colcon_core.package_identification:_identify(town_ws/src/village_wang) by extension 'ros'
[0.309s] DEBUG:colcon.colcon_core.package_identification:Package 'town_ws/src/village_wang' with type 'ros.ament_cmake' and name 'village_wang'
[0.309s] Level 1:colcon.colcon_core.package_identification:_identify(turtle_ws) by extensions ['ignore', 'ignore_ament_install']
[0.309s] Level 1:colcon.colcon_core.package_identification:_identify(turtle_ws) by extension 'ignore'
[0.309s] Level 1:colcon.colcon_core.package_identification:_identify(turtle_ws) by extension 'ignore_ament_install'
[0.309s] Level 1:colcon.colcon_core.package_identification:_identify(turtle_ws) by extensions ['colcon_pkg']
[0.309s] Level 1:colcon.colcon_core.package_identification:_identify(turtle_ws) by extension 'colcon_pkg'
[0.309s] Level 1:colcon.colcon_core.package_identification:_identify(turtle_ws) by extensions ['colcon_meta']
[0.309s] Level 1:colcon.colcon_core.package_identification:_identify(turtle_ws) by extension 'colcon_meta'
[0.309s] Level 1:colcon.colcon_core.package_identification:_identify(turtle_ws) by extensions ['ros']
[0.309s] Level 1:colcon.colcon_core.package_identification:_identify(turtle_ws) by extension 'ros'
[0.309s] Level 1:colcon.colcon_core.package_identification:_identify(turtle_ws) by extensions ['cmake', 'python']
[0.309s] Level 1:colcon.colcon_core.package_identification:_identify(turtle_ws) by extension 'cmake'
[0.309s] Level 1:colcon.colcon_core.package_identification:_identify(turtle_ws) by extension 'python'
[0.309s] Level 1:colcon.colcon_core.package_identification:_identify(turtle_ws) by extensions ['python_setup_py']
[0.309s] Level 1:colcon.colcon_core.package_identification:_identify(turtle_ws) by extension 'python_setup_py'
[0.309s] Level 1:colcon.colcon_core.package_identification:_identify(turtle_ws/build) by extensions ['ignore', 'ignore_ament_install']
[0.310s] Level 1:colcon.colcon_core.package_identification:_identify(turtle_ws/build) by extension 'ignore'
[0.310s] Level 1:colcon.colcon_core.package_identification:_identify(turtle_ws/build) ignored
[0.310s] Level 1:colcon.colcon_core.package_identification:_identify(turtle_ws/install) by extensions ['ignore', 'ignore_ament_install']
[0.310s] Level 1:colcon.colcon_core.package_identification:_identify(turtle_ws/install) by extension 'ignore'
[0.310s] Level 1:colcon.colcon_core.package_identification:_identify(turtle_ws/install) ignored
[0.310s] Level 1:colcon.colcon_core.package_identification:_identify(turtle_ws/log) by extensions ['ignore', 'ignore_ament_install']
[0.310s] Level 1:colcon.colcon_core.package_identification:_identify(turtle_ws/log) by extension 'ignore'
[0.310s] Level 1:colcon.colcon_core.package_identification:_identify(turtle_ws/log) ignored
[0.310s] Level 1:colcon.colcon_core.package_identification:_identify(turtle_ws/src) by extensions ['ignore', 'ignore_ament_install']
[0.310s] Level 1:colcon.colcon_core.package_identification:_identify(turtle_ws/src) by extension 'ignore'
[0.310s] Level 1:colcon.colcon_core.package_identification:_identify(turtle_ws/src) by extension 'ignore_ament_install'
[0.310s] Level 1:colcon.colcon_core.package_identification:_identify(turtle_ws/src) by extensions ['colcon_pkg']
[0.310s] Level 1:colcon.colcon_core.package_identification:_identify(turtle_ws/src) by extension 'colcon_pkg'
[0.310s] Level 1:colcon.colcon_core.package_identification:_identify(turtle_ws/src) by extensions ['colcon_meta']
[0.310s] Level 1:colcon.colcon_core.package_identification:_identify(turtle_ws/src) by extension 'colcon_meta'
[0.310s] Level 1:colcon.colcon_core.package_identification:_identify(turtle_ws/src) by extensions ['ros']
[0.310s] Level 1:colcon.colcon_core.package_identification:_identify(turtle_ws/src) by extension 'ros'
[0.310s] Level 1:colcon.colcon_core.package_identification:_identify(turtle_ws/src) by extensions ['cmake', 'python']
[0.310s] Level 1:colcon.colcon_core.package_identification:_identify(turtle_ws/src) by extension 'cmake'
[0.310s] Level 1:colcon.colcon_core.package_identification:_identify(turtle_ws/src) by extension 'python'
[0.310s] Level 1:colcon.colcon_core.package_identification:_identify(turtle_ws/src) by extensions ['python_setup_py']
[0.310s] Level 1:colcon.colcon_core.package_identification:_identify(turtle_ws/src) by extension 'python_setup_py'
[0.310s] Level 1:colcon.colcon_core.package_identification:_identify(turtle_ws/src/turtle_battle) by extensions ['ignore', 'ignore_ament_install']
[0.310s] Level 1:colcon.colcon_core.package_identification:_identify(turtle_ws/src/turtle_battle) by extension 'ignore'
[0.310s] Level 1:colcon.colcon_core.package_identification:_identify(turtle_ws/src/turtle_battle) by extension 'ignore_ament_install'
[0.310s] Level 1:colcon.colcon_core.package_identification:_identify(turtle_ws/src/turtle_battle) by extensions ['colcon_pkg']
[0.310s] Level 1:colcon.colcon_core.package_identification:_identify(turtle_ws/src/turtle_battle) by extension 'colcon_pkg'
[0.310s] Level 1:colcon.colcon_core.package_identification:_identify(turtle_ws/src/turtle_battle) by extensions ['colcon_meta']
[0.310s] Level 1:colcon.colcon_core.package_identification:_identify(turtle_ws/src/turtle_battle) by extension 'colcon_meta'
[0.310s] Level 1:colcon.colcon_core.package_identification:_identify(turtle_ws/src/turtle_battle) by extensions ['ros']
[0.310s] Level 1:colcon.colcon_core.package_identification:_identify(turtle_ws/src/turtle_battle) by extension 'ros'
[0.311s] DEBUG:colcon.colcon_core.package_identification:Package 'turtle_ws/src/turtle_battle' with type 'ros.ament_python' and name 'turtle_battle'
[0.311s] Level 1:colcon.colcon_core.package_discovery:discover_packages(recursive) using defaults
[0.311s] Level 1:colcon.colcon_core.package_discovery:discover_packages(ignore) discover
[0.311s] Level 1:colcon.colcon_core.package_discovery:discover_packages(ignore) using defaults
[0.311s] Level 1:colcon.colcon_core.package_discovery:discover_packages(path) discover
[0.311s] Level 1:colcon.colcon_core.package_discovery:discover_packages(path) using defaults
[0.330s] INFO:colcon.colcon_core.package_selection:Skipping not selected package 'examples_rclcpp_async_client' in 'colcon_test_ws/src/examples/rclcpp/services/async_client'
[0.331s] INFO:colcon.colcon_core.package_selection:Skipping not selected package 'examples_rclcpp_cbg_executor' in 'colcon_test_ws/src/examples/rclcpp/executors/cbg_executor'
[0.331s] INFO:colcon.colcon_core.package_selection:Skipping not selected package 'examples_rclcpp_minimal_action_client' in 'colcon_test_ws/src/examples/rclcpp/actions/minimal_action_client'
[0.331s] INFO:colcon.colcon_core.package_selection:Skipping not selected package 'examples_rclcpp_minimal_action_server' in 'colcon_test_ws/src/examples/rclcpp/actions/minimal_action_server'
[0.331s] INFO:colcon.colcon_core.package_selection:Skipping not selected package 'examples_rclcpp_minimal_client' in 'colcon_test_ws/src/examples/rclcpp/services/minimal_client'
[0.331s] INFO:colcon.colcon_core.package_selection:Skipping not selected package 'examples_rclcpp_minimal_composition' in 'colcon_test_ws/src/examples/rclcpp/composition/minimal_composition'
[0.331s] INFO:colcon.colcon_core.package_selection:Skipping not selected package 'examples_rclcpp_minimal_publisher' in 'colcon_test_ws/src/examples/rclcpp/topics/minimal_publisher'
[0.331s] INFO:colcon.colcon_core.package_selection:Skipping not selected package 'examples_rclcpp_minimal_service' in 'colcon_test_ws/src/examples/rclcpp/services/minimal_service'
[0.331s] INFO:colcon.colcon_core.package_selection:Skipping not selected package 'examples_rclcpp_minimal_subscriber' in 'colcon_test_ws/src/examples/rclcpp/topics/minimal_subscriber'
[0.331s] INFO:colcon.colcon_core.package_selection:Skipping not selected package 'examples_rclcpp_minimal_timer' in 'colcon_test_ws/src/examples/rclcpp/timers/minimal_timer'
[0.331s] INFO:colcon.colcon_core.package_selection:Skipping not selected package 'examples_rclcpp_multithreaded_executor' in 'colcon_test_ws/src/examples/rclcpp/executors/multithreaded_executor'
[0.331s] INFO:colcon.colcon_core.package_selection:Skipping not selected package 'examples_rclcpp_wait_set' in 'colcon_test_ws/src/examples/rclcpp/wait_set'
[0.331s] INFO:colcon.colcon_core.package_selection:Skipping not selected package 'examples_rclpy_executors' in 'colcon_test_ws/src/examples/rclpy/executors'
[0.331s] INFO:colcon.colcon_core.package_selection:Skipping not selected package 'examples_rclpy_guard_conditions' in 'colcon_test_ws/src/examples/rclpy/guard_conditions'
[0.331s] INFO:colcon.colcon_core.package_selection:Skipping not selected package 'examples_rclpy_minimal_action_client' in 'colcon_test_ws/src/examples/rclpy/actions/minimal_action_client'
[0.331s] INFO:colcon.colcon_core.package_selection:Skipping not selected package 'examples_rclpy_minimal_action_server' in 'colcon_test_ws/src/examples/rclpy/actions/minimal_action_server'
[0.331s] INFO:colcon.colcon_core.package_selection:Skipping not selected package 'examples_rclpy_minimal_client' in 'colcon_test_ws/src/examples/rclpy/services/minimal_client'
[0.331s] INFO:colcon.colcon_core.package_selection:Skipping not selected package 'examples_rclpy_minimal_publisher' in 'colcon_test_ws/src/examples/rclpy/topics/minimal_publisher'
[0.331s] INFO:colcon.colcon_core.package_selection:Skipping not selected package 'examples_rclpy_minimal_service' in 'colcon_test_ws/src/examples/rclpy/services/minimal_service'
[0.331s] INFO:colcon.colcon_core.package_selection:Skipping not selected package 'examples_rclpy_minimal_subscriber' in 'colcon_test_ws/src/examples/rclpy/topics/minimal_subscriber'
[0.331s] INFO:colcon.colcon_core.package_selection:Skipping not selected package 'examples_rclpy_pointcloud_publisher' in 'colcon_test_ws/src/examples/rclpy/topics/pointcloud_publisher'
[0.331s] INFO:colcon.colcon_core.package_selection:Skipping not selected package 'launch_testing_examples' in 'colcon_test_ws/src/examples/launch_testing/launch_testing_examples'
[0.331s] INFO:colcon.colcon_core.package_selection:Skipping not selected package 'turtle_battle' in 'turtle_ws/src/turtle_battle'
[0.331s] INFO:colcon.colcon_core.package_selection:Skipping not selected package 'village_li' in 'town_ws/src/village_li'
[0.331s] INFO:colcon.colcon_core.package_selection:Skipping not selected package 'village_wang' in 'town_ws/src/village_wang'
[0.331s] Level 1:colcon.colcon_core.package_discovery:discover_packages(prefix_path) check parameters
[0.331s] Level 1:colcon.colcon_core.package_discovery:discover_packages(prefix_path) discover
[0.334s] DEBUG:colcon.colcon_installed_package_information.package_discovery:Found 3 installed packages in /home/jinhemu/ROS2/town_ws/install
[0.336s] DEBUG:colcon.colcon_installed_package_information.package_discovery:Found 270 installed packages in /opt/ros/humble
[0.337s] Level 1:colcon.colcon_core.package_discovery:discover_packages(prefix_path) using defaults
[0.380s] Level 5:colcon.colcon_core.verb:set package 'village_interfaces' build argument 'cmake_args' from command line to 'None'
[0.380s] Level 5:colcon.colcon_core.verb:set package 'village_interfaces' build argument 'cmake_target' from command line to 'None'
[0.380s] Level 5:colcon.colcon_core.verb:set package 'village_interfaces' build argument 'cmake_target_skip_unavailable' from command line to 'False'
[0.380s] Level 5:colcon.colcon_core.verb:set package 'village_interfaces' build argument 'cmake_clean_cache' from command line to 'False'
[0.380s] Level 5:colcon.colcon_core.verb:set package 'village_interfaces' build argument 'cmake_clean_first' from command line to 'False'
[0.380s] Level 5:colcon.colcon_core.verb:set package 'village_interfaces' build argument 'cmake_force_configure' from command line to 'False'
[0.381s] Level 5:colcon.colcon_core.verb:set package 'village_interfaces' build argument 'ament_cmake_args' from command line to 'None'
[0.381s] Level 5:colcon.colcon_core.verb:set package 'village_interfaces' build argument 'catkin_cmake_args' from command line to 'None'
[0.381s] Level 5:colcon.colcon_core.verb:set package 'village_interfaces' build argument 'catkin_skip_building_tests' from command line to 'False'
[0.381s] DEBUG:colcon.colcon_core.verb:Building package 'village_interfaces' with the following arguments: {'ament_cmake_args': None, 'build_base': '/home/jinhemu/ROS2/build/village_interfaces', 'catkin_cmake_args': None, 'catkin_skip_building_tests': False, 'cmake_args': None, 'cmake_clean_cache': False, 'cmake_clean_first': False, 'cmake_force_configure': False, 'cmake_target': None, 'cmake_target_skip_unavailable': False, 'install_base': '/home/jinhemu/ROS2/install/village_interfaces', 'merge_install': False, 'path': '/home/jinhemu/ROS2/town_ws/src/village_interfaces', 'symlink_install': False, 'test_result_base': None}
[0.381s] INFO:colcon.colcon_core.executor:Executing jobs using 'parallel' executor
[0.384s] DEBUG:colcon.colcon_parallel_executor.executor.parallel:run_until_complete
[0.384s] INFO:colcon.colcon_cmake.task.cmake.build:Building CMake package in '/home/jinhemu/ROS2/town_ws/src/village_interfaces'
[0.387s] INFO:colcon.colcon_core.plugin_system:Skipping extension 'colcon_core.shell.bat': Not used on non-Windows systems
[0.387s] INFO:colcon.colcon_core.shell:Skip shell extension 'powershell' for command environment: Not usable outside of PowerShell
[0.387s] DEBUG:colcon.colcon_core.shell:Skip shell extension 'dsv' for command environment
[0.396s] DEBUG:colcon.colcon_core.event_handler.log_command:Invoking command in '/home/jinhemu/ROS2/build/village_interfaces': /usr/bin/cmake /home/jinhemu/ROS2/town_ws/src/village_interfaces -DCMAKE_INSTALL_PREFIX=/home/jinhemu/ROS2/install/village_interfaces
[0.808s] DEBUG:colcon.colcon_core.event_handler.log_command:Invoked command in '/home/jinhemu/ROS2/build/village_interfaces' returned '1': /usr/bin/cmake /home/jinhemu/ROS2/town_ws/src/village_interfaces -DCMAKE_INSTALL_PREFIX=/home/jinhemu/ROS2/install/village_interfaces
[0.818s] DEBUG:colcon.colcon_parallel_executor.executor.parallel:closing loop
[0.818s] DEBUG:colcon.colcon_parallel_executor.executor.parallel:loop closed
[0.819s] DEBUG:colcon.colcon_parallel_executor.executor.parallel:run_until_complete finished with '1'
[0.819s] DEBUG:colcon.colcon_core.event_reactor:joining thread
[0.823s] INFO:colcon.colcon_core.plugin_system:Skipping extension 'colcon_notification.desktop_notification.terminal_notifier': Not used on non-Darwin systems
[0.823s] INFO:colcon.colcon_core.plugin_system:Skipping extension 'colcon_notification.desktop_notification.win32': Not used on non-Windows systems
[0.823s] INFO:colcon.colcon_notification.desktop_notification:Sending desktop notification using 'notify2'
[0.835s] DEBUG:colcon.colcon_core.event_reactor:joined thread
[0.837s] INFO:colcon.colcon_core.shell:Creating prefix script '/home/jinhemu/ROS2/install/local_setup.ps1'
[0.838s] INFO:colcon.colcon_core.shell:Creating prefix util module '/home/jinhemu/ROS2/install/_local_setup_util_ps1.py'
[0.840s] INFO:colcon.colcon_core.shell:Creating prefix chain script '/home/jinhemu/ROS2/install/setup.ps1'
[0.842s] INFO:colcon.colcon_core.shell:Creating prefix script '/home/jinhemu/ROS2/install/local_setup.sh'
[0.842s] INFO:colcon.colcon_core.shell:Creating prefix util module '/home/jinhemu/ROS2/install/_local_setup_util_sh.py'
[0.842s] INFO:colcon.colcon_core.shell:Creating prefix chain script '/home/jinhemu/ROS2/install/setup.sh'
[0.844s] INFO:colcon.colcon_core.shell:Creating prefix script '/home/jinhemu/ROS2/install/local_setup.bash'
[0.844s] INFO:colcon.colcon_core.shell:Creating prefix chain script '/home/jinhemu/ROS2/install/setup.bash'
[0.845s] INFO:colcon.colcon_core.shell:Creating prefix script '/home/jinhemu/ROS2/install/local_setup.zsh'
[0.846s] INFO:colcon.colcon_core.shell:Creating prefix chain script '/home/jinhemu/ROS2/install/setup.zsh'
