[0.010s] Invoking command in '/home/jinhemu/ROS2/build/village_interfaces': /usr/bin/cmake /home/jinhemu/ROS2/town_ws/src/village_interfaces -DCMAKE_INSTALL_PREFIX=/home/jinhemu/ROS2/install/village_interfaces
[0.021s] -- Found ament_cmake: 1.3.5 (/opt/ros/humble/share/ament_cmake/cmake)
[0.140s] -- Found sensor_msgs: 4.2.3 (/opt/ros/humble/share/sensor_msgs/cmake)
[0.158s] -- Found rosidl_generator_c: 3.1.5 (/opt/ros/humble/share/rosidl_generator_c/cmake)
[0.160s] -- Found rosidl_adapter: 3.1.5 (/opt/ros/humble/share/rosidl_adapter/cmake)
[0.165s] -- Found rosidl_generator_cpp: 3.1.5 (/opt/ros/humble/share/rosidl_generator_cpp/cmake)
[0.173s] -- Using all available rosidl_typesupport_c: rosidl_typesupport_fastrtps_c;rosidl_typesupport_introspection_c
[0.184s] -- Using all available rosidl_typesupport_cpp: rosidl_typesupport_fastrtps_cpp;rosidl_typesupport_introspection_cpp
[0.332s] -- Found rosidl_default_generators: 1.2.0 (/opt/ros/humble/share/rosidl_default_generators/cmake)
[0.337s] -- Found ament_lint_auto: 0.12.7 (/opt/ros/humble/share/ament_lint_auto/cmake)
[0.376s] Error parsing '/home/jinhemu/ROS2/town_ws/src/village_interfaces/package.xml':
[0.411s] Traceback (most recent call last):
[0.411s]   File "/usr/lib/python3/dist-packages/catkin_pkg/package.py", line 610, in parse_package_string
[0.411s]     root = dom.parseString(data)
[0.412s]   File "/usr/lib/python3.10/xml/dom/minidom.py", line 2000, in parseString
[0.412s]     return expatbuilder.parseString(string)
[0.412s]   File "/usr/lib/python3.10/xml/dom/expatbuilder.py", line 925, in parseString
[0.412s]     return builder.parseString(string)
[0.412s]   File "/usr/lib/python3.10/xml/dom/expatbuilder.py", line 223, in parseString
[0.412s]     parser.Parse(string, True)
[0.412s] xml.parsers.expat.ExpatError: junk after document element: line 21, column 2
[0.412s] 
[0.412s] During handling of the above exception, another exception occurred:
[0.412s] 
[0.412s] Traceback (most recent call last):
[0.412s]   File "/opt/ros/humble/share/ament_cmake_core/cmake/core/package_xml_2_cmake.py", line 150, in <module>
[0.412s]     main()
[0.412s]   File "/opt/ros/humble/share/ament_cmake_core/cmake/core/package_xml_2_cmake.py", line 53, in main
[0.412s]     raise e
[0.412s]   File "/opt/ros/humble/share/ament_cmake_core/cmake/core/package_xml_2_cmake.py", line 49, in main
[0.412s]     package = parse_package_string(
[0.412s]   File "/usr/lib/python3/dist-packages/catkin_pkg/package.py", line 612, in parse_package_string
[0.412s]     raise InvalidPackage('The manifest contains invalid XML:\n%s' % ex, filename)
[0.412s] catkin_pkg.package.InvalidPackage: Error(s) in package '/home/jinhemu/ROS2/town_ws/src/village_interfaces/package.xml':
[0.412s] The manifest contains invalid XML:
[0.412s] junk after document element: line 21, column 2
[0.426s] [31mCMake Error at /opt/ros/humble/share/ament_cmake_core/cmake/core/ament_package_xml.cmake:95 (message):
[0.426s]   execute_process(/usr/bin/python3.10
[0.426s]   /opt/ros/humble/share/ament_cmake_core/cmake/core/package_xml_2_cmake.py
[0.426s]   /home/jinhemu/ROS2/town_ws/src/village_interfaces/package.xml
[0.426s]   /home/jinhemu/ROS2/build/village_interfaces/ament_cmake_core/package.cmake)
[0.426s]   returned error code 1
[0.426s] Call Stack (most recent call first):
[0.426s]   /opt/ros/humble/share/ament_cmake_core/cmake/core/ament_package_xml.cmake:49 (_ament_package_xml)
[0.426s]   /opt/ros/humble/share/ament_lint_auto/cmake/ament_lint_auto_find_test_dependencies.cmake:31 (ament_package_xml)
[0.426s]   CMakeLists.txt:25 (ament_lint_auto_find_test_dependencies)
[0.426s] 
[0.426s] [0m
[0.426s] -- Configuring incomplete, errors occurred!
[0.426s] See also "/home/jinhemu/ROS2/build/village_interfaces/CMakeFiles/CMakeOutput.log".
[0.431s] Invoked command in '/home/jinhemu/ROS2/build/village_interfaces' returned '1': /usr/bin/cmake /home/jinhemu/ROS2/town_ws/src/village_interfaces -DCMAKE_INSTALL_PREFIX=/home/jinhemu/ROS2/install/village_interfaces
