[0.025s] Invoking command in '/home/jinhemu/ROS2/town_ws/build/village_wang': CMAKE_PREFIX_PATH=${CMAKE_PREFIX_PATH}:/home/jinhemu/ROS2/town_ws/install/village_li:/opt/ros/humble /usr/bin/cmake --build /home/jinhemu/ROS2/town_ws/build/village_wang -- -j12 -l12
[0.132s] [100%] Built target wang2_node
[0.152s] Invoked command in '/home/jinhemu/ROS2/town_ws/build/village_wang' returned '0': CMAKE_PREFIX_PATH=${CMAKE_PREFIX_PATH}:/home/jinhemu/ROS2/town_ws/install/village_li:/opt/ros/humble /usr/bin/cmake --build /home/jinhemu/ROS2/town_ws/build/village_wang -- -j12 -l12
[0.194s] Invoking command in '/home/jinhemu/ROS2/town_ws/build/village_wang': CMAKE_PREFIX_PATH=${CMAKE_PREFIX_PATH}:/home/jinhemu/ROS2/town_ws/install/village_li:/opt/ros/humble /usr/bin/cmake --install /home/jinhemu/ROS2/town_ws/build/village_wang
[0.199s] -- Install configuration: ""
[0.200s] -- Up-to-date: /home/jinhemu/ROS2/town_ws/install/village_wang/share/ament_index/resource_index/package_run_dependencies/village_wang
[0.200s] -- Up-to-date: /home/jinhemu/ROS2/town_ws/install/village_wang/share/ament_index/resource_index/parent_prefix_path/village_wang
[0.200s] -- Up-to-date: /home/jinhemu/ROS2/town_ws/install/village_wang/share/village_wang/environment/ament_prefix_path.sh
[0.200s] -- Up-to-date: /home/jinhemu/ROS2/town_ws/install/village_wang/share/village_wang/environment/ament_prefix_path.dsv
[0.200s] -- Up-to-date: /home/jinhemu/ROS2/town_ws/install/village_wang/share/village_wang/environment/path.sh
[0.200s] -- Up-to-date: /home/jinhemu/ROS2/town_ws/install/village_wang/share/village_wang/environment/path.dsv
[0.200s] -- Up-to-date: /home/jinhemu/ROS2/town_ws/install/village_wang/share/village_wang/local_setup.bash
[0.200s] -- Up-to-date: /home/jinhemu/ROS2/town_ws/install/village_wang/share/village_wang/local_setup.sh
[0.200s] -- Up-to-date: /home/jinhemu/ROS2/town_ws/install/village_wang/share/village_wang/local_setup.zsh
[0.200s] -- Up-to-date: /home/jinhemu/ROS2/town_ws/install/village_wang/share/village_wang/local_setup.dsv
[0.201s] -- Installing: /home/jinhemu/ROS2/town_ws/install/village_wang/share/village_wang/package.dsv
[0.201s] -- Up-to-date: /home/jinhemu/ROS2/town_ws/install/village_wang/share/ament_index/resource_index/packages/village_wang
[0.201s] -- Up-to-date: /home/jinhemu/ROS2/town_ws/install/village_wang/share/village_wang/cmake/village_wangConfig.cmake
[0.201s] -- Up-to-date: /home/jinhemu/ROS2/town_ws/install/village_wang/share/village_wang/cmake/village_wangConfig-version.cmake
[0.201s] -- Up-to-date: /home/jinhemu/ROS2/town_ws/install/village_wang/share/village_wang/package.xml
[0.201s] -- Up-to-date: /home/jinhemu/ROS2/town_ws/install/village_wang/lib/village_wang/wang2_node
[0.202s] Invoked command in '/home/jinhemu/ROS2/town_ws/build/village_wang' returned '0': CMAKE_PREFIX_PATH=${CMAKE_PREFIX_PATH}:/home/jinhemu/ROS2/town_ws/install/village_li:/opt/ros/humble /usr/bin/cmake --install /home/jinhemu/ROS2/town_ws/build/village_wang
