[0.245s] DEBUG:colcon:Command line arguments: ['/usr/bin/colcon', 'build']
[0.245s] DEBUG:colcon:Parsed command line arguments: Namespace(log_base=None, log_level=None, verb_name='build', build_base='build', install_base='install', merge_install=False, symlink_install=False, test_result_base=None, continue_on_error=False, executor='parallel', parallel_workers=12, event_handlers=None, ignore_user_meta=False, metas=['./colcon.meta'], base_paths=['.'], packages_ignore=None, packages_ignore_regex=None, paths=None, packages_up_to=None, packages_up_to_regex=None, packages_above=None, packages_above_and_dependencies=None, packages_above_depth=None, packages_select_by_dep=None, packages_skip_by_dep=None, packages_skip_up_to=None, packages_select_build_failed=False, packages_skip_build_finished=False, packages_select_test_failures=False, packages_skip_test_passed=False, packages_select=None, packages_skip=None, packages_select_regex=None, packages_skip_regex=None, packages_start=None, packages_end=None, allow_overriding=[], cmake_args=None, cmake_target=None, cmake_target_skip_unavailable=False, cmake_clean_cache=False, cmake_clean_first=False, cmake_force_configure=False, ament_cmake_args=None, catkin_cmake_args=None, catkin_skip_building_tests=False, verb_parser=<colcon_defaults.argument_parser.defaults.DefaultArgumentsDecorator object at 0x7f3841a4e0b0>, verb_extension=<colcon_core.verb.build.BuildVerb object at 0x7f3841a4db40>, main=<bound method BuildVerb.main of <colcon_core.verb.build.BuildVerb object at 0x7f3841a4db40>>)
[0.264s] Level 1:colcon.colcon_core.package_discovery:discover_packages(colcon_meta) check parameters
[0.264s] Level 1:colcon.colcon_core.package_discovery:discover_packages(recursive) check parameters
[0.264s] Level 1:colcon.colcon_core.package_discovery:discover_packages(ignore) check parameters
[0.264s] Level 1:colcon.colcon_core.package_discovery:discover_packages(path) check parameters
[0.264s] Level 1:colcon.colcon_core.package_discovery:discover_packages(colcon_meta) discover
[0.264s] Level 1:colcon.colcon_core.package_discovery:discover_packages(recursive) discover
[0.264s] INFO:colcon.colcon_core.package_discovery:Crawling recursively for packages in '/home/jinhemu/ROS2/town_ws'
[0.264s] Level 1:colcon.colcon_core.package_identification:_identify(.) by extensions ['ignore', 'ignore_ament_install']
[0.264s] Level 1:colcon.colcon_core.package_identification:_identify(.) by extension 'ignore'
[0.264s] Level 1:colcon.colcon_core.package_identification:_identify(.) by extension 'ignore_ament_install'
[0.264s] Level 1:colcon.colcon_core.package_identification:_identify(.) by extensions ['colcon_pkg']
[0.264s] Level 1:colcon.colcon_core.package_identification:_identify(.) by extension 'colcon_pkg'
[0.264s] Level 1:colcon.colcon_core.package_identification:_identify(.) by extensions ['colcon_meta']
[0.264s] Level 1:colcon.colcon_core.package_identification:_identify(.) by extension 'colcon_meta'
[0.264s] Level 1:colcon.colcon_core.package_identification:_identify(.) by extensions ['ros']
[0.264s] Level 1:colcon.colcon_core.package_identification:_identify(.) by extension 'ros'
[0.272s] Level 1:colcon.colcon_core.package_identification:_identify(.) by extensions ['cmake', 'python']
[0.272s] Level 1:colcon.colcon_core.package_identification:_identify(.) by extension 'cmake'
[0.272s] Level 1:colcon.colcon_core.package_identification:_identify(.) by extension 'python'
[0.272s] Level 1:colcon.colcon_core.package_identification:_identify(.) by extensions ['python_setup_py']
[0.272s] Level 1:colcon.colcon_core.package_identification:_identify(.) by extension 'python_setup_py'
[0.272s] Level 1:colcon.colcon_core.package_identification:_identify(build) by extensions ['ignore', 'ignore_ament_install']
[0.272s] Level 1:colcon.colcon_core.package_identification:_identify(build) by extension 'ignore'
[0.273s] Level 1:colcon.colcon_core.package_identification:_identify(build) ignored
[0.273s] Level 1:colcon.colcon_core.package_identification:_identify(install) by extensions ['ignore', 'ignore_ament_install']
[0.273s] Level 1:colcon.colcon_core.package_identification:_identify(install) by extension 'ignore'
[0.273s] Level 1:colcon.colcon_core.package_identification:_identify(install) ignored
[0.273s] Level 1:colcon.colcon_core.package_identification:_identify(log) by extensions ['ignore', 'ignore_ament_install']
[0.273s] Level 1:colcon.colcon_core.package_identification:_identify(log) by extension 'ignore'
[0.273s] Level 1:colcon.colcon_core.package_identification:_identify(log) ignored
[0.273s] Level 1:colcon.colcon_core.package_identification:_identify(src) by extensions ['ignore', 'ignore_ament_install']
[0.273s] Level 1:colcon.colcon_core.package_identification:_identify(src) by extension 'ignore'
[0.273s] Level 1:colcon.colcon_core.package_identification:_identify(src) by extension 'ignore_ament_install'
[0.273s] Level 1:colcon.colcon_core.package_identification:_identify(src) by extensions ['colcon_pkg']
[0.273s] Level 1:colcon.colcon_core.package_identification:_identify(src) by extension 'colcon_pkg'
[0.273s] Level 1:colcon.colcon_core.package_identification:_identify(src) by extensions ['colcon_meta']
[0.273s] Level 1:colcon.colcon_core.package_identification:_identify(src) by extension 'colcon_meta'
[0.273s] Level 1:colcon.colcon_core.package_identification:_identify(src) by extensions ['ros']
[0.273s] Level 1:colcon.colcon_core.package_identification:_identify(src) by extension 'ros'
[0.273s] Level 1:colcon.colcon_core.package_identification:_identify(src) by extensions ['cmake', 'python']
[0.273s] Level 1:colcon.colcon_core.package_identification:_identify(src) by extension 'cmake'
[0.273s] Level 1:colcon.colcon_core.package_identification:_identify(src) by extension 'python'
[0.273s] Level 1:colcon.colcon_core.package_identification:_identify(src) by extensions ['python_setup_py']
[0.273s] Level 1:colcon.colcon_core.package_identification:_identify(src) by extension 'python_setup_py'
[0.274s] Level 1:colcon.colcon_core.package_identification:_identify(src/build) by extensions ['ignore', 'ignore_ament_install']
[0.274s] Level 1:colcon.colcon_core.package_identification:_identify(src/build) by extension 'ignore'
[0.274s] Level 1:colcon.colcon_core.package_identification:_identify(src/build) ignored
[0.274s] Level 1:colcon.colcon_core.package_identification:_identify(src/install) by extensions ['ignore', 'ignore_ament_install']
[0.274s] Level 1:colcon.colcon_core.package_identification:_identify(src/install) by extension 'ignore'
[0.274s] Level 1:colcon.colcon_core.package_identification:_identify(src/install) ignored
[0.274s] Level 1:colcon.colcon_core.package_identification:_identify(src/log) by extensions ['ignore', 'ignore_ament_install']
[0.274s] Level 1:colcon.colcon_core.package_identification:_identify(src/log) by extension 'ignore'
[0.274s] Level 1:colcon.colcon_core.package_identification:_identify(src/log) ignored
[0.274s] Level 1:colcon.colcon_core.package_identification:_identify(src/village_interfaces) by extensions ['ignore', 'ignore_ament_install']
[0.274s] Level 1:colcon.colcon_core.package_identification:_identify(src/village_interfaces) by extension 'ignore'
[0.274s] Level 1:colcon.colcon_core.package_identification:_identify(src/village_interfaces) by extension 'ignore_ament_install'
[0.274s] Level 1:colcon.colcon_core.package_identification:_identify(src/village_interfaces) by extensions ['colcon_pkg']
[0.274s] Level 1:colcon.colcon_core.package_identification:_identify(src/village_interfaces) by extension 'colcon_pkg'
[0.274s] Level 1:colcon.colcon_core.package_identification:_identify(src/village_interfaces) by extensions ['colcon_meta']
[0.274s] Level 1:colcon.colcon_core.package_identification:_identify(src/village_interfaces) by extension 'colcon_meta'
[0.274s] Level 1:colcon.colcon_core.package_identification:_identify(src/village_interfaces) by extensions ['ros']
[0.274s] Level 1:colcon.colcon_core.package_identification:_identify(src/village_interfaces) by extension 'ros'
[0.276s] DEBUG:colcon.colcon_core.package_identification:Package 'src/village_interfaces' with type 'ros.ament_cmake' and name 'village_interfaces'
[0.276s] Level 1:colcon.colcon_core.package_identification:_identify(src/village_li) by extensions ['ignore', 'ignore_ament_install']
[0.276s] Level 1:colcon.colcon_core.package_identification:_identify(src/village_li) by extension 'ignore'
[0.277s] Level 1:colcon.colcon_core.package_identification:_identify(src/village_li) by extension 'ignore_ament_install'
[0.277s] Level 1:colcon.colcon_core.package_identification:_identify(src/village_li) by extensions ['colcon_pkg']
[0.277s] Level 1:colcon.colcon_core.package_identification:_identify(src/village_li) by extension 'colcon_pkg'
[0.277s] Level 1:colcon.colcon_core.package_identification:_identify(src/village_li) by extensions ['colcon_meta']
[0.277s] Level 1:colcon.colcon_core.package_identification:_identify(src/village_li) by extension 'colcon_meta'
[0.277s] Level 1:colcon.colcon_core.package_identification:_identify(src/village_li) by extensions ['ros']
[0.277s] Level 1:colcon.colcon_core.package_identification:_identify(src/village_li) by extension 'ros'
[0.277s] DEBUG:colcon.colcon_core.package_identification:Package 'src/village_li' with type 'ros.ament_python' and name 'village_li'
[0.277s] Level 1:colcon.colcon_core.package_identification:_identify(src/village_wang) by extensions ['ignore', 'ignore_ament_install']
[0.277s] Level 1:colcon.colcon_core.package_identification:_identify(src/village_wang) by extension 'ignore'
[0.277s] Level 1:colcon.colcon_core.package_identification:_identify(src/village_wang) by extension 'ignore_ament_install'
[0.277s] Level 1:colcon.colcon_core.package_identification:_identify(src/village_wang) by extensions ['colcon_pkg']
[0.277s] Level 1:colcon.colcon_core.package_identification:_identify(src/village_wang) by extension 'colcon_pkg'
[0.277s] Level 1:colcon.colcon_core.package_identification:_identify(src/village_wang) by extensions ['colcon_meta']
[0.277s] Level 1:colcon.colcon_core.package_identification:_identify(src/village_wang) by extension 'colcon_meta'
[0.277s] Level 1:colcon.colcon_core.package_identification:_identify(src/village_wang) by extensions ['ros']
[0.277s] Level 1:colcon.colcon_core.package_identification:_identify(src/village_wang) by extension 'ros'
[0.278s] DEBUG:colcon.colcon_core.package_identification:Package 'src/village_wang' with type 'ros.ament_cmake' and name 'village_wang'
[0.278s] Level 1:colcon.colcon_core.package_identification:_identify(src/village_zhang) by extensions ['ignore', 'ignore_ament_install']
[0.278s] Level 1:colcon.colcon_core.package_identification:_identify(src/village_zhang) by extension 'ignore'
[0.278s] Level 1:colcon.colcon_core.package_identification:_identify(src/village_zhang) by extension 'ignore_ament_install'
[0.278s] Level 1:colcon.colcon_core.package_identification:_identify(src/village_zhang) by extensions ['colcon_pkg']
[0.278s] Level 1:colcon.colcon_core.package_identification:_identify(src/village_zhang) by extension 'colcon_pkg'
[0.278s] Level 1:colcon.colcon_core.package_identification:_identify(src/village_zhang) by extensions ['colcon_meta']
[0.278s] Level 1:colcon.colcon_core.package_identification:_identify(src/village_zhang) by extension 'colcon_meta'
[0.278s] Level 1:colcon.colcon_core.package_identification:_identify(src/village_zhang) by extensions ['ros']
[0.278s] Level 1:colcon.colcon_core.package_identification:_identify(src/village_zhang) by extension 'ros'
[0.279s] DEBUG:colcon.colcon_core.package_identification:Package 'src/village_zhang' with type 'ros.ament_cmake' and name 'village_zhang'
[0.279s] Level 1:colcon.colcon_core.package_discovery:discover_packages(recursive) using defaults
[0.280s] Level 1:colcon.colcon_core.package_discovery:discover_packages(ignore) discover
[0.280s] Level 1:colcon.colcon_core.package_discovery:discover_packages(ignore) using defaults
[0.280s] Level 1:colcon.colcon_core.package_discovery:discover_packages(path) discover
[0.280s] Level 1:colcon.colcon_core.package_discovery:discover_packages(path) using defaults
[0.298s] Level 1:colcon.colcon_core.package_discovery:discover_packages(prefix_path) check parameters
[0.298s] Level 1:colcon.colcon_core.package_discovery:discover_packages(prefix_path) discover
[0.301s] DEBUG:colcon.colcon_installed_package_information.package_discovery:Found 270 installed packages in /opt/ros/humble
[0.302s] Level 1:colcon.colcon_core.package_discovery:discover_packages(prefix_path) using defaults
[0.344s] Level 5:colcon.colcon_core.verb:set package 'village_interfaces' build argument 'cmake_args' from command line to 'None'
[0.344s] Level 5:colcon.colcon_core.verb:set package 'village_interfaces' build argument 'cmake_target' from command line to 'None'
[0.344s] Level 5:colcon.colcon_core.verb:set package 'village_interfaces' build argument 'cmake_target_skip_unavailable' from command line to 'False'
[0.344s] Level 5:colcon.colcon_core.verb:set package 'village_interfaces' build argument 'cmake_clean_cache' from command line to 'False'
[0.344s] Level 5:colcon.colcon_core.verb:set package 'village_interfaces' build argument 'cmake_clean_first' from command line to 'False'
[0.344s] Level 5:colcon.colcon_core.verb:set package 'village_interfaces' build argument 'cmake_force_configure' from command line to 'False'
[0.344s] Level 5:colcon.colcon_core.verb:set package 'village_interfaces' build argument 'ament_cmake_args' from command line to 'None'
[0.344s] Level 5:colcon.colcon_core.verb:set package 'village_interfaces' build argument 'catkin_cmake_args' from command line to 'None'
[0.344s] Level 5:colcon.colcon_core.verb:set package 'village_interfaces' build argument 'catkin_skip_building_tests' from command line to 'False'
[0.344s] DEBUG:colcon.colcon_core.verb:Building package 'village_interfaces' with the following arguments: {'ament_cmake_args': None, 'build_base': '/home/jinhemu/ROS2/town_ws/build/village_interfaces', 'catkin_cmake_args': None, 'catkin_skip_building_tests': False, 'cmake_args': None, 'cmake_clean_cache': False, 'cmake_clean_first': False, 'cmake_force_configure': False, 'cmake_target': None, 'cmake_target_skip_unavailable': False, 'install_base': '/home/jinhemu/ROS2/town_ws/install/village_interfaces', 'merge_install': False, 'path': '/home/jinhemu/ROS2/town_ws/src/village_interfaces', 'symlink_install': False, 'test_result_base': None}
[0.344s] Level 5:colcon.colcon_core.verb:set package 'village_li' build argument 'cmake_args' from command line to 'None'
[0.344s] Level 5:colcon.colcon_core.verb:set package 'village_li' build argument 'cmake_target' from command line to 'None'
[0.344s] Level 5:colcon.colcon_core.verb:set package 'village_li' build argument 'cmake_target_skip_unavailable' from command line to 'False'
[0.344s] Level 5:colcon.colcon_core.verb:set package 'village_li' build argument 'cmake_clean_cache' from command line to 'False'
[0.345s] Level 5:colcon.colcon_core.verb:set package 'village_li' build argument 'cmake_clean_first' from command line to 'False'
[0.345s] Level 5:colcon.colcon_core.verb:set package 'village_li' build argument 'cmake_force_configure' from command line to 'False'
[0.345s] Level 5:colcon.colcon_core.verb:set package 'village_li' build argument 'ament_cmake_args' from command line to 'None'
[0.345s] Level 5:colcon.colcon_core.verb:set package 'village_li' build argument 'catkin_cmake_args' from command line to 'None'
[0.345s] Level 5:colcon.colcon_core.verb:set package 'village_li' build argument 'catkin_skip_building_tests' from command line to 'False'
[0.345s] DEBUG:colcon.colcon_core.verb:Building package 'village_li' with the following arguments: {'ament_cmake_args': None, 'build_base': '/home/jinhemu/ROS2/town_ws/build/village_li', 'catkin_cmake_args': None, 'catkin_skip_building_tests': False, 'cmake_args': None, 'cmake_clean_cache': False, 'cmake_clean_first': False, 'cmake_force_configure': False, 'cmake_target': None, 'cmake_target_skip_unavailable': False, 'install_base': '/home/jinhemu/ROS2/town_ws/install/village_li', 'merge_install': False, 'path': '/home/jinhemu/ROS2/town_ws/src/village_li', 'symlink_install': False, 'test_result_base': None}
[0.345s] Level 5:colcon.colcon_core.verb:set package 'village_wang' build argument 'cmake_args' from command line to 'None'
[0.345s] Level 5:colcon.colcon_core.verb:set package 'village_wang' build argument 'cmake_target' from command line to 'None'
[0.345s] Level 5:colcon.colcon_core.verb:set package 'village_wang' build argument 'cmake_target_skip_unavailable' from command line to 'False'
[0.345s] Level 5:colcon.colcon_core.verb:set package 'village_wang' build argument 'cmake_clean_cache' from command line to 'False'
[0.345s] Level 5:colcon.colcon_core.verb:set package 'village_wang' build argument 'cmake_clean_first' from command line to 'False'
[0.345s] Level 5:colcon.colcon_core.verb:set package 'village_wang' build argument 'cmake_force_configure' from command line to 'False'
[0.345s] Level 5:colcon.colcon_core.verb:set package 'village_wang' build argument 'ament_cmake_args' from command line to 'None'
[0.346s] Level 5:colcon.colcon_core.verb:set package 'village_wang' build argument 'catkin_cmake_args' from command line to 'None'
[0.346s] Level 5:colcon.colcon_core.verb:set package 'village_wang' build argument 'catkin_skip_building_tests' from command line to 'False'
[0.346s] DEBUG:colcon.colcon_core.verb:Building package 'village_wang' with the following arguments: {'ament_cmake_args': None, 'build_base': '/home/jinhemu/ROS2/town_ws/build/village_wang', 'catkin_cmake_args': None, 'catkin_skip_building_tests': False, 'cmake_args': None, 'cmake_clean_cache': False, 'cmake_clean_first': False, 'cmake_force_configure': False, 'cmake_target': None, 'cmake_target_skip_unavailable': False, 'install_base': '/home/jinhemu/ROS2/town_ws/install/village_wang', 'merge_install': False, 'path': '/home/jinhemu/ROS2/town_ws/src/village_wang', 'symlink_install': False, 'test_result_base': None}
[0.346s] Level 5:colcon.colcon_core.verb:set package 'village_zhang' build argument 'cmake_args' from command line to 'None'
[0.346s] Level 5:colcon.colcon_core.verb:set package 'village_zhang' build argument 'cmake_target' from command line to 'None'
[0.346s] Level 5:colcon.colcon_core.verb:set package 'village_zhang' build argument 'cmake_target_skip_unavailable' from command line to 'False'
[0.346s] Level 5:colcon.colcon_core.verb:set package 'village_zhang' build argument 'cmake_clean_cache' from command line to 'False'
[0.346s] Level 5:colcon.colcon_core.verb:set package 'village_zhang' build argument 'cmake_clean_first' from command line to 'False'
[0.346s] Level 5:colcon.colcon_core.verb:set package 'village_zhang' build argument 'cmake_force_configure' from command line to 'False'
[0.346s] Level 5:colcon.colcon_core.verb:set package 'village_zhang' build argument 'ament_cmake_args' from command line to 'None'
[0.346s] Level 5:colcon.colcon_core.verb:set package 'village_zhang' build argument 'catkin_cmake_args' from command line to 'None'
[0.346s] Level 5:colcon.colcon_core.verb:set package 'village_zhang' build argument 'catkin_skip_building_tests' from command line to 'False'
[0.346s] DEBUG:colcon.colcon_core.verb:Building package 'village_zhang' with the following arguments: {'ament_cmake_args': None, 'build_base': '/home/jinhemu/ROS2/town_ws/build/village_zhang', 'catkin_cmake_args': None, 'catkin_skip_building_tests': False, 'cmake_args': None, 'cmake_clean_cache': False, 'cmake_clean_first': False, 'cmake_force_configure': False, 'cmake_target': None, 'cmake_target_skip_unavailable': False, 'install_base': '/home/jinhemu/ROS2/town_ws/install/village_zhang', 'merge_install': False, 'path': '/home/jinhemu/ROS2/town_ws/src/village_zhang', 'symlink_install': False, 'test_result_base': None}
[0.347s] INFO:colcon.colcon_core.executor:Executing jobs using 'parallel' executor
[0.349s] DEBUG:colcon.colcon_parallel_executor.executor.parallel:run_until_complete
[0.349s] INFO:colcon.colcon_ros.task.ament_cmake.build:Building ROS package in '/home/jinhemu/ROS2/town_ws/src/village_interfaces' with build type 'ament_cmake'
[0.349s] INFO:colcon.colcon_cmake.task.cmake.build:Building CMake package in '/home/jinhemu/ROS2/town_ws/src/village_interfaces'
[0.353s] INFO:colcon.colcon_core.plugin_system:Skipping extension 'colcon_core.shell.bat': Not used on non-Windows systems
[0.354s] INFO:colcon.colcon_core.shell:Skip shell extension 'powershell' for command environment: Not usable outside of PowerShell
[0.354s] DEBUG:colcon.colcon_core.shell:Skip shell extension 'dsv' for command environment
[0.362s] DEBUG:colcon.colcon_core.event_handler.log_command:Invoking command in '/home/jinhemu/ROS2/town_ws/build/village_interfaces': CMAKE_PREFIX_PATH=/opt/ros/humble /usr/bin/cmake --build /home/jinhemu/ROS2/town_ws/build/village_interfaces -- -j12 -l12
[0.724s] DEBUG:colcon.colcon_core.event_handler.log_command:Invoked command in '/home/jinhemu/ROS2/town_ws/build/village_interfaces' returned '0': CMAKE_PREFIX_PATH=/opt/ros/humble /usr/bin/cmake --build /home/jinhemu/ROS2/town_ws/build/village_interfaces -- -j12 -l12
[0.795s] DEBUG:colcon.colcon_core.event_handler.log_command:Invoking command in '/home/jinhemu/ROS2/town_ws/build/village_interfaces': CMAKE_PREFIX_PATH=/opt/ros/humble /usr/bin/cmake --install /home/jinhemu/ROS2/town_ws/build/village_interfaces
[0.841s] Level 1:colcon.colcon_core.environment:create_environment_scripts_only(village_interfaces)
[0.842s] DEBUG:colcon.colcon_core.event_handler.log_command:Invoked command in '/home/jinhemu/ROS2/town_ws/build/village_interfaces' returned '0': CMAKE_PREFIX_PATH=/opt/ros/humble /usr/bin/cmake --install /home/jinhemu/ROS2/town_ws/build/village_interfaces
[0.845s] Level 1:colcon.colcon_core.environment:checking '/home/jinhemu/ROS2/town_ws/install/village_interfaces' for CMake module files
[0.846s] Level 1:colcon.colcon_core.environment:checking '/home/jinhemu/ROS2/town_ws/install/village_interfaces' for CMake config files
[0.846s] Level 1:colcon.colcon_core.shell:create_environment_hook('village_interfaces', 'cmake_prefix_path')
[0.847s] INFO:colcon.colcon_core.shell:Creating environment hook '/home/jinhemu/ROS2/town_ws/install/village_interfaces/share/village_interfaces/hook/cmake_prefix_path.ps1'
[0.848s] INFO:colcon.colcon_core.shell:Creating environment descriptor '/home/jinhemu/ROS2/town_ws/install/village_interfaces/share/village_interfaces/hook/cmake_prefix_path.dsv'
[0.849s] INFO:colcon.colcon_core.shell:Creating environment hook '/home/jinhemu/ROS2/town_ws/install/village_interfaces/share/village_interfaces/hook/cmake_prefix_path.sh'
[0.850s] Level 1:colcon.colcon_core.environment:checking '/home/jinhemu/ROS2/town_ws/install/village_interfaces/lib'
[0.850s] Level 1:colcon.colcon_core.shell:create_environment_hook('village_interfaces', 'ld_library_path_lib')
[0.851s] INFO:colcon.colcon_core.shell:Creating environment hook '/home/jinhemu/ROS2/town_ws/install/village_interfaces/share/village_interfaces/hook/ld_library_path_lib.ps1'
[0.851s] INFO:colcon.colcon_core.shell:Creating environment descriptor '/home/jinhemu/ROS2/town_ws/install/village_interfaces/share/village_interfaces/hook/ld_library_path_lib.dsv'
[0.851s] INFO:colcon.colcon_core.shell:Creating environment hook '/home/jinhemu/ROS2/town_ws/install/village_interfaces/share/village_interfaces/hook/ld_library_path_lib.sh'
[0.852s] Level 1:colcon.colcon_core.environment:checking '/home/jinhemu/ROS2/town_ws/install/village_interfaces/bin'
[0.852s] Level 1:colcon.colcon_core.environment:checking '/home/jinhemu/ROS2/town_ws/install/village_interfaces/lib/pkgconfig/village_interfaces.pc'
[0.852s] Level 1:colcon.colcon_core.environment:checking '/home/jinhemu/ROS2/town_ws/install/village_interfaces/lib/python3.10/site-packages'
[0.852s] Level 1:colcon.colcon_core.environment:checking '/home/jinhemu/ROS2/town_ws/install/village_interfaces/bin'
[0.853s] INFO:colcon.colcon_core.shell:Creating package script '/home/jinhemu/ROS2/town_ws/install/village_interfaces/share/village_interfaces/package.ps1'
[0.854s] INFO:colcon.colcon_core.shell:Creating package descriptor '/home/jinhemu/ROS2/town_ws/install/village_interfaces/share/village_interfaces/package.dsv'
[0.854s] INFO:colcon.colcon_core.shell:Creating package script '/home/jinhemu/ROS2/town_ws/install/village_interfaces/share/village_interfaces/package.sh'
[0.855s] INFO:colcon.colcon_core.shell:Creating package script '/home/jinhemu/ROS2/town_ws/install/village_interfaces/share/village_interfaces/package.bash'
[0.856s] INFO:colcon.colcon_core.shell:Creating package script '/home/jinhemu/ROS2/town_ws/install/village_interfaces/share/village_interfaces/package.zsh'
[0.857s] Level 1:colcon.colcon_core.environment:create_file_with_runtime_dependencies(/home/jinhemu/ROS2/town_ws/install/village_interfaces/share/colcon-core/packages/village_interfaces)
[0.922s] Level 1:colcon.colcon_core.environment:create_environment_scripts_only(village_interfaces)
[0.924s] Level 1:colcon.colcon_core.environment:checking '/home/jinhemu/ROS2/town_ws/install/village_interfaces' for CMake module files
[0.925s] Level 1:colcon.colcon_core.environment:checking '/home/jinhemu/ROS2/town_ws/install/village_interfaces' for CMake config files
[0.926s] Level 1:colcon.colcon_core.shell:create_environment_hook('village_interfaces', 'cmake_prefix_path')
[0.927s] INFO:colcon.colcon_core.shell:Creating environment hook '/home/jinhemu/ROS2/town_ws/install/village_interfaces/share/village_interfaces/hook/cmake_prefix_path.ps1'
[0.928s] INFO:colcon.colcon_core.shell:Creating environment descriptor '/home/jinhemu/ROS2/town_ws/install/village_interfaces/share/village_interfaces/hook/cmake_prefix_path.dsv'
[0.928s] INFO:colcon.colcon_core.shell:Creating environment hook '/home/jinhemu/ROS2/town_ws/install/village_interfaces/share/village_interfaces/hook/cmake_prefix_path.sh'
[0.929s] Level 1:colcon.colcon_core.environment:checking '/home/jinhemu/ROS2/town_ws/install/village_interfaces/lib'
[0.929s] Level 1:colcon.colcon_core.shell:create_environment_hook('village_interfaces', 'ld_library_path_lib')
[0.931s] INFO:colcon.colcon_core.shell:Creating environment hook '/home/jinhemu/ROS2/town_ws/install/village_interfaces/share/village_interfaces/hook/ld_library_path_lib.ps1'
[0.931s] INFO:colcon.colcon_core.shell:Creating environment descriptor '/home/jinhemu/ROS2/town_ws/install/village_interfaces/share/village_interfaces/hook/ld_library_path_lib.dsv'
[0.932s] INFO:colcon.colcon_core.shell:Creating environment hook '/home/jinhemu/ROS2/town_ws/install/village_interfaces/share/village_interfaces/hook/ld_library_path_lib.sh'
[0.932s] Level 1:colcon.colcon_core.environment:checking '/home/jinhemu/ROS2/town_ws/install/village_interfaces/bin'
[0.932s] Level 1:colcon.colcon_core.environment:checking '/home/jinhemu/ROS2/town_ws/install/village_interfaces/lib/pkgconfig/village_interfaces.pc'
[0.933s] Level 1:colcon.colcon_core.environment:checking '/home/jinhemu/ROS2/town_ws/install/village_interfaces/lib/python3.10/site-packages'
[0.933s] Level 1:colcon.colcon_core.environment:checking '/home/jinhemu/ROS2/town_ws/install/village_interfaces/bin'
[0.934s] INFO:colcon.colcon_core.shell:Creating package script '/home/jinhemu/ROS2/town_ws/install/village_interfaces/share/village_interfaces/package.ps1'
[0.936s] INFO:colcon.colcon_core.shell:Creating package descriptor '/home/jinhemu/ROS2/town_ws/install/village_interfaces/share/village_interfaces/package.dsv'
[0.937s] INFO:colcon.colcon_core.shell:Creating package script '/home/jinhemu/ROS2/town_ws/install/village_interfaces/share/village_interfaces/package.sh'
[0.938s] INFO:colcon.colcon_core.shell:Creating package script '/home/jinhemu/ROS2/town_ws/install/village_interfaces/share/village_interfaces/package.bash'
[0.938s] INFO:colcon.colcon_core.shell:Creating package script '/home/jinhemu/ROS2/town_ws/install/village_interfaces/share/village_interfaces/package.zsh'
[0.938s] Level 1:colcon.colcon_core.environment:create_file_with_runtime_dependencies(/home/jinhemu/ROS2/town_ws/install/village_interfaces/share/colcon-core/packages/village_interfaces)
[0.939s] INFO:colcon.colcon_ros.task.ament_python.build:Building ROS package in '/home/jinhemu/ROS2/town_ws/src/village_li' with build type 'ament_python'
[0.939s] Level 1:colcon.colcon_core.shell:create_environment_hook('village_li', 'ament_prefix_path')
[0.942s] INFO:colcon.colcon_core.shell:Creating environment hook '/home/jinhemu/ROS2/town_ws/install/village_li/share/village_li/hook/ament_prefix_path.ps1'
[0.943s] INFO:colcon.colcon_core.shell:Creating environment descriptor '/home/jinhemu/ROS2/town_ws/install/village_li/share/village_li/hook/ament_prefix_path.dsv'
[0.943s] INFO:colcon.colcon_core.shell:Creating environment hook '/home/jinhemu/ROS2/town_ws/install/village_li/share/village_li/hook/ament_prefix_path.sh'
[0.945s] INFO:colcon.colcon_core.shell:Skip shell extension 'powershell' for command environment: Not usable outside of PowerShell
[0.945s] DEBUG:colcon.colcon_core.shell:Skip shell extension 'dsv' for command environment
[0.949s] INFO:colcon.colcon_ros.task.ament_cmake.build:Building ROS package in '/home/jinhemu/ROS2/town_ws/src/village_wang' with build type 'ament_cmake'
[0.949s] INFO:colcon.colcon_cmake.task.cmake.build:Building CMake package in '/home/jinhemu/ROS2/town_ws/src/village_wang'
[0.950s] INFO:colcon.colcon_core.shell:Skip shell extension 'powershell' for command environment: Not usable outside of PowerShell
[0.950s] DEBUG:colcon.colcon_core.shell:Skip shell extension 'dsv' for command environment
[0.954s] INFO:colcon.colcon_ros.task.ament_cmake.build:Building ROS package in '/home/jinhemu/ROS2/town_ws/src/village_zhang' with build type 'ament_cmake'
[0.955s] INFO:colcon.colcon_cmake.task.cmake.build:Building CMake package in '/home/jinhemu/ROS2/town_ws/src/village_zhang'
[0.956s] INFO:colcon.colcon_core.shell:Skip shell extension 'powershell' for command environment: Not usable outside of PowerShell
[0.956s] DEBUG:colcon.colcon_core.shell:Skip shell extension 'dsv' for command environment
[1.193s] INFO:colcon.colcon_core.task.python.build:Building Python package in '/home/jinhemu/ROS2/town_ws/src/village_li'
[1.194s] INFO:colcon.colcon_core.shell:Skip shell extension 'powershell' for command environment: Not usable outside of PowerShell
[1.194s] DEBUG:colcon.colcon_core.shell:Skip shell extension 'dsv' for command environment
[1.202s] DEBUG:colcon.colcon_core.event_handler.log_command:Invoking command in '/home/jinhemu/ROS2/town_ws/build/village_wang': AMENT_PREFIX_PATH=/home/jinhemu/ROS2/town_ws/install/village_interfaces:${AMENT_PREFIX_PATH} CMAKE_PREFIX_PATH=/home/jinhemu/ROS2/town_ws/install/village_interfaces:/opt/ros/humble LD_LIBRARY_PATH=/home/jinhemu/ROS2/town_ws/install/village_interfaces/lib:${LD_LIBRARY_PATH} PYTHONPATH=/home/jinhemu/ROS2/town_ws/install/village_interfaces/local/lib/python3.10/dist-packages:${PYTHONPATH} /usr/bin/cmake --build /home/jinhemu/ROS2/town_ws/build/village_wang -- -j12 -l12
[1.205s] DEBUG:colcon.colcon_core.event_handler.log_command:Invoking command in '/home/jinhemu/ROS2/town_ws/build/village_zhang': AMENT_PREFIX_PATH=/home/jinhemu/ROS2/town_ws/install/village_interfaces:${AMENT_PREFIX_PATH} CMAKE_PREFIX_PATH=/home/jinhemu/ROS2/town_ws/install/village_interfaces:/opt/ros/humble LD_LIBRARY_PATH=/home/jinhemu/ROS2/town_ws/install/village_interfaces/lib:${LD_LIBRARY_PATH} PYTHONPATH=/home/jinhemu/ROS2/town_ws/install/village_interfaces/local/lib/python3.10/dist-packages:${PYTHONPATH} /usr/bin/cmake /home/jinhemu/ROS2/town_ws/src/village_zhang -DCMAKE_INSTALL_PREFIX=/home/jinhemu/ROS2/town_ws/install/village_zhang
[1.263s] DEBUG:colcon.colcon_core.event_handler.log_command:Invoked command in '/home/jinhemu/ROS2/town_ws/build/village_wang' returned '0': AMENT_PREFIX_PATH=/home/jinhemu/ROS2/town_ws/install/village_interfaces:${AMENT_PREFIX_PATH} CMAKE_PREFIX_PATH=/home/jinhemu/ROS2/town_ws/install/village_interfaces:/opt/ros/humble LD_LIBRARY_PATH=/home/jinhemu/ROS2/town_ws/install/village_interfaces/lib:${LD_LIBRARY_PATH} PYTHONPATH=/home/jinhemu/ROS2/town_ws/install/village_interfaces/local/lib/python3.10/dist-packages:${PYTHONPATH} /usr/bin/cmake --build /home/jinhemu/ROS2/town_ws/build/village_wang -- -j12 -l12
[1.286s] DEBUG:colcon.colcon_core.event_handler.log_command:Invoking command in '/home/jinhemu/ROS2/town_ws/build/village_wang': AMENT_PREFIX_PATH=/home/jinhemu/ROS2/town_ws/install/village_interfaces:${AMENT_PREFIX_PATH} CMAKE_PREFIX_PATH=/home/jinhemu/ROS2/town_ws/install/village_interfaces:/opt/ros/humble LD_LIBRARY_PATH=/home/jinhemu/ROS2/town_ws/install/village_interfaces/lib:${LD_LIBRARY_PATH} PYTHONPATH=/home/jinhemu/ROS2/town_ws/install/village_interfaces/local/lib/python3.10/dist-packages:${PYTHONPATH} /usr/bin/cmake --install /home/jinhemu/ROS2/town_ws/build/village_wang
[1.294s] Level 1:colcon.colcon_core.environment:create_environment_scripts_only(village_wang)
[1.296s] Level 1:colcon.colcon_core.environment:checking '/home/jinhemu/ROS2/town_ws/install/village_wang' for CMake module files
[1.296s] DEBUG:colcon.colcon_core.event_handler.log_command:Invoked command in '/home/jinhemu/ROS2/town_ws/build/village_wang' returned '0': AMENT_PREFIX_PATH=/home/jinhemu/ROS2/town_ws/install/village_interfaces:${AMENT_PREFIX_PATH} CMAKE_PREFIX_PATH=/home/jinhemu/ROS2/town_ws/install/village_interfaces:/opt/ros/humble LD_LIBRARY_PATH=/home/jinhemu/ROS2/town_ws/install/village_interfaces/lib:${LD_LIBRARY_PATH} PYTHONPATH=/home/jinhemu/ROS2/town_ws/install/village_interfaces/local/lib/python3.10/dist-packages:${PYTHONPATH} /usr/bin/cmake --install /home/jinhemu/ROS2/town_ws/build/village_wang
[1.297s] Level 1:colcon.colcon_core.environment:checking '/home/jinhemu/ROS2/town_ws/install/village_wang' for CMake config files
[1.297s] Level 1:colcon.colcon_core.shell:create_environment_hook('village_wang', 'cmake_prefix_path')
[1.298s] INFO:colcon.colcon_core.shell:Creating environment hook '/home/jinhemu/ROS2/town_ws/install/village_wang/share/village_wang/hook/cmake_prefix_path.ps1'
[1.299s] INFO:colcon.colcon_core.shell:Creating environment descriptor '/home/jinhemu/ROS2/town_ws/install/village_wang/share/village_wang/hook/cmake_prefix_path.dsv'
[1.299s] INFO:colcon.colcon_core.shell:Creating environment hook '/home/jinhemu/ROS2/town_ws/install/village_wang/share/village_wang/hook/cmake_prefix_path.sh'
[1.300s] Level 1:colcon.colcon_core.environment:checking '/home/jinhemu/ROS2/town_ws/install/village_wang/lib'
[1.300s] Level 1:colcon.colcon_core.environment:checking '/home/jinhemu/ROS2/town_ws/install/village_wang/bin'
[1.300s] Level 1:colcon.colcon_core.environment:checking '/home/jinhemu/ROS2/town_ws/install/village_wang/lib/pkgconfig/village_wang.pc'
[1.300s] Level 1:colcon.colcon_core.environment:checking '/home/jinhemu/ROS2/town_ws/install/village_wang/lib/python3.10/site-packages'
[1.300s] Level 1:colcon.colcon_core.environment:checking '/home/jinhemu/ROS2/town_ws/install/village_wang/bin'
[1.301s] INFO:colcon.colcon_core.shell:Creating package script '/home/jinhemu/ROS2/town_ws/install/village_wang/share/village_wang/package.ps1'
[1.301s] INFO:colcon.colcon_core.shell:Creating package descriptor '/home/jinhemu/ROS2/town_ws/install/village_wang/share/village_wang/package.dsv'
[1.302s] INFO:colcon.colcon_core.shell:Creating package script '/home/jinhemu/ROS2/town_ws/install/village_wang/share/village_wang/package.sh'
[1.302s] INFO:colcon.colcon_core.shell:Creating package script '/home/jinhemu/ROS2/town_ws/install/village_wang/share/village_wang/package.bash'
[1.302s] INFO:colcon.colcon_core.shell:Creating package script '/home/jinhemu/ROS2/town_ws/install/village_wang/share/village_wang/package.zsh'
[1.302s] Level 1:colcon.colcon_core.environment:create_file_with_runtime_dependencies(/home/jinhemu/ROS2/town_ws/install/village_wang/share/colcon-core/packages/village_wang)
[1.323s] Level 1:colcon.colcon_core.environment:create_environment_scripts_only(village_wang)
[1.325s] Level 1:colcon.colcon_core.environment:checking '/home/jinhemu/ROS2/town_ws/install/village_wang' for CMake module files
[1.325s] Level 1:colcon.colcon_core.environment:checking '/home/jinhemu/ROS2/town_ws/install/village_wang' for CMake config files
[1.326s] Level 1:colcon.colcon_core.shell:create_environment_hook('village_wang', 'cmake_prefix_path')
[1.327s] INFO:colcon.colcon_core.shell:Creating environment hook '/home/jinhemu/ROS2/town_ws/install/village_wang/share/village_wang/hook/cmake_prefix_path.ps1'
[1.328s] INFO:colcon.colcon_core.shell:Creating environment descriptor '/home/jinhemu/ROS2/town_ws/install/village_wang/share/village_wang/hook/cmake_prefix_path.dsv'
[1.328s] INFO:colcon.colcon_core.shell:Creating environment hook '/home/jinhemu/ROS2/town_ws/install/village_wang/share/village_wang/hook/cmake_prefix_path.sh'
[1.328s] Level 1:colcon.colcon_core.environment:checking '/home/jinhemu/ROS2/town_ws/install/village_wang/lib'
[1.329s] Level 1:colcon.colcon_core.environment:checking '/home/jinhemu/ROS2/town_ws/install/village_wang/bin'
[1.329s] Level 1:colcon.colcon_core.environment:checking '/home/jinhemu/ROS2/town_ws/install/village_wang/lib/pkgconfig/village_wang.pc'
[1.329s] Level 1:colcon.colcon_core.environment:checking '/home/jinhemu/ROS2/town_ws/install/village_wang/lib/python3.10/site-packages'
[1.329s] Level 1:colcon.colcon_core.environment:checking '/home/jinhemu/ROS2/town_ws/install/village_wang/bin'
[1.330s] INFO:colcon.colcon_core.shell:Creating package script '/home/jinhemu/ROS2/town_ws/install/village_wang/share/village_wang/package.ps1'
[1.330s] INFO:colcon.colcon_core.shell:Creating package descriptor '/home/jinhemu/ROS2/town_ws/install/village_wang/share/village_wang/package.dsv'
[1.331s] INFO:colcon.colcon_core.shell:Creating package script '/home/jinhemu/ROS2/town_ws/install/village_wang/share/village_wang/package.sh'
[1.331s] INFO:colcon.colcon_core.shell:Creating package script '/home/jinhemu/ROS2/town_ws/install/village_wang/share/village_wang/package.bash'
[1.331s] INFO:colcon.colcon_core.shell:Creating package script '/home/jinhemu/ROS2/town_ws/install/village_wang/share/village_wang/package.zsh'
[1.331s] Level 1:colcon.colcon_core.environment:create_file_with_runtime_dependencies(/home/jinhemu/ROS2/town_ws/install/village_wang/share/colcon-core/packages/village_wang)
[1.575s] DEBUG:colcon.colcon_core.event_handler.log_command:Invoking command in '/home/jinhemu/ROS2/town_ws/src/village_li': AMENT_PREFIX_PATH=/home/jinhemu/ROS2/town_ws/install/village_interfaces:${AMENT_PREFIX_PATH} CMAKE_PREFIX_PATH=/home/jinhemu/ROS2/town_ws/install/village_interfaces LD_LIBRARY_PATH=/home/jinhemu/ROS2/town_ws/install/village_interfaces/lib:${LD_LIBRARY_PATH} PYTHONPATH=/home/jinhemu/ROS2/town_ws/build/village_li/prefix_override:/home/jinhemu/ROS2/town_ws/install/village_li/lib/python3.10/site-packages:/home/jinhemu/ROS2/town_ws/install/village_interfaces/local/lib/python3.10/dist-packages:${PYTHONPATH} /usr/bin/python3 setup.py egg_info --egg-base ../../build/village_li build --build-base /home/jinhemu/ROS2/town_ws/build/village_li/build install --record /home/jinhemu/ROS2/town_ws/build/village_li/install.log --single-version-externally-managed
[1.904s] Level 1:colcon.colcon_core.environment:checking '/home/jinhemu/ROS2/town_ws/install/village_li' for CMake module files
[1.905s] DEBUG:colcon.colcon_core.event_handler.log_command:Invoked command in '/home/jinhemu/ROS2/town_ws/src/village_li' returned '0': AMENT_PREFIX_PATH=/home/jinhemu/ROS2/town_ws/install/village_interfaces:${AMENT_PREFIX_PATH} CMAKE_PREFIX_PATH=/home/jinhemu/ROS2/town_ws/install/village_interfaces LD_LIBRARY_PATH=/home/jinhemu/ROS2/town_ws/install/village_interfaces/lib:${LD_LIBRARY_PATH} PYTHONPATH=/home/jinhemu/ROS2/town_ws/build/village_li/prefix_override:/home/jinhemu/ROS2/town_ws/install/village_li/lib/python3.10/site-packages:/home/jinhemu/ROS2/town_ws/install/village_interfaces/local/lib/python3.10/dist-packages:${PYTHONPATH} /usr/bin/python3 setup.py egg_info --egg-base ../../build/village_li build --build-base /home/jinhemu/ROS2/town_ws/build/village_li/build install --record /home/jinhemu/ROS2/town_ws/build/village_li/install.log --single-version-externally-managed
[1.905s] Level 1:colcon.colcon_core.environment:checking '/home/jinhemu/ROS2/town_ws/install/village_li' for CMake config files
[1.906s] Level 1:colcon.colcon_core.environment:checking '/home/jinhemu/ROS2/town_ws/install/village_li/lib'
[1.906s] Level 1:colcon.colcon_core.environment:checking '/home/jinhemu/ROS2/town_ws/install/village_li/bin'
[1.906s] Level 1:colcon.colcon_core.environment:checking '/home/jinhemu/ROS2/town_ws/install/village_li/lib/pkgconfig/village_li.pc'
[1.906s] Level 1:colcon.colcon_core.environment:checking '/home/jinhemu/ROS2/town_ws/install/village_li/lib/python3.10/site-packages'
[1.906s] Level 1:colcon.colcon_core.shell:create_environment_hook('village_li', 'pythonpath')
[1.908s] INFO:colcon.colcon_core.shell:Creating environment hook '/home/jinhemu/ROS2/town_ws/install/village_li/share/village_li/hook/pythonpath.ps1'
[1.909s] INFO:colcon.colcon_core.shell:Creating environment descriptor '/home/jinhemu/ROS2/town_ws/install/village_li/share/village_li/hook/pythonpath.dsv'
[1.910s] INFO:colcon.colcon_core.shell:Creating environment hook '/home/jinhemu/ROS2/town_ws/install/village_li/share/village_li/hook/pythonpath.sh'
[1.910s] Level 1:colcon.colcon_core.environment:checking '/home/jinhemu/ROS2/town_ws/install/village_li/bin'
[1.910s] Level 1:colcon.colcon_core.environment:create_environment_scripts_only(village_li)
[1.912s] INFO:colcon.colcon_core.shell:Creating package script '/home/jinhemu/ROS2/town_ws/install/village_li/share/village_li/package.ps1'
[1.912s] INFO:colcon.colcon_core.shell:Creating package descriptor '/home/jinhemu/ROS2/town_ws/install/village_li/share/village_li/package.dsv'
[1.913s] INFO:colcon.colcon_core.shell:Creating package script '/home/jinhemu/ROS2/town_ws/install/village_li/share/village_li/package.sh'
[1.913s] INFO:colcon.colcon_core.shell:Creating package script '/home/jinhemu/ROS2/town_ws/install/village_li/share/village_li/package.bash'
[1.913s] INFO:colcon.colcon_core.shell:Creating package script '/home/jinhemu/ROS2/town_ws/install/village_li/share/village_li/package.zsh'
[1.914s] Level 1:colcon.colcon_core.environment:create_file_with_runtime_dependencies(/home/jinhemu/ROS2/town_ws/install/village_li/share/colcon-core/packages/village_li)
[2.962s] DEBUG:colcon.colcon_core.event_handler.log_command:Invoked command in '/home/jinhemu/ROS2/town_ws/build/village_zhang' returned '1': AMENT_PREFIX_PATH=/home/jinhemu/ROS2/town_ws/install/village_interfaces:${AMENT_PREFIX_PATH} CMAKE_PREFIX_PATH=/home/jinhemu/ROS2/town_ws/install/village_interfaces:/opt/ros/humble LD_LIBRARY_PATH=/home/jinhemu/ROS2/town_ws/install/village_interfaces/lib:${LD_LIBRARY_PATH} PYTHONPATH=/home/jinhemu/ROS2/town_ws/install/village_interfaces/local/lib/python3.10/dist-packages:${PYTHONPATH} /usr/bin/cmake /home/jinhemu/ROS2/town_ws/src/village_zhang -DCMAKE_INSTALL_PREFIX=/home/jinhemu/ROS2/town_ws/install/village_zhang
[2.974s] Level 1:colcon.colcon_core.environment:create_environment_scripts_only(village_zhang)
[2.976s] Level 1:colcon.colcon_core.environment:checking '/home/jinhemu/ROS2/town_ws/install/village_zhang' for CMake module files
[2.976s] Level 1:colcon.colcon_core.environment:checking '/home/jinhemu/ROS2/town_ws/install/village_zhang' for CMake config files
[2.977s] Level 1:colcon.colcon_core.environment:checking '/home/jinhemu/ROS2/town_ws/install/village_zhang/bin'
[2.977s] Level 1:colcon.colcon_core.environment:checking '/home/jinhemu/ROS2/town_ws/install/village_zhang/lib/pkgconfig/village_zhang.pc'
[2.977s] Level 1:colcon.colcon_core.environment:checking '/home/jinhemu/ROS2/town_ws/install/village_zhang/lib/python3.10/site-packages'
[2.977s] Level 1:colcon.colcon_core.environment:checking '/home/jinhemu/ROS2/town_ws/install/village_zhang/bin'
[2.978s] INFO:colcon.colcon_core.shell:Creating package script '/home/jinhemu/ROS2/town_ws/install/village_zhang/share/village_zhang/package.ps1'
[2.978s] INFO:colcon.colcon_core.shell:Creating package descriptor '/home/jinhemu/ROS2/town_ws/install/village_zhang/share/village_zhang/package.dsv'
[2.979s] INFO:colcon.colcon_core.shell:Creating package script '/home/jinhemu/ROS2/town_ws/install/village_zhang/share/village_zhang/package.sh'
[2.979s] INFO:colcon.colcon_core.shell:Creating package script '/home/jinhemu/ROS2/town_ws/install/village_zhang/share/village_zhang/package.bash'
[2.979s] INFO:colcon.colcon_core.shell:Creating package script '/home/jinhemu/ROS2/town_ws/install/village_zhang/share/village_zhang/package.zsh'
[2.979s] Level 1:colcon.colcon_core.environment:create_file_with_runtime_dependencies(/home/jinhemu/ROS2/town_ws/install/village_zhang/share/colcon-core/packages/village_zhang)
[2.979s] DEBUG:colcon.colcon_parallel_executor.executor.parallel:closing loop
[2.980s] DEBUG:colcon.colcon_parallel_executor.executor.parallel:loop closed
[2.980s] DEBUG:colcon.colcon_parallel_executor.executor.parallel:run_until_complete finished with '1'
[2.980s] DEBUG:colcon.colcon_core.event_reactor:joining thread
[2.985s] INFO:colcon.colcon_core.plugin_system:Skipping extension 'colcon_notification.desktop_notification.terminal_notifier': Not used on non-Darwin systems
[2.985s] INFO:colcon.colcon_core.plugin_system:Skipping extension 'colcon_notification.desktop_notification.win32': Not used on non-Windows systems
[2.985s] INFO:colcon.colcon_notification.desktop_notification:Sending desktop notification using 'notify2'
[3.003s] DEBUG:colcon.colcon_core.event_reactor:joined thread
[3.005s] INFO:colcon.colcon_core.shell:Creating prefix script '/home/jinhemu/ROS2/town_ws/install/local_setup.ps1'
[3.007s] INFO:colcon.colcon_core.shell:Creating prefix util module '/home/jinhemu/ROS2/town_ws/install/_local_setup_util_ps1.py'
[3.009s] INFO:colcon.colcon_core.shell:Creating prefix chain script '/home/jinhemu/ROS2/town_ws/install/setup.ps1'
[3.011s] INFO:colcon.colcon_core.shell:Creating prefix script '/home/jinhemu/ROS2/town_ws/install/local_setup.sh'
[3.012s] INFO:colcon.colcon_core.shell:Creating prefix util module '/home/jinhemu/ROS2/town_ws/install/_local_setup_util_sh.py'
[3.013s] INFO:colcon.colcon_core.shell:Creating prefix chain script '/home/jinhemu/ROS2/town_ws/install/setup.sh'
[3.015s] INFO:colcon.colcon_core.shell:Creating prefix script '/home/jinhemu/ROS2/town_ws/install/local_setup.bash'
[3.016s] INFO:colcon.colcon_core.shell:Creating prefix chain script '/home/jinhemu/ROS2/town_ws/install/setup.bash'
[3.022s] INFO:colcon.colcon_core.shell:Creating prefix script '/home/jinhemu/ROS2/town_ws/install/local_setup.zsh'
[3.023s] INFO:colcon.colcon_core.shell:Creating prefix chain script '/home/jinhemu/ROS2/town_ws/install/setup.zsh'
