[0.204s] Invoking command in '/home/jinhemu/ROS2/town_ws/build/village_wang': CMAKE_PREFIX_PATH=/opt/ros/humble /usr/bin/cmake /home/jinhemu/ROS2/town_ws/src/village_wang -DCMAKE_INSTALL_PREFIX=/home/jinhemu/ROS2/town_ws/install/village_wang
[0.243s] -- The C compiler identification is GNU 11.4.0
[0.278s] -- The CXX compiler identification is GNU 11.4.0
[0.282s] -- Detecting C compiler ABI info
[0.330s] -- Detecting C compiler ABI info - done
[0.335s] -- Check for working C compiler: /usr/bin/cc - skipped
[0.336s] -- Detecting C compile features
[0.336s] -- Detecting C compile features - done
[0.338s] -- Detecting CXX compiler ABI info
[0.387s] -- Detecting CXX compiler ABI info - done
[0.392s] -- Check for working CXX compiler: /usr/bin/c++ - skipped
[0.392s] -- Detecting CXX compile features
[0.392s] -- Detecting CXX compile features - done
[0.394s] -- Found ament_cmake: 1.3.5 (/opt/ros/humble/share/ament_cmake/cmake)
[0.808s] -- Found Python3: /usr/bin/python3.10 (found version "3.10.12") found components: Interpreter 
[0.869s] -- Found rclcpp: 16.0.5 (/opt/ros/humble/share/rclcpp/cmake)
[0.892s] -- Found rosidl_generator_c: 3.1.5 (/opt/ros/humble/share/rosidl_generator_c/cmake)
[0.894s] -- Found rosidl_adapter: 3.1.5 (/opt/ros/humble/share/rosidl_adapter/cmake)
[0.899s] -- Found rosidl_generator_cpp: 3.1.5 (/opt/ros/humble/share/rosidl_generator_cpp/cmake)
[0.911s] -- Using all available rosidl_typesupport_c: rosidl_typesupport_fastrtps_c;rosidl_typesupport_introspection_c
[0.925s] -- Using all available rosidl_typesupport_cpp: rosidl_typesupport_fastrtps_cpp;rosidl_typesupport_introspection_cpp
[0.966s] -- Found rmw_implementation_cmake: 6.1.1 (/opt/ros/humble/share/rmw_implementation_cmake/cmake)
[0.967s] -- Found rmw_fastrtps_cpp: 6.2.3 (/opt/ros/humble/share/rmw_fastrtps_cpp/cmake)
[1.028s] -- Found OpenSSL: /usr/lib/x86_64-linux-gnu/libcrypto.so (found version "3.0.2")  
[1.044s] -- Found FastRTPS: /opt/ros/humble/include  
[1.072s] -- Using RMW implementation 'rmw_fastrtps_cpp' as default
[1.077s] -- Looking for pthread.h
[1.129s] -- Looking for pthread.h - found
[1.129s] -- Performing Test CMAKE_HAVE_LIBC_PTHREAD
[1.183s] -- Performing Test CMAKE_HAVE_LIBC_PTHREAD - Success
[1.184s] -- Found Threads: TRUE  
[1.293s] -- Found ament_lint_auto: 0.12.7 (/opt/ros/humble/share/ament_lint_auto/cmake)
[1.349s] -- Added test 'cppcheck' to perform static code analysis on C / C++ code
[1.349s] -- Configured cppcheck include dirs: 
[1.349s] -- Configured cppcheck exclude dirs and/or files: 
[1.349s] -- Added test 'lint_cmake' to check CMake code style
[1.350s] -- Added test 'uncrustify' to check C / C++ code style
[1.350s] -- Configured uncrustify additional arguments: 
[1.350s] -- Added test 'xmllint' to check XML markup files
[1.352s] -- Configuring done
[1.356s] -- Generating done
[1.357s] -- Build files have been written to: /home/jinhemu/ROS2/town_ws/build/village_wang
[1.364s] Invoked command in '/home/jinhemu/ROS2/town_ws/build/village_wang' returned '0': CMAKE_PREFIX_PATH=/opt/ros/humble /usr/bin/cmake /home/jinhemu/ROS2/town_ws/src/village_wang -DCMAKE_INSTALL_PREFIX=/home/jinhemu/ROS2/town_ws/install/village_wang
[1.365s] Invoking command in '/home/jinhemu/ROS2/town_ws/build/village_wang': CMAKE_PREFIX_PATH=/opt/ros/humble /usr/bin/cmake --build /home/jinhemu/ROS2/town_ws/build/village_wang -- -j12 -l12
[1.392s] Invoked command in '/home/jinhemu/ROS2/town_ws/build/village_wang' returned '0': CMAKE_PREFIX_PATH=/opt/ros/humble /usr/bin/cmake --build /home/jinhemu/ROS2/town_ws/build/village_wang -- -j12 -l12
[1.415s] Invoking command in '/home/jinhemu/ROS2/town_ws/build/village_wang': CMAKE_PREFIX_PATH=/opt/ros/humble /usr/bin/cmake --install /home/jinhemu/ROS2/town_ws/build/village_wang
[1.421s] -- Install configuration: ""
[1.421s] -- Installing: /home/jinhemu/ROS2/town_ws/install/village_wang/share/ament_index/resource_index/package_run_dependencies/village_wang
[1.421s] -- Installing: /home/jinhemu/ROS2/town_ws/install/village_wang/share/ament_index/resource_index/parent_prefix_path/village_wang
[1.421s] -- Installing: /home/jinhemu/ROS2/town_ws/install/village_wang/share/village_wang/environment/ament_prefix_path.sh
[1.421s] -- Installing: /home/jinhemu/ROS2/town_ws/install/village_wang/share/village_wang/environment/ament_prefix_path.dsv
[1.421s] -- Installing: /home/jinhemu/ROS2/town_ws/install/village_wang/share/village_wang/environment/path.sh
[1.421s] -- Installing: /home/jinhemu/ROS2/town_ws/install/village_wang/share/village_wang/environment/path.dsv
[1.422s] -- Installing: /home/jinhemu/ROS2/town_ws/install/village_wang/share/village_wang/local_setup.bash
[1.422s] -- Installing: /home/jinhemu/ROS2/town_ws/install/village_wang/share/village_wang/local_setup.sh
[1.422s] -- Installing: /home/jinhemu/ROS2/town_ws/install/village_wang/share/village_wang/local_setup.zsh
[1.422s] -- Installing: /home/jinhemu/ROS2/town_ws/install/village_wang/share/village_wang/local_setup.dsv
[1.422s] -- Installing: /home/jinhemu/ROS2/town_ws/install/village_wang/share/village_wang/package.dsv
[1.422s] -- Installing: /home/jinhemu/ROS2/town_ws/install/village_wang/share/ament_index/resource_index/packages/village_wang
[1.422s] -- Installing: /home/jinhemu/ROS2/town_ws/install/village_wang/share/village_wang/cmake/village_wangConfig.cmake
[1.422s] -- Installing: /home/jinhemu/ROS2/town_ws/install/village_wang/share/village_wang/cmake/village_wangConfig-version.cmake
[1.422s] -- Installing: /home/jinhemu/ROS2/town_ws/install/village_wang/share/village_wang/package.xml
[1.425s] Invoked command in '/home/jinhemu/ROS2/town_ws/build/village_wang' returned '0': CMAKE_PREFIX_PATH=/opt/ros/humble /usr/bin/cmake --install /home/jinhemu/ROS2/town_ws/build/village_wang
